0.001 2.95518e-13
0.002 1.30132e-12
0.003 2.75117e-12
0.004 3.99986e-12
0.005 4.84917e-12
0.006 5.58939e-12
0.007 6.56506e-12
0.008 7.81346e-12
0.009 9.14982e-12
0.01 1.0504e-11
0.011 1.20542e-11
0.012 1.40196e-11
0.013 1.64113e-11
0.014 1.90623e-11
0.015 2.18778e-11
0.016 2.49799e-11
0.017 2.8587e-11
0.018 3.28086e-11
0.019 3.76182e-11
0.02 4.30102e-11
0.021 4.91182e-11
0.022 5.6144e-11
0.023 6.42123e-11
0.024 7.33477e-11
0.025 8.36005e-11
0.026 9.51557e-11
0.027 1.08294e-10
0.028 1.23273e-10
0.029 1.40279e-10
0.03 1.595e-10
0.031 1.81203e-10
0.032 2.05731e-10
0.033 2.33447e-10
0.034 2.6472e-10
0.035 2.9998e-10
0.036 3.39765e-10
0.037 3.84696e-10
0.038 4.35435e-10
0.039 4.92677e-10
0.04 5.57192e-10
0.041 6.29849e-10
0.042 7.11605e-10
0.043 8.03496e-10
0.044 9.06666e-10
0.045 1.02243e-09
0.046 1.15229e-09
0.047 1.29795e-09
0.048 1.4613e-09
0.049 1.64439e-09
0.05 1.84954e-09
0.051 2.07925e-09
0.052 2.33626e-09
0.053 2.62359e-09
0.054 2.94466e-09
0.055 3.30331e-09
0.056 3.70377e-09
0.057 4.15064e-09
0.058 4.64889e-09
0.059 5.20403e-09
0.06 5.82232e-09
0.061 6.51075e-09
0.062 7.277e-09
0.063 8.12934e-09
0.064 9.07675e-09
0.065 1.01291e-08
0.066 1.12974e-08
0.067 1.25938e-08
0.068 1.40316e-08
0.069 1.56253e-08
0.07 1.73908e-08
0.071 1.93454e-08
0.072 2.15081e-08
0.073 2.38999e-08
0.074 2.65437e-08
0.075 2.94644e-08
0.076 3.26893e-08
0.077 3.62477e-08
0.078 4.0172e-08
0.079 4.44974e-08
0.08 4.92622e-08
0.081 5.45083e-08
0.082 6.02812e-08
0.083 6.66299e-08
0.084 7.36077e-08
0.085 8.12725e-08
0.086 8.96873e-08
0.087 9.89205e-08
0.088 1.09046e-07
0.089 1.20143e-07
0.09 1.32299e-07
0.091 1.45606e-07
0.092 1.60165e-07
0.093 1.76085e-07
0.094 1.93484e-07
0.095 2.12487e-07
0.096 2.3323e-07
0.097 2.5586e-07
0.098 2.80535e-07
0.099 3.07422e-07
0.1 3.36704e-07
0.101 3.68574e-07
0.102 4.03243e-07
0.103 4.40932e-07
0.104 4.81882e-07
0.105 5.26348e-07
0.106 5.74604e-07
0.107 6.26941e-07
0.108 6.83671e-07
0.109 7.45126e-07
0.11 8.11661e-07
0.111 8.83651e-07
0.112 9.61499e-07
0.113 1.04563e-06
0.114 1.13649e-06
0.115 1.23457e-06
0.116 1.34038e-06
0.117 1.45444e-06
0.118 1.57734e-06
0.119 1.70968e-06
0.12 1.85209e-06
0.121 2.00525e-06
0.122 2.16986e-06
0.123 2.34668e-06
0.124 2.53649e-06
0.125 2.74012e-06
0.126 2.95843e-06
0.127 3.19235e-06
0.128 3.44282e-06
0.129 3.71086e-06
0.13 3.99751e-06
0.131 4.30387e-06
0.132 4.63108e-06
0.133 4.98034e-06
0.134 5.35291e-06
0.135 5.75006e-06
0.136 6.17316e-06
0.137 6.62361e-06
0.138 7.10285e-06
0.139 7.6124e-06
0.14 8.1538e-06
0.141 8.72869e-06
0.142 9.3387e-06
0.143 9.98556e-06
0.144 1.0671e-05
0.145 1.13969e-05
0.146 1.21651e-05
0.147 1.29775e-05
0.148 1.3836e-05
0.149 1.47426e-05
0.15 1.56994e-05
0.151 1.67084e-05
0.152 1.77717e-05
0.153 1.88915e-05
0.154 2.00698e-05
0.155 2.1309e-05
0.156 2.2611e-05
0.157 2.39782e-05
0.158 2.54128e-05
0.159 2.69169e-05
0.16 2.84927e-05
0.161 3.01423e-05
0.162 3.1868e-05
0.163 3.36718e-05
0.164 3.55559e-05
0.165 3.75221e-05
0.166 3.95725e-05
0.167 4.17089e-05
0.168 4.39332e-05
0.169 4.6247e-05
0.17 4.8652e-05
0.171 5.11496e-05
0.172 5.37412e-05
0.173 5.6428e-05
0.174 5.9211e-05
0.175 6.20911e-05
0.176 6.50691e-05
0.177 6.81454e-05
0.178 7.13203e-05
0.179 7.45939e-05
0.18 7.79659e-05
0.181 8.1436e-05
0.182 8.50033e-05
0.183 8.8667e-05
0.184 9.24257e-05
0.185 9.62777e-05
0.186 0.000100221
0.187 0.000104254
0.188 0.000108372
0.189 0.000112575
0.19 0.000116856
0.191 0.000121214
0.192 0.000125644
0.193 0.000130141
0.194 0.000134699
0.195 0.000139314
0.196 0.000143979
0.197 0.000148688
0.198 0.000153433
0.199 0.000158208
0.2 0.000163003
0.201 0.000167811
0.202 0.000172624
0.203 0.00017743
0.204 0.000182221
0.205 0.000186985
0.206 0.000191713
0.207 0.000196393
0.208 0.000201012
0.209 0.000205559
0.21 0.000210021
0.211 0.000214384
0.212 0.000218635
0.213 0.000222761
0.214 0.000226747
0.215 0.000230577
0.216 0.000234239
0.217 0.000237715
0.218 0.00024099
0.219 0.00024405
0.22 0.000246877
0.221 0.000249456
0.222 0.000251771
0.223 0.000253806
0.224 0.000255543
0.225 0.000256968
0.226 0.000258064
0.227 0.000258815
0.228 0.000259205
0.229 0.000259219
0.23 0.000258841
0.231 0.000258056
0.232 0.000256851
0.233 0.00025521
0.234 0.00025312
0.235 0.000250568
0.236 0.000247542
0.237 0.000244029
0.238 0.00024002
0.239 0.000235504
0.24 0.000230472
0.241 0.000224914
0.242 0.000218825
0.243 0.000212197
0.244 0.000205026
0.245 0.000197306
0.246 0.000189036
0.247 0.000180213
0.248 0.000170837
0.249 0.000160909
0.25 0.000150431
0.251 0.000139407
0.252 0.000127842
0.253 0.000115742
0.254 0.000103115
0.255 8.99708e-05
0.256 7.63202e-05
0.257 6.21756e-05
0.258 4.75511e-05
0.259 3.24621e-05
0.26 1.69258e-05
0.261 9.60675e-07
0.262 -1.54132e-05
0.263 -3.21742e-05
0.264 -4.92994e-05
0.265 -6.67643e-05
0.266 -8.45431e-05
0.267 -0.000102609
0.268 -0.000120932
0.269 -0.000139484
0.27 -0.000158233
0.271 -0.000177148
0.272 -0.000196194
0.273 -0.000215338
0.274 -0.000234544
0.275 -0.000253777
0.276 -0.000272999
0.277 -0.000292173
0.278 -0.00031126
0.279 -0.000330223
0.28 -0.000349021
0.281 -0.000367615
0.282 -0.000385966
0.283 -0.000404033
0.284 -0.000421777
0.285 -0.000439158
0.286 -0.000456136
0.287 -0.000472672
0.288 -0.000488727
0.289 -0.000504263
0.29 -0.000519242
0.291 -0.000533627
0.292 -0.000547382
0.293 -0.000560472
0.294 -0.000572862
0.295 -0.000584519
0.296 -0.000595413
0.297 -0.000605512
0.298 -0.000614787
0.299 -0.000623212
0.3 -0.00063076
0.301 -0.000637408
0.302 -0.000643133
0.303 -0.000647916
0.304 -0.000651737
0.305 -0.00065458
0.306 -0.000656432
0.307 -0.000657279
0.308 -0.000657113
0.309 -0.000655924
0.31 -0.000653709
0.311 -0.000650463
0.312 -0.000646186
0.313 -0.000640879
0.314 -0.000634546
0.315 -0.000627192
0.316 -0.000618828
0.317 -0.000609463
0.318 -0.00059911
0.319 -0.000587786
0.32 -0.000575507
0.321 -0.000562294
0.322 -0.00054817
0.323 -0.000533158
0.324 -0.000517284
0.325 -0.000500579
0.326 -0.000483071
0.327 -0.000464794
0.328 -0.000445782
0.329 -0.000426072
0.33 -0.0004057
0.331 -0.000384707
0.332 -0.000363133
0.333 -0.000341021
0.334 -0.000318414
0.335 -0.000295358
0.336 -0.000271899
0.337 -0.000248083
0.338 -0.000223958
0.339 -0.000199574
0.34 -0.000174979
0.341 -0.000150224
0.342 -0.000125359
0.343 -0.000100434
0.344 -7.55e-05
0.345 -5.06084e-05
0.346 -2.58095e-05
0.347 -1.15406e-06
0.348 2.33078e-05
0.349 4.75262e-05
0.35 7.14519e-05
0.351 9.50364e-05
0.352 0.000118232
0.353 0.000140992
0.354 0.00016327
0.355 0.000185023
0.356 0.000206205
0.357 0.000226777
0.358 0.000246696
0.359 0.000265925
0.36 0.000284425
0.361 0.000302162
0.362 0.000319101
0.363 0.000335212
0.364 0.000350464
0.365 0.00036483
0.366 0.000378285
0.367 0.000390804
0.368 0.000402368
0.369 0.000412958
0.37 0.000422558
0.371 0.000431153
0.372 0.000438733
0.373 0.000445289
0.374 0.000450814
0.375 0.000455306
0.376 0.000458762
0.377 0.000461184
0.378 0.000462576
0.379 0.000462945
0.38 0.000462298
0.381 0.000460649
0.382 0.00045801
0.383 0.000454399
0.384 0.000449833
0.385 0.000444334
0.386 0.000437925
0.387 0.000430631
0.388 0.000422482
0.389 0.000413505
0.39 0.000403733
0.391 0.0003932
0.392 0.000381942
0.393 0.000369994
0.394 0.000357397
0.395 0.000344191
0.396 0.000330416
0.397 0.000316118
0.398 0.000301339
0.399 0.000286125
0.4 0.000270522
0.401 0.000254578
0.402 0.000238339
0.403 0.000221854
0.404 0.000205172
0.405 0.000188342
0.406 0.000171412
0.407 0.000154432
0.408 0.00013745
0.409 0.000120515
0.41 0.000103674
0.411 8.69767e-05
0.412 7.04683e-05
0.413 5.41952e-05
0.414 3.82025e-05
0.415 2.2534e-05
0.416 7.23251e-06
0.417 -7.66061e-06
0.418 -2.21055e-05
0.419 -3.60637e-05
0.42 -4.94987e-05
0.421 -6.23756e-05
0.422 -7.46614e-05
0.423 -8.63251e-05
0.424 -9.73379e-05
0.425 -0.000107673
0.426 -0.000117306
0.427 -0.000126214
0.428 -0.000134379
0.429 -0.000141781
0.43 -0.000148407
0.431 -0.000154243
0.432 -0.000159281
0.433 -0.000163512
0.434 -0.000166932
0.435 -0.000169539
0.436 -0.000171332
0.437 -0.000172316
0.438 -0.000172495
0.439 -0.000171878
0.44 -0.000170475
0.441 -0.0001683
0.442 -0.000165367
0.443 -0.000161695
0.444 -0.000157303
0.445 -0.000152216
0.446 -0.000146456
0.447 -0.00014005
0.448 -0.000133028
0.449 -0.000125419
0.45 -0.000117257
0.451 -0.000108574
0.452 -9.94074e-05
0.453 -8.97932e-05
0.454 -7.977e-05
0.455 -6.93773e-05
0.456 -5.86558e-05
0.457 -4.7647e-05
0.458 -3.63931e-05
0.459 -2.49373e-05
0.46 -1.33229e-05
0.461 -1.59375e-06
0.462 1.0206e-05
0.463 2.20322e-05
0.464 3.38409e-05
0.465 4.55881e-05
0.466 5.72305e-05
0.467 6.8725e-05
0.468 8.00294e-05
0.469 9.11021e-05
0.47 0.000101902
0.471 0.000112391
0.472 0.00012253
0.473 0.000132281
0.474 0.00014161
0.475 0.000150482
0.476 0.000158865
0.477 0.000166728
0.478 0.000174043
0.479 0.000180783
0.48 0.000186924
0.481 0.000192442
0.482 0.000197319
0.483 0.000201535
0.484 0.000205075
0.485 0.000207926
0.486 0.000210076
0.487 0.000211519
0.488 0.000212247
0.489 0.000212258
0.49 0.00021155
0.491 0.000210126
0.492 0.000207989
0.493 0.000205146
0.494 0.000201606
0.495 0.000197382
0.496 0.000192486
0.497 0.000186935
0.498 0.000180748
0.499 0.000173946
0.5 0.000166551
0.501 0.000158589
0.502 0.000150087
0.503 0.000141073
0.504 0.000131578
0.505 0.000121635
0.506 0.000111277
0.507 0.000100539
0.508 8.94595e-05
0.509 7.80747e-05
0.51 6.6424e-05
0.511 5.45472e-05
0.512 4.2485e-05
0.513 3.02785e-05
0.514 1.79697e-05
0.515 5.60062e-06
0.516 -6.7864e-06
0.517 -1.91489e-05
0.518 -3.14446e-05
0.519 -4.36313e-05
0.52 -5.56672e-05
0.521 -6.75112e-05
0.522 -7.91227e-05
0.523 -9.04618e-05
0.524 -0.00010149
0.525 -0.000112169
0.526 -0.000122462
0.527 -0.000132334
0.528 -0.000141752
0.529 -0.000150682
0.53 -0.000159095
0.531 -0.000166962
0.532 -0.000174255
0.533 -0.00018095
0.534 -0.000187023
0.535 -0.000192454
0.536 -0.000197224
0.537 -0.000201317
0.538 -0.000204719
0.539 -0.000207418
0.54 -0.000209405
0.541 -0.000210673
0.542 -0.000211217
0.543 -0.000211037
0.544 -0.000210132
0.545 -0.000208506
0.546 -0.000206164
0.547 -0.000203114
0.548 -0.000199367
0.549 -0.000194936
0.55 -0.000189835
0.551 -0.000184083
0.552 -0.000177699
0.553 -0.000170705
0.554 -0.000163125
0.555 -0.000154985
0.556 -0.000146313
0.557 -0.000137138
0.558 -0.000127493
0.559 -0.00011741
0.56 -0.000106924
0.561 -9.60706e-05
0.562 -8.48875e-05
0.563 -7.3413e-05
0.564 -6.16864e-05
0.565 -4.9748e-05
0.566 -3.76387e-05
0.567 -2.54001e-05
0.568 -1.30742e-05
0.569 -7.03379e-07
0.57 1.167e-05
0.571 2.40033e-05
0.572 3.62544e-05
0.573 4.83811e-05
0.574 6.03417e-05
0.575 7.20953e-05
0.576 8.36015e-05
0.577 9.48207e-05
0.578 0.000105714
0.579 0.000116245
0.58 0.000126377
0.581 0.000136075
0.582 0.000145306
0.583 0.000154038
0.584 0.000162242
0.585 0.000169888
0.586 0.000176951
0.587 0.000183407
0.588 0.000189233
0.589 0.000194409
0.59 0.000198918
0.591 0.000202743
0.592 0.000205873
0.593 0.000208296
0.594 0.000210004
0.595 0.000210991
0.596 0.000211253
0.597 0.00021079
0.598 0.000209604
0.599 0.000207697
0.6 0.000205078
0.601 0.000201755
0.602 0.000197739
0.603 0.000193044
0.604 0.000187686
0.605 0.000181684
0.606 0.000175058
0.607 0.000167831
0.608 0.000160029
0.609 0.000151676
0.61 0.000142803
0.611 0.00013344
0.612 0.000123619
0.613 0.000113373
0.614 0.000102739
0.615 9.17514e-05
0.616 8.04491e-05
0.617 6.88708e-05
0.618 5.70561e-05
0.619 4.50456e-05
0.62 3.28805e-05
0.621 2.06027e-05
0.622 8.25421e-06
0.623 -4.12253e-06
0.624 -1.6485e-05
0.625 -2.87909e-05
0.626 -4.09978e-05
0.627 -5.30639e-05
0.628 -6.49479e-05
0.629 -7.66087e-05
0.63 -8.80066e-05
0.631 -9.91023e-05
0.632 -0.000109858
0.633 -0.000120236
0.634 -0.000130202
0.635 -0.00013972
0.636 -0.000148759
0.637 -0.000157288
0.638 -0.000165276
0.639 -0.000172697
0.64 -0.000179525
0.641 -0.000185737
0.642 -0.000191312
0.643 -0.00019623
0.644 -0.000200474
0.645 -0.00020403
0.646 -0.000206886
0.647 -0.000209031
0.648 -0.000210459
0.649 -0.000211165
0.65 -0.000211146
0.651 -0.000210402
0.652 -0.000208936
0.653 -0.000206753
0.654 -0.00020386
0.655 -0.000200267
0.656 -0.000195986
0.657 -0.000191033
0.658 -0.000185425
0.659 -0.000179179
0.66 -0.000172319
0.661 -0.000164867
0.662 -0.000156849
0.663 -0.000148292
0.664 -0.000139226
0.665 -0.000129683
0.666 -0.000119694
0.667 -0.000109294
0.668 -9.85189e-05
0.669 -8.74055e-05
0.67 -7.5992e-05
0.671 -6.43175e-05
0.672 -5.24221e-05
0.673 -4.03467e-05
0.674 -2.81327e-05
0.675 -1.5822e-05
0.676 -3.45693e-06
0.677 8.92008e-06
0.678 2.12665e-05
0.679 3.354e-05
0.68 4.56984e-05
0.681 5.77e-05
0.682 6.95035e-05
0.683 8.10685e-05
0.684 9.23552e-05
0.685 0.000103325
0.686 0.00011394
0.687 0.000124163
0.688 0.000133961
0.689 0.000143298
0.69 0.000152144
0.691 0.000160467
0.692 0.00016824
0.693 0.000175434
0.694 0.000182027
0.695 0.000187994
0.696 0.000193316
0.697 0.000197974
0.698 0.000201953
0.699 0.000205238
0.7 0.000207818
0.701 0.000209685
0.702 0.000210833
0.703 0.000211256
0.704 0.000210954
0.705 0.000209928
0.706 0.000208181
0.707 0.000205719
0.708 0.000202551
0.709 0.000198688
0.71 0.000194142
0.711 0.00018893
0.712 0.00018307
0.713 0.000176581
0.714 0.000169486
0.715 0.000161809
0.716 0.000153577
0.717 0.000144817
0.718 0.000135561
0.719 0.000125839
0.72 0.000115685
0.721 0.000105135
0.722 9.4223e-05
0.723 8.2988e-05
0.724 7.14682e-05
0.725 5.97031e-05
0.726 4.77332e-05
0.727 3.55995e-05
0.728 2.33436e-05
0.729 1.10076e-05
0.73 -1.36603e-06
0.731 -1.3735e-05
0.732 -2.60567e-05
0.733 -3.82889e-05
0.734 -5.03897e-05
0.735 -6.23175e-05
0.736 -7.40313e-05
0.737 -8.5491e-05
0.738 -9.66573e-05
0.739 -0.000107492
0.74 -0.000117957
0.741 -0.000128018
0.742 -0.000137639
0.743 -0.000146788
0.744 -0.000155432
0.745 -0.000163544
0.746 -0.000171094
0.747 -0.000178057
0.748 -0.000184408
0.749 -0.000190127
0.75 -0.000195193
0.751 -0.000199589
0.752 -0.000203299
0.753 -0.000206312
0.754 -0.000208617
0.755 -0.000210206
0.756 -0.000211073
0.757 -0.000211216
0.758 -0.000210634
0.759 -0.000209328
0.76 -0.000207304
0.761 -0.000204568
0.762 -0.00020113
0.763 -0.000197002
0.764 -0.000192197
0.765 -0.000186733
0.766 -0.000180627
0.767 -0.000173901
0.768 -0.000166578
0.769 -0.000158684
0.77 -0.000150244
0.771 -0.000141289
0.772 -0.000131848
0.773 -0.000121955
0.774 -0.000111643
0.775 -0.000100948
0.776 -8.99058e-05
0.777 -7.85552e-05
0.778 -6.69348e-05
0.779 -5.50845e-05
0.78 -4.30451e-05
0.781 -3.08579e-05
0.782 -1.85646e-05
0.783 -6.20761e-06
0.784 6.17075e-06
0.785 1.8528e-05
0.786 3.08216e-05
0.787 4.30094e-05
0.788 5.50495e-05
0.789 6.69007e-05
0.79 7.85222e-05
0.791 8.98741e-05
0.792 0.000100917
0.793 0.000111614
0.794 0.000121928
0.795 0.000131823
0.796 0.000141265
0.797 0.000150223
0.798 0.000158664
0.799 0.000166561
0.8 0.000173886
0.801 0.000180614
0.802 0.000186721
0.803 0.000192188
0.804 0.000196995
0.805 0.000201126
0.806 0.000204566
0.807 0.000207303
0.808 0.000209329
0.809 0.000210637
0.81 0.000211221
0.811 0.00021108
0.812 0.000210214
0.813 0.000208627
0.814 0.000206324
0.815 0.000203312
0.816 0.000199602
0.817 0.000195208
0.818 0.000190143
0.819 0.000184425
0.82 0.000178075
0.821 0.000171113
0.822 0.000163564
0.823 0.000155453
0.824 0.000146809
0.825 0.000137661
0.826 0.00012804
0.827 0.00011798
0.828 0.000107515
0.829 9.6681e-05
0.83 8.55152e-05
0.831 7.40558e-05
0.832 6.23423e-05
0.833 5.04149e-05
0.834 3.83144e-05
0.835 2.60824e-05
0.836 1.37609e-05
0.837 1.39221e-06
0.838 -1.09813e-05
0.839 -2.33171e-05
0.84 -3.55728e-05
0.841 -4.77065e-05
0.842 -5.96764e-05
0.843 -7.14415e-05
0.844 -8.29614e-05
0.845 -9.41965e-05
0.846 -0.000105108
0.847 -0.000115659
0.848 -0.000125814
0.849 -0.000135536
0.85 -0.000144793
0.851 -0.000153553
0.852 -0.000161786
0.853 -0.000169464
0.854 -0.00017656
0.855 -0.00018305
0.856 -0.000188912
0.857 -0.000194125
0.858 -0.000198672
0.859 -0.000202537
0.86 -0.000205706
0.861 -0.00020817
0.862 -0.000209919
0.863 -0.000210947
0.864 -0.000211251
0.865 -0.00021083
0.866 -0.000209685
0.867 -0.00020782
0.868 -0.000205242
0.869 -0.000201959
0.87 -0.000197983
0.871 -0.000193327
0.872 -0.000188008
0.873 -0.000182043
0.874 -0.000175453
0.875 -0.00016826
0.876 -0.00016049
0.877 -0.000152168
0.878 -0.000143325
0.879 -0.000133989
0.88 -0.000124193
0.881 -0.000113971
0.882 -0.000103357
0.883 -9.23886e-05
0.884 -8.11028e-05
0.885 -6.95386e-05
0.886 -5.77357e-05
0.887 -4.57345e-05
0.888 -3.35763e-05
0.889 -2.13028e-05
0.89 -8.95621e-06
0.891 3.42114e-06
0.892 1.57867e-05
0.893 2.80981e-05
0.894 4.03129e-05
0.895 5.23894e-05
0.896 6.42859e-05
0.897 7.59616e-05
0.898 8.73766e-05
0.899 9.84914e-05
0.9 0.000109268
0.901 0.00011967
0.902 0.00012966
0.903 0.000139206
0.904 0.000148273
0.905 0.000156831
0.906 0.000164851
0.907 0.000172305
0.908 0.000179168
0.909 0.000185415
0.91 0.000191025
0.911 0.00019598
0.912 0.000200262
0.913 0.000203857
0.914 0.000206751
0.915 0.000208936
0.916 0.000210404
0.917 0.000211149
0.918 0.00021117
0.919 0.000210465
0.92 0.000209038
0.921 0.000206894
0.922 0.000204039
0.923 0.000200484
0.924 0.000196241
0.925 0.000191324
0.926 0.000185751
0.927 0.00017954
0.928 0.000172713
0.929 0.000165292
0.93 0.000157305
0.931 0.000148777
0.932 0.000139739
0.933 0.000130222
0.934 0.000120257
0.935 0.000109879
0.936 9.91246e-05
0.937 8.80297e-05
0.938 7.66326e-05
0.939 6.49725e-05
0.94 5.30893e-05
0.941 4.10239e-05
0.942 2.88176e-05
0.943 1.65124e-05
0.944 4.15045e-06
0.945 -8.22577e-06
0.946 -2.05738e-05
0.947 -3.28513e-05
0.948 -4.5016e-05
0.949 -5.70263e-05
0.95 -6.88409e-05
0.951 -8.04192e-05
0.952 -9.17215e-05
0.953 -0.000102709
0.954 -0.000113344
0.955 -0.00012359
0.956 -0.000133412
0.957 -0.000142776
0.958 -0.00015165
0.959 -0.000160003
0.96 -0.000167807
0.961 -0.000175035
0.962 -0.000181663
0.963 -0.000187666
0.964 -0.000193026
0.965 -0.000197722
0.966 -0.00020174
0.967 -0.000205066
0.968 -0.000207687
0.969 -0.000209596
0.97 -0.000210785
0.971 -0.00021125
0.972 -0.00021099
0.973 -0.000210006
0.974 -0.000208301
0.975 -0.00020588
0.976 -0.000202753
0.977 -0.000198929
0.978 -0.000194423
0.979 -0.000189249
0.98 -0.000183425
0.981 -0.000176972
0.982 -0.000169911
0.983 -0.000162266
0.984 -0.000154065
0.985 -0.000145334
0.986 -0.000136105
0.987 -0.000126408
0.988 -0.000116277
0.989 -0.000105747
0.99 -9.4854e-05
0.991 -8.36354e-05
0.992 -7.21296e-05
0.993 -6.03762e-05
0.994 -4.84156e-05
0.995 -3.62888e-05
0.996 -2.40374e-05
0.997 -1.17036e-05
0.998 6.7036e-07
0.999 1.30419e-05
1 2.53687e-05
