0.001 2.95518e-13 2.95518e-13 3.867e-19 3.867e-19 -3.39119e-21 -3.39119e-21
0.002 1.30132e-12 1.30132e-12 1.26487e-19 1.26487e-19 -4.62327e-19 -4.62327e-19
0.003 2.75117e-12 2.75117e-12 -2.74625e-18 -2.74625e-18 7.82731e-19 7.82731e-19
0.004 3.99986e-12 3.99986e-12 -2.76401e-18 -2.76401e-18 4.76393e-18 4.76393e-18
0.005 4.84917e-12 4.84917e-12 9.32472e-18 9.32472e-18 -4.50722e-18 -4.50722e-18
0.006 5.58942e-12 5.58942e-12 2.20568e-17 2.20568e-17 -3.00535e-17 -3.00535e-17
0.007 6.56511e-12 6.56511e-12 1.09359e-18 1.09359e-18 -1.80693e-18 -1.80693e-18
0.008 7.81345e-12 7.81345e-12 -5.59082e-17 -5.59082e-17 1.23122e-16 1.23122e-16
0.009 9.14963e-12 9.14963e-12 -7.70742e-17 -7.70742e-17 1.30979e-16 1.30979e-16
0.01 1.05036e-11 1.05036e-11 -1.79755e-18 -1.79755e-18 -2.79388e-16 -2.79388e-16
0.011 1.20541e-11 1.20541e-11 7.79776e-17 7.79776e-17 -7.47047e-16 -7.47047e-16
0.012 1.40202e-11 1.40202e-11 8.23403e-18 8.23403e-18 -7.64253e-17 -7.64253e-17
0.013 1.64128e-11 1.64128e-11 -5.26241e-17 -5.26241e-17 2.07906e-15 2.07906e-15
0.014 1.90638e-11 1.90638e-11 4.50358e-16 4.50358e-16 3.12907e-15 3.12907e-15
0.015 2.18771e-11 2.18771e-11 1.64289e-15 1.64289e-15 -9.58732e-16 -9.58732e-16
0.016 2.4976e-11 2.4976e-11 2.08903e-15 2.08903e-15 -9.5641e-15 -9.5641e-15
0.017 2.85816e-11 2.85816e-11 -7.46673e-16 -7.46673e-16 -1.31914e-14 -1.31914e-14
0.018 3.28063e-11 3.28063e-11 -7.49187e-15 -7.49187e-15 1.78183e-16 1.78183e-16
0.019 3.76227e-11 3.76227e-11 -1.37304e-14 -1.37304e-14 2.96342e-14 2.96342e-14
0.02 4.30202e-11 4.30202e-11 -1.12454e-14 -1.12454e-14 5.23683e-14 5.23683e-14
0.021 4.91264e-11 4.91264e-11 4.99656e-15 4.99656e-15 3.63538e-14 3.63538e-14
0.022 5.6143e-11 5.6143e-11 2.95223e-14 2.95223e-14 -3.05271e-14 -3.05271e-14
0.023 6.42016e-11 6.42016e-11 4.69966e-14 4.69966e-14 -1.20817e-13 -1.20817e-13
0.024 7.33357e-11 7.33357e-11 4.28797e-14 4.28797e-14 -1.79005e-13 -1.79005e-13
0.025 8.35984e-11 8.35984e-11 1.54657e-14 1.54657e-14 -1.57434e-13 -1.57434e-13
0.026 9.51673e-11 9.51673e-11 -2.27108e-14 -2.27108e-14 -4.63866e-14 -4.63866e-14
0.027 1.08312e-10 1.08312e-10 -5.65378e-14 -5.65378e-14 1.25085e-13 1.25085e-13
0.028 1.23282e-10 1.23282e-10 -8.16702e-14 -8.16702e-14 3.1309e-13 3.1309e-13
0.029 1.40271e-10 1.40271e-10 -1.05278e-13 -1.05278e-13 4.85325e-13 4.85325e-13
0.03 1.59482e-10 1.59482e-10 -1.32576e-13 -1.32576e-13 6.34777e-13 6.34777e-13
0.031 1.81199e-10 1.81199e-10 -1.53103e-13 -1.53103e-13 7.80696e-13 7.80696e-13
0.032 2.05779e-10 2.05779e-10 -1.42334e-13 -1.42334e-13 9.59923e-13 9.59923e-13
0.033 2.33591e-10 2.33591e-10 -7.92697e-14 -7.92697e-14 1.2075e-12 1.2075e-12
0.034 2.65001e-10 2.65001e-10 3.55117e-14 3.55117e-14 1.53228e-12 1.53228e-12
0.035 3.00428e-10 3.00428e-10 1.77505e-13 1.77505e-13 1.90799e-12 1.90799e-12
0.036 3.40383e-10 3.40383e-10 3.1271e-13 3.1271e-13 2.29652e-12 2.29652e-12
0.037 3.85464e-10 3.85464e-10 4.1481e-13 4.1481e-13 2.68898e-12 2.68898e-12
0.038 4.3631e-10 4.3631e-10 4.70781e-13 4.70781e-13 3.12342e-12 3.12342e-12
0.039 4.93609e-10 4.93609e-10 4.73947e-13 4.73947e-13 3.65678e-12 3.65678e-12
0.04 5.58135e-10 5.58135e-10 4.15957e-13 4.15957e-13 4.31837e-12 4.31837e-12
0.041 6.30778e-10 6.30778e-10 2.88619e-13 2.88619e-13 5.09621e-12 5.09621e-12
0.042 7.12531e-10 7.12531e-10 9.46606e-14 9.46606e-14 5.96982e-12 5.96982e-12
0.043 8.04463e-10 8.04463e-10 -1.44137e-13 -1.44137e-13 6.94749e-12 6.94749e-12
0.044 9.07741e-10 9.07741e-10 -3.9196e-13 -3.9196e-13 8.06234e-12 8.06234e-12
0.045 1.02368e-09 1.02368e-09 -6.16021e-13 -6.16021e-13 9.33761e-12 9.33761e-12
0.046 1.15378e-09 1.15378e-09 -8.03423e-13 -8.03423e-13 1.07741e-11 1.07741e-11
0.047 1.29971e-09 1.29971e-09 -9.65201e-13 -9.65201e-13 1.23828e-11 1.23828e-11
0.048 1.46337e-09 1.46337e-09 -1.12549e-12 -1.12549e-12 1.42189e-11 1.42189e-11
0.049 1.64682e-09 1.64682e-09 -1.30538e-12 -1.30538e-12 1.63623e-11 1.63623e-11
0.05 1.85238e-09 1.85238e-09 -1.51323e-12 -1.51323e-12 1.88574e-11 1.88574e-11
0.051 2.08257e-09 2.08257e-09 -1.74592e-12 -1.74592e-12 2.1687e-11 2.1687e-11
0.052 2.34015e-09 2.34015e-09 -1.99655e-12 -1.99655e-12 2.48261e-11 2.48261e-11
0.053 2.62815e-09 2.62815e-09 -2.26192e-12 -2.26192e-12 2.83209e-11 2.83209e-11
0.054 2.94997e-09 2.94997e-09 -2.54607e-12 -2.54607e-12 3.23e-11 3.23e-11
0.055 3.30944e-09 3.30944e-09 -2.85867e-12 -2.85867e-12 3.68991e-11 3.68991e-11
0.056 3.71082e-09 3.71082e-09 -3.20773e-12 -3.20773e-12 4.21817e-11 4.21817e-11
0.057 4.15876e-09 4.15876e-09 -3.5901e-12 -3.5901e-12 4.81501e-11 4.81501e-11
0.058 4.65829e-09 4.65829e-09 -3.9892e-12 -3.9892e-12 5.48315e-11 5.48315e-11
0.059 5.21502e-09 5.21502e-09 -4.38918e-12 -4.38918e-12 6.23396e-11 6.23396e-11
0.06 5.83517e-09 5.83517e-09 -4.79913e-12 -4.79913e-12 7.0845e-11 7.0845e-11
0.061 6.52568e-09 6.52568e-09 -5.26387e-12 -5.26387e-12 8.05031e-11 8.05031e-11
0.062 7.29412e-09 7.29412e-09 -5.84207e-12 -5.84207e-12 9.14321e-11 9.14321e-11
0.063 8.14875e-09 8.14875e-09 -6.5635e-12 -6.5635e-12 1.03765e-10 1.03765e-10
0.064 9.09865e-09 9.09865e-09 -7.40585e-12 -7.40585e-12 1.17703e-10 1.17703e-10
0.065 1.01539e-08 1.01539e-08 -8.32045e-12 -8.32045e-12 1.33497e-10 1.33497e-10
0.066 1.13255e-08 1.13255e-08 -9.2881e-12 -9.2881e-12 1.51386e-10 1.51386e-10
0.067 1.26258e-08 1.26258e-08 -1.035e-11 -1.035e-11 1.71574e-10 1.71574e-10
0.068 1.4068e-08 1.4068e-08 -1.15805e-11 -1.15805e-11 1.94275e-10 1.94275e-10
0.069 1.56665e-08 1.56665e-08 -1.30294e-11 -1.30294e-11 2.19781e-10 2.19781e-10
0.07 1.74373e-08 1.74373e-08 -1.46964e-11 -1.46964e-11 2.48467e-10 2.48467e-10
0.071 1.93979e-08 1.93979e-08 -1.6564e-11 -1.6564e-11 2.80755e-10 2.80755e-10
0.072 2.15677e-08 2.15677e-08 -1.86513e-11 -1.86513e-11 3.17087e-10 3.17087e-10
0.073 2.39676e-08 2.39676e-08 -2.10285e-11 -2.10285e-11 3.57942e-10 3.57942e-10
0.074 2.66205e-08 2.66205e-08 -2.37758e-11 -2.37758e-11 4.03872e-10 4.03872e-10
0.075 2.95513e-08 2.95513e-08 -2.6936e-11 -2.6936e-11 4.55494e-10 4.55494e-10
0.076 3.27873e-08 3.27873e-08 -3.05109e-11 -3.05109e-11 5.13462e-10 5.13462e-10
0.077 3.63584e-08 3.63584e-08 -3.44999e-11 -3.44999e-11 5.78469e-10 5.78469e-10
0.078 4.02971e-08 4.02971e-08 -3.89377e-11 -3.89377e-11 6.51304e-10 6.51304e-10
0.079 4.46388e-08 4.46388e-08 -4.38982e-11 -4.38982e-11 7.32912e-10 7.32912e-10
0.08 4.9422e-08 4.9422e-08 -4.94758e-11 -4.94758e-11 8.24395e-10 8.24395e-10
0.081 5.46888e-08 5.46888e-08 -5.57745e-11 -5.57745e-11 9.2696e-10 9.2696e-10
0.082 6.04846e-08 6.04846e-08 -6.29034e-11 -6.29034e-11 1.04187e-09 1.04187e-09
0.083 6.68589e-08 6.68589e-08 -7.09641e-11 -7.09641e-11 1.17046e-09 1.17046e-09
0.084 7.38655e-08 7.38655e-08 -8.00313e-11 -8.00313e-11 1.3142e-09 1.3142e-09
0.085 8.15627e-08 8.15627e-08 -9.01558e-11 -9.01558e-11 1.47476e-09 1.47476e-09
0.086 9.00139e-08 9.00139e-08 -1.01408e-10 -1.01408e-10 1.65401e-09 1.65401e-09
0.087 9.92878e-08 9.92878e-08 -1.13926e-10 -1.13926e-10 1.85402e-09 1.85402e-09
0.088 1.09459e-07 1.09459e-07 -1.27912e-10 -1.27912e-10 2.07709e-09 2.07709e-09
0.089 1.20607e-07 1.20607e-07 -1.43573e-10 -1.43573e-10 2.32572e-09 2.32572e-09
0.09 1.32819e-07 1.32819e-07 -1.61077e-10 -1.61077e-10 2.60272e-09 2.60272e-09
0.091 1.4619e-07 1.4619e-07 -1.80565e-10 -1.80565e-10 2.91121e-09 2.91121e-09
0.092 1.60821e-07 1.60821e-07 -2.02222e-10 -2.02222e-10 3.25464e-09 3.25464e-09
0.093 1.7682e-07 1.7682e-07 -2.2632e-10 -2.2632e-10 3.6368e-09 3.6368e-09
0.094 1.94307e-07 1.94307e-07 -2.53183e-10 -2.53183e-10 4.06183e-09 4.06183e-09
0.095 2.13409e-07 2.13409e-07 -2.83126e-10 -2.83126e-10 4.53418e-09 4.53418e-09
0.096 2.34262e-07 2.34262e-07 -3.16438e-10 -3.16438e-10 5.05876e-09 5.05876e-09
0.097 2.57014e-07 2.57014e-07 -3.53436e-10 -3.53436e-10 5.64099e-09 5.64099e-09
0.098 2.81824e-07 2.81824e-07 -3.94513e-10 -3.94513e-10 6.28687e-09 6.28687e-09
0.099 3.08863e-07 3.08863e-07 -4.40136e-10 -4.40136e-10 7.00303e-09 7.00303e-09
0.1 3.38313e-07 3.38313e-07 -4.9079e-10 -4.9079e-10 7.79671e-09 7.79671e-09
0.101 3.70371e-07 3.70371e-07 -5.4696e-10 -5.4696e-10 8.67584e-09 8.67584e-09
0.102 4.05247e-07 4.05247e-07 -6.09166e-10 -6.09166e-10 9.64909e-09 9.64909e-09
0.103 4.43168e-07 4.43168e-07 -6.78007e-10 -6.78007e-10 1.0726e-08 1.0726e-08
0.104 4.84374e-07 4.84374e-07 -7.54169e-10 -7.54169e-10 1.1917e-08 1.1917e-08
0.105 5.29124e-07 5.29124e-07 -8.38384e-10 -8.38384e-10 1.32333e-08 1.32333e-08
0.106 5.77695e-07 5.77695e-07 -9.31416e-10 -9.31416e-10 1.46874e-08 1.46874e-08
0.107 6.30381e-07 6.30381e-07 -1.03409e-09 -1.03409e-09 1.62926e-08 1.62926e-08
0.108 6.87499e-07 6.87499e-07 -1.14734e-09 -1.14734e-09 1.80638e-08 1.80638e-08
0.109 7.49383e-07 7.49383e-07 -1.27219e-09 -1.27219e-09 2.00171e-08 2.00171e-08
0.11 8.16392e-07 8.16392e-07 -1.40973e-09 -1.40973e-09 2.21703e-08 2.21703e-08
0.111 8.88907e-07 8.88907e-07 -1.56109e-09 -1.56109e-09 2.45424e-08 2.45424e-08
0.112 9.67335e-07 9.67335e-07 -1.72753e-09 -1.72753e-09 2.71539e-08 2.71539e-08
0.113 1.05211e-06 1.05211e-06 -1.91046e-09 -1.91046e-09 3.00275e-08 3.00275e-08
0.114 1.14368e-06 1.14368e-06 -2.11146e-09 -2.11146e-09 3.31878e-08 3.31878e-08
0.115 1.24254e-06 1.24254e-06 -2.3322e-09 -2.3322e-09 3.66617e-08 3.66617e-08
0.116 1.34921e-06 1.34921e-06 -2.5744e-09 -2.5744e-09 4.04783e-08 4.04783e-08
0.117 1.46423e-06 1.46423e-06 -2.83984e-09 -2.83984e-09 4.46689e-08 4.46689e-08
0.118 1.58818e-06 1.58818e-06 -3.13052e-09 -3.13052e-09 4.92675e-08 4.92675e-08
0.119 1.72167e-06 1.72167e-06 -3.44865e-09 -3.44865e-09 5.43111e-08 5.43111e-08
0.12 1.86535e-06 1.86535e-06 -3.79664e-09 -3.79664e-09 5.98396e-08 5.98396e-08
0.121 2.01991e-06 2.01991e-06 -4.17701e-09 -4.17701e-09 6.58966e-08 6.58966e-08
0.122 2.18607e-06 2.18607e-06 -4.59243e-09 -4.59243e-09 7.25289e-08 7.25289e-08
0.123 2.36458e-06 2.36458e-06 -5.0457e-09 -5.0457e-09 7.9787e-08 7.9787e-08
0.124 2.55626e-06 2.55626e-06 -5.53985e-09 -5.53985e-09 8.77254e-08 8.77254e-08
0.125 2.76193e-06 2.76193e-06 -6.07813e-09 -6.07813e-09 9.64031e-08 9.64031e-08
0.126 2.9825e-06 2.9825e-06 -6.66405e-09 -6.66405e-09 1.05884e-07 1.05884e-07
0.127 3.21888e-06 3.21888e-06 -7.30131e-09 -7.30131e-09 1.16235e-07 1.16235e-07
0.128 3.47206e-06 3.47206e-06 -7.99381e-09 -7.99381e-09 1.27532e-07 1.27532e-07
0.129 3.74307e-06 3.74307e-06 -8.74572e-09 -8.74572e-09 1.39854e-07 1.39854e-07
0.13 4.03297e-06 4.03297e-06 -9.56144e-09 -9.56144e-09 1.53285e-07 1.53285e-07
0.131 4.3429e-06 4.3429e-06 -1.04456e-08 -1.04456e-08 1.67918e-07 1.67918e-07
0.132 4.67401e-06 4.67401e-06 -1.14032e-08 -1.14032e-08 1.83851e-07 1.83851e-07
0.133 5.02755e-06 5.02755e-06 -1.24394e-08 -1.24394e-08 2.01191e-07 2.01191e-07
0.134 5.40478e-06 5.40478e-06 -1.35597e-08 -1.35597e-08 2.20049e-07 2.20049e-07
0.135 5.80705e-06 5.80705e-06 -1.47698e-08 -1.47698e-08 2.40549e-07 2.40549e-07
0.136 6.23573e-06 6.23573e-06 -1.60757e-08 -1.60757e-08 2.62819e-07 2.62819e-07
0.137 6.69227e-06 6.69227e-06 -1.74835e-08 -1.74835e-08 2.87e-07 2.87e-07
0.138 7.17817e-06 7.17817e-06 -1.89997e-08 -1.89997e-08 3.1324e-07 3.1324e-07
0.139 7.69497e-06 7.69497e-06 -2.06313e-08 -2.06313e-08 3.41699e-07 3.41699e-07
0.14 8.2443e-06 8.2443e-06 -2.23852e-08 -2.23852e-08 3.72547e-07 3.72547e-07
0.141 8.82782e-06 8.82782e-06 -2.42686e-08 -2.42686e-08 4.05964e-07 4.05964e-07
0.142 9.44724e-06 9.44724e-06 -2.6289e-08 -2.6289e-08 4.42145e-07 4.42145e-07
0.143 1.01043e-05 1.01043e-05 -2.8454e-08 -2.8454e-08 4.81296e-07 4.81296e-07
0.144 1.0801e-05 1.0801e-05 -3.07713e-08 -3.07713e-08 5.23636e-07 5.23636e-07
0.145 1.1539e-05 1.1539e-05 -3.3249e-08 -3.3249e-08 5.69399e-07 5.69399e-07
0.146 1.23204e-05 1.23204e-05 -3.58953e-08 -3.58953e-08 6.18832e-07 6.18832e-07
0.147 1.31471e-05 1.31471e-05 -3.87181e-08 -3.87181e-08 6.722e-07 6.722e-07
0.148 1.40211e-05 1.40211e-05 -4.17258e-08 -4.17258e-08 7.29783e-07 7.29783e-07
0.149 1.49447e-05 1.49447e-05 -4.49265e-08 -4.49265e-08 7.91878e-07 7.91878e-07
0.15 1.59198e-05 1.59198e-05 -4.83281e-08 -4.83281e-08 8.58798e-07 8.58798e-07
0.151 1.69487e-05 1.69487e-05 -5.19385e-08 -5.19385e-08 9.30879e-07 9.30879e-07
0.152 1.80336e-05 1.80336e-05 -5.57652e-08 -5.57652e-08 1.00847e-06 1.00847e-06
0.153 1.91768e-05 1.91768e-05 -5.98153e-08 -5.98153e-08 1.09195e-06 1.09195e-06
0.154 2.03805e-05 2.03805e-05 -6.40957e-08 -6.40957e-08 1.18171e-06 1.18171e-06
0.155 2.1647e-05 2.1647e-05 -6.86126e-08 -6.86126e-08 1.27816e-06 1.27816e-06
0.156 2.29788e-05 2.29788e-05 -7.33715e-08 -7.33715e-08 1.38175e-06 1.38175e-06
0.157 2.43781e-05 2.43781e-05 -7.8377e-08 -7.8377e-08 1.49293e-06 1.49293e-06
0.158 2.58473e-05 2.58473e-05 -8.36326e-08 -8.36326e-08 1.6122e-06 1.6122e-06
0.159 2.73889e-05 2.73889e-05 -8.91407e-08 -8.91407e-08 1.74006e-06 1.74006e-06
0.16 2.90052e-05 2.90052e-05 -9.49024e-08 -9.49024e-08 1.87705e-06 1.87705e-06
0.161 3.06986e-05 3.06986e-05 -1.00917e-07 -1.00917e-07 2.02375e-06 2.02375e-06
0.162 3.24714e-05 3.24714e-05 -1.07182e-07 -1.07182e-07 2.18074e-06 2.18074e-06
0.163 3.43261e-05 3.43261e-05 -1.13693e-07 -1.13693e-07 2.34864e-06 2.34864e-06
0.164 3.62649e-05 3.62649e-05 -1.20443e-07 -1.20443e-07 2.52811e-06 2.52811e-06
0.165 3.82902e-05 3.82902e-05 -1.27423e-07 -1.27423e-07 2.71983e-06 2.71983e-06
0.166 4.04041e-05 4.04041e-05 -1.34619e-07 -1.34619e-07 2.92452e-06 2.92452e-06
0.167 4.2609e-05 4.2609e-05 -1.42016e-07 -1.42016e-07 3.14291e-06 3.14291e-06
0.168 4.49068e-05 4.49068e-05 -1.49594e-07 -1.49594e-07 3.37579e-06 3.37579e-06
0.169 4.72998e-05 4.72998e-05 -1.57329e-07 -1.57329e-07 3.62396e-06 3.62396e-06
0.17 4.97898e-05 4.97898e-05 -1.65193e-07 -1.65193e-07 3.88828e-06 3.88828e-06
0.171 5.23787e-05 5.23787e-05 -1.73151e-07 -1.73151e-07 4.16962e-06 4.16962e-06
0.172 5.50684e-05 5.50684e-05 -1.81165e-07 -1.81165e-07 4.46889e-06 4.46889e-06
0.173 5.78604e-05 5.78604e-05 -1.89189e-07 -1.89189e-07 4.78704e-06 4.78704e-06
0.174 6.07562e-05 6.07562e-05 -1.97171e-07 -1.97171e-07 5.12507e-06 5.12507e-06
0.175 6.37573e-05 6.37573e-05 -2.05051e-07 -2.05051e-07 5.48398e-06 5.48398e-06
0.176 6.68649e-05 6.68649e-05 -2.12761e-07 -2.12761e-07 5.86483e-06 5.86483e-06
0.177 7.00799e-05 7.00799e-05 -2.20226e-07 -2.20226e-07 6.26873e-06 6.26873e-06
0.178 7.34034e-05 7.34034e-05 -2.27358e-07 -2.27358e-07 6.69678e-06 6.69678e-06
0.179 7.68358e-05 7.68358e-05 -2.34061e-07 -2.34061e-07 7.15017e-06 7.15017e-06
0.18 8.03777e-05 8.03777e-05 -2.40229e-07 -2.40229e-07 7.63008e-06 7.63008e-06
0.181 8.40294e-05 8.40294e-05 -2.45742e-07 -2.45742e-07 8.13775e-06 8.13775e-06
0.182 8.77907e-05 8.77907e-05 -2.50466e-07 -2.50466e-07 8.67445e-06 8.67445e-06
0.183 9.16615e-05 9.16615e-05 -2.54255e-07 -2.54255e-07 9.24148e-06 9.24148e-06
0.184 9.56411e-05 9.56411e-05 -2.56947e-07 -2.56947e-07 9.84019e-06 9.84019e-06
0.185 9.97287e-05 9.97287e-05 -2.58366e-07 -2.58366e-07 1.04719e-05 1.04719e-05
0.186 0.000103923 0.000103923 -2.58315e-07 -2.58315e-07 1.11381e-05 1.11381e-05
0.187 0.000108223 0.000108223 -2.56582e-07 -2.56582e-07 1.18401e-05 1.18401e-05
0.188 0.000112627 0.000112627 -2.52933e-07 -2.52933e-07 1.25795e-05 1.25795e-05
0.189 0.000117133 0.000117133 -2.47114e-07 -2.47114e-07 1.33576e-05 1.33576e-05
0.19 0.000121738 0.000121738 -2.38849e-07 -2.38849e-07 1.41761e-05 1.41761e-05
0.191 0.000126439 0.000126439 -2.27839e-07 -2.27839e-07 1.50363e-05 1.50363e-05
0.192 0.000131233 0.000131233 -2.13757e-07 -2.13757e-07 1.594e-05 1.594e-05
0.193 0.000136117 0.000136117 -1.96253e-07 -1.96253e-07 1.68886e-05 1.68886e-05
0.194 0.000141087 0.000141087 -1.74947e-07 -1.74947e-07 1.78837e-05 1.78837e-05
0.195 0.000146138 0.000146138 -1.4943e-07 -1.4943e-07 1.8927e-05 1.8927e-05
0.196 0.000151265 0.000151265 -1.19262e-07 -1.19262e-07 2.002e-05 2.002e-05
0.197 0.000156464 0.000156464 -8.39695e-08 -8.39695e-08 2.11642e-05 2.11642e-05
0.198 0.000161729 0.000161729 -4.30451e-08 -4.30451e-08 2.23614e-05 2.23614e-05
0.199 0.000167054 0.000167054 4.055e-09 4.055e-09 2.36132e-05 2.36132e-05
0.2 0.000172432 0.000172432 5.79121e-08 5.79121e-08 2.49211e-05 2.49211e-05
0.201 0.000177856 0.000177856 1.19147e-07 1.19147e-07 2.62866e-05 2.62866e-05
0.202 0.000183318 0.000183318 1.88423e-07 1.88423e-07 2.77115e-05 2.77115e-05
0.203 0.000188813 0.000188813 2.66444e-07 2.66444e-07 2.91972e-05 2.91972e-05
0.204 0.000194329 0.000194329 3.53961e-07 3.53961e-07 3.07452e-05 3.07452e-05
0.205 0.000199861 0.000199861 4.5177e-07 4.5177e-07 3.23571e-05 3.23571e-05
0.206 0.000205397 0.000205397 5.60716e-07 5.60716e-07 3.40343e-05 3.40343e-05
0.207 0.000210929 0.000210929 6.81695e-07 6.81695e-07 3.57781e-05 3.57781e-05
0.208 0.000216446 0.000216446 8.15651e-07 8.15651e-07 3.75901e-05 3.75901e-05
0.209 0.000221939 0.000221939 9.63585e-07 9.63585e-07 3.94715e-05 3.94715e-05
0.21 0.000227396 0.000227396 1.12655e-06 1.12655e-06 4.14235e-05 4.14235e-05
0.211 0.000232806 0.000232806 1.30566e-06 1.30566e-06 4.34473e-05 4.34473e-05
0.212 0.000238159 0.000238159 1.50208e-06 1.50208e-06 4.5544e-05 4.5544e-05
0.213 0.000243441 0.000243441 1.71704e-06 1.71704e-06 4.77147e-05 4.77147e-05
0.214 0.000248642 0.000248642 1.95183e-06 1.95183e-06 4.99603e-05 4.99603e-05
0.215 0.000253747 0.000253747 2.2078e-06 2.2078e-06 5.22817e-05 5.22817e-05
0.216 0.000258746 0.000258746 2.48636e-06 2.48636e-06 5.46796e-05 5.46796e-05
0.217 0.000263624 0.000263624 2.78899e-06 2.78899e-06 5.71546e-05 5.71546e-05
0.218 0.000268369 0.000268369 3.11723e-06 3.11723e-06 5.97072e-05 5.97072e-05
0.219 0.000272967 0.000272967 3.47268e-06 3.47268e-06 6.2338e-05 6.2338e-05
0.22 0.000277404 0.000277404 3.85703e-06 3.85703e-06 6.5047e-05 6.5047e-05
0.221 0.000281667 0.000281667 4.27201e-06 4.27201e-06 6.78346e-05 6.78346e-05
0.222 0.000285743 0.000285743 4.71943e-06 4.71943e-06 7.07006e-05 7.07006e-05
0.223 0.000289616 0.000289616 5.20116e-06 5.20116e-06 7.36449e-05 7.36449e-05
0.224 0.000293274 0.000293274 5.71914e-06 5.71914e-06 7.66672e-05 7.66672e-05
0.225 0.000296702 0.000296702 6.27537e-06 6.27537e-06 7.9767e-05 7.9767e-05
0.226 0.000299887 0.000299887 6.87193e-06 6.87193e-06 8.29436e-05 8.29436e-05
0.227 0.000302815 0.000302815 7.51095e-06 7.51095e-06 8.61963e-05 8.61963e-05
0.228 0.000305473 0.000305473 8.19463e-06 8.19463e-06 8.9524e-05 8.9524e-05
0.229 0.000307846 0.000307846 8.92523e-06 8.92523e-06 9.29255e-05 9.29255e-05
0.23 0.000309923 0.000309923 9.70507e-06 9.70507e-06 9.63994e-05 9.63994e-05
0.231 0.000311691 0.000311691 1.05365e-05 1.05365e-05 9.99441e-05 9.99441e-05
0.232 0.000313136 0.000313136 1.1422e-05 1.1422e-05 0.000103558 0.000103558
0.233 0.000314247 0.000314247 1.23641e-05 1.23641e-05 0.000107239 0.000107239
0.234 0.000315013 0.000315013 1.33652e-05 1.33652e-05 0.000110984 0.000110984
0.235 0.000315422 0.000315422 1.4428e-05 1.4428e-05 0.000114792 0.000114792
0.236 0.000315464 0.000315464 1.5555e-05 1.5555e-05 0.00011866 0.00011866
0.237 0.000315128 0.000315128 1.67491e-05 1.67491e-05 0.000122584 0.000122584
0.238 0.000314406 0.000314406 1.80127e-05 1.80127e-05 0.000126563 0.000126563
0.239 0.000313288 0.000313288 1.93488e-05 1.93488e-05 0.000130591 0.000130591
0.24 0.000311768 0.000311768 2.076e-05 2.076e-05 0.000134667 0.000134667
0.241 0.000309837 0.000309837 2.22491e-05 2.22491e-05 0.000138786 0.000138786
0.242 0.000307489 0.000307489 2.38189e-05 2.38189e-05 0.000142944 0.000142944
0.243 0.000304719 0.000304719 2.54722e-05 2.54722e-05 0.000147137 0.000147137
0.244 0.000301523 0.000301523 2.72118e-05 2.72118e-05 0.00015136 0.00015136
0.245 0.000297896 0.000297896 2.90405e-05 2.90405e-05 0.000155609 0.000155609
0.246 0.000293836 0.000293836 3.09611e-05 3.09611e-05 0.00015988 0.00015988
0.247 0.000289341 0.000289341 3.29763e-05 3.29763e-05 0.000164166 0.000164166
0.248 0.000284411 0.000284411 3.50889e-05 3.50889e-05 0.000168463 0.000168463
0.249 0.000279047 0.000279047 3.73016e-05 3.73016e-05 0.000172766 0.000172766
0.25 0.000273249 0.000273249 3.9617e-05 3.9617e-05 0.000177068 0.000177068
0.251 0.000267021 0.000267021 4.20377e-05 4.20377e-05 0.000181364 0.000181364
0.252 0.000260366 0.000260366 4.45663e-05 4.45663e-05 0.000185647 0.000185647
0.253 0.000253289 0.000253289 4.72052e-05 4.72052e-05 0.000189913 0.000189913
0.254 0.000245796 0.000245796 4.99569e-05 4.99569e-05 0.000194154 0.000194154
0.255 0.000237896 0.000237896 5.28235e-05 5.28235e-05 0.000198363 0.000198363
0.256 0.000229595 0.000229595 5.58074e-05 5.58074e-05 0.000202536 0.000202536
0.257 0.000220905 0.000220905 5.89106e-05 5.89106e-05 0.000206664 0.000206664
0.258 0.000211835 0.000211835 6.21351e-05 6.21351e-05 0.00021074 0.00021074
0.259 0.000202397 0.000202397 6.54826e-05 6.54826e-05 0.000214759 0.000214759
0.26 0.000192606 0.000192606 6.8955e-05 6.8955e-05 0.000218713 0.000218713
0.261 0.000182474 0.000182474 7.25538e-05 7.25538e-05 0.000222595 0.000222595
0.262 0.000172018 0.000172018 7.62804e-05 7.62804e-05 0.000226398 0.000226398
0.263 0.000161253 0.000161253 8.01359e-05 8.01359e-05 0.000230115 0.000230115
0.264 0.000150198 0.000150198 8.41214e-05 8.41214e-05 0.000233739 0.000233739
0.265 0.000138871 0.000138871 8.82379e-05 8.82379e-05 0.000237263 0.000237263
0.266 0.000127291 0.000127291 9.24858e-05 9.24858e-05 0.000240679 0.000240679
0.267 0.000115479 0.000115479 9.68658e-05 9.68658e-05 0.000243981 0.000243981
0.268 0.000103455 0.000103455 0.000101378 0.000101378 0.000247162 0.000247162
0.269 9.12428e-05 9.12428e-05 0.000106022 0.000106022 0.000250215 0.000250215
0.27 7.88644e-05 7.88644e-05 0.000110799 0.000110799 0.000253133 0.000253133
0.271 6.63435e-05 6.63435e-05 0.000115706 0.000115706 0.000255909 0.000255909
0.272 5.37045e-05 5.37045e-05 0.000120745 0.000120745 0.000258537 0.000258537
0.273 4.09722e-05 4.09722e-05 0.000125913 0.000125913 0.00026101 0.00026101
0.274 2.81719e-05 2.81719e-05 0.00013121 0.00013121 0.000263323 0.000263323
0.275 1.53294e-05 1.53294e-05 0.000136634 0.000136634 0.000265469 0.000265469
0.276 2.47096e-06 2.47096e-06 0.000142183 0.000142183 0.000267442 0.000267442
0.277 -1.0377e-05 -1.0377e-05 0.000147854 0.000147854 0.000269237 0.000269237
0.278 -2.31877e-05 -2.31877e-05 0.000153647 0.000153647 0.000270849 0.000270849
0.279 -3.59344e-05 -3.59344e-05 0.000159558 0.000159558 0.000272272 0.000272272
0.28 -4.85901e-05 -4.85901e-05 0.000165583 0.000165583 0.000273501 0.000273501
0.281 -6.11281e-05 -6.11281e-05 0.000171721 0.000171721 0.000274533 0.000274533
0.282 -7.35216e-05 -7.35216e-05 0.000177966 0.000177966 0.000275362 0.000275362
0.283 -8.57439e-05 -8.57439e-05 0.000184316 0.000184316 0.000275985 0.000275985
0.284 -9.77689e-05 -9.77689e-05 0.000190766 0.000190766 0.000276399 0.000276399
0.285 -0.000109571 -0.000109571 0.000197311 0.000197311 0.0002766 0.0002766
0.286 -0.000121123 -0.000121123 0.000203948 0.000203948 0.000276584 0.000276584
0.287 -0.000132403 -0.000132403 0.00021067 0.00021067 0.000276351 0.000276351
0.288 -0.000143384 -0.000143384 0.000217472 0.000217472 0.000275897 0.000275897
0.289 -0.000154043 -0.000154043 0.000224349 0.000224349 0.00027522 0.00027522
0.29 -0.000164358 -0.000164358 0.000231295 0.000231295 0.000274321 0.000274321
0.291 -0.000174306 -0.000174306 0.000238303 0.000238303 0.000273196 0.000273196
0.292 -0.000183866 -0.000183866 0.000245367 0.000245367 0.000271847 0.000271847
0.293 -0.000193018 -0.000193018 0.00025248 0.00025248 0.000270273 0.000270273
0.294 -0.000201742 -0.000201742 0.000259635 0.000259635 0.000268473 0.000268473
0.295 -0.000210022 -0.000210022 0.000266825 0.000266825 0.00026645 0.00026645
0.296 -0.000217839 -0.000217839 0.000274041 0.000274041 0.000264203 0.000264203
0.297 -0.000225178 -0.000225178 0.000281277 0.000281277 0.000261735 0.000261735
0.298 -0.000232025 -0.000232025 0.000288524 0.000288524 0.000259048 0.000259048
0.299 -0.000238367 -0.000238367 0.000295774 0.000295774 0.000256143 0.000256143
0.3 -0.000244191 -0.000244191 0.000303019 0.000303019 0.000253024 0.000253024
0.301 -0.000249488 -0.000249488 0.000310249 0.000310249 0.000249694 0.000249694
0.302 -0.000254248 -0.000254248 0.000317456 0.000317456 0.000246156 0.000246156
0.303 -0.000258463 -0.000258463 0.000324631 0.000324631 0.000242414 0.000242414
0.304 -0.000262129 -0.000262129 0.000331764 0.000331764 0.000238474 0.000238474
0.305 -0.000265239 -0.000265239 0.000338847 0.000338847 0.000234339 0.000234339
0.306 -0.000267791 -0.000267791 0.00034587 0.00034587 0.000230014 0.000230014
0.307 -0.000269783 -0.000269783 0.000352823 0.000352823 0.000225506 0.000225506
0.308 -0.000271214 -0.000271214 0.000359696 0.000359696 0.00022082 0.00022082
0.309 -0.000272087 -0.000272087 0.000366481 0.000366481 0.000215961 0.000215961
0.31 -0.000272403 -0.000272403 0.000373166 0.000373166 0.000210938 0.000210938
0.311 -0.000272166 -0.000272166 0.000379743 0.000379743 0.000205756 0.000205756
0.312 -0.000271383 -0.000271383 0.000386201 0.000386201 0.000200422 0.000200422
0.313 -0.000270059 -0.000270059 0.000392531 0.000392531 0.000194945 0.000194945
0.314 -0.000268204 -0.000268204 0.000398722 0.000398722 0.000189331 0.000189331
0.315 -0.000265825 -0.000265825 0.000404765 0.000404765 0.000183589 0.000183589
0.316 -0.000262935 -0.000262935 0.00041065 0.00041065 0.000177726 0.000177726
0.317 -0.000259545 -0.000259545 0.000416366 0.000416366 0.000171751 0.000171751
0.318 -0.000255667 -0.000255667 0.000421905 0.000421905 0.000165673 0.000165673
0.319 -0.000251317 -0.000251317 0.000427257 0.000427257 0.0001595 0.0001595
0.32 -0.000246508 -0.000246508 0.000432411 0.000432411 0.000153241 0.000153241
0.321 -0.000241258 -0.000241258 0.000437359 0.000437359 0.000146906 0.000146906
0.322 -0.000235583 -0.000235583 0.000442092 0.000442092 0.000140503 0.000140503
0.323 -0.0002295 -0.0002295 0.000446599 0.000446599 0.000134041 0.000134041
0.324 -0.00022303 -0.00022303 0.000450873 0.000450873 0.000127531 0.000127531
0.325 -0.000216189 -0.000216189 0.000454903 0.000454903 0.000120982 0.000120982
0.326 -0.000209 -0.000209 0.000458683 0.000458683 0.000114404 0.000114404
0.327 -0.000201481 -0.000201481 0.000462202 0.000462202 0.000107805 0.000107805
0.328 -0.000193653 -0.000193653 0.000465453 0.000465453 0.000101196 0.000101196
0.329 -0.000185538 -0.000185538 0.000468428 0.000468428 9.45862e-05 9.45862e-05
0.33 -0.000177157 -0.000177157 0.000471119 0.000471119 8.79858e-05 8.79858e-05
0.331 -0.000168532 -0.000168532 0.000473519 0.000473519 8.14042e-05 8.14042e-05
0.332 -0.000159685 -0.000159685 0.00047562 0.00047562 7.48513e-05 7.48513e-05
0.333 -0.000150636 -0.000150636 0.000477415 0.000477415 6.83366e-05 6.83366e-05
0.334 -0.000141408 -0.000141408 0.000478898 0.000478898 6.18698e-05 6.18698e-05
0.335 -0.000132023 -0.000132023 0.000480062 0.000480062 5.54606e-05 5.54606e-05
0.336 -0.000122502 -0.000122502 0.000480902 0.000480902 4.91183e-05 4.91183e-05
0.337 -0.000112867 -0.000112867 0.00048141 0.00048141 4.28525e-05 4.28525e-05
0.338 -0.000103138 -0.000103138 0.000481583 0.000481583 3.66725e-05 3.66725e-05
0.339 -9.33349e-05 -9.33349e-05 0.000481414 0.000481414 3.05875e-05 3.05875e-05
0.34 -8.34792e-05 -8.34792e-05 0.0004809 0.0004809 2.46066e-05 2.46066e-05
0.341 -7.359e-05 -7.359e-05 0.000480035 0.000480035 1.87388e-05 1.87388e-05
0.342 -6.36862e-05 -6.36862e-05 0.000478816 0.000478816 1.2993e-05 1.2993e-05
0.343 -5.37864e-05 -5.37864e-05 0.000477239 0.000477239 7.37786e-06 7.37786e-06
0.344 -4.39082e-05 -4.39082e-05 0.000475301 0.000475301 1.90199e-06 1.90199e-06
0.345 -3.40688e-05 -3.40688e-05 0.000472999 0.000472999 -3.42624e-06 -3.42624e-06
0.346 -2.42843e-05 -2.42843e-05 0.00047033 0.00047033 -8.59862e-06 -8.59862e-06
0.347 -1.45705e-05 -1.45705e-05 0.000467293 0.000467293 -1.36071e-05 -1.36071e-05
0.348 -4.94192e-06 -4.94192e-06 0.000463885 0.000463885 -1.84438e-05 -1.84438e-05
0.349 4.5875e-06 4.5875e-06 0.000460106 0.000460106 -2.31012e-05 -2.31012e-05
0.35 1.40047e-05 1.40047e-05 0.000455954 0.000455954 -2.75717e-05 -2.75717e-05
0.351 2.32977e-05 2.32977e-05 0.000451429 0.000451429 -3.18482e-05 -3.18482e-05
0.352 3.24551e-05 3.24551e-05 0.000446532 0.000446532 -3.59237e-05 -3.59237e-05
0.353 4.14666e-05 4.14666e-05 0.000441262 0.000441262 -3.97914e-05 -3.97914e-05
0.354 5.03228e-05 5.03228e-05 0.000435621 0.000435621 -4.34448e-05 -4.34448e-05
0.355 5.90152e-05 5.90152e-05 0.000429611 0.000429611 -4.68777e-05 -4.68777e-05
0.356 6.75361e-05 6.75361e-05 0.000423231 0.000423231 -5.0084e-05 -5.0084e-05
0.357 7.58789e-05 7.58789e-05 0.000416486 0.000416486 -5.30581e-05 -5.30581e-05
0.358 8.40377e-05 8.40377e-05 0.000409378 0.000409378 -5.57945e-05 -5.57945e-05
0.359 9.20076e-05 9.20076e-05 0.000401909 0.000401909 -5.8288e-05 -5.8288e-05
0.36 9.97844e-05 9.97844e-05 0.000394085 0.000394085 -6.05339e-05 -6.05339e-05
0.361 0.000107365 0.000107365 0.000385908 0.000385908 -6.25275e-05 -6.25275e-05
0.362 0.000114747 0.000114747 0.000377383 0.000377383 -6.42647e-05 -6.42647e-05
0.363 0.000121928 0.000121928 0.000368516 0.000368516 -6.57416e-05 -6.57416e-05
0.364 0.000128907 0.000128907 0.000359312 0.000359312 -6.69545e-05 -6.69545e-05
0.365 0.000135685 0.000135685 0.000349777 0.000349777 -6.79005e-05 -6.79005e-05
0.366 0.000142261 0.000142261 0.000339918 0.000339918 -6.85765e-05 -6.85765e-05
0.367 0.000148638 0.000148638 0.00032974 0.00032974 -6.89801e-05 -6.89801e-05
0.368 0.000154815 0.000154815 0.000319253 0.000319253 -6.91093e-05 -6.91093e-05
0.369 0.000160796 0.000160796 0.000308464 0.000308464 -6.89623e-05 -6.89623e-05
0.37 0.000166582 0.000166582 0.000297381 0.000297381 -6.85379e-05 -6.85379e-05
0.371 0.000172178 0.000172178 0.000286013 0.000286013 -6.78353e-05 -6.78353e-05
0.372 0.000177587 0.000177587 0.000274369 0.000274369 -6.68539e-05 -6.68539e-05
0.373 0.000182812 0.000182812 0.00026246 0.00026246 -6.55937e-05 -6.55937e-05
0.374 0.000187857 0.000187857 0.000250295 0.000250295 -6.40552e-05 -6.40552e-05
0.375 0.000192728 0.000192728 0.000237885 0.000237885 -6.22392e-05 -6.22392e-05
0.376 0.000197428 0.000197428 0.000225241 0.000225241 -6.01472e-05 -6.01472e-05
0.377 0.000201963 0.000201963 0.000212374 0.000212374 -5.77809e-05 -5.77809e-05
0.378 0.000206338 0.000206338 0.000199297 0.000199297 -5.51425e-05 -5.51425e-05
0.379 0.000210557 0.000210557 0.000186022 0.000186022 -5.2235e-05 -5.2235e-05
0.38 0.000214625 0.000214625 0.000172561 0.000172561 -4.90615e-05 -4.90615e-05
0.381 0.000218548 0.000218548 0.000158928 0.000158928 -4.56258e-05 -4.56258e-05
0.382 0.000222331 0.000222331 0.000145136 0.000145136 -4.19321e-05 -4.19321e-05
0.383 0.000225978 0.000225978 0.0001312 0.0001312 -3.79853e-05 -3.79853e-05
0.384 0.000229495 0.000229495 0.000117132 0.000117132 -3.37905e-05 -3.37905e-05
0.385 0.000232886 0.000232886 0.000102948 0.000102948 -2.93537e-05 -2.93537e-05
0.386 0.000236155 0.000236155 8.86618e-05 8.86618e-05 -2.4681e-05 -2.4681e-05
0.387 0.000239306 0.000239306 7.42895e-05 7.42895e-05 -1.97793e-05 -1.97793e-05
0.388 0.000242344 0.000242344 5.98458e-05 5.98458e-05 -1.46558e-05 -1.46558e-05
0.389 0.000245273 0.000245273 4.53466e-05 4.53466e-05 -9.31842e-06 -9.31842e-06
0.39 0.000248095 0.000248095 3.08074e-05 3.08074e-05 -3.77542e-06 -3.77542e-06
0.391 0.000250815 0.000250815 1.62443e-05 1.62443e-05 1.96442e-06 1.96442e-06
0.392 0.000253433 0.000253433 1.67354e-06 1.67354e-06 7.89181e-06 7.89181e-06
0.393 0.000255954 0.000255954 -1.28887e-05 -1.28887e-05 1.3997e-05 1.3997e-05
0.394 0.000258379 0.000258379 -2.74259e-05 -2.74259e-05 2.02698e-05 2.02698e-05
0.395 0.00026071 0.00026071 -4.19216e-05 -4.19216e-05 2.66996e-05 2.66996e-05
0.396 0.000262948 0.000262948 -5.63591e-05 -5.63591e-05 3.32751e-05 3.32751e-05
0.397 0.000265095 0.000265095 -7.07218e-05 -7.07218e-05 3.99851e-05 3.99851e-05
0.398 0.00026715 0.00026715 -8.4993e-05 -8.4993e-05 4.68174e-05 4.68174e-05
0.399 0.000269114 0.000269114 -9.9156e-05 -9.9156e-05 5.37599e-05 5.37599e-05
0.4 0.000270987 0.000270987 -0.000113194 -0.000113194 6.07998e-05 6.07998e-05
0.401 0.000272769 0.000272769 -0.000127091 -0.000127091 6.79242e-05 6.79242e-05
0.402 0.000274458 0.000274458 -0.00014083 -0.00014083 7.51198e-05 7.51198e-05
0.403 0.000276054 0.000276054 -0.000154395 -0.000154395 8.2373e-05 8.2373e-05
0.404 0.000277555 0.000277555 -0.00016777 -0.00016777 8.96698e-05 8.96698e-05
0.405 0.00027896 0.00027896 -0.000180938 -0.000180938 9.69963e-05 9.69963e-05
0.406 0.000280266 0.000280266 -0.000193884 -0.000193884 0.000104338 0.000104338
0.407 0.000281471 0.000281471 -0.000206592 -0.000206592 0.000111681 0.000111681
0.408 0.000282573 0.000282573 -0.000219047 -0.000219047 0.000119009 0.000119009
0.409 0.000283569 0.000283569 -0.000231233 -0.000231233 0.00012631 0.00012631
0.41 0.000284455 0.000284455 -0.000243137 -0.000243137 0.000133566 0.000133566
0.411 0.00028523 0.00028523 -0.000254743 -0.000254743 0.000140765 0.000140765
0.412 0.00028589 0.00028589 -0.000266038 -0.000266038 0.000147891 0.000147891
0.413 0.000286432 0.000286432 -0.000277007 -0.000277007 0.000154928 0.000154928
0.414 0.000286851 0.000286851 -0.000287639 -0.000287639 0.000161863 0.000161863
0.415 0.000287146 0.000287146 -0.000297919 -0.000297919 0.000168681 0.000168681
0.416 0.000287311 0.000287311 -0.000307835 -0.000307835 0.000175366 0.000175366
0.417 0.000287345 0.000287345 -0.000317376 -0.000317376 0.000181905 0.000181905
0.418 0.000287243 0.000287243 -0.000326531 -0.000326531 0.000188284 0.000188284
0.419 0.000287003 0.000287003 -0.000335287 -0.000335287 0.000194488 0.000194488
0.42 0.000286621 0.000286621 -0.000343635 -0.000343635 0.000200504 0.000200504
0.421 0.000286093 0.000286093 -0.000351565 -0.000351565 0.000206319 0.000206319
0.422 0.000285418 0.000285418 -0.000359068 -0.000359068 0.000211919 0.000211919
0.423 0.000284591 0.000284591 -0.000366134 -0.000366134 0.000217292 0.000217292
0.424 0.000283611 0.000283611 -0.000372756 -0.000372756 0.000222426 0.000222426
0.425 0.000282475 0.000282475 -0.000378926 -0.000378926 0.000227309 0.000227309
0.426 0.00028118 0.00028118 -0.000384637 -0.000384637 0.000231929 0.000231929
0.427 0.000279726 0.000279726 -0.000389883 -0.000389883 0.000236276 0.000236276
0.428 0.000278109 0.000278109 -0.000394658 -0.000394658 0.00024034 0.00024034
0.429 0.000276329 0.000276329 -0.000398956 -0.000398956 0.000244111 0.000244111
0.43 0.000274385 0.000274385 -0.000402773 -0.000402773 0.00024758 0.00024758
0.431 0.000272275 0.000272275 -0.000406105 -0.000406105 0.000250738 0.000250738
0.432 0.000269999 0.000269999 -0.000408949 -0.000408949 0.000253577 0.000253577
0.433 0.000267557 0.000267557 -0.000411302 -0.000411302 0.00025609 0.00025609
0.434 0.000264949 0.000264949 -0.000413161 -0.000413161 0.000258271 0.000258271
0.435 0.000262176 0.000262176 -0.000414526 -0.000414526 0.000260113 0.000260113
0.436 0.000259237 0.000259237 -0.000415394 -0.000415394 0.000261612 0.000261612
0.437 0.000256135 0.000256135 -0.000415767 -0.000415767 0.000262763 0.000262763
0.438 0.00025287 0.00025287 -0.000415644 -0.000415644 0.000263561 0.000263561
0.439 0.000249444 0.000249444 -0.000415026 -0.000415026 0.000264005 0.000264005
0.44 0.00024586 0.00024586 -0.000413914 -0.000413914 0.00026409 0.00026409
0.441 0.000242119 0.000242119 -0.000412311 -0.000412311 0.000263817 0.000263817
0.442 0.000238224 0.000238224 -0.000410219 -0.000410219 0.000263183 0.000263183
0.443 0.000234178 0.000234178 -0.000407641 -0.000407641 0.000262189 0.000262189
0.444 0.000229985 0.000229985 -0.000404581 -0.000404581 0.000260835 0.000260835
0.445 0.000225647 0.000225647 -0.000401043 -0.000401043 0.000259121 0.000259121
0.446 0.000221169 0.000221169 -0.000397031 -0.000397031 0.000257051 0.000257051
0.447 0.000216554 0.000216554 -0.000392552 -0.000392552 0.000254626 0.000254626
0.448 0.000211806 0.000211806 -0.000387611 -0.000387611 0.00025185 0.00025185
0.449 0.00020693 0.00020693 -0.000382214 -0.000382214 0.000248727 0.000248727
0.45 0.000201931 0.000201931 -0.000376368 -0.000376368 0.000245261 0.000245261
0.451 0.000196812 0.000196812 -0.00037008 -0.00037008 0.000241457 0.000241457
0.452 0.000191579 0.000191579 -0.000363357 -0.000363357 0.000237321 0.000237321
0.453 0.000186237 0.000186237 -0.000356209 -0.000356209 0.000232859 0.000232859
0.454 0.00018079 0.00018079 -0.000348644 -0.000348644 0.000228078 0.000228078
0.455 0.000175244 0.000175244 -0.00034067 -0.00034067 0.000222986 0.000222986
0.456 0.000169604 0.000169604 -0.000332298 -0.000332298 0.000217591 0.000217591
0.457 0.000163875 0.000163875 -0.000323536 -0.000323536 0.000211901 0.000211901
0.458 0.000158063 0.000158063 -0.000314396 -0.000314396 0.000205925 0.000205925
0.459 0.000152172 0.000152172 -0.000304888 -0.000304888 0.000199672 0.000199672
0.46 0.000146208 0.000146208 -0.000295023 -0.000295023 0.000193152 0.000193152
0.461 0.000140176 0.000140176 -0.000284813 -0.000284813 0.000186376 0.000186376
0.462 0.000134082 0.000134082 -0.000274269 -0.000274269 0.000179353 0.000179353
0.463 0.00012793 0.00012793 -0.000263403 -0.000263403 0.000172095 0.000172095
0.464 0.000121725 0.000121725 -0.000252228 -0.000252228 0.000164613 0.000164613
0.465 0.000115472 0.000115472 -0.000240757 -0.000240757 0.000156918 0.000156918
0.466 0.000109177 0.000109177 -0.000229003 -0.000229003 0.000149022 0.000149022
0.467 0.000102843 0.000102843 -0.000216979 -0.000216979 0.000140936 0.000140936
0.468 9.64764e-05 9.64764e-05 -0.000204698 -0.000204698 0.000132674 0.000132674
0.469 9.00805e-05 9.00805e-05 -0.000192176 -0.000192176 0.000124246 0.000124246
0.47 8.366e-05 8.366e-05 -0.000179426 -0.000179426 0.000115666 0.000115666
0.471 7.72192e-05 7.72192e-05 -0.000166462 -0.000166462 0.000106946 0.000106946
0.472 7.07622e-05 7.07622e-05 -0.0001533 -0.0001533 9.80991e-05 9.80991e-05
0.473 6.42929e-05 6.42929e-05 -0.000139955 -0.000139955 8.91369e-05 8.91369e-05
0.474 5.78151e-05 5.78151e-05 -0.000126441 -0.000126441 8.00726e-05 8.00726e-05
0.475 5.13326e-05 5.13326e-05 -0.000112775 -0.000112775 7.0919e-05 7.0919e-05
0.476 4.4849e-05 4.4849e-05 -9.8971e-05 -9.8971e-05 6.16886e-05 6.16886e-05
0.477 3.83676e-05 3.83676e-05 -8.5046e-05 -8.5046e-05 5.23943e-05 5.23943e-05
0.478 3.18918e-05 3.18918e-05 -7.10157e-05 -7.10157e-05 4.30486e-05 4.30486e-05
0.479 2.54247e-05 2.54247e-05 -5.68963e-05 -5.68963e-05 3.36642e-05 3.36642e-05
0.48 1.89695e-05 1.89695e-05 -4.27041e-05 -4.27041e-05 2.42534e-05 2.42534e-05
0.481 1.25291e-05 1.25291e-05 -2.84556e-05 -2.84556e-05 1.48289e-05 1.48289e-05
0.482 6.10642e-06 6.10642e-06 -1.41674e-05 -1.41674e-05 5.40281e-06 5.40281e-06
0.483 -2.95714e-07 -2.95714e-07 1.43911e-07 1.43911e-07 -4.0126e-06 -4.0126e-06
0.484 -6.67456e-06 -6.67456e-06 1.44615e-05 1.44615e-05 -1.34053e-05 -1.34053e-05
0.485 -1.30274e-05 -1.30274e-05 2.87686e-05 2.87686e-05 -2.27633e-05 -2.27633e-05
0.486 -1.93516e-05 -1.93516e-05 4.30484e-05 4.30484e-05 -3.20749e-05 -3.20749e-05
0.487 -2.56446e-05 -2.56446e-05 5.72839e-05 5.72839e-05 -4.13284e-05 -4.13284e-05
0.488 -3.19036e-05 -3.19036e-05 7.14582e-05 7.14582e-05 -5.05125e-05 -5.05125e-05
0.489 -3.81262e-05 -3.81262e-05 8.55544e-05 8.55544e-05 -5.96159e-05 -5.96159e-05
0.49 -4.43096e-05 -4.43096e-05 9.95558e-05 9.95558e-05 -6.86274e-05 -6.86274e-05
0.491 -5.04512e-05 -5.04512e-05 0.000113445 0.000113445 -7.75363e-05 -7.75363e-05
0.492 -5.65483e-05 -5.65483e-05 0.000127207 0.000127207 -8.63317e-05 -8.63317e-05
0.493 -6.25981e-05 -6.25981e-05 0.000140823 0.000140823 -9.50033e-05 -9.50033e-05
0.494 -6.85978e-05 -6.85978e-05 0.000154277 0.000154277 -0.000103541 -0.000103541
0.495 -7.45444e-05 -7.45444e-05 0.000167553 0.000167553 -0.000111934 -0.000111934
0.496 -8.0435e-05 -8.0435e-05 0.000180635 0.000180635 -0.000120173 -0.000120173
0.497 -8.62663e-05 -8.62663e-05 0.000193507 0.000193507 -0.000128248 -0.000128248
0.498 -9.20351e-05 -9.20351e-05 0.000206153 0.000206153 -0.00013615 -0.00013615
0.499 -9.77381e-05 -9.77381e-05 0.000218557 0.000218557 -0.00014387 -0.00014387
0.5 -0.000103372 -0.000103372 0.000230704 0.000230704 -0.000151398 -0.000151398
0.501 -0.000108932 -0.000108932 0.000242578 0.000242578 -0.000158726 -0.000158726
0.502 -0.000114416 -0.000114416 0.000254166 0.000254166 -0.000165845 -0.000165845
0.503 -0.000119818 -0.000119818 0.000265452 0.000265452 -0.000172747 -0.000172747
0.504 -0.000125136 -0.000125136 0.000276423 0.000276423 -0.000179423 -0.000179423
0.505 -0.000130364 -0.000130364 0.000287064 0.000287064 -0.000185867 -0.000185867
0.506 -0.000135499 -0.000135499 0.000297363 0.000297363 -0.00019207 -0.00019207
0.507 -0.000140534 -0.000140534 0.000307306 0.000307306 -0.000198025 -0.000198025
0.508 -0.000145467 -0.000145467 0.000316881 0.000316881 -0.000203724 -0.000203724
0.509 -0.00015029 -0.00015029 0.000326076 0.000326076 -0.000209162 -0.000209162
0.51 -0.000155001 -0.000155001 0.000334879 0.000334879 -0.000214331 -0.000214331
0.511 -0.000159592 -0.000159592 0.000343279 0.000343279 -0.000219224 -0.000219224
0.512 -0.000164059 -0.000164059 0.000351266 0.000351266 -0.000223837 -0.000223837
0.513 -0.000168397 -0.000168397 0.00035883 0.00035883 -0.000228163 -0.000228163
0.514 -0.000172598 -0.000172598 0.00036596 0.00036596 -0.000232196 -0.000232196
0.515 -0.000176658 -0.000176658 0.000372648 0.000372648 -0.000235931 -0.000235931
0.516 -0.000180571 -0.000180571 0.000378887 0.000378887 -0.000239364 -0.000239364
0.517 -0.000184331 -0.000184331 0.000384667 0.000384667 -0.00024249 -0.00024249
0.518 -0.000187931 -0.000187931 0.000389981 0.000389981 -0.000245305 -0.000245305
0.519 -0.000191365 -0.000191365 0.000394824 0.000394824 -0.000247804 -0.000247804
0.52 -0.000194628 -0.000194628 0.000399189 0.000399189 -0.000249984 -0.000249984
0.521 -0.000197713 -0.000197713 0.000403071 0.000403071 -0.000251841 -0.000251841
0.522 -0.000200614 -0.000200614 0.000406465 0.000406465 -0.000253374 -0.000253374
0.523 -0.000203325 -0.000203325 0.000409367 0.000409367 -0.000254579 -0.000254579
0.524 -0.000205839 -0.000205839 0.000411773 0.000411773 -0.000255455 -0.000255455
0.525 -0.000208152 -0.000208152 0.000413682 0.000413682 -0.000255999 -0.000255999
0.526 -0.000210256 -0.000210256 0.00041509 0.00041509 -0.000256211 -0.000256211
0.527 -0.000212146 -0.000212146 0.000415997 0.000415997 -0.000256089 -0.000256089
0.528 -0.000213817 -0.000213817 0.000416401 0.000416401 -0.000255633 -0.000255633
0.529 -0.000215264 -0.000215264 0.000416302 0.000416302 -0.000254844 -0.000254844
0.53 -0.00021648 -0.00021648 0.000415702 0.000415702 -0.000253721 -0.000253721
0.531 -0.00021746 -0.00021746 0.0004146 0.0004146 -0.000252266 -0.000252266
0.532 -0.000218201 -0.000218201 0.000412999 0.000412999 -0.00025048 -0.00025048
0.533 -0.000218697 -0.000218697 0.000410902 0.000410902 -0.000248365 -0.000248365
0.534 -0.000218945 -0.000218945 0.000408311 0.000408311 -0.000245924 -0.000245924
0.535 -0.00021894 -0.00021894 0.00040523 0.00040523 -0.000243159 -0.000243159
0.536 -0.000218678 -0.000218678 0.000401663 0.000401663 -0.000240074 -0.000240074
0.537 -0.000218157 -0.000218157 0.000397615 0.000397615 -0.000236673 -0.000236673
0.538 -0.000217373 -0.000217373 0.000393092 0.000393092 -0.00023296 -0.00023296
0.539 -0.000216324 -0.000216324 0.0003881 0.0003881 -0.00022894 -0.00022894
0.54 -0.000215009 -0.000215009 0.000382644 0.000382644 -0.000224619 -0.000224619
0.541 -0.000213424 -0.000213424 0.000376734 0.000376734 -0.000220004 -0.000220004
0.542 -0.000211569 -0.000211569 0.000370375 0.000370375 -0.000215099 -0.000215099
0.543 -0.000209444 -0.000209444 0.000363577 0.000363577 -0.000209913 -0.000209913
0.544 -0.000207047 -0.000207047 0.000356347 0.000356347 -0.000204453 -0.000204453
0.545 -0.000204379 -0.000204379 0.000348696 0.000348696 -0.000198726 -0.000198726
0.546 -0.000201441 -0.000201441 0.000340633 0.000340633 -0.000192742 -0.000192742
0.547 -0.000198233 -0.000198233 0.000332168 0.000332168 -0.00018651 -0.00018651
0.548 -0.000194757 -0.000194757 0.000323311 0.000323311 -0.000180038 -0.000180038
0.549 -0.000191016 -0.000191016 0.000314074 0.000314074 -0.000173337 -0.000173337
0.55 -0.000187011 -0.000187011 0.000304468 0.000304468 -0.000166417 -0.000166417
0.551 -0.000182746 -0.000182746 0.000294505 0.000294505 -0.000159289 -0.000159289
0.552 -0.000178224 -0.000178224 0.000284197 0.000284197 -0.000151964 -0.000151964
0.553 -0.00017345 -0.00017345 0.000273557 0.000273557 -0.000144452 -0.000144452
0.554 -0.000168428 -0.000168428 0.000262597 0.000262597 -0.000136767 -0.000136767
0.555 -0.000163162 -0.000163162 0.000251331 0.000251331 -0.00012892 -0.00012892
0.556 -0.000157659 -0.000157659 0.000239772 0.000239772 -0.000120924 -0.000120924
0.557 -0.000151924 -0.000151924 0.000227934 0.000227934 -0.00011279 -0.00011279
0.558 -0.000145964 -0.000145964 0.000215831 0.000215831 -0.000104533 -0.000104533
0.559 -0.000139786 -0.000139786 0.000203477 0.000203477 -9.61652e-05 -9.61652e-05
0.56 -0.000133397 -0.000133397 0.000190888 0.000190888 -8.76998e-05 -8.76998e-05
0.561 -0.000126803 -0.000126803 0.000178077 0.000178077 -7.91502e-05 -7.91502e-05
0.562 -0.000120015 -0.000120015 0.00016506 0.00016506 -7.05302e-05 -7.05302e-05
0.563 -0.00011304 -0.00011304 0.000151852 0.000151852 -6.18531e-05 -6.18531e-05
0.564 -0.000105886 -0.000105886 0.000138468 0.000138468 -5.31328e-05 -5.31328e-05
0.565 -9.85635e-05 -9.85635e-05 0.000124924 0.000124924 -4.43827e-05 -4.43827e-05
0.566 -9.10816e-05 -9.10816e-05 0.000111236 0.000111236 -3.56167e-05 -3.56167e-05
0.567 -8.34499e-05 -8.34499e-05 9.74195e-05 9.74195e-05 -2.68481e-05 -2.68481e-05
0.568 -7.56786e-05 -7.56786e-05 8.34902e-05 8.34902e-05 -1.80905e-05 -1.80905e-05
0.569 -6.77781e-05 -6.77781e-05 6.94643e-05 6.94643e-05 -9.35728e-06 -9.35728e-06
0.57 -5.97589e-05 -5.97589e-05 5.5358e-05 5.5358e-05 -6.61535e-07 -6.61535e-07
0.571 -5.16318e-05 -5.16318e-05 4.11875e-05 4.11875e-05 7.98373e-06 7.98373e-06
0.572 -4.34078e-05 -4.34078e-05 2.69691e-05 2.69691e-05 1.65658e-05 1.65658e-05
0.573 -3.5098e-05 -3.5098e-05 1.27192e-05 1.27192e-05 2.5072e-05 2.5072e-05
0.574 -2.67138e-05 -2.67138e-05 -1.54596e-06 -1.54596e-06 3.34904e-05 3.34904e-05
0.575 -1.82666e-05 -1.82666e-05 -1.58099e-05 -1.58099e-05 4.18089e-05 4.18089e-05
0.576 -9.76785e-06 -9.76785e-06 -3.00563e-05 -3.00563e-05 5.0016e-05 5.0016e-05
0.577 -1.22925e-06 -1.22925e-06 -4.42687e-05 -4.42687e-05 5.81005e-05 5.81005e-05
0.578 7.33756e-06 7.33756e-06 -5.84308e-05 -5.84308e-05 6.60516e-05 6.60516e-05
0.579 1.59209e-05 1.59209e-05 -7.25263e-05 -7.25263e-05 7.38589e-05 7.38589e-05
0.58 2.4509e-05 2.4509e-05 -8.65388e-05 -8.65388e-05 8.15126e-05 8.15126e-05
0.581 3.30902e-05 3.30902e-05 -0.000100452 -0.000100452 8.90031e-05 8.90031e-05
0.582 4.16529e-05 4.16529e-05 -0.00011425 -0.00011425 9.63215e-05 9.63215e-05
0.583 5.01853e-05 5.01853e-05 -0.000127917 -0.000127917 0.000103459 0.000103459
0.584 5.8676e-05 5.8676e-05 -0.000141437 -0.000141437 0.000110408 0.000110408
0.585 6.71134e-05 6.71134e-05 -0.000154794 -0.000154794 0.000117161 0.000117161
0.586 7.54862e-05 7.54862e-05 -0.000167972 -0.000167972 0.00012371 0.00012371
0.587 8.37832e-05 8.37832e-05 -0.000180956 -0.000180956 0.00013005 0.00013005
0.588 9.19933e-05 9.19933e-05 -0.000193731 -0.000193731 0.000136174 0.000136174
0.589 0.000100105 0.000100105 -0.000206281 -0.000206281 0.000142078 0.000142078
0.59 0.000108109 0.000108109 -0.000218591 -0.000218591 0.000147755 0.000147755
0.591 0.000115993 0.000115993 -0.000230648 -0.000230648 0.000153202 0.000153202
0.592 0.000123747 0.000123747 -0.000242436 -0.000242436 0.000158415 0.000158415
0.593 0.000131362 0.000131362 -0.000253941 -0.000253941 0.000163391 0.000163391
0.594 0.000138827 0.000138827 -0.00026515 -0.00026515 0.000168127 0.000168127
0.595 0.000146132 0.000146132 -0.000276049 -0.000276049 0.000172621 0.000172621
0.596 0.000153267 0.000153267 -0.000286624 -0.000286624 0.000176871 0.000176871
0.597 0.000160225 0.000160225 -0.000296863 -0.000296863 0.000180875 0.000180875
0.598 0.000166994 0.000166994 -0.000306753 -0.000306753 0.000184633 0.000184633
0.599 0.000173568 0.000173568 -0.000316282 -0.000316282 0.000188144 0.000188144
0.6 0.000179937 0.000179937 -0.000325438 -0.000325438 0.000191409 0.000191409
0.601 0.000186092 0.000186092 -0.00033421 -0.00033421 0.000194428 0.000194428
0.602 0.000192027 0.000192027 -0.000342586 -0.000342586 0.000197201 0.000197201
0.603 0.000197733 0.000197733 -0.000350556 -0.000350556 0.00019973 0.00019973
0.604 0.000203203 0.000203203 -0.000358111 -0.000358111 0.000202017 0.000202017
0.605 0.00020843 0.00020843 -0.000365239 -0.000365239 0.000204063 0.000204063
0.606 0.000213407 0.000213407 -0.000371933 -0.000371933 0.000205869 0.000205869
0.607 0.000218127 0.000218127 -0.000378184 -0.000378184 0.00020744 0.00020744
0.608 0.000222585 0.000222585 -0.000383984 -0.000383984 0.000208777 0.000208777
0.609 0.000226774 0.000226774 -0.000389324 -0.000389324 0.000209883 0.000209883
0.61 0.000230688 0.000230688 -0.000394199 -0.000394199 0.000210761 0.000210761
0.611 0.000234323 0.000234323 -0.000398601 -0.000398601 0.000211415 0.000211415
0.612 0.000237674 0.000237674 -0.000402525 -0.000402525 0.000211847 0.000211847
0.613 0.000240735 0.000240735 -0.000405966 -0.000405966 0.000212062 0.000212062
0.614 0.000243502 0.000243502 -0.000408919 -0.000408919 0.000212062 0.000212062
0.615 0.000245971 0.000245971 -0.00041138 -0.00041138 0.000211852 0.000211852
0.616 0.000248139 0.000248139 -0.000413346 -0.000413346 0.000211435 0.000211435
0.617 0.000250001 0.000250001 -0.000414814 -0.000414814 0.000210815 0.000210815
0.618 0.000251555 0.000251555 -0.000415781 -0.000415781 0.000209996 0.000209996
0.619 0.000252799 0.000252799 -0.000416246 -0.000416246 0.00020898 0.00020898
0.62 0.000253728 0.000253728 -0.00041621 -0.00041621 0.000207773 0.000207773
0.621 0.000254341 0.000254341 -0.00041567 -0.00041567 0.000206378 0.000206378
0.622 0.000254637 0.000254637 -0.000414628 -0.000414628 0.000204799 0.000204799
0.623 0.000254614 0.000254614 -0.000413086 -0.000413086 0.000203038 0.000203038
0.624 0.00025427 0.00025427 -0.000411043 -0.000411043 0.0002011 0.0002011
0.625 0.000253605 0.000253605 -0.000408505 -0.000408505 0.000198988 0.000198988
0.626 0.000252618 0.000252618 -0.000405472 -0.000405472 0.000196706 0.000196706
0.627 0.00025131 0.00025131 -0.00040195 -0.00040195 0.000194256 0.000194256
0.628 0.000249679 0.000249679 -0.000397941 -0.000397941 0.000191642 0.000191642
0.629 0.000247728 0.000247728 -0.000393453 -0.000393453 0.000188867 0.000188867
0.63 0.000245456 0.000245456 -0.000388489 -0.000388489 0.000185934 0.000185934
0.631 0.000242866 0.000242866 -0.000383057 -0.000383057 0.000182846 0.000182846
0.632 0.000239958 0.000239958 -0.000377163 -0.000377163 0.000179606 0.000179606
0.633 0.000236735 0.000236735 -0.000370815 -0.000370815 0.000176215 0.000176215
0.634 0.0002332 0.0002332 -0.000364021 -0.000364021 0.000172678 0.000172678
0.635 0.000229355 0.000229355 -0.000356789 -0.000356789 0.000168997 0.000168997
0.636 0.000225203 0.000225203 -0.000349128 -0.000349128 0.000165174 0.000165174
0.637 0.000220748 0.000220748 -0.000341049 -0.000341049 0.000161211 0.000161211
0.638 0.000215995 0.000215995 -0.000332561 -0.000332561 0.000157111 0.000157111
0.639 0.000210947 0.000210947 -0.000323676 -0.000323676 0.000152876 0.000152876
0.64 0.00020561 0.00020561 -0.000314404 -0.000314404 0.000148509 0.000148509
0.641 0.00019999 0.00019999 -0.000304757 -0.000304757 0.000144012 0.000144012
0.642 0.00019409 0.00019409 -0.000294747 -0.000294747 0.000139388 0.000139388
0.643 0.000187919 0.000187919 -0.000284387 -0.000284387 0.000134638 0.000134638
0.644 0.000181482 0.000181482 -0.00027369 -0.00027369 0.000129766 0.000129766
0.645 0.000174787 0.000174787 -0.000262669 -0.000262669 0.000124773 0.000124773
0.646 0.000167841 0.000167841 -0.000251338 -0.000251338 0.000119662 0.000119662
0.647 0.000160652 0.000160652 -0.000239711 -0.000239711 0.000114436 0.000114436
0.648 0.000153228 0.000153228 -0.000227802 -0.000227802 0.000109098 0.000109098
0.649 0.000145579 0.000145579 -0.000215626 -0.000215626 0.00010365 0.00010365
0.65 0.000137713 0.000137713 -0.000203198 -0.000203198 9.8096e-05 9.8096e-05
0.651 0.00012964 0.00012964 -0.000190533 -0.000190533 9.24381e-05 9.24381e-05
0.652 0.000121369 0.000121369 -0.000177647 -0.000177647 8.66802e-05 8.66802e-05
0.653 0.000112913 0.000112913 -0.000164556 -0.000164556 8.08255e-05 8.08255e-05
0.654 0.00010428 0.00010428 -0.000151274 -0.000151274 7.48778e-05 7.48778e-05
0.655 9.5483e-05 9.5483e-05 -0.000137819 -0.000137819 6.88408e-05 6.88408e-05
0.656 8.65329e-05 8.65329e-05 -0.000124206 -0.000124206 6.27187e-05 6.27187e-05
0.657 7.74419e-05 7.74419e-05 -0.000110452 -0.000110452 5.65157e-05 5.65157e-05
0.658 6.82221e-05 6.82221e-05 -9.65734e-05 -9.65734e-05 5.02362e-05 5.02362e-05
0.659 5.88863e-05 5.88863e-05 -8.25863e-05 -8.25863e-05 4.38849e-05 4.38849e-05
0.66 4.94473e-05 4.94473e-05 -6.85074e-05 -6.85074e-05 3.74669e-05 3.74669e-05
0.661 3.99184e-05 3.99184e-05 -5.43534e-05 -5.43534e-05 3.09871e-05 3.09871e-05
0.662 3.03131e-05 3.03131e-05 -4.0141e-05 -4.0141e-05 2.44511e-05 2.44511e-05
0.663 2.06452e-05 2.06452e-05 -2.58869e-05 -2.58869e-05 1.78645e-05 1.78645e-05
0.664 1.09286e-05 1.09286e-05 -1.16077e-05 -1.16077e-05 1.12331e-05 1.12331e-05
0.665 1.17763e-06 1.17763e-06 2.67991e-06 2.67991e-06 4.56298e-06 4.56298e-06
0.666 -8.59341e-06 -8.59341e-06 1.69593e-05 1.69593e-05 -2.13949e-06 -2.13949e-06
0.667 -1.837e-05 -1.837e-05 3.12138e-05 3.12138e-05 -8.8678e-06 -8.8678e-06
0.668 -2.81373e-05 -2.81373e-05 4.54271e-05 4.54271e-05 -1.56152e-05 -1.56152e-05
0.669 -3.78808e-05 -3.78808e-05 5.95827e-05 5.95827e-05 -2.23748e-05 -2.23748e-05
0.67 -4.75854e-05 -4.75854e-05 7.36642e-05 7.36642e-05 -2.91393e-05 -2.91393e-05
0.671 -5.72363e-05 -5.72363e-05 8.76555e-05 8.76555e-05 -3.59016e-05 -3.59016e-05
0.672 -6.68186e-05 -6.68186e-05 0.000101541 0.000101541 -4.2654e-05 -4.2654e-05
0.673 -7.63175e-05 -7.63175e-05 0.000115303 0.000115303 -4.93891e-05 -4.93891e-05
0.674 -8.5718e-05 -8.5718e-05 0.000128928 0.000128928 -5.60989e-05 -5.60989e-05
0.675 -9.50054e-05 -9.50054e-05 0.0001424 0.0001424 -6.27757e-05 -6.27757e-05
0.676 -0.000104165 -0.000104165 0.000155702 0.000155702 -6.94114e-05 -6.94114e-05
0.677 -0.000113183 -0.000113183 0.00016882 0.00016882 -7.5998e-05 -7.5998e-05
0.678 -0.000122044 -0.000122044 0.000181739 0.000181739 -8.25273e-05 -8.25273e-05
0.679 -0.000130734 -0.000130734 0.000194444 0.000194444 -8.89912e-05 -8.89912e-05
0.68 -0.000139241 -0.000139241 0.00020692 0.00020692 -9.53814e-05 -9.53814e-05
0.681 -0.000147549 -0.000147549 0.000219153 0.000219153 -0.00010169 -0.00010169
0.682 -0.000155646 -0.000155646 0.000231129 0.000231129 -0.000107908 -0.000107908
0.683 -0.000163519 -0.000163519 0.000242835 0.000242835 -0.000114028 -0.000114028
0.684 -0.000171155 -0.000171155 0.000254256 0.000254256 -0.000120042 -0.000120042
0.685 -0.000178543 -0.000178543 0.00026538 0.00026538 -0.000125942 -0.000125942
0.686 -0.00018567 -0.00018567 0.000276194 0.000276194 -0.000131719 -0.000131719
0.687 -0.000192526 -0.000192526 0.000286684 0.000286684 -0.000137367 -0.000137367
0.688 -0.000199099 -0.000199099 0.00029684 0.00029684 -0.000142877 -0.000142877
0.689 -0.00020538 -0.00020538 0.000306648 0.000306648 -0.000148242 -0.000148242
0.69 -0.000211359 -0.000211359 0.000316097 0.000316097 -0.000153454 -0.000153454
0.691 -0.000217026 -0.000217026 0.000325177 0.000325177 -0.000158507 -0.000158507
0.692 -0.000222374 -0.000222374 0.000333876 0.000333876 -0.000163394 -0.000163394
0.693 -0.000227395 -0.000227395 0.000342184 0.000342184 -0.000168108 -0.000168108
0.694 -0.00023208 -0.00023208 0.00035009 0.00035009 -0.000172643 -0.000172643
0.695 -0.000236424 -0.000236424 0.000357586 0.000357586 -0.000176992 -0.000176992
0.696 -0.000240421 -0.000240421 0.000364663 0.000364663 -0.00018115 -0.00018115
0.697 -0.000244065 -0.000244065 0.00037131 0.00037131 -0.000185111 -0.000185111
0.698 -0.000247352 -0.000247352 0.000377521 0.000377521 -0.00018887 -0.00018887
0.699 -0.000250277 -0.000250277 0.000383287 0.000383287 -0.000192422 -0.000192422
0.7 -0.000252838 -0.000252838 0.000388601 0.000388601 -0.000195762 -0.000195762
0.701 -0.000255032 -0.000255032 0.000393457 0.000393457 -0.000198886 -0.000198886
0.702 -0.000256858 -0.000256858 0.000397847 0.000397847 -0.00020179 -0.00020179
0.703 -0.000258313 -0.000258313 0.000401767 0.000401767 -0.00020447 -0.00020447
0.704 -0.000259398 -0.000259398 0.00040521 0.00040521 -0.000206923 -0.000206923
0.705 -0.000260114 -0.000260114 0.000408173 0.000408173 -0.000209146 -0.000209146
0.706 -0.00026046 -0.00026046 0.000410651 0.000410651 -0.000211135 -0.000211135
0.707 -0.000260439 -0.000260439 0.00041264 0.00041264 -0.00021289 -0.00021289
0.708 -0.000260053 -0.000260053 0.000414138 0.000414138 -0.000214407 -0.000214407
0.709 -0.000259305 -0.000259305 0.000415141 0.000415141 -0.000215685 -0.000215685
0.71 -0.000258198 -0.000258198 0.000415649 0.000415649 -0.000216723 -0.000216723
0.711 -0.000256738 -0.000256738 0.00041566 0.00041566 -0.000217519 -0.000217519
0.712 -0.000254928 -0.000254928 0.000415173 0.000415173 -0.000218072 -0.000218072
0.713 -0.000252774 -0.000252774 0.000414188 0.000414188 -0.000218383 -0.000218383
0.714 -0.000250283 -0.000250283 0.000412706 0.000412706 -0.000218451 -0.000218451
0.715 -0.00024746 -0.00024746 0.000410728 0.000410728 -0.000218275 -0.000218275
0.716 -0.000244314 -0.000244314 0.000408255 0.000408255 -0.000217857 -0.000217857
0.717 -0.00024085 -0.00024085 0.000405291 0.000405291 -0.000217196 -0.000217196
0.718 -0.000237079 -0.000237079 0.000401838 0.000401838 -0.000216294 -0.000216294
0.719 -0.000233008 -0.000233008 0.0003979 0.0003979 -0.000215151 -0.000215151
0.72 -0.000228646 -0.000228646 0.000393482 0.000393482 -0.00021377 -0.00021377
0.721 -0.000224002 -0.000224002 0.000388588 0.000388588 -0.000212151 -0.000212151
0.722 -0.000219086 -0.000219086 0.000383224 0.000383224 -0.000210296 -0.000210296
0.723 -0.000213908 -0.000213908 0.000377395 0.000377395 -0.000208206 -0.000208206
0.724 -0.000208479 -0.000208479 0.00037111 0.00037111 -0.000205885 -0.000205885
0.725 -0.000202809 -0.000202809 0.000364375 0.000364375 -0.000203335 -0.000203335
0.726 -0.000196908 -0.000196908 0.000357199 0.000357199 -0.000200556 -0.000200556
0.727 -0.000190789 -0.000190789 0.000349589 0.000349589 -0.000197554 -0.000197554
0.728 -0.000184461 -0.000184461 0.000341556 0.000341556 -0.000194329 -0.000194329
0.729 -0.000177937 -0.000177937 0.000333108 0.000333108 -0.000190885 -0.000190885
0.73 -0.000171227 -0.000171227 0.000324257 0.000324257 -0.000187224 -0.000187224
0.731 -0.000164343 -0.000164343 0.000315013 0.000315013 -0.000183351 -0.000183351
0.732 -0.000157298 -0.000157298 0.000305387 0.000305387 -0.000179268 -0.000179268
0.733 -0.000150101 -0.000150101 0.000295391 0.000295391 -0.000174979 -0.000174979
0.734 -0.000142766 -0.000142766 0.000285038 0.000285038 -0.000170486 -0.000170486
0.735 -0.000135303 -0.000135303 0.000274341 0.000274341 -0.000165795 -0.000165795
0.736 -0.000127725 -0.000127725 0.000263312 0.000263312 -0.000160908 -0.000160908
0.737 -0.000120042 -0.000120042 0.000251965 0.000251965 -0.000155829 -0.000155829
0.738 -0.000112265 -0.000112265 0.000240315 0.000240315 -0.000150562 -0.000150562
0.739 -0.000104407 -0.000104407 0.000228376 0.000228376 -0.000145112 -0.000145112
0.74 -9.64785e-05 -9.64785e-05 0.000216163 0.000216163 -0.000139482 -0.000139482
0.741 -8.84899e-05 -8.84899e-05 0.000203692 0.000203692 -0.000133677 -0.000133677
0.742 -8.04522e-05 -8.04522e-05 0.000190976 0.000190976 -0.000127702 -0.000127702
0.743 -7.2376e-05 -7.2376e-05 0.000178034 0.000178034 -0.000121561 -0.000121561
0.744 -6.42717e-05 -6.42717e-05 0.000164879 0.000164879 -0.000115258 -0.000115258
0.745 -5.61495e-05 -5.61495e-05 0.00015153 0.00015153 -0.000108799 -0.000108799
0.746 -4.80193e-05 -4.80193e-05 0.000138002 0.000138002 -0.000102189 -0.000102189
0.747 -3.98908e-05 -3.98908e-05 0.000124313 0.000124313 -9.54332e-05 -9.54332e-05
0.748 -3.17734e-05 -3.17734e-05 0.000110478 0.000110478 -8.85365e-05 -8.85365e-05
0.749 -2.36765e-05 -2.36765e-05 9.65158e-05 9.65158e-05 -8.15049e-05 -8.15049e-05
0.75 -1.56089e-05 -1.56089e-05 8.24428e-05 8.24428e-05 -7.4344e-05 -7.4344e-05
0.751 -7.57943e-06 -7.57943e-06 6.82765e-05 6.82765e-05 -6.70599e-05 -6.70599e-05
0.752 4.03514e-07 4.03514e-07 5.40342e-05 5.40342e-05 -5.96587e-05 -5.96587e-05
0.753 8.33172e-06 8.33172e-06 3.97333e-05 3.97333e-05 -5.21469e-05 -5.21469e-05
0.754 1.61972e-05 1.61972e-05 2.53911e-05 2.53911e-05 -4.4531e-05 -4.4531e-05
0.755 2.39924e-05 2.39924e-05 1.10251e-05 1.10251e-05 -3.68179e-05 -3.68179e-05
0.756 3.17097e-05 3.17097e-05 -3.3474e-06 -3.3474e-06 -2.90148e-05 -2.90148e-05
0.757 3.9342e-05 3.9342e-05 -1.7709e-05 -1.7709e-05 -2.11288e-05 -2.11288e-05
0.758 4.68823e-05 4.68823e-05 -3.20425e-05 -3.20425e-05 -1.31677e-05 -1.31677e-05
0.759 5.43239e-05 5.43239e-05 -4.63308e-05 -4.63308e-05 -5.13919e-06 -5.13919e-06
0.76 6.16604e-05 6.16604e-05 -6.05567e-05 -6.05567e-05 2.94863e-06 2.94863e-06
0.761 6.88854e-05 6.88854e-05 -7.47035e-05 -7.47035e-05 1.10874e-05 1.10874e-05
0.762 7.59929e-05 7.59929e-05 -8.87543e-05 -8.87543e-05 1.92686e-05 1.92686e-05
0.763 8.29771e-05 8.29771e-05 -0.000102693 -0.000102693 2.74833e-05 2.74833e-05
0.764 8.98324e-05 8.98324e-05 -0.000116502 -0.000116502 3.57223e-05 3.57223e-05
0.765 9.65533e-05 9.65533e-05 -0.000130166 -0.000130166 4.39765e-05 4.39765e-05
0.766 0.000103134 0.000103134 -0.00014367 -0.00014367 5.2236e-05 5.2236e-05
0.767 0.000109571 0.000109571 -0.000156996 -0.000156996 6.04912e-05 6.04912e-05
0.768 0.000115858 0.000115858 -0.000170131 -0.000170131 6.87318e-05 6.87318e-05
0.769 0.00012199 0.00012199 -0.000183058 -0.000183058 7.69475e-05 7.69475e-05
0.77 0.000127963 0.000127963 -0.000195763 -0.000195763 8.51279e-05 8.51279e-05
0.771 0.000133773 0.000133773 -0.000208232 -0.000208232 9.32621e-05 9.32621e-05
0.772 0.000139415 0.000139415 -0.000220449 -0.000220449 0.000101339 0.000101339
0.773 0.000144885 0.000144885 -0.000232402 -0.000232402 0.000109348 0.000109348
0.774 0.000150179 0.000150179 -0.000244076 -0.000244076 0.000117277 0.000117277
0.775 0.000155293 0.000155293 -0.000255458 -0.000255458 0.000125116 0.000125116
0.776 0.000160223 0.000160223 -0.000266535 -0.000266535 0.000132852 0.000132852
0.777 0.000164965 0.000164965 -0.000277295 -0.000277295 0.000140474 0.000140474
0.778 0.000169517 0.000169517 -0.000287726 -0.000287726 0.00014797 0.00014797
0.779 0.000173873 0.000173873 -0.000297815 -0.000297815 0.000155328 0.000155328
0.78 0.000178032 0.000178032 -0.000307552 -0.000307552 0.000162536 0.000162536
0.781 0.000181989 0.000181989 -0.000316926 -0.000316926 0.000169584 0.000169584
0.782 0.000185742 0.000185742 -0.000325925 -0.000325925 0.000176458 0.000176458
0.783 0.000189287 0.000189287 -0.00033454 -0.00033454 0.000183147 0.000183147
0.784 0.000192622 0.000192622 -0.00034276 -0.00034276 0.000189639 0.000189639
0.785 0.000195744 0.000195744 -0.000350578 -0.000350578 0.000195924 0.000195924
0.786 0.00019865 0.00019865 -0.000357983 -0.000357983 0.000201989 0.000201989
0.787 0.000201337 0.000201337 -0.000364967 -0.000364967 0.000207822 0.000207822
0.788 0.000203804 0.000203804 -0.000371523 -0.000371523 0.000213414 0.000213414
0.789 0.000206047 0.000206047 -0.000377642 -0.000377642 0.000218753 0.000218753
0.79 0.000208066 0.000208066 -0.000383318 -0.000383318 0.000223829 0.000223829
0.791 0.000209857 0.000209857 -0.000388544 -0.000388544 0.000228631 0.000228631
0.792 0.000211419 0.000211419 -0.000393314 -0.000393314 0.00023315 0.00023315
0.793 0.000212751 0.000212751 -0.000397622 -0.000397622 0.000237375 0.000237375
0.794 0.000213851 0.000213851 -0.000401464 -0.000401464 0.000241298 0.000241298
0.795 0.000214718 0.000214718 -0.000404834 -0.000404834 0.00024491 0.00024491
0.796 0.00021535 0.00021535 -0.000407728 -0.000407728 0.000248203 0.000248203
0.797 0.000215748 0.000215748 -0.000410142 -0.000410142 0.000251169 0.000251169
0.798 0.00021591 0.00021591 -0.000412075 -0.000412075 0.0002538 0.0002538
0.799 0.000215837 0.000215837 -0.000413521 -0.000413521 0.000256089 0.000256089
0.8 0.000215527 0.000215527 -0.000414481 -0.000414481 0.000258032 0.000258032
0.801 0.000214982 0.000214982 -0.000414952 -0.000414952 0.000259621 0.000259621
0.802 0.000214202 0.000214202 -0.000414932 -0.000414932 0.000260851 0.000260851
0.803 0.000213187 0.000213187 -0.000414423 -0.000414423 0.000261719 0.000261719
0.804 0.000211939 0.000211939 -0.000413422 -0.000413422 0.000262221 0.000262221
0.805 0.000210458 0.000210458 -0.000411932 -0.000411932 0.000262353 0.000262353
0.806 0.000208747 0.000208747 -0.000409954 -0.000409954 0.000262114 0.000262114
0.807 0.000206807 0.000206807 -0.000407488 -0.000407488 0.0002615 0.0002615
0.808 0.00020464 0.00020464 -0.000404537 -0.000404537 0.000260512 0.000260512
0.809 0.000202249 0.000202249 -0.000401105 -0.000401105 0.000259149 0.000259149
0.81 0.000199636 0.000199636 -0.000397194 -0.000397194 0.00025741 0.00025741
0.811 0.000196806 0.000196806 -0.000392808 -0.000392808 0.000255299 0.000255299
0.812 0.00019376 0.00019376 -0.000387953 -0.000387953 0.000252815 0.000252815
0.813 0.000190503 0.000190503 -0.000382632 -0.000382632 0.000249962 0.000249962
0.814 0.000187039 0.000187039 -0.000376852 -0.000376852 0.000246743 0.000246743
0.815 0.000183372 0.000183372 -0.00037062 -0.00037062 0.000243162 0.000243162
0.816 0.000179507 0.000179507 -0.000363941 -0.000363941 0.000239223 0.000239223
0.817 0.000175448 0.000175448 -0.000356823 -0.000356823 0.000234933 0.000234933
0.818 0.0001712 0.0001712 -0.000349275 -0.000349275 0.000230296 0.000230296
0.819 0.00016677 0.00016677 -0.000341304 -0.000341304 0.00022532 0.00022532
0.82 0.000162163 0.000162163 -0.00033292 -0.00033292 0.000220013 0.000220013
0.821 0.000157384 0.000157384 -0.000324132 -0.000324132 0.000214381 0.000214381
0.822 0.000152441 0.000152441 -0.000314951 -0.000314951 0.000208434 0.000208434
0.823 0.000147338 0.000147338 -0.000305387 -0.000305387 0.000202181 0.000202181
0.824 0.000142084 0.000142084 -0.000295451 -0.000295451 0.000195632 0.000195632
0.825 0.000136684 0.000136684 -0.000285155 -0.000285155 0.000188798 0.000188798
0.826 0.000131146 0.000131146 -0.000274512 -0.000274512 0.000181688 0.000181688
0.827 0.000125477 0.000125477 -0.000263533 -0.000263533 0.000174315 0.000174315
0.828 0.000119685 0.000119685 -0.000252233 -0.000252233 0.000166691 0.000166691
0.829 0.000113776 0.000113776 -0.000240624 -0.000240624 0.000158827 0.000158827
0.83 0.000107758 0.000107758 -0.00022872 -0.00022872 0.000150737 0.000150737
0.831 0.000101638 0.000101638 -0.000216537 -0.000216537 0.000142433 0.000142433
0.832 9.54256e-05 9.54256e-05 -0.000204088 -0.000204088 0.000133929 0.000133929
0.833 8.91272e-05 8.91272e-05 -0.00019139 -0.00019139 0.00012524 0.00012524
0.834 8.27509e-05 8.27509e-05 -0.000178457 -0.000178457 0.000116378 0.000116378
0.835 7.63044e-05 7.63044e-05 -0.000165306 -0.000165306 0.000107358 0.000107358
0.836 6.97956e-05 6.97956e-05 -0.000151952 -0.000151952 9.81951e-05 9.81951e-05
0.837 6.32323e-05 6.32323e-05 -0.000138412 -0.000138412 8.89035e-05 8.89035e-05
0.838 5.66222e-05 5.66222e-05 -0.000124703 -0.000124703 7.9498e-05 7.9498e-05
0.839 4.9973e-05 4.9973e-05 -0.000110842 -0.000110842 6.99936e-05 6.99936e-05
0.84 4.32923e-05 4.32923e-05 -9.68466e-05 -9.68466e-05 6.04053e-05 6.04053e-05
0.841 3.65877e-05 3.65877e-05 -8.2733e-05 -8.2733e-05 5.07481e-05 5.07481e-05
0.842 2.98665e-05 2.98665e-05 -6.85194e-05 -6.85194e-05 4.1037e-05 4.1037e-05
0.843 2.31361e-05 2.31361e-05 -5.42234e-05 -5.42234e-05 3.12872e-05 3.12872e-05
0.844 1.64036e-05 1.64036e-05 -3.98627e-05 -3.98627e-05 2.15134e-05 2.15134e-05
0.845 9.67601e-06 9.67601e-06 -2.54552e-05 -2.54552e-05 1.17307e-05 1.17307e-05
0.846 2.96024e-06 2.96024e-06 -1.10187e-05 -1.10187e-05 1.95366e-06 1.95366e-06
0.847 -3.73706e-06 -3.73706e-06 3.42878e-06 3.42878e-06 -7.80302e-06 -7.80302e-06
0.848 -1.04094e-05 -1.04094e-05 1.78694e-05 1.78694e-05 -1.7525e-05 -1.7525e-05
0.849 -1.70503e-05 -1.70503e-05 3.22853e-05 3.22853e-05 -2.71979e-05 -2.71979e-05
0.85 -2.36539e-05 -2.36539e-05 4.66585e-05 4.66585e-05 -3.68079e-05 -3.68079e-05
0.851 -3.0214e-05 -3.0214e-05 6.09716e-05 6.09716e-05 -4.63412e-05 -4.63412e-05
0.852 -3.6725e-05 -3.6725e-05 7.52066e-05 7.52066e-05 -5.57842e-05 -5.57842e-05
0.853 -4.31813e-05 -4.31813e-05 8.93463e-05 8.93463e-05 -6.51239e-05 -6.51239e-05
0.854 -4.95776e-05 -4.95776e-05 0.000103373 0.000103373 -7.43474e-05 -7.43474e-05
0.855 -5.59088e-05 -5.59088e-05 0.00011727 0.00011727 -8.34421e-05 -8.34421e-05
0.856 -6.21699e-05 -6.21699e-05 0.000131021 0.000131021 -9.23958e-05 -9.23958e-05
0.857 -6.83563e-05 -6.83563e-05 0.000144608 0.000144608 -0.000101197 -0.000101197
0.858 -7.44633e-05 -7.44633e-05 0.000158015 0.000158015 -0.000109833 -0.000109833
0.859 -8.04866e-05 -8.04866e-05 0.000171226 0.000171226 -0.000118295 -0.000118295
0.86 -8.6422e-05 -8.6422e-05 0.000184225 0.000184225 -0.00012657 -0.00012657
0.861 -9.22656e-05 -9.22656e-05 0.000196996 0.000196996 -0.000134649 -0.000134649
0.862 -9.80135e-05 -9.80135e-05 0.000209525 0.000209525 -0.000142523 -0.000142523
0.863 -0.000103662 -0.000103662 0.000221797 0.000221797 -0.00015018 -0.00015018
0.864 -0.000109208 -0.000109208 0.000233796 0.000233796 -0.000157613 -0.000157613
0.865 -0.000114647 -0.000114647 0.00024551 0.00024551 -0.000164813 -0.000164813
0.866 -0.000119977 -0.000119977 0.000256924 0.000256924 -0.000171772 -0.000171772
0.867 -0.000125194 -0.000125194 0.000268024 0.000268024 -0.000178482 -0.000178482
0.868 -0.000130295 -0.000130295 0.000278799 0.000278799 -0.000184935 -0.000184935
0.869 -0.000135277 -0.000135277 0.000289236 0.000289236 -0.000191126 -0.000191126
0.87 -0.000140138 -0.000140138 0.000299322 0.000299322 -0.000197047 -0.000197047
0.871 -0.000144873 -0.000144873 0.000309046 0.000309046 -0.000202693 -0.000202693
0.872 -0.000149482 -0.000149482 0.000318398 0.000318398 -0.000208057 -0.000208057
0.873 -0.00015396 -0.00015396 0.000327367 0.000327367 -0.000213135 -0.000213135
0.874 -0.000158304 -0.000158304 0.000335942 0.000335942 -0.000217923 -0.000217923
0.875 -0.000162513 -0.000162513 0.000344114 0.000344114 -0.000222415 -0.000222415
0.876 -0.000166583 -0.000166583 0.000351874 0.000351874 -0.000226608 -0.000226608
0.877 -0.000170512 -0.000170512 0.000359214 0.000359214 -0.000230499 -0.000230499
0.878 -0.000174296 -0.000174296 0.000366125 0.000366125 -0.000234084 -0.000234084
0.879 -0.000177932 -0.000177932 0.0003726 0.0003726 -0.00023736 -0.00023736
0.88 -0.000181418 -0.000181418 0.000378632 0.000378632 -0.000240325 -0.000240325
0.881 -0.000184751 -0.000184751 0.000384214 0.000384214 -0.000242978 -0.000242978
0.882 -0.000187928 -0.000187928 0.00038934 0.00038934 -0.000245316 -0.000245316
0.883 -0.000190944 -0.000190944 0.000394005 0.000394005 -0.000247339 -0.000247339
0.884 -0.000193798 -0.000193798 0.000398204 0.000398204 -0.000249045 -0.000249045
0.885 -0.000196486 -0.000196486 0.000401933 0.000401933 -0.000250434 -0.000250434
0.886 -0.000199004 -0.000199004 0.000405187 0.000405187 -0.000251506 -0.000251506
0.887 -0.000201349 -0.000201349 0.000407963 0.000407963 -0.000252261 -0.000252261
0.888 -0.000203518 -0.000203518 0.000410259 0.000410259 -0.000252699 -0.000252699
0.889 -0.000205506 -0.000205506 0.000412072 0.000412072 -0.000252821 -0.000252821
0.89 -0.000207311 -0.000207311 0.000413399 0.000413399 -0.000252629 -0.000252629
0.891 -0.000208927 -0.000208927 0.000414241 0.000414241 -0.000252123 -0.000252123
0.892 -0.000210353 -0.000210353 0.000414595 0.000414595 -0.000251306 -0.000251306
0.893 -0.000211583 -0.000211583 0.000414463 0.000414463 -0.00025018 -0.00025018
0.894 -0.000212615 -0.000212615 0.000413844 0.000413844 -0.000248747 -0.000248747
0.895 -0.000213443 -0.000213443 0.000412738 0.000412738 -0.000247009 -0.000247009
0.896 -0.000214065 -0.000214065 0.000411148 0.000411148 -0.000244971 -0.000244971
0.897 -0.000214476 -0.000214476 0.000409074 0.000409074 -0.000242634 -0.000242634
0.898 -0.000214672 -0.000214672 0.00040652 0.00040652 -0.000240004 -0.000240004
0.899 -0.000214651 -0.000214651 0.000403488 0.000403488 -0.000237083 -0.000237083
0.9 -0.000214407 -0.000214407 0.000399982 0.000399982 -0.000233876 -0.000233876
0.901 -0.000213938 -0.000213938 0.000396005 0.000396005 -0.000230388 -0.000230388
0.902 -0.000213241 -0.000213241 0.000391561 0.000391561 -0.000226623 -0.000226623
0.903 -0.000212311 -0.000212311 0.000386657 0.000386657 -0.000222586 -0.000222586
0.904 -0.000211145 -0.000211145 0.000381296 0.000381296 -0.000218284 -0.000218284
0.905 -0.000209741 -0.000209741 0.000375485 0.000375485 -0.000213721 -0.000213721
0.906 -0.000208096 -0.000208096 0.00036923 0.00036923 -0.000208903 -0.000208903
0.907 -0.000206208 -0.000206208 0.000362538 0.000362538 -0.000203838 -0.000203838
0.908 -0.000204073 -0.000204073 0.000355417 0.000355417 -0.000198531 -0.000198531
0.909 -0.00020169 -0.00020169 0.000347874 0.000347874 -0.000192989 -0.000192989
0.91 -0.000199057 -0.000199057 0.000339918 0.000339918 -0.00018722 -0.00018722
0.911 -0.000196174 -0.000196174 0.000331557 0.000331557 -0.000181231 -0.000181231
0.912 -0.000193038 -0.000193038 0.000322801 0.000322801 -0.00017503 -0.00017503
0.913 -0.00018965 -0.00018965 0.00031366 0.00031366 -0.000168624 -0.000168624
0.914 -0.000186009 -0.000186009 0.000304143 0.000304143 -0.000162023 -0.000162023
0.915 -0.000182114 -0.000182114 0.000294261 0.000294261 -0.000155234 -0.000155234
0.916 -0.000177968 -0.000177968 0.000284027 0.000284027 -0.000148266 -0.000148266
0.917 -0.000173571 -0.000173571 0.00027345 0.00027345 -0.000141129 -0.000141129
0.918 -0.000168924 -0.000168924 0.000262543 0.000262543 -0.000133831 -0.000133831
0.919 -0.00016403 -0.00016403 0.000251319 0.000251319 -0.000126383 -0.000126383
0.92 -0.000158891 -0.000158891 0.000239791 0.000239791 -0.000118793 -0.000118793
0.921 -0.00015351 -0.00015351 0.000227971 0.000227971 -0.000111073 -0.000111073
0.922 -0.00014789 -0.00014789 0.000215873 0.000215873 -0.000103231 -0.000103231
0.923 -0.000142037 -0.000142037 0.000203512 0.000203512 -9.52793e-05 -9.52793e-05
0.924 -0.000135954 -0.000135954 0.000190902 0.000190902 -8.72274e-05 -8.72274e-05
0.925 -0.000129647 -0.000129647 0.000178057 0.000178057 -7.90861e-05 -7.90861e-05
0.926 -0.000123122 -0.000123122 0.000164993 0.000164993 -7.08665e-05 -7.08665e-05
0.927 -0.000116384 -0.000116384 0.000151725 0.000151725 -6.25795e-05 -6.25795e-05
0.928 -0.000109441 -0.000109441 0.000138268 0.000138268 -5.42362e-05 -5.42362e-05
0.929 -0.0001023 -0.0001023 0.00012464 0.00012464 -4.58479e-05 -4.58479e-05
0.93 -9.49694e-05 -9.49694e-05 0.000110855 0.000110855 -3.74258e-05 -3.74258e-05
0.931 -8.7457e-05 -8.7457e-05 9.69311e-05 9.69311e-05 -2.89814e-05 -2.89814e-05
0.932 -7.9772e-05 -7.9772e-05 8.28843e-05 8.28843e-05 -2.05261e-05 -2.05261e-05
0.933 -7.19239e-05 -7.19239e-05 6.87317e-05 6.87317e-05 -1.20714e-05 -1.20714e-05
0.934 -6.39227e-05 -6.39227e-05 5.44905e-05 5.44905e-05 -3.62865e-06 -3.62865e-06
0.935 -5.57786e-05 -5.57786e-05 4.0178e-05 4.0178e-05 4.79063e-06 4.79063e-06
0.936 -4.75027e-05 -4.75027e-05 2.58116e-05 2.58116e-05 1.31751e-05 1.31751e-05
0.937 -3.91061e-05 -3.91061e-05 1.14088e-05 1.14088e-05 2.15133e-05 2.15133e-05
0.938 -3.06006e-05 -3.06006e-05 -3.01263e-06 -3.01263e-06 2.9794e-05 2.9794e-05
0.939 -2.19981e-05 -2.19981e-05 -1.7435e-05 -1.7435e-05 3.8006e-05 3.8006e-05
0.94 -1.33112e-05 -1.33112e-05 -3.18407e-05 -3.18407e-05 4.61384e-05 4.61384e-05
0.941 -4.55241e-06 -4.55241e-06 -4.62118e-05 -4.62118e-05 5.41801e-05 5.41801e-05
0.942 4.26515e-06 4.26515e-06 -6.05306e-05 -6.05306e-05 6.21205e-05 6.21205e-05
0.943 1.31283e-05 1.31283e-05 -7.47793e-05 -7.47793e-05 6.99491e-05 6.99491e-05
0.944 2.20234e-05 2.20234e-05 -8.89404e-05 -8.89404e-05 7.76555e-05 7.76555e-05
0.945 3.0937e-05 3.0937e-05 -0.000102996 -0.000102996 8.52296e-05 8.52296e-05
0.946 3.98551e-05 3.98551e-05 -0.000116929 -0.000116929 9.26616e-05 9.26616e-05
0.947 4.87639e-05 4.87639e-05 -0.000130723 -0.000130723 9.9942e-05 9.9942e-05
0.948 5.76492e-05 5.76492e-05 -0.000144359 -0.000144359 0.000107061 0.000107061
0.949 6.6497e-05 6.6497e-05 -0.000157821 -0.000157821 0.000114011 0.000114011
0.95 7.52933e-05 7.52933e-05 -0.000171092 -0.000171092 0.000120782 0.000120782
0.951 8.40239e-05 8.40239e-05 -0.000184156 -0.000184156 0.000127367 0.000127367
0.952 9.26748e-05 9.26748e-05 -0.000196997 -0.000196997 0.000133757 0.000133757
0.953 0.000101232 0.000101232 -0.000209598 -0.000209598 0.000139945 0.000139945
0.954 0.000109682 0.000109682 -0.000221944 -0.000221944 0.000145924 0.000145924
0.955 0.000118011 0.000118011 -0.00023402 -0.00023402 0.000151687 0.000151687
0.956 0.000126205 0.000126205 -0.000245812 -0.000245812 0.000157229 0.000157229
0.957 0.000134252 0.000134252 -0.000257303 -0.000257303 0.000162542 0.000162542
0.958 0.000142138 0.000142138 -0.000268481 -0.000268481 0.000167622 0.000167622
0.959 0.000149851 0.000149851 -0.000279332 -0.000279332 0.000172464 0.000172464
0.96 0.000157378 0.000157378 -0.000289843 -0.000289843 0.000177064 0.000177064
0.961 0.000164708 0.000164708 -0.000300001 -0.000300001 0.000181417 0.000181417
0.962 0.000171828 0.000171828 -0.000309793 -0.000309793 0.00018552 0.00018552
0.963 0.000178728 0.000178728 -0.000319208 -0.000319208 0.00018937 0.00018937
0.964 0.000185396 0.000185396 -0.000328235 -0.000328235 0.000192964 0.000192964
0.965 0.000191823 0.000191823 -0.000336863 -0.000336863 0.000196301 0.000196301
0.966 0.000197999 0.000197999 -0.000345081 -0.000345081 0.000199378 0.000199378
0.967 0.000203913 0.000203913 -0.000352881 -0.000352881 0.000202195 0.000202195
0.968 0.000209558 0.000209558 -0.000360253 -0.000360253 0.00020475 0.00020475
0.969 0.000214924 0.000214924 -0.000367189 -0.000367189 0.000207044 0.000207044
0.97 0.000220004 0.000220004 -0.00037368 -0.00037368 0.000209076 0.000209076
0.971 0.000224791 0.000224791 -0.00037972 -0.00037972 0.000210847 0.000210847
0.972 0.000229277 0.000229277 -0.000385302 -0.000385302 0.000212359 0.000212359
0.973 0.000233457 0.000233457 -0.000390419 -0.000390419 0.000213612 0.000213612
0.974 0.000237324 0.000237324 -0.000395066 -0.000395066 0.000214609 0.000214609
0.975 0.000240873 0.000240873 -0.000399238 -0.000399238 0.000215351 0.000215351
0.976 0.0002441 0.0002441 -0.000402931 -0.000402931 0.000215842 0.000215842
0.977 0.000247 0.000247 -0.000406141 -0.000406141 0.000216083 0.000216083
0.978 0.000249571 0.000249571 -0.000408865 -0.000408865 0.000216079 0.000216079
0.979 0.000251808 0.000251808 -0.000411099 -0.000411099 0.000215833 0.000215833
0.98 0.00025371 0.00025371 -0.000412844 -0.000412844 0.000215348 0.000215348
0.981 0.000255274 0.000255274 -0.000414096 -0.000414096 0.000214629 0.000214629
0.982 0.0002565 0.0002565 -0.000414855 -0.000414855 0.000213679 0.000213679
0.983 0.000257385 0.000257385 -0.000415121 -0.000415121 0.000212505 0.000212505
0.984 0.000257931 0.000257931 -0.000414895 -0.000414895 0.000211109 0.000211109
0.985 0.000258136 0.000258136 -0.000414176 -0.000414176 0.000209498 0.000209498
0.986 0.000258002 0.000258002 -0.000412968 -0.000412968 0.000207676 0.000207676
0.987 0.000257529 0.000257529 -0.000411271 -0.000411271 0.000205649 0.000205649
0.988 0.000256718 0.000256718 -0.000409089 -0.000409089 0.000203421 0.000203421
0.989 0.000255573 0.000255573 -0.000406424 -0.000406424 0.000200999 0.000200999
0.99 0.000254094 0.000254094 -0.00040328 -0.00040328 0.000198387 0.000198387
0.991 0.000252286 0.000252286 -0.000399662 -0.000399662 0.000195592 0.000195592
0.992 0.00025015 0.00025015 -0.000395574 -0.000395574 0.000192619 0.000192619
0.993 0.000247691 0.000247691 -0.000391021 -0.000391021 0.000189473 0.000189473
0.994 0.000244913 0.000244913 -0.000386009 -0.000386009 0.000186161 0.000186161
0.995 0.000241819 0.000241819 -0.000380544 -0.000380544 0.000182687 0.000182687
0.996 0.000238414 0.000238414 -0.000374634 -0.000374634 0.000179058 0.000179058
0.997 0.000234704 0.000234704 -0.000368284 -0.000368284 0.000175279 0.000175279
0.998 0.000230693 0.000230693 -0.000361503 -0.000361503 0.000171355 0.000171355
0.999 0.000226387 0.000226387 -0.000354299 -0.000354299 0.000167292 0.000167292
1 0.000221792 0.000221792 -0.00034668 -0.00034668 0.000163095 0.000163095
