0.001 -3.88812e-31 2.32553e-13 -4.22629e-178 4.13566e-163 -3.36614e-164 -1.52582e-164 -4.14335e-198 4.1373e-198
0.002 -2.664e-30 1.14722e-12 -1.56202e-175 1.56912e-160 -1.27738e-161 -5.79128e-162 -1.69913e-195 1.69658e-195
0.003 -8.74917e-30 2.89126e-12 -2.89677e-173 2.97482e-158 -2.42216e-159 -1.09835e-159 -3.48289e-193 3.47754e-193
0.004 -2.50067e-29 5.26626e-12 -3.82298e-171 3.75749e-156 -3.05999e-157 -1.38784e-157 -4.75814e-191 4.75064e-191
0.005 -4.66778e-29 7.99745e-12 -3.85518e-169 3.55734e-154 -2.89754e-155 -1.31441e-155 -4.87387e-189 4.866e-189
0.006 -4.63029e-29 1.0818e-11 -2.88657e-167 2.69262e-152 -2.19361e-153 -9.95283e-154 -3.99285e-187 3.98626e-187
0.007 -1.9527e-29 1.35432e-11 -1.83324e-165 1.69738e-150 -1.38307e-151 -6.2765e-152 -2.7252e-185 2.7206e-185
0.008 8.5883e-29 1.61124e-11 -9.2468e-164 9.16583e-149 -7.47004e-150 -3.39063e-150 -1.59389e-183 1.59114e-183
0.009 3.66717e-28 1.85902e-11 -4.45291e-162 4.32827e-147 -3.52818e-148 -1.60175e-148 -8.15496e-182 8.14059e-182
0.01 7.947e-28 2.11327e-11 -1.79759e-160 1.81572e-145 -1.48037e-146 -6.72205e-147 -3.70794e-180 3.70127e-180
0.011 1.21404e-27 2.3935e-11 -6.40745e-159 6.85128e-144 -5.58703e-145 -2.53747e-145 -1.51702e-178 1.51423e-178
0.012 1.48004e-27 2.71827e-11 -2.36221e-157 2.34884e-142 -1.9158e-143 -8.70278e-144 -5.64109e-177 5.63055e-177
0.013 1.52496e-27 3.10213e-11 -7.75321e-156 7.37731e-141 -6.01845e-142 -2.73453e-142 -1.92247e-175 1.91881e-175
0.014 1.28916e-27 3.55526e-11 -2.09332e-154 2.13765e-139 -1.74427e-140 -7.92688e-141 -6.04661e-174 6.03488e-174
0.015 1.01671e-27 4.08507e-11 -5.89309e-153 5.74845e-138 -4.69158e-139 -2.13255e-139 -1.76563e-172 1.76214e-172
0.016 1.13782e-27 4.69876e-11 -1.39591e-151 1.44199e-136 -1.17713e-137 -5.35174e-138 -4.81115e-171 4.80148e-171
0.017 1.62328e-27 5.4054e-11 -3.47263e-150 3.38931e-135 -2.76737e-136 -1.25843e-136 -1.22885e-169 1.22634e-169
0.018 2.27503e-27 6.21664e-11 -8.1201e-149 7.49375e-134 -6.11997e-135 -2.7836e-135 -2.9536e-168 2.94746e-168
0.019 3.01778e-27 7.14607e-11 -1.58854e-147 1.56399e-132 -1.27756e-133 -5.81209e-134 -6.70376e-167 6.68961e-167
0.02 3.36484e-27 8.2079e-11 -3.14415e-146 3.09074e-131 -2.52526e-132 -1.14909e-132 -1.44127e-165 1.43818e-165
0.021 2.9446e-27 9.41595e-11 -5.92582e-145 5.7995e-130 -4.73951e-131 -2.15713e-131 -2.94334e-164 2.93693e-164
0.022 2.24481e-27 1.07839e-10 -1.04218e-143 1.03588e-128 -8.46743e-130 -3.8547e-130 -5.72396e-163 5.7113e-163
0.023 1.56456e-27 1.23268e-10 -1.77809e-142 1.76526e-127 -1.44328e-128 -6.57185e-129 -1.06243e-161 1.06005e-161
0.024 9.85857e-28 1.40639e-10 -2.91233e-141 2.87598e-126 -2.35197e-127 -1.07119e-127 -1.88607e-160 1.88178e-160
0.025 1.402e-27 1.60207e-10 -4.49134e-140 4.48817e-125 -3.6713e-126 -1.67245e-126 -3.20843e-159 3.20102e-159
0.026 3.38694e-27 1.82311e-10 -7.01757e-139 6.72072e-124 -5.49884e-125 -2.50556e-125 -5.23917e-158 5.2269e-158
0.027 6.49501e-27 2.07367e-10 -9.8769e-138 9.67214e-123 -7.91561e-124 -3.60761e-124 -8.2256e-157 8.20607e-157
0.028 1.01781e-26 2.35849e-10 -1.39424e-136 1.33979e-121 -1.09675e-122 -4.99968e-123 -1.24353e-155 1.24053e-155
0.029 1.32026e-26 2.68272e-10 -1.9481e-135 1.78877e-120 -1.46465e-121 -6.67841e-122 -1.81269e-154 1.80827e-154
0.03 1.37946e-26 3.05163e-10 -2.44084e-134 2.30482e-119 -1.88767e-120 -8.60931e-121 -2.55113e-153 2.54484e-153
0.031 1.08984e-26 3.47058e-10 -3.03669e-133 2.86946e-118 -2.35073e-119 -1.07238e-119 -3.47059e-152 3.46191e-152
0.032 4.63454e-27 3.94515e-10 -3.58947e-132 3.45567e-117 -2.8317e-118 -1.29211e-118 -4.56898e-151 4.55742e-151
0.033 -2.98029e-27 4.48142e-10 -4.11705e-131 4.02983e-116 -3.30306e-117 -1.50756e-117 -5.82693e-150 5.812e-150
0.034 -8.62809e-27 5.08638e-10 -4.36423e-130 4.55502e-115 -3.73454e-116 -1.70491e-116 -7.20593e-149 7.18725e-149
0.035 -8.67448e-27 5.76826e-10 -4.84747e-129 4.99511e-114 -4.09648e-115 -1.8706e-115 -8.64917e-148 8.62649e-148
0.036 -2.28121e-27 6.53678e-10 -4.83416e-128 5.31901e-113 -4.36331e-114 -1.99294e-114 -1.00849e-146 1.00582e-146
0.037 6.57411e-27 7.40323e-10 -4.88192e-127 5.50431e-112 -4.51658e-113 -2.06347e-113 -1.14325e-145 1.14018e-145
0.038 1.43327e-26 8.38047e-10 -5.09973e-126 5.53989e-111 -4.54705e-112 -2.07792e-112 -1.26101e-144 1.25759e-144
0.039 2.07667e-26 9.48277e-10 -5.11656e-125 5.4268e-110 -4.45551e-111 -2.0366e-111 -1.35435e-143 1.35063e-143
0.04 2.66604e-26 1.07257e-09 -4.88631e-124 5.17768e-109 -4.25221e-110 -1.94417e-110 -1.41735e-142 1.41342e-142
0.041 3.30227e-26 1.21264e-09 -4.98343e-123 4.81464e-108 -3.95522e-109 -1.80885e-109 -1.44626e-141 1.44221e-141
0.042 3.71936e-26 1.37034e-09 -4.21554e-122 4.36619e-107 -3.58789e-108 -1.64129e-108 -1.43985e-140 1.43577e-140
0.043 3.54747e-26 1.54773e-09 -3.81835e-121 3.8638e-106 -3.176e-107 -1.45326e-107 -1.39942e-139 1.39542e-139
0.044 3.3582e-26 1.74708e-09 -3.12029e-120 3.33846e-105 -2.74502e-106 -1.25638e-106 -1.32859e-138 1.32475e-138
0.045 4.02079e-26 1.97095e-09 -2.66038e-119 2.81797e-104 -2.31777e-105 -1.06111e-105 -1.23278e-137 1.22918e-137
0.046 5.2055e-26 2.22221e-09 -2.20524e-118 2.32494e-103 -1.91285e-104 -8.75972e-105 -1.11855e-136 1.11525e-136
0.047 5.99054e-26 2.50408e-09 -1.77038e-117 1.87581e-102 -1.54382e-103 -7.07168e-104 -9.92935e-136 9.89979e-136
0.048 5.86071e-26 2.82017e-09 -1.37674e-116 1.48073e-101 -1.21905e-102 -5.58558e-103 -8.62761e-135 8.60168e-135
0.049 3.91607e-26 3.17451e-09 -1.06456e-115 1.14412e-100 -9.42235e-102 -4.31842e-102 -7.34115e-134 7.31888e-134
0.05 4.90292e-27 3.57155e-09 -8.33588e-115 8.65698e-100 -7.13178e-101 -3.26952e-101 -6.11975e-133 6.10101e-133
0.051 -2.37335e-26 4.01625e-09 -6.61664e-114 6.41719e-99 -5.28837e-100 -2.42509e-100 -5.00015e-132 4.9847e-132
0.052 -3.17317e-26 4.51408e-09 -4.97374e-113 4.66211e-98 -3.84332e-99 -1.76293e-99 -4.00581e-131 3.99331e-131
0.053 -2.11268e-26 5.07106e-09 -3.58441e-112 3.32084e-97 -2.73855e-98 -1.25653e-98 -3.14792e-130 3.13801e-130
0.054 2.52628e-27 5.69385e-09 -2.33894e-111 2.3201e-96 -1.91394e-97 -8.78426e-98 -2.42744e-129 2.41973e-129
0.055 4.01018e-26 6.38979e-09 -1.52103e-110 1.59042e-95 -1.31246e-96 -6.02543e-97 -1.83748e-128 1.83159e-128
0.056 7.89914e-26 7.16699e-09 -1.07334e-109 1.07008e-94 -8.83379e-96 -4.05671e-96 -1.36583e-127 1.36142e-127
0.057 1.12319e-25 8.0344e-09 -7.03717e-109 7.06914e-94 -5.83787e-95 -2.68168e-95 -9.97281e-127 9.94032e-127
0.058 1.38362e-25 9.00192e-09 -4.49377e-108 4.58672e-93 -3.78921e-94 -1.74113e-94 -7.15532e-126 7.13181e-126
0.059 1.49792e-25 1.00805e-08 -2.85621e-107 2.92388e-92 -2.4164e-93 -1.11065e-93 -5.04621e-125 5.0295e-125
0.06 1.49181e-25 1.12823e-08 -1.77648e-106 1.83177e-91 -1.5144e-92 -6.96274e-93 -3.49913e-124 3.48745e-124
0.061 1.59524e-25 1.26206e-08 -1.08118e-105 1.12814e-90 -9.33035e-92 -4.29108e-92 -2.38639e-123 2.37835e-123
0.062 1.94057e-25 1.41103e-08 -6.45223e-105 6.83211e-90 -5.65273e-91 -2.60051e-91 -1.60115e-122 1.59571e-122
0.063 2.27444e-25 1.57675e-08 -3.72474e-104 4.06976e-89 -3.36855e-90 -1.55015e-90 -1.05718e-121 1.05357e-121
0.064 1.96988e-25 1.76102e-08 -2.44323e-103 2.38518e-88 -1.97499e-89 -9.09139e-90 -6.87092e-121 6.84723e-121
0.065 -1.52931e-26 1.9658e-08 -1.42997e-102 1.37568e-87 -1.13956e-88 -5.24731e-89 -4.3968e-120 4.38152e-120
0.066 -4.56981e-25 2.19325e-08 -8.44539e-102 7.8104e-87 -6.47246e-88 -2.98128e-88 -2.77092e-119 2.76122e-119
0.067 -1.02937e-24 2.44573e-08 -4.56059e-101 4.36605e-86 -3.61962e-87 -1.66775e-87 -1.72022e-118 1.71415e-118
0.068 -1.60356e-24 2.72583e-08 -2.38531e-100 2.40362e-85 -1.99352e-86 -9.18812e-87 -1.05225e-117 1.04851e-117
0.069 -2.06989e-24 3.0364e-08 -1.19078e-99 1.30348e-84 -1.08154e-85 -4.98638e-86 -6.34345e-117 6.32074e-117
0.07 -2.37826e-24 3.38056e-08 -6.3683e-99 6.96462e-84 -5.78127e-85 -2.66627e-85 -3.76967e-116 3.75608e-116
0.071 -2.48923e-24 3.76173e-08 -3.49631e-98 3.66726e-83 -3.04548e-84 -1.405e-84 -2.20875e-115 2.20073e-115
0.072 -2.28713e-24 4.18365e-08 -1.87768e-97 1.90338e-82 -1.58136e-83 -7.29776e-84 -1.27628e-114 1.27161e-114
0.073 -1.67256e-24 4.65042e-08 -9.42581e-97 9.73949e-82 -8.09534e-83 -3.73711e-83 -7.27425e-114 7.24744e-114
0.074 -7.00724e-25 5.16651e-08 -4.46055e-96 4.91429e-81 -4.08654e-82 -1.88711e-82 -4.09037e-113 4.07519e-113
0.075 2.71745e-25 5.73683e-08 -2.28734e-95 2.44558e-80 -2.03459e-81 -9.39854e-82 -2.26961e-112 2.26113e-112
0.076 8.95373e-25 6.36672e-08 -1.18045e-94 1.20055e-79 -9.99255e-81 -4.61747e-81 -1.2429e-111 1.23823e-111
0.077 1.31767e-24 7.06202e-08 -5.8305e-94 5.81481e-79 -4.84212e-80 -2.23824e-80 -6.71894e-111 6.69349e-111
0.078 1.84407e-24 7.82909e-08 -2.8096e-93 2.77922e-78 -2.31542e-79 -1.07065e-79 -3.58607e-110 3.57239e-110
0.079 2.47368e-24 8.67487e-08 -1.34833e-92 1.31105e-77 -1.09279e-78 -5.05474e-79 -1.89002e-109 1.88276e-109
0.08 3.1085e-24 9.60691e-08 -6.04e-92 6.10514e-77 -5.09124e-78 -2.35578e-78 -9.83824e-109 9.80023e-109
0.081 3.90234e-24 1.06334e-07 -2.69609e-91 2.80688e-76 -2.34189e-77 -1.08399e-77 -5.05877e-108 5.0391e-108
0.082 4.88448e-24 1.17634e-07 -1.26375e-90 1.2743e-75 -1.06374e-76 -4.9254e-77 -2.56992e-107 2.55986e-107
0.083 5.564e-24 1.30064e-07 -5.70371e-90 5.71361e-75 -4.77192e-76 -2.21029e-76 -1.29006e-106 1.28497e-106
0.084 5.34225e-24 1.43731e-07 -2.54447e-89 2.53048e-74 -2.11451e-75 -9.79753e-76 -6.39999e-106 6.37462e-106
0.085 3.89407e-24 1.5875e-07 -1.10389e-88 1.10717e-73 -9.25654e-75 -4.29048e-75 -3.13832e-105 3.1258e-105
0.086 1.86201e-24 1.75243e-07 -4.64038e-88 4.78638e-73 -4.0038e-74 -1.85644e-74 -1.52134e-104 1.51523e-104
0.087 4.38031e-26 1.93347e-07 -1.92959e-87 2.04477e-72 -1.71136e-73 -7.93788e-74 -7.2917e-104 7.26225e-104
0.088 -1.40123e-24 2.13206e-07 -7.88643e-87 8.63343e-72 -7.22966e-73 -3.35455e-73 -3.45593e-103 3.44189e-103
0.089 -1.62912e-24 2.34979e-07 -3.31263e-86 3.60317e-71 -3.01897e-72 -1.4013e-72 -1.61993e-102 1.61331e-102
0.09 -5.75034e-25 2.58837e-07 -1.33509e-85 1.48664e-70 -1.2463e-71 -5.78694e-72 -7.51067e-102 7.47978e-102
0.091 3.8168e-25 2.84964e-07 -5.13182e-85 6.06457e-70 -5.08703e-71 -2.36291e-71 -3.44485e-101 3.4306e-101
0.092 1.2149e-24 3.13559e-07 -1.96447e-84 2.44639e-69 -2.05323e-70 -9.54065e-71 -1.56325e-100 1.55674e-100
0.093 2.40496e-24 3.44839e-07 -7.89702e-84 9.75962e-69 -8.19596e-70 -3.80975e-70 -7.01946e-100 6.99007e-100
0.094 2.47853e-24 3.79034e-07 -3.34087e-83 3.85103e-68 -3.23593e-69 -1.50472e-69 -3.11927e-99 3.10613e-99
0.095 -9.46814e-25 4.16396e-07 -1.32819e-82 1.50316e-67 -1.26383e-68 -5.87902e-69 -1.37191e-98 1.3661e-98
0.096 -8.67609e-24 4.57194e-07 -5.09342e-82 5.80461e-67 -4.88338e-68 -2.27246e-68 -5.97278e-98 5.94734e-98
0.097 -1.8136e-23 5.01718e-07 -2.01728e-81 2.21782e-66 -1.86698e-67 -8.69114e-68 -2.57426e-97 2.56324e-97
0.098 -2.51454e-23 5.5028e-07 -7.74874e-81 8.38517e-66 -7.06313e-67 -3.28924e-67 -1.09851e-96 1.09378e-96
0.099 -2.74569e-23 6.03216e-07 -2.88957e-80 3.13747e-65 -2.64447e-66 -1.23197e-66 -4.64172e-96 4.62162e-96
0.1 -2.519e-23 6.60887e-07 -1.06791e-79 1.16191e-64 -9.79966e-66 -4.56704e-66 -1.94234e-95 1.93388e-95
0.101 -1.90239e-23 7.23678e-07 -3.99867e-79 4.2593e-64 -3.59467e-65 -1.6759e-65 -8.04982e-95 8.01459e-95
0.102 -1.06208e-23 7.92005e-07 -1.47581e-78 1.54568e-63 -1.30535e-64 -6.08807e-65 -3.30453e-94 3.28999e-94
0.103 -2.92293e-24 8.66313e-07 -5.3216e-78 5.55341e-63 -4.69307e-64 -2.18965e-64 -1.34382e-93 1.33787e-93
0.104 2.03249e-24 9.47077e-07 -1.82033e-77 1.97561e-62 -1.67068e-63 -7.7979e-64 -5.41402e-93 5.38994e-93
0.105 4.13782e-24 1.03481e-06 -6.61508e-77 6.95963e-62 -5.88947e-63 -2.74997e-63 -2.16119e-92 2.15153e-92
0.106 4.80431e-24 1.13005e-06 -2.44896e-76 2.42804e-61 -2.05612e-62 -9.60433e-63 -8.54867e-92 8.51026e-92
0.107 6.96976e-24 1.23338e-06 -8.26108e-76 8.38971e-61 -7.10962e-62 -3.32227e-62 -3.35105e-91 3.33591e-91
0.108 1.51538e-23 1.34543e-06 -2.67064e-75 2.87146e-60 -2.43508e-61 -1.13833e-61 -1.3019e-90 1.29599e-90
0.109 2.79703e-23 1.46685e-06 -8.6699e-75 9.7355e-60 -8.26198e-61 -3.86376e-61 -5.01338e-90 4.99052e-90
0.11 3.90446e-23 1.59835e-06 -2.93398e-74 3.27004e-59 -2.77715e-60 -1.29926e-60 -1.91372e-89 1.90495e-89
0.111 4.97133e-23 1.7407e-06 -9.783e-74 1.08824e-58 -9.24897e-60 -4.32874e-60 -7.24198e-89 7.20862e-89
0.112 6.00174e-23 1.89467e-06 -3.24627e-73 3.58844e-58 -3.05214e-59 -1.42904e-59 -2.7171e-88 2.70452e-88
0.113 5.78067e-23 2.06114e-06 -1.09245e-72 1.17256e-57 -9.98085e-59 -4.67497e-59 -1.01079e-87 1.00609e-87
0.114 3.86959e-23 2.24099e-06 -3.57512e-72 3.79705e-57 -3.23458e-58 -1.51566e-58 -3.72871e-87 3.71129e-87
0.115 1.0209e-23 2.43521e-06 -1.13257e-71 1.21864e-56 -1.03893e-57 -4.8702e-58 -1.36406e-86 1.35766e-86
0.116 -1.85184e-23 2.64479e-06 -3.54796e-71 3.8766e-56 -3.30761e-57 -1.55112e-57 -4.94906e-86 4.92572e-86
0.117 -3.80617e-23 2.87082e-06 -1.07927e-70 1.2224e-55 -1.04382e-56 -4.89705e-57 -1.78098e-85 1.77254e-85
0.118 -4.27013e-23 3.11445e-06 -3.26896e-70 3.82109e-55 -3.26558e-56 -1.53265e-56 -6.35733e-85 6.32706e-85
0.119 -2.89548e-23 3.37689e-06 -1.01057e-69 1.18416e-54 -1.01285e-55 -4.75559e-56 -2.25115e-84 2.24039e-84
0.12 1.15395e-24 3.65941e-06 -3.15585e-69 3.6384e-54 -3.11469e-55 -1.46302e-55 -7.90826e-84 7.87028e-84
0.121 3.46453e-23 3.96336e-06 -9.73263e-69 1.10846e-53 -9.49725e-55 -4.46282e-55 -2.75636e-83 2.74306e-83
0.122 5.29348e-23 4.29018e-06 -3.03898e-68 3.34863e-53 -2.8716e-54 -1.34993e-54 -9.53234e-83 9.48616e-83
0.123 5.29977e-23 4.64136e-06 -9.00665e-68 1.00319e-52 -8.61042e-54 -4.0494e-54 -3.27118e-82 3.25527e-82
0.124 2.86438e-23 5.01849e-06 -2.55313e-67 2.98054e-52 -2.56051e-53 -1.20468e-53 -1.11399e-81 1.10855e-81
0.125 -2.66934e-23 5.42324e-06 -7.37443e-67 8.7828e-52 -7.55199e-53 -3.55455e-53 -3.76493e-81 3.74646e-81
0.126 -9.43054e-23 5.85735e-06 -2.19943e-66 2.56699e-51 -2.2093e-52 -1.04029e-52 -1.26289e-80 1.25667e-80
0.127 -1.56059e-22 6.32267e-06 -6.2793e-66 7.44213e-51 -6.41112e-52 -3.02006e-52 -4.20466e-80 4.18386e-80
0.128 -1.7381e-22 6.82113e-06 -1.74243e-65 2.14031e-50 -1.84556e-51 -8.69739e-52 -1.38958e-79 1.38268e-79
0.129 -9.49707e-23 7.35475e-06 -4.78054e-65 6.10649e-50 -5.27062e-51 -2.48487e-51 -4.55883e-79 4.53611e-79
0.13 8.5047e-23 7.92566e-06 -1.32596e-64 1.72849e-49 -1.49335e-50 -7.04343e-51 -1.4848e-78 1.47737e-78
0.131 3.27135e-22 8.53607e-06 -3.67412e-64 4.85431e-49 -4.19811e-50 -1.98088e-50 -4.8012e-78 4.77708e-78
0.132 5.5627e-22 9.18831e-06 -1.01636e-63 1.35269e-48 -1.17102e-49 -5.52775e-50 -1.54145e-77 1.53368e-77
0.133 7.08883e-22 9.88479e-06 -2.87339e-63 3.7403e-48 -3.24127e-49 -1.53067e-49 -4.91398e-77 4.88912e-77
0.134 7.72618e-22 1.0628e-05 -8.28505e-63 1.0263e-47 -8.90295e-49 -4.20612e-49 -1.55556e-76 1.54766e-76
0.135 7.19721e-22 1.14207e-05 -2.39759e-62 2.79463e-47 -2.42685e-48 -1.14702e-48 -4.89005e-76 4.86513e-76
0.136 5.53083e-22 1.22655e-05 -6.9432e-62 7.55235e-47 -6.56547e-48 -3.1044e-48 -1.52665e-75 1.51885e-75
0.137 3.3038e-22 1.31653e-05 -2.00013e-61 2.02568e-46 -1.76289e-47 -8.3391e-48 -4.7336e-75 4.70932e-75
0.138 9.16707e-23 1.4123e-05 -5.46128e-61 5.39276e-46 -4.69834e-47 -2.22342e-47 -1.45778e-74 1.45028e-74
0.139 -9.7855e-23 1.51418e-05 -1.45936e-60 1.42504e-45 -1.24293e-46 -5.88444e-47 -4.45929e-74 4.43626e-74
0.14 -1.89174e-22 1.62247e-05 -3.8336e-60 3.738e-45 -3.26402e-46 -1.54594e-46 -1.35499e-73 1.34797e-73
0.141 -2.57326e-22 1.73751e-05 -9.8048e-60 9.73353e-45 -8.5091e-46 -4.03188e-46 -4.09e-73 4.06876e-73
0.142 -4.05972e-22 1.85964e-05 -2.51915e-59 2.51617e-44 -2.20222e-45 -1.04392e-45 -1.22646e-72 1.22007e-72
0.143 -6.23815e-22 1.98921e-05 -6.56579e-59 6.45759e-44 -5.65858e-45 -2.68347e-45 -3.65385e-72 3.63476e-72
0.144 -8.6206e-22 2.12657e-05 -1.71415e-58 1.64543e-43 -1.44358e-44 -6.84879e-45 -1.08152e-71 1.07585e-71
0.145 -1.14239e-21 2.27211e-05 -4.30061e-58 4.16285e-43 -3.65665e-44 -1.73556e-44 -3.18073e-71 3.16403e-71
0.146 -1.43957e-21 2.42619e-05 -1.05162e-57 1.04574e-42 -9.19718e-44 -4.36708e-44 -9.29503e-71 9.24609e-71
0.147 -1.63084e-21 2.58922e-05 -2.59294e-57 2.6085e-42 -2.29706e-43 -1.09117e-43 -2.69915e-70 2.6849e-70
0.148 -1.61918e-21 2.7616e-05 -6.55706e-57 6.4613e-42 -5.69715e-43 -2.70744e-43 -7.78887e-70 7.74766e-70
0.149 -1.40586e-21 2.94373e-05 -1.65834e-56 1.58937e-41 -1.40323e-42 -6.67131e-43 -2.23366e-69 2.22181e-69
0.15 -1.047e-21 3.13603e-05 -4.20318e-56 3.88262e-41 -3.43243e-42 -1.63255e-42 -6.36609e-69 6.33226e-69
0.151 -6.10062e-22 3.33894e-05 -1.06079e-55 9.41974e-41 -8.33871e-42 -3.96776e-42 -1.80328e-68 1.79368e-68
0.152 -3.01682e-22 3.55288e-05 -2.59337e-55 2.26978e-40 -2.01203e-41 -9.57773e-42 -5.07699e-68 5.04991e-68
0.153 -2.44353e-22 3.77831e-05 -6.23259e-55 5.43221e-40 -4.82202e-41 -2.29635e-41 -1.42077e-67 1.41318e-67
0.154 -2.83155e-22 4.01565e-05 -1.49633e-54 1.29132e-39 -1.14788e-40 -5.46873e-41 -3.95215e-67 3.93099e-67
0.155 -3.76437e-22 4.26538e-05 -3.54568e-54 3.04912e-39 -2.71431e-40 -1.29368e-40 -1.09283e-66 1.08698e-66
0.156 -5.28408e-22 4.52794e-05 -8.41609e-54 7.15177e-39 -6.3757e-40 -3.04001e-40 -3.00404e-66 2.98792e-66
0.157 -5.87817e-22 4.8038e-05 -1.97148e-53 1.66635e-38 -1.48772e-39 -7.09656e-40 -8.2093e-66 8.16518e-66
0.158 -4.49674e-22 5.09341e-05 -4.55646e-53 3.85702e-38 -3.44871e-39 -1.64574e-39 -2.23035e-65 2.21835e-65
0.159 -1.50203e-22 5.39725e-05 -1.04517e-52 8.86916e-38 -7.94233e-39 -3.79166e-39 -6.02456e-65 5.99212e-65
0.16 1.52316e-22 5.71577e-05 -2.38251e-52 2.02616e-37 -1.81723e-38 -8.679e-39 -1.618e-64 1.60928e-64
0.161 2.06605e-22 6.04943e-05 -5.38504e-52 4.59879e-37 -4.13106e-38 -1.97377e-38 -4.3207e-64 4.2974e-64
0.162 -2.18244e-24 6.39869e-05 -1.20894e-51 1.03706e-36 -9.33071e-38 -4.4599e-38 -1.14727e-63 1.14108e-63
0.163 -5.48557e-23 6.76401e-05 -2.68142e-51 2.32364e-36 -2.09404e-37 -1.00131e-37 -3.02922e-63 3.01288e-63
0.164 2.5819e-22 7.14582e-05 -5.91843e-51 5.17315e-36 -4.66967e-37 -2.2338e-37 -7.95366e-63 7.91075e-63
0.165 8.6927e-22 7.54457e-05 -1.31955e-50 1.14439e-35 -1.03475e-36 -4.95181e-37 -2.07678e-62 2.06558e-62
0.166 1.68307e-21 7.96069e-05 -2.94863e-50 2.51561e-35 -2.27846e-36 -1.09079e-36 -5.39285e-62 5.36377e-62
0.167 2.29167e-21 8.39457e-05 -6.53744e-50 5.49505e-35 -4.98564e-36 -2.38777e-36 -1.39273e-61 1.38522e-61
0.168 2.19325e-21 8.84664e-05 -1.42534e-49 1.19282e-34 -1.08414e-35 -5.19431e-36 -3.57725e-61 3.55798e-61
0.169 1.28845e-21 9.31726e-05 -3.08715e-49 2.57315e-34 -2.3429e-35 -1.12295e-35 -9.13867e-61 9.08949e-61
0.17 1.8233e-22 9.80681e-05 -6.52125e-49 5.51638e-34 -5.0319e-35 -2.41272e-35 -2.32212e-60 2.30963e-60
0.171 -6.07302e-22 0.000103156 -1.35674e-48 1.17532e-33 -1.07408e-34 -5.15202e-35 -5.86904e-60 5.83753e-60
0.172 -1.21031e-21 0.00010844 -2.83894e-48 2.48876e-33 -2.27866e-34 -1.09341e-34 -1.47553e-59 1.46762e-59
0.173 -1.42704e-21 0.000113923 -6.0132e-48 5.23775e-33 -4.80475e-34 -2.30642e-34 -3.6901e-59 3.67036e-59
0.174 -8.45104e-22 0.000119607 -1.28055e-47 1.09561e-32 -1.00699e-33 -4.83562e-34 -9.1803e-59 9.13129e-59
0.175 3.49318e-22 0.000125495 -2.68858e-47 2.27785e-32 -2.09774e-33 -1.00772e-33 -2.27204e-58 2.25994e-58
0.176 1.63823e-21 0.000131588 -5.49113e-47 4.70723e-32 -4.34375e-33 -2.08742e-33 -5.59411e-58 5.56439e-58
0.177 2.84088e-21 0.000137889 -1.11583e-46 9.66912e-32 -8.94075e-33 -4.29807e-33 -1.3703e-57 1.36304e-57
0.178 3.87184e-21 0.000144399 -2.26635e-46 1.97424e-31 -1.82932e-32 -8.79717e-33 -3.3395e-57 3.32187e-57
0.179 4.72792e-21 0.000151117 -4.59361e-46 4.00698e-31 -3.7207e-32 -1.7899e-32 -8.09739e-57 8.05479e-57
0.18 5.61229e-21 0.000158045 -9.30302e-46 8.08437e-31 -7.52295e-32 -3.62028e-32 -1.95353e-56 1.94329e-56
0.181 6.09354e-21 0.000165183 -1.88647e-45 1.62143e-30 -1.51213e-31 -7.27933e-32 -4.6894e-56 4.66493e-56
0.182 5.7356e-21 0.000172529 -3.79176e-45 3.23283e-30 -3.02163e-31 -1.45508e-31 -1.12009e-55 1.11427e-55
0.183 4.90245e-21 0.000180082 -7.50509e-45 6.4078e-30 -6.00277e-31 -2.89162e-31 -2.66218e-55 2.64842e-55
0.184 4.4381e-21 0.000187842 -1.46603e-44 1.26266e-29 -1.18558e-30 -5.71295e-31 -6.2963e-55 6.26392e-55
0.185 4.77852e-21 0.000195804 -2.84095e-44 2.47358e-29 -2.32803e-30 -1.12216e-30 -1.48186e-54 1.47429e-54
0.186 5.54635e-21 0.000203966 -5.46059e-44 4.81763e-29 -4.54499e-30 -2.19147e-30 -3.47072e-54 3.45308e-54
0.187 5.92111e-21 0.000212324 -1.0418e-43 9.32866e-29 -8.82214e-30 -4.25508e-30 -8.08969e-54 8.04884e-54
0.188 5.50705e-21 0.000220875 -1.97755e-43 1.79594e-28 -1.70263e-29 -8.21455e-30 -1.87653e-53 1.86712e-53
0.189 5.51388e-21 0.000229611 -3.73865e-43 3.43762e-28 -3.26724e-29 -1.57678e-29 -4.33217e-53 4.3106e-53
0.19 6.73244e-21 0.000238528 -7.06994e-43 6.54224e-28 -6.23395e-29 -3.00937e-29 -9.95386e-53 9.90469e-53
0.191 7.90087e-21 0.000247619 -1.35018e-42 1.23796e-27 -1.1827e-28 -5.71096e-29 -2.27628e-52 2.26513e-52
0.192 7.62651e-21 0.000256877 -2.55209e-42 2.32918e-27 -2.23115e-28 -1.07765e-28 -5.18107e-52 5.15591e-52
0.193 6.11041e-21 0.000266292 -4.71884e-42 4.35737e-27 -4.18529e-28 -2.02203e-28 -1.17378e-51 1.16813e-51
0.194 4.58399e-21 0.000275855 -8.57488e-42 8.10547e-27 -7.80687e-28 -3.77267e-28 -2.64687e-51 2.63426e-51
0.195 2.88244e-21 0.000285558 -1.56107e-41 1.49924e-26 -1.44807e-27 -6.99949e-28 -5.94121e-51 5.9132e-51
0.196 2.98318e-22 0.000295387 -2.87121e-41 2.75746e-26 -2.67097e-27 -1.29136e-27 -1.32746e-50 1.32127e-50
0.197 -1.93674e-21 0.000305332 -5.2943e-41 5.04311e-26 -4.8992e-27 -2.3692e-27 -2.95246e-50 2.93886e-50
0.198 -2.98873e-21 0.00031538 -9.74326e-41 9.17163e-26 -8.93641e-27 -4.32248e-27 -6.53692e-50 6.50718e-50
0.199 -3.61717e-21 0.000325516 -1.78309e-40 1.65866e-25 -1.62102e-26 -7.84239e-27 -1.44079e-49 1.43431e-49
0.2 -3.84814e-21 0.000335726 -3.21889e-40 2.9829e-25 -2.92422e-26 -1.41499e-26 -3.16136e-49 3.14735e-49
0.201 -3.24553e-21 0.000345995 -5.75378e-40 5.33452e-25 -5.24603e-26 -2.53895e-26 -6.90566e-49 6.87551e-49
0.202 -1.78336e-21 0.000356305 -1.025e-39 9.48707e-25 -9.35964e-26 -4.53062e-26 -1.50178e-48 1.49532e-48
0.203 5.81999e-22 0.000366639 -1.82136e-39 1.67785e-24 -1.66073e-25 -8.04023e-26 -3.25149e-48 3.23774e-48
0.204 3.01321e-21 0.000376979 -3.21592e-39 2.95098e-24 -2.93061e-25 -1.41903e-25 -7.00889e-48 6.97975e-48
0.205 3.03445e-21 0.000387304 -5.65367e-39 5.16147e-24 -5.14327e-25 -2.49076e-25 -1.50423e-47 1.49809e-47
0.206 -5.39504e-22 0.000397595 -9.73857e-39 8.97801e-24 -8.97737e-25 -4.34807e-25 -3.21429e-47 3.20142e-47
0.207 -5.20875e-21 0.000407829 -1.63471e-38 1.55307e-23 -1.55845e-24 -7.54896e-25 -6.83872e-47 6.81187e-47
0.208 -8.15137e-21 0.000417984 -2.72926e-38 2.67182e-23 -2.69075e-24 -1.3035e-24 -1.44874e-46 1.44317e-46
0.209 -7.80739e-21 0.000428038 -4.61379e-38 4.57124e-23 -4.62057e-24 -2.23856e-24 -3.05593e-46 3.04445e-46
0.21 -3.47203e-21 0.000437966 -7.89306e-38 7.77815e-23 -7.89161e-24 -3.82356e-24 -6.41862e-46 6.39506e-46
0.211 3.55535e-21 0.000447742 -1.3484e-37 1.31624e-22 -1.34056e-23 -6.49548e-24 -1.34244e-45 1.33763e-45
0.212 1.13117e-20 0.000457342 -2.28272e-37 2.21522e-22 -2.26496e-23 -1.09749e-23 -2.79582e-45 2.78608e-45
0.213 1.73428e-20 0.000466738 -3.84014e-37 3.70783e-22 -3.80622e-23 -1.84435e-23 -5.79826e-45 5.77861e-45
0.214 1.97285e-20 0.000475904 -6.43157e-37 6.17232e-22 -6.36192e-23 -3.08276e-23 -1.19748e-44 1.19354e-44
0.215 1.85904e-20 0.000484811 -1.08274e-36 1.02189e-21 -1.05766e-22 -5.125e-23 -2.46279e-44 2.45493e-44
0.216 1.55507e-20 0.00049343 -1.8034e-36 1.68265e-21 -1.74894e-22 -8.47437e-23 -5.04411e-44 5.02855e-44
0.217 1.4168e-20 0.000501733 -2.92591e-36 2.75558e-21 -2.87656e-22 -1.39375e-22 -1.02884e-43 1.02578e-43
0.218 1.8034e-20 0.00050969 -4.64458e-36 4.48814e-21 -4.70592e-22 -2.27995e-22 -2.08992e-43 2.08393e-43
0.219 2.74577e-20 0.00051727 -7.28575e-36 7.27034e-21 -7.65759e-22 -3.70967e-22 -4.22798e-43 4.21633e-43
0.22 3.91165e-20 0.000524443 -1.14832e-35 1.17133e-20 -1.23942e-21 -6.00362e-22 -8.5186e-43 8.49611e-43
0.221 4.90099e-20 0.000531178 -1.81045e-35 1.87689e-20 -1.99537e-21 -9.66412e-22 -1.7094e-42 1.70509e-42
0.222 5.31066e-20 0.000537444 -2.8535e-35 2.99115e-20 -3.1953e-21 -1.54733e-21 -3.41638e-42 3.40817e-42
0.223 4.851e-20 0.00054321 -4.53666e-35 4.74105e-20 -5.08959e-21 -2.46422e-21 -6.80054e-42 6.78505e-42
0.224 3.61205e-20 0.000548444 -7.26644e-35 7.47393e-20 -8.06379e-21 -3.90346e-21 -1.34829e-41 1.34539e-41
0.225 1.91582e-20 0.000553114 -1.15621e-34 1.17182e-19 -1.27082e-20 -6.15031e-21 -2.66255e-41 2.65715e-41
0.226 8.8514e-22 0.00055719 -1.8047e-34 1.8273e-19 -1.99211e-20 -9.63874e-21 -5.23706e-41 5.22714e-41
0.227 -1.61814e-20 0.000560641 -2.77417e-34 2.83399e-19 -3.10622e-20 -1.50252e-20 -1.02604e-40 1.02423e-40
0.228 -3.07368e-20 0.000563436 -4.26378e-34 4.3714e-19 -4.81769e-20 -2.32969e-20 -2.00232e-40 1.99906e-40
0.229 -4.14364e-20 0.000565544 -6.60135e-34 6.70623e-19 -7.43253e-20 -3.59298e-20 -3.89228e-40 3.88648e-40
0.23 -4.52659e-20 0.000566935 -1.02027e-33 1.02322e-18 -1.14057e-19 -5.51173e-20 -7.53671e-40 7.52653e-40
0.231 -4.1089e-20 0.000567581 -1.56128e-33 1.55272e-18 -1.74101e-19 -8.41005e-20 -1.4537e-39 1.45194e-39
0.232 -3.11454e-20 0.000567453 -2.35194e-33 2.34341e-18 -2.64342e-19 -1.2764e-19 -2.79312e-39 2.79014e-39
0.233 -1.79501e-20 0.000566523 -3.50536e-33 3.51748e-18 -3.9923e-19 -1.92686e-19 -5.34604e-39 5.34111e-39
0.234 -3.49639e-21 0.000564765 -5.21769e-33 5.25098e-18 -5.99747e-19 -2.89326e-19 -1.01932e-38 1.01853e-38
0.235 8.95629e-21 0.000562152 -7.68938e-33 7.79601e-18 -8.96194e-19 -4.32117e-19 -1.93612e-38 1.9349e-38
0.236 1.60885e-20 0.00055866 -1.1073e-32 1.15113e-17 -1.33206e-18 -6.4193e-19 -3.66354e-38 3.66178e-38
0.237 1.72432e-20 0.000554266 -1.55561e-32 1.69043e-17 -1.96939e-18 -9.4852e-19 -6.906e-38 6.90372e-38
0.238 1.33165e-20 0.000548947 -2.14852e-32 2.46879e-17 -2.89619e-18 -1.39404e-18 -1.29692e-37 1.29669e-37
0.239 6.61685e-21 0.000542684 -2.93143e-32 3.58577e-17 -4.23649e-18 -2.03785e-18 -2.42644e-37 2.42637e-37
0.24 1.94957e-21 0.000535458 -4.03372e-32 5.17951e-17 -6.1641e-18 -2.96304e-18 -4.52271e-37 4.52328e-37
0.241 3.74532e-21 0.000527252 -5.69627e-32 7.44045e-17 -8.92103e-18 -4.28516e-18 -8.39866e-37 8.40099e-37
0.242 1.34385e-20 0.000518049 -8.13958e-32 1.06295e-16 -1.28422e-17 -6.16397e-18 -1.55384e-36 1.55451e-36
0.243 2.96929e-20 0.000507837 -1.15802e-31 1.51015e-16 -1.83885e-17 -8.81891e-18 -2.86417e-36 2.86584e-36
0.244 4.83743e-20 0.000496605 -1.64415e-31 2.13364e-16 -2.61896e-17 -1.25496e-17 -5.26003e-36 5.2639e-36
0.245 6.34542e-20 0.000484342 -2.33741e-31 2.99785e-16 -3.71012e-17 -1.77623e-17 -9.6246e-36 9.63316e-36
0.246 6.69383e-20 0.000471043 -3.30985e-31 4.18875e-16 -5.22783e-17 -2.50049e-17 -1.75464e-35 1.75647e-35
0.247 5.12864e-20 0.000456702 -4.64575e-31 5.82022e-16 -7.32702e-17 -3.5011e-17 -3.1872e-35 3.191e-35
0.248 1.64678e-20 0.000441316 -6.39818e-31 8.0421e-16 -1.02142e-16 -4.87567e-17 -5.76838e-35 5.77612e-35
0.249 -2.79705e-20 0.000424886 -8.64194e-31 1.10503e-15 -1.41629e-16 -6.75325e-17 -1.04022e-34 1.04177e-34
0.25 -6.85673e-20 0.000407414 -1.15653e-30 1.50988e-15 -1.9533e-16 -9.30333e-17 -1.86909e-34 1.87215e-34
0.251 -9.27782e-20 0.000388904 -1.53178e-30 2.05153e-15 -2.67949e-16 -1.2747e-16 -3.34637e-34 3.35234e-34
0.252 -9.17557e-20 0.000369366 -2.0127e-30 2.77187e-15 -3.65597e-16 -1.7371e-16 -5.96981e-34 5.98132e-34
0.253 -6.41521e-20 0.000348808 -2.64358e-30 3.72413e-15 -4.96156e-16 -2.35441e-16 -1.0612e-33 1.06339e-33
0.254 -1.7352e-20 0.000327244 -3.44561e-30 4.97545e-15 -6.69731e-16 -3.17383e-16 -1.8797e-33 1.88385e-33
0.255 3.51566e-20 0.000304689 -4.39139e-30 6.60984e-15 -8.99182e-16 -4.25526e-16 -3.31771e-33 3.32548e-33
0.256 7.77743e-20 0.000281163 -5.47347e-30 8.73171e-15 -1.20078e-15 -5.67427e-16 -5.83517e-33 5.84961e-33
0.257 9.78307e-20 0.000256686 -6.75209e-30 1.14698e-14 -1.59494e-15 -7.52554e-16 -1.02268e-32 1.02534e-32
0.258 8.99488e-20 0.000231281 -8.23323e-30 1.49818e-14 -2.10714e-15 -9.9268e-16 -1.78607e-32 1.79094e-32
0.259 5.74869e-20 0.000204977 -1.00156e-29 1.9459e-14 -2.76896e-15 -1.30235e-15 -3.10839e-32 3.11724e-32
0.26 1.26327e-20 0.000177802 -1.23224e-29 2.51321e-14 -3.61922e-15 -1.69941e-15 -5.39086e-32 5.40683e-32
0.261 -2.73582e-20 0.000149789 -1.52786e-29 3.2277e-14 -4.70538e-15 -2.20557e-15 -9.31684e-32 9.34549e-32
0.262 -4.78367e-20 0.000120972 -1.90503e-29 4.12208e-14 -6.08498e-15 -2.84711e-15 -1.60462e-31 1.60973e-31
0.263 -4.30706e-20 9.13888e-05 -2.35982e-29 5.2349e-14 -7.82739e-15 -3.65558e-15 -2.75407e-31 2.76311e-31
0.264 -1.71197e-20 6.10801e-05 -2.8171e-29 6.61114e-14 -1.00156e-14 -4.66857e-15 -4.71062e-31 4.72654e-31
0.265 1.97231e-20 3.00884e-05 -3.15921e-29 8.30297e-14 -1.27482e-14 -5.93059e-15 -8.0295e-31 8.05735e-31
0.266 5.46848e-20 -1.54124e-06 -3.35751e-29 1.03703e-13 -1.61415e-14 -7.49396e-15 -1.36399e-30 1.36883e-30
0.267 7.65438e-20 -3.37613e-05 -3.56264e-29 1.28817e-13 -2.03319e-14 -9.41975e-15 -2.30912e-30 2.3175e-30
0.268 7.82533e-20 -6.65219e-05 -3.96621e-29 1.59146e-13 -2.54781e-14 -1.17788e-14 -3.89584e-30 3.91026e-30
0.269 5.7935e-20 -9.9771e-05 -4.64663e-29 1.95562e-13 -3.17636e-14 -1.46525e-14 -6.55058e-30 6.57523e-30
0.27 2.15421e-20 -0.000133455 -5.44659e-29 2.39041e-13 -3.93994e-14 -1.81342e-14 -1.09771e-29 1.1019e-29
0.271 -1.87195e-20 -0.000167517 -5.96945e-29 2.90664e-13 -4.86264e-14 -2.233e-14 -1.83325e-29 1.84034e-29
0.272 -5.17644e-20 -0.000201899 -5.8195e-29 3.51627e-13 -5.9718e-14 -2.73596e-14 -3.05137e-29 3.06329e-29
0.273 -6.99638e-20 -0.000236543 -4.83459e-29 4.23245e-13 -7.2983e-14 -3.3358e-14 -5.0618e-29 5.08174e-29
0.274 -6.84321e-20 -0.000271386 -3.05643e-29 5.0696e-13 -8.87683e-14 -4.04759e-14 -8.36869e-29 8.40187e-29
0.275 -4.88865e-20 -0.000306367 -4.28541e-30 6.04346e-13 -1.07462e-13 -4.88813e-14 -1.37897e-28 1.38446e-28
0.276 -2.11514e-20 -0.000341421 2.90011e-29 7.17126e-13 -1.29497e-13 -5.87607e-14 -2.26466e-28 2.2737e-28
0.277 4.48449e-21 -0.000376484 6.33227e-29 8.47184e-13 -1.55353e-13 -7.03208e-14 -3.70685e-28 3.72162e-28
0.278 2.27141e-20 -0.000411491 9.80104e-29 9.96584e-13 -1.85564e-13 -8.379e-14 -6.04731e-28 6.07134e-28
0.279 2.9929e-20 -0.000446373 1.37845e-28 1.1676e-12 -2.20719e-13 -9.94206e-14 -9.83284e-28 9.87172e-28
0.28 2.51147e-20 -0.000481066 1.83658e-28 1.36275e-12 -2.61472e-13 -1.17491e-13 -1.59352e-27 1.59978e-27
0.281 1.3783e-20 -0.000515501 2.38501e-28 1.58483e-12 -3.08546e-13 -1.38311e-13 -2.57397e-27 2.58397e-27
0.282 3.05451e-21 -0.00054961 3.14263e-28 1.83699e-12 -3.62744e-13 -1.62223e-13 -4.14398e-27 4.15988e-27
0.283 -4.07485e-21 -0.000583327 4.22886e-28 2.12278e-12 -4.24959e-13 -1.89606e-13 -6.64973e-27 6.67484e-27
0.284 -5.20269e-21 -0.000616584 5.77376e-28 2.44621e-12 -4.96187e-13 -2.20887e-13 -1.06357e-26 1.06751e-26
0.285 6.00729e-22 -0.000649314 7.93387e-28 2.81189e-12 -5.77543e-13 -2.56543e-13 -1.69552e-26 1.70167e-26
0.286 9.5732e-21 -0.00068145 1.07107e-27 3.22509e-12 -6.70279e-13 -2.9711e-13 -2.69416e-26 2.70369e-26
0.287 1.77759e-20 -0.000712928 1.39522e-27 3.69183e-12 -7.75804e-13 -3.43193e-13 -4.26702e-26 4.2817e-26
0.288 2.04589e-20 -0.000743684 1.75339e-27 4.21907e-12 -8.95714e-13 -3.95478e-13 -6.73616e-26 6.75859e-26
0.289 1.19188e-20 -0.000773652 2.14754e-27 4.81477e-12 -1.03181e-12 -4.54743e-13 -1.05996e-25 1.06336e-25
0.29 -5.99938e-21 -0.000802773 2.56455e-27 5.48805e-12 -1.18616e-12 -5.21874e-13 -1.66247e-25 1.6676e-25
0.291 -2.17345e-20 -0.000830985 2.94485e-27 6.24935e-12 -1.36107e-12 -5.97876e-13 -2.59904e-25 2.60669e-25
0.292 -2.49679e-20 -0.000858229 3.24454e-27 7.11053e-12 -1.5592e-12 -6.83895e-13 -4.05012e-25 4.06143e-25
0.293 -1.37246e-20 -0.00088445 3.52646e-27 8.08506e-12 -1.78356e-12 -7.81232e-13 -6.29099e-25 6.30756e-25
0.294 8.60847e-21 -0.000909592 3.91359e-27 9.18813e-12 -2.03757e-12 -8.91364e-13 -9.74025e-25 9.76426e-25
0.295 3.49038e-20 -0.000933604 4.47036e-27 1.04369e-11 -2.3251e-12 -1.01597e-12 -1.50322e-24 1.50666e-24
0.296 5.52815e-20 -0.000956435 5.22556e-27 1.18504e-11 -2.65053e-12 -1.15693e-12 -2.31248e-24 2.31733e-24
0.297 6.07439e-20 -0.000978038 6.17822e-27 1.34503e-11 -3.01883e-12 -1.31639e-12 -3.54601e-24 3.55274e-24
0.298 4.91426e-20 -0.000998368 7.24315e-27 1.52603e-11 -3.43556e-12 -1.49676e-12 -5.42011e-24 5.42928e-24
0.299 2.46741e-20 -0.00101738 8.30193e-27 1.7307e-11 -3.90702e-12 -1.70073e-12 -8.25819e-24 8.27039e-24
0.3 -7.87051e-21 -0.00103505 9.34898e-27 1.962e-11 -4.44025e-12 -1.93134e-12 -1.25422e-23 1.25579e-23
0.301 -4.19089e-20 -0.00105132 1.05679e-26 2.22321e-11 -5.04316e-12 -2.19198e-12 -1.89877e-23 1.9007e-23
0.302 -6.70786e-20 -0.00106618 1.21921e-26 2.51797e-11 -5.7246e-12 -2.48646e-12 -2.8654e-23 2.86763e-23
0.303 -7.46474e-20 -0.00107958 1.43646e-26 2.85035e-11 -6.49446e-12 -2.819e-12 -4.31035e-23 4.31263e-23
0.304 -6.13262e-20 -0.00109151 1.70626e-26 3.22484e-11 -7.3638e-12 -3.19436e-12 -6.46333e-23 6.46509e-23
0.305 -3.19602e-20 -0.00110194 2.00954e-26 3.64649e-11 -8.34496e-12 -3.61781e-12 -9.6609e-23 9.66098e-23
0.306 -2.86068e-21 -0.00111085 2.3301e-26 4.1209e-11 -9.45171e-12 -4.09525e-12 -1.43945e-22 1.43907e-22
0.307 1.00293e-20 -0.00111823 2.65873e-26 4.65432e-11 -1.06994e-11 -4.63327e-12 -2.13795e-22 2.13679e-22
0.308 -2.54961e-22 -0.00112407 2.98213e-26 5.25376e-11 -1.21053e-11 -5.23921e-12 -3.16532e-22 3.1627e-22
0.309 -3.45152e-20 -0.00112835 3.314e-26 5.92701e-11 -1.36884e-11 -5.92125e-12 -4.67154e-22 4.66632e-22
0.31 -8.37937e-20 -0.00113108 3.69945e-26 6.68282e-11 -1.54702e-11 -6.68852e-12 -6.87267e-22 6.86294e-22
0.311 -1.30263e-19 -0.00113226 4.18492e-26 7.5309e-11 -1.74745e-11 -7.55123e-12 -1.00789e-21 1.00616e-21
0.312 -1.56342e-19 -0.00113188 4.7845e-26 8.48211e-11 -1.97278e-11 -8.52072e-12 -1.47342e-21 1.47043e-21
0.313 -1.51908e-19 -0.00112995 5.46899e-26 9.54854e-11 -2.22599e-11 -9.60965e-12 -2.14715e-21 2.14213e-21
0.314 -1.17923e-19 -0.00112649 6.24627e-26 1.07436e-10 -2.51038e-11 -1.08321e-11 -3.11908e-21 3.1108e-21
0.315 -6.54549e-20 -0.00112151 7.14404e-26 1.20823e-10 -2.82963e-11 -1.22038e-11 -4.51663e-21 4.50319e-21
0.316 -1.04252e-20 -0.00111502 8.15762e-26 1.35811e-10 -3.18784e-11 -1.37422e-11 -6.51974e-21 6.49822e-21
0.317 3.10636e-20 -0.00110705 9.26183e-26 1.52584e-10 -3.58957e-11 -1.54667e-11 -9.3815e-21 9.34745e-21
0.318 4.60373e-20 -0.00109761 1.04575e-25 1.71344e-10 -4.03989e-11 -1.73987e-11 -1.34568e-20 1.34035e-20
0.319 3.12252e-20 -0.00108675 1.18238e-25 1.92316e-10 -4.54441e-11 -1.95623e-11 -1.92415e-20 1.91589e-20
0.32 -5.3947e-21 -0.00107448 1.34811e-25 2.15749e-10 -5.10939e-11 -2.1984e-11 -2.7426e-20 2.7299e-20
0.321 -4.88097e-20 -0.00106085 1.55692e-25 2.41915e-10 -5.74176e-11 -2.46931e-11 -3.89686e-20 3.8775e-20
0.322 -7.90385e-20 -0.00104589 1.81076e-25 2.71119e-10 -6.44917e-11 -2.77222e-11 -5.51944e-20 5.49015e-20
0.323 -8.31635e-20 -0.00102963 2.0974e-25 3.03693e-10 -7.24013e-11 -3.11074e-11 -7.79298e-20 7.74896e-20
0.324 -6.6062e-20 -0.00101212 2.40234e-25 3.40008e-10 -8.12404e-11 -3.48885e-11 -1.09683e-19 1.09026e-19
0.325 -4.37454e-20 -0.000993407 2.71694e-25 3.8047e-10 -9.11132e-11 -3.91097e-11 -1.53888e-19 1.52913e-19
0.326 -2.93446e-20 -0.000973535 3.03592e-25 4.25529e-10 -1.02135e-10 -4.38197e-11 -2.15227e-19 2.1379e-19
0.327 -3.04591e-20 -0.000952554 3.36791e-25 4.75681e-10 -1.14432e-10 -4.90723e-11 -3.00065e-19 2.97959e-19
0.328 -5.34029e-20 -0.000930514 3.76354e-25 5.31473e-10 -1.28145e-10 -5.49271e-11 -4.17026e-19 4.13956e-19
0.329 -9.18864e-20 -0.000907469 4.28801e-25 5.93507e-10 -1.43431e-10 -6.14497e-11 -5.77747e-19 5.73295e-19
0.33 -1.28497e-19 -0.000883473 4.96381e-25 6.62447e-10 -1.60459e-10 -6.87124e-11 -7.97883e-19 7.91462e-19
0.331 -1.49734e-19 -0.000858583 5.74585e-25 7.39021e-10 -1.79418e-10 -7.6795e-11 -1.09842e-18 1.0892e-18
0.332 -1.46328e-19 -0.000832857 6.56191e-25 8.24031e-10 -2.00518e-10 -8.57854e-11 -1.50738e-18 1.49422e-18
0.333 -1.16177e-19 -0.000806353 7.35646e-25 9.18358e-10 -2.23986e-10 -9.57802e-11 -2.06207e-18 2.04336e-18
0.334 -6.67028e-20 -0.000779131 8.08994e-25 1.02297e-09 -2.50077e-10 -1.06886e-10 -2.81196e-18 2.7855e-18
0.335 -1.25557e-20 -0.000751252 8.76225e-25 1.13892e-09 -2.79067e-10 -1.19219e-10 -3.82244e-18 3.78518e-18
0.336 2.89358e-20 -0.000722777 9.48083e-25 1.26737e-09 -3.11262e-10 -1.32909e-10 -5.17961e-18 5.12738e-18
0.337 4.61125e-20 -0.000693767 1.04293e-24 1.4096e-09 -3.46998e-10 -1.48096e-10 -6.99646e-18 6.92355e-18
0.338 3.6125e-20 -0.000664286 1.17157e-24 1.567e-09 -3.86643e-10 -1.64935e-10 -9.42069e-18 9.31938e-18
0.339 4.99967e-21 -0.000634394 1.33284e-24 1.74109e-09 -4.30602e-10 -1.83597e-10 -1.26448e-17 1.25046e-17
0.34 -3.55238e-20 -0.000604153 1.52051e-24 1.93354e-09 -4.79319e-10 -2.04267e-10 -1.69185e-17 1.67254e-17
0.341 -7.30766e-20 -0.000573627 1.72441e-24 2.14616e-09 -5.3328e-10 -2.27149e-10 -2.2565e-17 2.23e-17
0.342 -9.82414e-20 -0.000542874 1.93095e-24 2.38095e-09 -5.93018e-10 -2.52466e-10 -3.00008e-17 2.96386e-17
0.343 -1.05828e-19 -0.000511958 2.13935e-24 2.64008e-09 -6.59117e-10 -2.80464e-10 -3.97604e-17 3.92675e-17
0.344 -9.47881e-20 -0.000480936 2.36341e-24 2.92592e-09 -7.32214e-10 -3.1141e-10 -5.2528e-17 5.18597e-17
0.345 -6.91255e-20 -0.000449869 2.60526e-24 3.24106e-09 -8.13009e-10 -3.45595e-10 -6.91755e-17 6.82731e-17
0.346 -3.65513e-20 -0.000418814 2.86064e-24 3.58831e-09 -9.02264e-10 -3.83339e-10 -9.08103e-17 8.95965e-17
0.347 -4.55058e-21 -0.000387828 3.14159e-24 3.97074e-09 -1.00081e-09 -4.24991e-10 -1.18834e-16 1.17207e-16
0.348 2.2126e-20 -0.000356966 3.4627e-24 4.39169e-09 -1.10957e-09 -4.70929e-10 -1.55012e-16 1.52841e-16
0.349 4.06287e-20 -0.000326283 3.84316e-24 4.85479e-09 -1.22952e-09 -5.2157e-10 -2.01563e-16 1.98676e-16
0.35 5.03717e-20 -0.00029583 4.31326e-24 5.364e-09 -1.36175e-09 -5.77363e-10 -2.61263e-16 2.57438e-16
0.351 5.25797e-20 -0.000265659 4.8729e-24 5.92358e-09 -1.50745e-09 -6.388e-10 -3.37574e-16 3.32524e-16
0.352 4.754e-20 -0.000235817 5.50084e-24 6.5382e-09 -1.66789e-09 -7.06416e-10 -4.34791e-16 4.2815e-16
0.353 3.63547e-20 -0.000206354 6.21507e-24 7.2129e-09 -1.84447e-09 -7.80792e-10 -5.58234e-16 5.49531e-16
0.354 2.17591e-20 -0.000177312 7.07406e-24 7.95315e-09 -2.03872e-09 -8.62559e-10 -7.14456e-16 7.03092e-16
0.355 5.7888e-21 -0.000148735 8.11949e-24 8.76487e-09 -2.25228e-09 -9.52403e-10 -9.11506e-16 8.9672e-16
0.356 -1.08026e-20 -0.000120665 9.35214e-24 9.65449e-09 -2.48696e-09 -1.05107e-09 -1.15923e-15 1.14006e-15
0.357 -2.87513e-20 -9.31384e-05 1.07437e-23 1.06289e-08 -2.7447e-09 -1.15937e-09 -1.46963e-15 1.44486e-15
0.358 -4.86039e-20 -6.61932e-05 1.21884e-23 1.16957e-08 -3.02761e-09 -1.27817e-09 -1.85728e-15 1.82538e-15
0.359 -6.68111e-20 -3.9863e-05 1.35577e-23 1.2863e-08 -3.33798e-09 -1.40842e-09 -2.3398e-15 2.29887e-15
0.36 -7.77816e-20 -1.41795e-05 1.48193e-23 1.41394e-08 -3.67831e-09 -1.55116e-09 -2.93842e-15 2.88608e-15
0.361 -7.79864e-20 1.08278e-05 1.60069e-23 1.55346e-08 -4.05127e-09 -1.70749e-09 -3.67864e-15 3.61193e-15
0.362 -6.67622e-20 3.51319e-05 1.71697e-23 1.70586e-08 -4.45978e-09 -1.87861e-09 -4.59094e-15 4.5062e-15
0.363 -4.57701e-20 5.87081e-05 1.84205e-23 1.87224e-08 -4.90698e-09 -2.06582e-09 -5.71164e-15 5.60435e-15
0.364 -1.75662e-20 8.15342e-05 1.99887e-23 2.05379e-08 -5.39627e-09 -2.27052e-09 -7.08386e-15 6.94847e-15
0.365 1.43814e-20 0.00010359 2.20474e-23 2.25179e-08 -5.93133e-09 -2.49423e-09 -8.75858e-15 8.58829e-15
0.366 4.53949e-20 0.000124859 2.46666e-23 2.46759e-08 -6.51611e-09 -2.73857e-09 -1.07959e-14 1.05824e-14
0.367 6.98978e-20 0.000145324 2.78747e-23 2.70268e-08 -7.15488e-09 -3.0053e-09 -1.32663e-14 1.29994e-14
0.368 8.38893e-20 0.000164974 3.15086e-23 2.95864e-08 -7.85226e-09 -3.2963e-09 -1.62522e-14 1.59198e-14
0.369 8.58357e-20 0.000183798 3.53614e-23 3.23716e-08 -8.61321e-09 -3.61363e-09 -1.98499e-14 1.94371e-14
0.37 7.52829e-20 0.000201787 3.94465e-23 3.54005e-08 -9.44305e-09 -3.95946e-09 -2.4171e-14 2.366e-14
0.371 5.43623e-20 0.000218935 4.38299e-23 3.86928e-08 -1.03475e-08 -4.33614e-09 -2.93447e-14 2.8714e-14
0.372 2.92554e-20 0.000235238 4.83444e-23 4.22693e-08 -1.13328e-08 -4.7462e-09 -3.55203e-14 3.47442e-14
0.373 7.96639e-21 0.000250694 5.28709e-23 4.61524e-08 -1.24056e-08 -5.19236e-09 -4.28691e-14 4.19171e-14
0.374 -3.77401e-21 0.000265304 5.7552e-23 5.0366e-08 -1.35729e-08 -5.67751e-09 -5.15878e-14 5.04235e-14
0.375 -5.00222e-21 0.000279068 6.24363e-23 5.49356e-08 -1.48424e-08 -6.20478e-09 -6.19011e-14 6.04814e-14
0.376 1.95899e-21 0.000291991 6.74361e-23 5.98885e-08 -1.62223e-08 -6.77749e-09 -7.40651e-14 7.23389e-14
0.377 1.36599e-20 0.000304079 7.24428e-23 6.5254e-08 -1.77214e-08 -7.39922e-09 -8.83709e-14 8.62781e-14
0.378 2.45434e-20 0.000315339 7.75803e-23 7.10629e-08 -1.9349e-08 -8.07378e-09 -1.05148e-13 1.02619e-13
0.379 2.90128e-20 0.000325779 8.3334e-23 7.73485e-08 -2.11151e-08 -8.80525e-09 -1.24771e-13 1.21721e-13
0.38 2.62403e-20 0.000335412 9.02529e-23 8.41459e-08 -2.30306e-08 -9.59799e-09 -1.47661e-13 1.43994e-13
0.381 2.13849e-20 0.000344247 9.90267e-23 9.14927e-08 -2.51068e-08 -1.04566e-08 -1.74291e-13 1.69895e-13
0.382 2.15933e-20 0.0003523 1.10163e-22 9.94288e-08 -2.7356e-08 -1.13861e-08 -2.05197e-13 1.99941e-13
0.383 3.06539e-20 0.000359585 1.23269e-22 1.07996e-07 -2.97912e-08 -1.23918e-08 -2.40978e-13 2.34709e-13
0.384 4.91503e-20 0.000366117 1.37519e-22 1.17241e-07 -3.24263e-08 -1.34792e-08 -2.82308e-13 2.7485e-13
0.385 7.58876e-20 0.000371914 1.52452e-22 1.27209e-07 -3.52762e-08 -1.46543e-08 -3.29939e-13 3.2109e-13
0.386 1.05566e-19 0.000376994 1.67499e-22 1.37953e-07 -3.83566e-08 -1.59236e-08 -3.84718e-13 3.74244e-13
0.387 1.29417e-19 0.000381375 1.81908e-22 1.49524e-07 -4.16842e-08 -1.72936e-08 -4.4759e-13 4.35223e-13
0.388 1.41873e-19 0.000385078 1.95674e-22 1.61981e-07 -4.52769e-08 -1.87717e-08 -5.19614e-13 5.05046e-13
0.389 1.42188e-19 0.000388123 2.09785e-22 1.75383e-07 -4.91536e-08 -2.03654e-08 -6.01977e-13 5.84854e-13
0.39 1.30758e-19 0.000390532 2.25904e-22 1.89793e-07 -5.33343e-08 -2.20826e-08 -6.96007e-13 6.75927e-13
0.391 1.10776e-19 0.000392326 2.45531e-22 2.05278e-07 -5.78403e-08 -2.39321e-08 -8.0319e-13 7.79694e-13
0.392 8.99021e-20 0.000393527 2.69447e-22 2.21909e-07 -6.26941e-08 -2.59227e-08 -9.25196e-13 8.97759e-13
0.393 7.57726e-20 0.000394159 2.97577e-22 2.3976e-07 -6.79195e-08 -2.8064e-08 -1.0639e-12 1.03192e-12
0.394 7.24623e-20 0.000394245 3.28211e-22 2.58908e-07 -7.35418e-08 -3.03661e-08 -1.22139e-12 1.1842e-12
0.395 8.11956e-20 0.000393807 3.58208e-22 2.79437e-07 -7.95876e-08 -3.28395e-08 -1.40003e-12 1.35686e-12
0.396 9.9633e-20 0.00039287 3.85277e-22 3.01433e-07 -8.6085e-08 -3.54955e-08 -1.60247e-12 1.55244e-12
0.397 1.22239e-19 0.000391457 4.0962e-22 3.24987e-07 -9.30638e-08 -3.83459e-08 -1.83169e-12 1.77382e-12
0.398 1.40888e-19 0.000389591 4.33199e-22 3.50194e-07 -1.00555e-07 -4.14031e-08 -2.09103e-12 2.0242e-12
0.399 1.47293e-19 0.000387297 4.57969e-22 3.77153e-07 -1.08592e-07 -4.46801e-08 -2.38427e-12 2.30722e-12
0.4 1.39687e-19 0.000384598 4.85924e-22 4.05971e-07 -1.17209e-07 -4.81907e-08 -2.71564e-12 2.62694e-12
0.401 1.20941e-19 0.000381517 5.20285e-22 4.36755e-07 -1.26443e-07 -5.19493e-08 -3.08992e-12 2.98795e-12
0.402 9.47399e-20 0.000378077 5.63873e-22 4.69621e-07 -1.36332e-07 -5.59709e-08 -3.51248e-12 3.39541e-12
0.403 6.76684e-20 0.000374302 6.16253e-22 5.04689e-07 -1.46916e-07 -6.02714e-08 -3.98935e-12 3.85512e-12
0.404 4.63744e-20 0.000370213 6.73684e-22 5.42082e-07 -1.58237e-07 -6.48674e-08 -4.52731e-12 4.37361e-12
0.405 3.46166e-20 0.000365834 7.31647e-22 5.81931e-07 -1.7034e-07 -6.97762e-08 -5.13399e-12 4.95819e-12
0.406 3.48391e-20 0.000361186 7.88679e-22 6.24372e-07 -1.8327e-07 -7.50158e-08 -5.81795e-12 5.6171e-12
0.407 4.62075e-20 0.000356291 8.46966e-22 6.69545e-07 -1.97076e-07 -8.06052e-08 -6.58879e-12 6.35955e-12
0.408 6.50178e-20 0.000351168 9.09634e-22 7.17597e-07 -2.11809e-07 -8.65641e-08 -7.45727e-12 7.1959e-12
0.409 8.71764e-20 0.00034584 9.81966e-22 7.68679e-07 -2.2752e-07 -9.2913e-08 -8.43545e-12 8.13771e-12
0.41 1.06153e-19 0.000340325 1.07057e-21 8.22948e-07 -2.44266e-07 -9.96732e-08 -9.53681e-12 9.19794e-12
0.411 1.15485e-19 0.000334642 1.17674e-21 8.80569e-07 -2.62103e-07 -1.06867e-07 -1.07764e-11 1.03911e-11
0.412 1.12728e-19 0.000328811 1.29423e-21 9.4171e-07 -2.8109e-07 -1.14517e-07 -1.21711e-11 1.17332e-11
0.413 1.00085e-19 0.00032285 1.41197e-21 1.00654e-06 -3.0129e-07 -1.22648e-07 -1.37397e-11 1.32424e-11
0.414 8.38483e-20 0.000316775 1.5212e-21 1.07525e-06 -3.22766e-07 -1.31284e-07 -1.5503e-11 1.49388e-11
0.415 7.13654e-20 0.000310604 1.61776e-21 1.14802e-06 -3.45586e-07 -1.40451e-07 -1.74845e-11 1.68447e-11
0.416 6.88651e-20 0.000304352 1.69715e-21 1.22504e-06 -3.69818e-07 -1.50175e-07 -1.971e-11 1.89851e-11
0.417 8.00394e-20 0.000298036 1.76391e-21 1.3065e-06 -3.95533e-07 -1.60483e-07 -2.22084e-11 2.13875e-11
0.418 1.04154e-19 0.000291669 1.83524e-21 1.39262e-06 -4.22805e-07 -1.71404e-07 -2.50118e-11 2.40828e-11
0.419 1.34855e-19 0.000285266 1.92943e-21 1.48358e-06 -4.5171e-07 -1.82967e-07 -2.81559e-11 2.7105e-11
0.42 1.61861e-19 0.00027884 2.06033e-21 1.57962e-06 -4.82326e-07 -1.95201e-07 -3.16801e-11 3.04921e-11
0.421 1.7471e-19 0.000272405 2.23381e-21 1.68093e-06 -5.14735e-07 -2.08138e-07 -3.56284e-11 3.42862e-11
0.422 1.66734e-19 0.000265971 2.44526e-21 1.78775e-06 -5.49019e-07 -2.21807e-07 -4.00495e-11 3.85339e-11
0.423 1.38929e-19 0.00025955 2.68336e-21 1.90029e-06 -5.85263e-07 -2.36242e-07 -4.49973e-11 4.32868e-11
0.424 9.8718e-20 0.000253153 2.93312e-21 2.0188e-06 -6.23555e-07 -2.51475e-07 -5.05317e-11 4.86022e-11
0.425 5.59372e-20 0.000246789 3.17092e-21 2.14348e-06 -6.63984e-07 -2.6754e-07 -5.67189e-11 5.45435e-11
0.426 2.07215e-20 0.000240469 3.3733e-21 2.2746e-06 -7.06641e-07 -2.84471e-07 -6.36322e-11 6.11809e-11
0.427 4.04242e-22 0.000234201 3.53706e-21 2.41237e-06 -7.5162e-07 -3.02301e-07 -7.13529e-11 6.8592e-11
0.428 -3.49964e-21 0.000227993 3.67004e-21 2.55705e-06 -7.99015e-07 -3.21068e-07 -7.99708e-11 7.68629e-11
0.429 4.43904e-21 0.000221852 3.78393e-21 2.70887e-06 -8.48924e-07 -3.40805e-07 -8.95852e-11 8.60884e-11
0.43 1.69106e-20 0.000215786 3.91338e-21 2.86809e-06 -9.01444e-07 -3.61549e-07 -1.00306e-10 9.63734e-11
0.431 2.82812e-20 0.0002098 4.1027e-21 3.03493e-06 -9.56675e-07 -3.83336e-07 -1.12254e-10 1.07834e-10
0.432 3.65401e-20 0.0002039 4.37963e-21 3.20965e-06 -1.01472e-06 -4.06204e-07 -1.25563e-10 1.20598e-10
0.433 4.33765e-20 0.000198092 4.74538e-21 3.39249e-06 -1.07567e-06 -4.30187e-07 -1.40382e-10 1.34806e-10
0.434 5.25404e-20 0.000192381 5.17119e-21 3.5837e-06 -1.13964e-06 -4.55324e-07 -1.56872e-10 1.50614e-10
0.435 6.68123e-20 0.00018677 5.61635e-21 3.78351e-06 -1.20673e-06 -4.81651e-07 -1.75214e-10 1.68194e-10
0.436 8.57938e-20 0.000181262 6.03896e-21 3.99217e-06 -1.27704e-06 -5.09204e-07 -1.95604e-10 1.87733e-10
0.437 1.06436e-19 0.000175863 6.40291e-21 4.2099e-06 -1.35067e-06 -5.38019e-07 -2.18261e-10 2.0944e-10
0.438 1.24345e-19 0.000170573 6.7073e-21 4.43694e-06 -1.42772e-06 -5.68133e-07 -2.43424e-10 2.33544e-10
0.439 1.34589e-19 0.000165396 6.98723e-21 4.67351e-06 -1.50831e-06 -5.9958e-07 -2.71356e-10 2.60294e-10
0.44 1.33594e-19 0.000160333 7.28349e-21 4.91983e-06 -1.59252e-06 -6.32395e-07 -3.02347e-10 2.89967e-10
0.441 1.20439e-19 0.000155387 7.62745e-21 5.17611e-06 -1.68046e-06 -6.66612e-07 -3.36712e-10 3.22865e-10
0.442 9.73996e-20 0.000150558 8.02388e-21 5.44255e-06 -1.77223e-06 -7.02264e-07 -3.74801e-10 3.5932e-10
0.443 6.95871e-20 0.000145847 8.45149e-21 5.71935e-06 -1.86791e-06 -7.39382e-07 -4.16996e-10 3.99696e-10
0.444 4.25518e-20 0.000141254 8.89043e-21 6.00668e-06 -1.96761e-06 -7.77997e-07 -4.63714e-10 4.44391e-10
0.445 2.05303e-20 0.000136781 9.34492e-21 6.30472e-06 -2.07142e-06 -8.18137e-07 -5.15415e-10 4.93843e-10
0.446 5.3327e-21 0.000132426 9.84081e-21 6.61362e-06 -2.17941e-06 -8.5983e-07 -5.72601e-10 5.48529e-10
0.447 -4.54651e-21 0.000128191 1.04021e-20 6.93354e-06 -2.29168e-06 -9.031e-07 -6.3582e-10 6.08972e-10
0.448 -1.19941e-20 0.000124073 1.10349e-20 7.26458e-06 -2.4083e-06 -9.47972e-07 -7.05673e-10 6.75743e-10
0.449 -1.84084e-20 0.000120073 1.17169e-20 7.60687e-06 -2.52935e-06 -9.94467e-07 -7.82817e-10 7.49466e-10
0.45 -2.33081e-20 0.000116189 1.23916e-20 7.96049e-06 -2.65489e-06 -1.0426e-06 -8.67968e-10 8.30823e-10
0.451 -2.50477e-20 0.00011242 1.29889e-20 8.32552e-06 -2.78498e-06 -1.09239e-06 -9.61908e-10 9.20557e-10
0.452 -2.17128e-20 0.000108765 1.34618e-20 8.70202e-06 -2.91969e-06 -1.14385e-06 -1.06549e-09 1.01948e-09
0.453 -1.29077e-20 0.000105223 1.38089e-20 9.09e-06 -3.05905e-06 -1.197e-06 -1.17965e-09 1.12848e-09
0.454 -1.12039e-21 0.000101791 1.40794e-20 9.48948e-06 -3.20311e-06 -1.25182e-06 -1.30539e-09 1.24851e-09
0.455 8.37314e-21 9.84679e-05 1.4342e-20 9.90043e-06 -3.35191e-06 -1.30834e-06 -1.44383e-09 1.38062e-09
0.456 9.35139e-21 9.52521e-05 1.46694e-20 1.03228e-05 -3.50546e-06 -1.36654e-06 -1.59616e-09 1.52597e-09
0.457 -2.40853e-21 9.21414e-05 1.5149e-20 1.07566e-05 -3.66377e-06 -1.42643e-06 -1.76369e-09 1.68577e-09
0.458 -2.68576e-20 8.91336e-05 1.58567e-20 1.12016e-05 -3.82686e-06 -1.48798e-06 -1.94785e-09 1.86139e-09
0.459 -5.87449e-20 8.62267e-05 1.68155e-20 1.16577e-05 -3.99471e-06 -1.5512e-06 -2.15017e-09 2.05429e-09
0.46 -8.90617e-20 8.34183e-05 1.79854e-20 1.21248e-05 -4.16731e-06 -1.61606e-06 -2.37234e-09 2.26605e-09
0.461 -1.08669e-19 8.07062e-05 1.92812e-20 1.26026e-05 -4.34462e-06 -1.68254e-06 -2.61616e-09 2.49841e-09
0.462 -1.11528e-19 7.80881e-05 2.06085e-20 1.3091e-05 -4.5266e-06 -1.75061e-06 -2.88362e-09 2.75321e-09
0.463 -9.64427e-20 7.55616e-05 2.18864e-20 1.35896e-05 -4.71319e-06 -1.82023e-06 -3.17685e-09 3.0325e-09
0.464 -6.74123e-20 7.31242e-05 2.30637e-20 1.40982e-05 -4.90432e-06 -1.89136e-06 -3.49816e-09 3.33845e-09
0.465 -3.2108e-20 7.07737e-05 2.41154e-20 1.46164e-05 -5.0999e-06 -1.96396e-06 -3.85006e-09 3.67344e-09
0.466 1.25471e-21 6.85075e-05 2.49919e-20 1.51438e-05 -5.29984e-06 -2.03798e-06 -4.23525e-09 4.04003e-09
0.467 2.722e-20 6.63233e-05 2.56767e-20 1.568e-05 -5.504e-06 -2.11335e-06 -4.65667e-09 4.44099e-09
0.468 4.43398e-20 6.42186e-05 2.62509e-20 1.62246e-05 -5.71227e-06 -2.19002e-06 -5.11747e-09 4.8793e-09
0.469 5.40412e-20 6.21909e-05 2.68203e-20 1.6777e-05 -5.92448e-06 -2.26791e-06 -5.62108e-09 5.35819e-09
0.47 5.8764e-20 6.0238e-05 2.74248e-20 1.73368e-05 -6.14046e-06 -2.34694e-06 -6.17116e-09 5.88113e-09
0.471 5.9636e-20 5.83574e-05 2.80193e-20 1.79032e-05 -6.36004e-06 -2.42702e-06 -6.7717e-09 6.45188e-09
0.472 5.47319e-20 5.65468e-05 2.85082e-20 1.84757e-05 -6.583e-06 -2.50808e-06 -7.42696e-09 7.07446e-09
0.473 3.98133e-20 5.48039e-05 2.88211e-20 1.90536e-05 -6.80912e-06 -2.58999e-06 -8.14157e-09 7.75322e-09
0.474 1.1143e-20 5.31263e-05 2.90393e-20 1.96362e-05 -7.03814e-06 -2.67266e-06 -8.92046e-09 8.49284e-09
0.475 -3.16506e-20 5.15119e-05 2.93865e-20 2.02227e-05 -7.26981e-06 -2.75597e-06 -9.76898e-09 9.29833e-09
0.476 -8.3581e-20 4.99584e-05 3.00617e-20 2.08123e-05 -7.50385e-06 -2.83979e-06 -1.06929e-08 1.01751e-08
0.477 -1.3413e-19 4.84636e-05 3.11603e-20 2.14041e-05 -7.73993e-06 -2.92401e-06 -1.16982e-08 1.11289e-08
0.478 -1.69993e-19 4.70255e-05 3.27059e-20 2.19973e-05 -7.97775e-06 -3.00847e-06 -1.27917e-08 1.2166e-08
0.479 -1.79416e-19 4.56419e-05 3.46373e-20 2.25909e-05 -8.21694e-06 -3.09304e-06 -1.39804e-08 1.3293e-08
0.48 -1.56894e-19 4.43109e-05 3.67603e-20 2.31839e-05 -8.45714e-06 -3.17756e-06 -1.52718e-08 1.45171e-08
0.481 -1.06537e-19 4.30304e-05 3.88275e-20 2.37754e-05 -8.69796e-06 -3.26186e-06 -1.66741e-08 1.58458e-08
0.482 -4.13306e-20 4.17985e-05 4.0614e-20 2.43641e-05 -8.93898e-06 -3.34578e-06 -1.8196e-08 1.72874e-08
0.483 2.11368e-20 4.06134e-05 4.18313e-20 2.49491e-05 -9.17978e-06 -3.42915e-06 -1.98468e-08 1.88506e-08
0.484 6.41896e-20 3.94733e-05 4.22614e-20 2.55292e-05 -9.41989e-06 -3.51178e-06 -2.16365e-08 2.05447e-08
0.485 7.7714e-20 3.83763e-05 4.2007e-20 2.61032e-05 -9.65885e-06 -3.59348e-06 -2.35756e-08 2.23796e-08
0.486 6.17198e-20 3.73208e-05 4.14768e-20 2.66699e-05 -9.89615e-06 -3.67404e-06 -2.56754e-08 2.4366e-08
0.487 2.57745e-20 3.63051e-05 4.10896e-20 2.7228e-05 -1.01313e-05 -3.75328e-06 -2.79482e-08 2.65152e-08
0.488 -1.48707e-20 3.53276e-05 4.10982e-20 2.77762e-05 -1.03637e-05 -3.83097e-06 -3.04066e-08 2.88392e-08
0.489 -4.47522e-20 3.43868e-05 4.16228e-20 2.83133e-05 -1.05929e-05 -3.9069e-06 -3.30645e-08 3.13509e-08
0.49 -5.37536e-20 3.34811e-05 4.2614e-20 2.88378e-05 -1.08182e-05 -3.98085e-06 -3.59365e-08 3.40639e-08
0.491 -4.0738e-20 3.26092e-05 4.38715e-20 2.93485e-05 -1.10392e-05 -4.05258e-06 -3.90381e-08 3.69927e-08
0.492 -1.34621e-20 3.17695e-05 4.50843e-20 2.98439e-05 -1.1255e-05 -4.12187e-06 -4.23857e-08 4.01526e-08
0.493 1.49662e-20 3.09609e-05 4.59399e-20 3.03226e-05 -1.14653e-05 -4.18847e-06 -4.59969e-08 4.35602e-08
0.494 3.15375e-20 3.01819e-05 4.62703e-20 3.07833e-05 -1.16692e-05 -4.25214e-06 -4.98902e-08 4.72325e-08
0.495 2.84721e-20 2.94313e-05 4.61071e-20 3.12244e-05 -1.18662e-05 -4.31265e-06 -5.40855e-08 5.11881e-08
0.496 5.75145e-21 2.8708e-05 4.56641e-20 3.16446e-05 -1.20556e-05 -4.36972e-06 -5.86035e-08 5.54464e-08
0.497 -2.93613e-20 2.80108e-05 4.52586e-20 3.20423e-05 -1.22366e-05 -4.42313e-06 -6.34663e-08 6.00279e-08
0.498 -6.53975e-20 2.73385e-05 4.5188e-20 3.24162e-05 -1.24087e-05 -4.4726e-06 -6.86973e-08 6.49543e-08
0.499 -9.11982e-20 2.66902e-05 4.55592e-20 3.27647e-05 -1.25712e-05 -4.51789e-06 -7.43213e-08 7.02486e-08
0.5 -9.99757e-20 2.60648e-05 4.6174e-20 3.30865e-05 -1.27232e-05 -4.55874e-06 -8.03643e-08 7.5935e-08
0.501 -9.13154e-20 2.54613e-05 4.66866e-20 3.33801e-05 -1.28641e-05 -4.5949e-06 -8.68538e-08 8.20391e-08
0.502 -7.05254e-20 2.48787e-05 4.68213e-20 3.36441e-05 -1.29933e-05 -4.6261e-06 -9.38189e-08 8.85877e-08
0.503 -4.58466e-20 2.43163e-05 4.65074e-20 3.3877e-05 -1.31099e-05 -4.6521e-06 -1.0129e-07 9.56092e-08
0.504 -2.49245e-20 2.37732e-05 4.59217e-20 3.40776e-05 -1.32132e-05 -4.67263e-06 -1.093e-07 1.03133e-07
0.505 -1.23308e-20 2.32484e-05 4.53122e-20 3.42445e-05 -1.33026e-05 -4.68747e-06 -1.17882e-07 1.11192e-07
0.506 -8.65924e-21 2.27413e-05 4.49022e-20 3.43763e-05 -1.33773e-05 -4.69635e-06 -1.27072e-07 1.19817e-07
0.507 -1.11836e-20 2.22511e-05 4.48139e-20 3.44718e-05 -1.34367e-05 -4.69904e-06 -1.36907e-07 1.29043e-07
0.508 -1.58596e-20 2.1777e-05 4.4862e-20 3.45297e-05 -1.348e-05 -4.6953e-06 -1.47426e-07 1.38907e-07
0.509 -1.94815e-20 2.13184e-05 4.46026e-20 3.45488e-05 -1.35065e-05 -4.6849e-06 -1.58671e-07 1.49446e-07
0.51 -2.09366e-20 2.08747e-05 4.35912e-20 3.45281e-05 -1.35156e-05 -4.66764e-06 -1.70685e-07 1.607e-07
0.511 -2.10934e-20 2.04451e-05 4.14917e-20 3.44664e-05 -1.35065e-05 -4.64328e-06 -1.83512e-07 1.72711e-07
0.512 -2.15639e-20 2.00292e-05 3.82476e-20 3.43627e-05 -1.34787e-05 -4.61163e-06 -1.972e-07 1.85521e-07
0.513 -2.32337e-20 1.96263e-05 3.42426e-20 3.4216e-05 -1.34316e-05 -4.5725e-06 -2.11797e-07 1.99175e-07
0.514 -2.53918e-20 1.92359e-05 3.01381e-20 3.40255e-05 -1.33645e-05 -4.52569e-06 -2.27356e-07 2.13721e-07
0.515 -2.58473e-20 1.88575e-05 2.6719e-20 3.37903e-05 -1.32767e-05 -4.47105e-06 -2.43929e-07 2.29207e-07
0.516 -2.19515e-20 1.84906e-05 2.46017e-20 3.35097e-05 -1.31679e-05 -4.40841e-06 -2.61573e-07 2.45685e-07
0.517 -1.20638e-20 1.81347e-05 2.38683e-20 3.31831e-05 -1.30375e-05 -4.33762e-06 -2.80344e-07 2.63207e-07
0.518 3.22861e-21 1.77894e-05 2.39463e-20 3.28098e-05 -1.28848e-05 -4.25856e-06 -3.00304e-07 2.81827e-07
0.519 2.07619e-20 1.74542e-05 2.36691e-20 3.23894e-05 -1.27096e-05 -4.17111e-06 -3.21515e-07 3.01604e-07
0.52 3.56915e-20 1.71288e-05 2.17368e-20 3.19215e-05 -1.25114e-05 -4.07517e-06 -3.4404e-07 3.22595e-07
0.521 4.31624e-20 1.68126e-05 1.74262e-20 3.14058e-05 -1.22897e-05 -3.97066e-06 -3.67949e-07 3.44861e-07
0.522 4.00475e-20 1.65055e-05 1.09888e-20 3.08421e-05 -1.20442e-05 -3.85751e-06 -3.93309e-07 3.68466e-07
0.523 2.63282e-20 1.6207e-05 3.56994e-21 3.02303e-05 -1.17747e-05 -3.73567e-06 -4.20193e-07 3.93473e-07
0.524 5.3437e-21 1.59168e-05 -3.27798e-21 2.95704e-05 -1.14808e-05 -3.60512e-06 -4.48675e-07 4.19951e-07
0.525 -1.72099e-20 1.56345e-05 -8.2396e-21 2.88626e-05 -1.11624e-05 -3.46586e-06 -4.78831e-07 4.47968e-07
0.526 -3.49726e-20 1.53599e-05 -1.07148e-20 2.81071e-05 -1.08192e-05 -3.31788e-06 -5.10739e-07 4.77593e-07
0.527 -4.28824e-20 1.50926e-05 -1.09835e-20 2.73041e-05 -1.04511e-05 -3.16122e-06 -5.44481e-07 5.08901e-07
0.528 -3.86467e-20 1.48325e-05 -1.00294e-20 2.64542e-05 -1.00581e-05 -2.99595e-06 -5.80139e-07 5.41966e-07
0.529 -2.32822e-20 1.45791e-05 -9.2252e-21 2.5558e-05 -9.64022e-06 -2.82212e-06 -6.17799e-07 5.76862e-07
0.53 -7.58644e-22 1.43323e-05 -9.94921e-21 2.4616e-05 -9.19739e-06 -2.63985e-06 -6.57548e-07 6.13669e-07
0.531 2.31399e-20 1.40919e-05 -1.31382e-20 2.36292e-05 -8.72975e-06 -2.44925e-06 -6.99475e-07 6.52466e-07
0.532 4.23022e-20 1.38575e-05 -1.89079e-20 2.25983e-05 -8.23745e-06 -2.25046e-06 -7.43671e-07 6.93334e-07
0.533 5.17775e-20 1.36291e-05 -2.65051e-20 2.15245e-05 -7.7207e-06 -2.04365e-06 -7.90229e-07 7.36354e-07
0.534 4.89763e-20 1.34063e-05 -3.46559e-20 2.04088e-05 -7.17977e-06 -1.82901e-06 -8.39244e-07 7.81611e-07
0.535 3.42656e-20 1.31889e-05 -4.2077e-20 1.92525e-05 -6.61498e-06 -1.60675e-06 -8.90812e-07 8.29188e-07
0.536 1.09156e-20 1.29769e-05 -4.8013e-20 1.8057e-05 -6.02672e-06 -1.3771e-06 -9.4503e-07 8.79172e-07
0.537 -1.56662e-20 1.27699e-05 -5.24761e-20 1.68237e-05 -5.41544e-06 -1.14032e-06 -1.002e-06 9.31649e-07
0.538 -3.93978e-20 1.25679e-05 -5.60937e-20 1.55542e-05 -4.78166e-06 -8.96703e-07 -1.06182e-06 9.86705e-07
0.539 -5.51691e-20 1.23706e-05 -5.98405e-20 1.42502e-05 -4.12593e-06 -6.46537e-07 -1.12458e-06 1.04443e-06
0.54 -6.02575e-20 1.21779e-05 -6.46675e-20 1.29134e-05 -3.4489e-06 -3.90153e-07 -1.1904e-06 1.10491e-06
0.541 -5.50709e-20 1.19897e-05 -7.10131e-20 1.15457e-05 -2.75125e-06 -1.27899e-07 -1.25937e-06 1.16823e-06
0.542 -4.28585e-20 1.18057e-05 -7.85525e-20 1.01492e-05 -2.03374e-06 1.39858e-07 -1.3316e-06 1.23448e-06
0.543 -2.85389e-20 1.1626e-05 -8.63994e-20 8.72572e-06 -1.29717e-06 4.12727e-07 -1.40718e-06 1.30375e-06
0.544 -1.68435e-20 1.14502e-05 -9.34279e-20 7.27758e-06 -5.42407e-07 6.90299e-07 -1.48622e-06 1.37612e-06
0.545 -1.04425e-20 1.12783e-05 -9.86425e-20 5.80695e-06 2.29616e-07 9.72144e-07 -1.56883e-06 1.45167e-06
0.546 -9.00308e-21 1.11102e-05 -1.0157e-19 4.31612e-06 1.01792e-06 1.25781e-06 -1.65509e-06 1.5305e-06
0.547 -9.5269e-21 1.09458e-05 -1.02463e-19 2.80748e-06 1.82148e-06 1.54684e-06 -1.74511e-06 1.61268e-06
0.548 -7.86037e-21 1.07849e-05 -1.02291e-19 1.28345e-06 2.6392e-06 1.83875e-06 -1.83899e-06 1.69829e-06
0.549 -9.5526e-22 1.06275e-05 -1.02443e-19 -2.53488e-07 3.46995e-06 2.13303e-06 -1.93682e-06 1.78741e-06
0.55 1.11731e-20 1.04734e-05 -1.04288e-19 -1.80078e-06 4.31254e-06 2.42918e-06 -2.03869e-06 1.88012e-06
0.551 2.48326e-20 1.03225e-05 -1.08777e-19 -3.35583e-06 5.16575e-06 2.72667e-06 -2.1447e-06 1.97648e-06
0.552 3.36744e-20 1.01748e-05 -1.16157e-19 -4.91603e-06 6.0283e-06 3.02495e-06 -2.25492e-06 2.07656e-06
0.553 3.10544e-20 1.00301e-05 -1.25925e-19 -6.4787e-06 6.89887e-06 3.32348e-06 -2.36946e-06 2.18043e-06
0.554 1.29039e-20 9.88842e-06 -1.36905e-19 -8.04116e-06 7.77612e-06 3.62169e-06 -2.48837e-06 2.28814e-06
0.555 -1.99808e-20 9.74959e-06 -1.47559e-19 -9.60072e-06 8.65866e-06 3.91902e-06 -2.61174e-06 2.39975e-06
0.556 -6.13812e-20 9.61355e-06 -1.5652e-19 -1.11546e-05 9.54508e-06 4.21489e-06 -2.73964e-06 2.51531e-06
0.557 -1.01364e-19 9.48023e-06 -1.62954e-19 -1.27002e-05 1.04339e-05 4.50871e-06 -2.87213e-06 2.63486e-06
0.558 -1.29569e-19 9.34956e-06 -1.66704e-19 -1.42348e-05 1.13237e-05 4.7999e-06 -3.00927e-06 2.75844e-06
0.559 -1.38859e-19 9.22146e-06 -1.68268e-19 -1.57555e-05 1.2213e-05 5.08787e-06 -3.15111e-06 2.88608e-06
0.56 -1.28008e-19 9.09586e-06 -1.68586e-19 -1.72598e-05 1.31002e-05 5.37203e-06 -3.29769e-06 3.01779e-06
0.561 -1.02191e-19 8.9727e-06 -1.68643e-19 -1.8745e-05 1.39839e-05 5.65179e-06 -3.44905e-06 3.1536e-06
0.562 -7.09849e-20 8.85191e-06 -1.69235e-19 -2.02085e-05 1.48624e-05 5.92656e-06 -3.60522e-06 3.29351e-06
0.563 -4.47783e-20 8.73342e-06 -1.70875e-19 -2.16477e-05 1.57343e-05 6.19575e-06 -3.76621e-06 3.43751e-06
0.564 -3.09187e-20 8.61718e-06 -1.73584e-19 -2.306e-05 1.6598e-05 6.45879e-06 -3.93205e-06 3.5856e-06
0.565 -3.11638e-20 8.50314e-06 -1.76918e-19 -2.44429e-05 1.7452e-05 6.7151e-06 -4.10272e-06 3.73775e-06
0.566 -4.16021e-20 8.39122e-06 -1.80278e-19 -2.57941e-05 1.82948e-05 6.96412e-06 -4.27822e-06 3.89394e-06
0.567 -5.48759e-20 8.28139e-06 -1.83156e-19 -2.71112e-05 1.91247e-05 7.20529e-06 -4.45852e-06 4.0541e-06
0.568 -6.36859e-20 8.17358e-06 -1.85341e-19 -2.83919e-05 1.99404e-05 7.43808e-06 -4.64359e-06 4.2182e-06
0.569 -6.40442e-20 8.06775e-06 -1.86965e-19 -2.9634e-05 2.07403e-05 7.66195e-06 -4.83339e-06 4.38616e-06
0.57 -5.68933e-20 7.96385e-06 -1.88416e-19 -3.08354e-05 2.15229e-05 7.87638e-06 -5.02786e-06 4.55791e-06
0.571 -4.74709e-20 7.86183e-06 -1.90277e-19 -3.1994e-05 2.22868e-05 8.08088e-06 -5.22692e-06 4.73334e-06
0.572 -4.26098e-20 7.76164e-06 -1.92933e-19 -3.31081e-05 2.30307e-05 8.27497e-06 -5.43049e-06 4.91236e-06
0.573 -4.72215e-20 7.66325e-06 -1.96146e-19 -3.41757e-05 2.3753e-05 8.45818e-06 -5.63847e-06 5.09485e-06
0.574 -6.16615e-20 7.5666e-06 -1.99215e-19 -3.51951e-05 2.44524e-05 8.63007e-06 -5.85075e-06 5.28066e-06
0.575 -8.11719e-20 7.47165e-06 -2.01378e-19 -3.61647e-05 2.51278e-05 8.79022e-06 -6.06719e-06 5.46965e-06
0.576 -9.76774e-20 7.37838e-06 -2.01998e-19 -3.70832e-05 2.57777e-05 8.93823e-06 -6.28765e-06 5.66165e-06
0.577 -1.03167e-19 7.28673e-06 -2.0075e-19 -3.7949e-05 2.6401e-05 9.07373e-06 -6.51197e-06 5.85649e-06
0.578 -9.32176e-20 7.19667e-06 -1.97805e-19 -3.8761e-05 2.69966e-05 9.19637e-06 -6.73997e-06 6.05397e-06
0.579 -6.91299e-20 7.10816e-06 -1.93882e-19 -3.9518e-05 2.75633e-05 9.30583e-06 -6.97144e-06 6.25388e-06
0.58 -3.77012e-20 7.02117e-06 -1.8997e-19 -4.02191e-05 2.81e-05 9.4018e-06 -7.20618e-06 6.45598e-06
0.581 -8.77699e-21 6.93566e-06 -1.86933e-19 -4.08634e-05 2.86059e-05 9.48403e-06 -7.44397e-06 6.66003e-06
0.582 8.39081e-21 6.8516e-06 -1.85207e-19 -4.14502e-05 2.90799e-05 9.55227e-06 -7.68453e-06 6.86578e-06
0.583 8.62562e-21 6.76896e-06 -1.84627e-19 -4.19789e-05 2.95213e-05 9.60631e-06 -7.92762e-06 7.07293e-06
0.584 -7.3661e-21 6.6877e-06 -1.84589e-19 -4.24491e-05 2.99292e-05 9.64597e-06 -8.17295e-06 7.2812e-06
0.585 -3.35621e-20 6.6078e-06 -1.84168e-19 -4.28604e-05 3.03029e-05 9.6711e-06 -8.4202e-06 7.49027e-06
0.586 -6.11773e-20 6.52922e-06 -1.82413e-19 -4.32126e-05 3.06417e-05 9.68157e-06 -8.66906e-06 7.69981e-06
0.587 -8.21091e-20 6.45194e-06 -1.78751e-19 -4.35058e-05 3.09452e-05 9.67731e-06 -8.91919e-06 7.90948e-06
0.588 -9.17728e-20 6.37593e-06 -1.73175e-19 -4.37399e-05 3.12127e-05 9.65825e-06 -9.17023e-06 8.11891e-06
0.589 -9.02835e-20 6.30116e-06 -1.6639e-19 -4.39152e-05 3.14439e-05 9.62436e-06 -9.42181e-06 8.32771e-06
0.59 -8.16537e-20 6.2276e-06 -1.59427e-19 -4.4032e-05 3.16384e-05 9.57565e-06 -9.67351e-06 8.5355e-06
0.591 -7.14111e-20 6.15523e-06 -1.53118e-19 -4.40909e-05 3.1796e-05 9.51216e-06 -9.92494e-06 8.74187e-06
0.592 -6.38684e-20 6.08402e-06 -1.4777e-19 -4.40923e-05 3.19165e-05 9.43394e-06 -1.01757e-05 8.94637e-06
0.593 -6.02987e-20 6.01395e-06 -1.42928e-19 -4.4037e-05 3.19996e-05 9.34111e-06 -1.04252e-05 9.14858e-06
0.594 -5.8732e-20 5.94499e-06 -1.37589e-19 -4.39258e-05 3.20455e-05 9.23377e-06 -1.06732e-05 9.34802e-06
0.595 -5.54038e-20 5.87713e-06 -1.3082e-19 -4.37597e-05 3.20542e-05 9.1121e-06 -1.0919e-05 9.54424e-06
0.596 -4.70809e-20 5.81034e-06 -1.22315e-19 -4.35398e-05 3.20257e-05 8.97626e-06 -1.11622e-05 9.73674e-06
0.597 -3.30917e-20 5.74459e-06 -1.12548e-19 -4.32671e-05 3.19603e-05 8.82649e-06 -1.14024e-05 9.92503e-06
0.598 -1.61234e-20 5.67987e-06 -1.02584e-19 -4.2943e-05 3.18583e-05 8.66302e-06 -1.16389e-05 1.01086e-05
0.599 -1.39378e-21 5.61615e-06 -9.36671e-20 -4.25688e-05 3.172e-05 8.48611e-06 -1.18712e-05 1.02869e-05
0.6 5.54047e-21 5.55342e-06 -8.65902e-20 -4.21459e-05 3.15457e-05 8.29607e-06 -1.20988e-05 1.04595e-05
0.601 1.36131e-21 5.49166e-06 -8.12737e-20 -4.16759e-05 3.13361e-05 8.0932e-06 -1.23211e-05 1.06257e-05
0.602 -1.32663e-20 5.43084e-06 -7.68913e-20 -4.11604e-05 3.10917e-05 7.87785e-06 -1.25375e-05 1.07851e-05
0.603 -3.34459e-20 5.37094e-06 -7.20676e-20 -4.06011e-05 3.08131e-05 7.65039e-06 -1.27475e-05 1.09371e-05
0.604 -5.14428e-20 5.31196e-06 -6.5229e-20 -3.99998e-05 3.0501e-05 7.41119e-06 -1.29505e-05 1.10811e-05
0.605 -5.93584e-20 5.25386e-06 -5.54209e-20 -3.93582e-05 3.01561e-05 7.16068e-06 -1.31458e-05 1.12166e-05
0.606 -5.20113e-20 5.19664e-06 -4.27515e-20 -3.86783e-05 2.97794e-05 6.89925e-06 -1.3333e-05 1.13429e-05
0.607 -2.89394e-20 5.14028e-06 -2.8288e-20 -3.7962e-05 2.93716e-05 6.62737e-06 -1.35112e-05 1.14597e-05
0.608 5.14951e-21 5.08475e-06 -1.37615e-20 -3.72112e-05 2.89337e-05 6.34549e-06 -1.36801e-05 1.15662e-05
0.609 4.17024e-20 5.03005e-06 -1.03655e-21 -3.6428e-05 2.84667e-05 6.05407e-06 -1.38388e-05 1.16619e-05
0.61 7.09598e-20 4.97615e-06 8.49402e-21 -3.56144e-05 2.79716e-05 5.7536e-06 -1.3987e-05 1.17463e-05
0.611 8.48836e-20 4.92305e-06 1.45078e-20 -3.47725e-05 2.74495e-05 5.44458e-06 -1.41238e-05 1.18187e-05
0.612 7.94562e-20 4.87073e-06 1.78995e-20 -3.39044e-05 2.69016e-05 5.1275e-06 -1.42488e-05 1.18787e-05
0.613 5.57891e-20 4.81917e-06 2.03595e-20 -3.30121e-05 2.6329e-05 4.80289e-06 -1.43613e-05 1.19258e-05
0.614 1.96911e-20 4.76835e-06 2.3856e-20 -3.20979e-05 2.57329e-05 4.47125e-06 -1.44608e-05 1.19593e-05
0.615 -2.01155e-20 4.71827e-06 3.00378e-20 -3.11638e-05 2.51145e-05 4.13312e-06 -1.45467e-05 1.19788e-05
0.616 -5.44088e-20 4.66892e-06 3.96156e-20 -3.02119e-05 2.44751e-05 3.78901e-06 -1.46183e-05 1.19837e-05
0.617 -7.57961e-20 4.62026e-06 5.2156e-20 -2.92443e-05 2.3816e-05 3.43947e-06 -1.46752e-05 1.19737e-05
0.618 -8.0368e-20 4.57231e-06 6.63612e-20 -2.82632e-05 2.31386e-05 3.085e-06 -1.47169e-05 1.19482e-05
0.619 -6.82762e-20 4.52503e-06 8.03895e-20 -2.72705e-05 2.2444e-05 2.72615e-06 -1.47427e-05 1.19067e-05
0.62 -4.32454e-20 4.47843e-06 9.24169e-20 -2.62684e-05 2.17338e-05 2.36343e-06 -1.47522e-05 1.18489e-05
0.621 -1.12598e-20 4.43248e-06 1.01381e-19 -2.52588e-05 2.10092e-05 1.99737e-06 -1.47449e-05 1.17743e-05
0.622 2.1121e-20 4.38717e-06 1.07295e-19 -2.42438e-05 2.02716e-05 1.62846e-06 -1.47204e-05 1.16825e-05
0.623 4.82888e-20 4.3425e-06 1.11126e-19 -2.32252e-05 1.95223e-05 1.25723e-06 -1.46783e-05 1.15733e-05
0.624 6.66035e-20 4.29845e-06 1.14267e-19 -2.22049e-05 1.87629e-05 8.84156e-07 -1.4618e-05 1.14463e-05
0.625 7.4752e-20 4.25502e-06 1.18006e-19 -2.11849e-05 1.79945e-05 5.09733e-07 -1.45393e-05 1.13012e-05
0.626 7.35159e-20 4.21218e-06 1.23167e-19 -2.01668e-05 1.72186e-05 1.3443e-07 -1.44418e-05 1.11377e-05
0.627 6.51134e-20 4.16993e-06 1.29888e-19 -1.91525e-05 1.64366e-05 -2.41292e-07 -1.43251e-05 1.09556e-05
0.628 5.23542e-20 4.12826e-06 1.37763e-19 -1.81436e-05 1.56497e-05 -6.16988e-07 -1.41891e-05 1.07547e-05
0.629 3.79314e-20 4.08717e-06 1.46153e-19 -1.71418e-05 1.48594e-05 -9.92228e-07 -1.40335e-05 1.05349e-05
0.63 2.40851e-20 4.04663e-06 1.54453e-19 -1.61486e-05 1.40669e-05 -1.3666e-06 -1.3858e-05 1.02961e-05
0.631 1.25569e-20 4.00664e-06 1.62309e-19 -1.51655e-05 1.32735e-05 -1.73971e-06 -1.36624e-05 1.00381e-05
0.632 4.66256e-21 3.96719e-06 1.69673e-19 -1.4194e-05 1.24804e-05 -2.11117e-06 -1.34468e-05 9.761e-06
0.633 1.39586e-21 3.92827e-06 1.76664e-19 -1.32353e-05 1.1689e-05 -2.48064e-06 -1.32109e-05 9.46472e-06
0.634 3.38574e-21 3.88987e-06 1.83301e-19 -1.22909e-05 1.09004e-05 -2.84777e-06 -1.29547e-05 9.14934e-06
0.635 1.06621e-20 3.85198e-06 1.89306e-19 -1.13618e-05 1.01159e-05 -3.21225e-06 -1.26783e-05 8.81494e-06
0.636 2.23584e-20 3.8146e-06 1.94194e-19 -1.04494e-05 9.33656e-06 -3.57378e-06 -1.23816e-05 8.46168e-06
0.637 3.65254e-20 3.77772e-06 1.97521e-19 -9.55453e-06 8.56352e-06 -3.93209e-06 -1.20648e-05 8.08972e-06
0.638 5.02978e-20 3.74132e-06 1.99129e-19 -8.67832e-06 7.79788e-06 -4.28694e-06 -1.1728e-05 7.6993e-06
0.639 6.04852e-20 3.7054e-06 1.99354e-19 -7.82166e-06 7.04068e-06 -4.63809e-06 -1.13713e-05 7.2907e-06
0.64 6.45012e-20 3.66995e-06 1.99084e-19 -6.98541e-06 6.29295e-06 -4.98535e-06 -1.09951e-05 6.86423e-06
0.641 6.13415e-20 3.63497e-06 1.99464e-19 -6.17035e-06 5.55565e-06 -5.32853e-06 -1.05995e-05 6.42026e-06
0.642 5.21338e-20 3.60044e-06 2.01423e-19 -5.37717e-06 4.82972e-06 -5.66749e-06 -1.0185e-05 5.95921e-06
0.643 3.99921e-20 3.56636e-06 2.05369e-19 -4.60652e-06 4.11607e-06 -6.00208e-06 -9.75187e-06 5.48154e-06
0.644 2.91033e-20 3.53272e-06 2.11034e-19 -3.85895e-06 3.41553e-06 -6.33221e-06 -9.30053e-06 4.98775e-06
0.645 2.32762e-20 3.49951e-06 2.17461e-19 -3.13495e-06 2.72893e-06 -6.6578e-06 -8.83148e-06 4.4784e-06
0.646 2.44932e-20 3.46673e-06 2.23301e-19 -2.43495e-06 2.05702e-06 -6.97878e-06 -8.34522e-06 3.95408e-06
0.647 3.20386e-20 3.43437e-06 2.27296e-19 -1.75931e-06 1.40055e-06 -7.29512e-06 -7.84233e-06 3.41543e-06
0.648 4.26229e-20 3.40243e-06 2.28735e-19 -1.10831e-06 7.602e-07 -7.60682e-06 -7.3234e-06 2.86315e-06
0.649 5.14966e-20 3.37089e-06 2.27699e-19 -4.82185e-07 1.36605e-07 -7.91387e-06 -6.78909e-06 2.29794e-06
0.65 5.41807e-20 3.33975e-06 2.25005e-19 1.18903e-07 -4.69627e-07 -8.21632e-06 -6.24011e-06 1.72059e-06
0.651 4.82201e-20 3.309e-06 2.21852e-19 6.94848e-07 -1.05794e-06 -8.51423e-06 -5.67718e-06 1.1319e-06
0.652 3.42271e-20 3.27865e-06 2.19312e-19 1.2456e-06 -1.6278e-06 -8.80766e-06 -5.1011e-06 5.32703e-07
0.653 1.57822e-20 3.24867e-06 2.17855e-19 1.77117e-06 -2.17875e-06 -9.09672e-06 -4.51269e-06 -7.61108e-08
0.654 -1.7835e-21 3.21907e-06 2.17155e-19 2.27161e-06 -2.71032e-06 -9.38153e-06 -3.9128e-06 -6.9363e-07
0.655 -1.32581e-20 3.18984e-06 2.16266e-19 2.74703e-06 -3.22213e-06 -9.66223e-06 -3.30233e-06 -1.31891e-06
0.656 -1.53654e-20 3.16097e-06 2.1405e-19 3.19759e-06 -3.71381e-06 -9.93896e-06 -2.68221e-06 -1.95097e-06
0.657 -7.85375e-21 3.13246e-06 2.09756e-19 3.62349e-06 -4.18502e-06 -1.02119e-05 -2.05341e-06 -2.58882e-06
0.658 6.55983e-21 3.10431e-06 2.03506e-19 4.02497e-06 -4.63546e-06 -1.04812e-05 -1.41691e-06 -3.23141e-06
0.659 2.32633e-20 3.0765e-06 1.96463e-19 4.40232e-06 -5.06489e-06 -1.07472e-05 -7.73743e-07 -3.8777e-06
0.66 3.73455e-20 3.04904e-06 1.90549e-19 4.75586e-06 -5.47305e-06 -1.10099e-05 -1.24945e-07 -4.52662e-06
0.661 4.51612e-20 3.02191e-06 1.87779e-19 5.08594e-06 -5.85976e-06 -1.12697e-05 5.28412e-07 -5.17708e-06
0.662 4.52959e-20 2.99511e-06 1.8949e-19 5.39295e-06 -6.22484e-06 -1.15268e-05 1.18524e-06 -5.82796e-06
0.663 3.86124e-20 2.96864e-06 1.95712e-19 5.67731e-06 -6.56813e-06 -1.17814e-05 1.84444e-06 -6.47816e-06
0.664 2.75791e-20 2.9425e-06 2.0494e-19 5.93946e-06 -6.88953e-06 -1.20338e-05 2.50488e-06 -7.12655e-06
0.665 1.53038e-20 2.91667e-06 2.14473e-19 6.17986e-06 -7.18893e-06 -1.22842e-05 3.16545e-06 -7.77199e-06
0.666 4.67467e-21 2.89115e-06 2.21116e-19 6.39901e-06 -7.46626e-06 -1.2533e-05 3.82499e-06 -8.41336e-06
0.667 -2.09379e-21 2.86595e-06 2.22076e-19 6.5974e-06 -7.72145e-06 -1.27803e-05 4.48236e-06 -9.04951e-06
0.668 -3.4803e-21 2.84104e-06 2.15868e-19 6.77557e-06 -7.95447e-06 -1.30265e-05 5.13642e-06 -9.67931e-06
0.669 1.53021e-21 2.81644e-06 2.02854e-19 6.93405e-06 -8.1653e-06 -1.32718e-05 5.78603e-06 -1.03016e-05
0.67 1.35007e-20 2.79213e-06 1.85219e-19 7.0734e-06 -8.35393e-06 -1.35165e-05 6.43003e-06 -1.09154e-05
0.671 3.22665e-20 2.76811e-06 1.66367e-19 7.19416e-06 -8.52036e-06 -1.37609e-05 7.0673e-06 -1.15194e-05
0.672 5.6424e-20 2.74438e-06 1.49967e-19 7.29691e-06 -8.6646e-06 -1.40051e-05 7.6967e-06 -1.21126e-05
0.673 8.29393e-20 2.72093e-06 1.38975e-19 7.38222e-06 -8.78668e-06 -1.42496e-05 8.31714e-06 -1.2694e-05
0.674 1.07231e-19 2.69776e-06 1.34868e-19 7.45066e-06 -8.88663e-06 -1.44944e-05 8.9275e-06 -1.32625e-05
0.675 1.23948e-19 2.67486e-06 1.37297e-19 7.50282e-06 -8.96448e-06 -1.47398e-05 9.52672e-06 -1.38171e-05
0.676 1.28393e-19 2.65224e-06 1.44236e-19 7.53926e-06 -9.02028e-06 -1.49861e-05 1.01137e-05 -1.43567e-05
0.677 1.1811e-19 2.62988e-06 1.52641e-19 7.56057e-06 -9.05406e-06 -1.52335e-05 1.06875e-05 -1.48804e-05
0.678 9.40289e-20 2.60778e-06 1.59362e-19 7.56732e-06 -9.06587e-06 -1.5482e-05 1.12471e-05 -1.53873e-05
0.679 6.0673e-20 2.58594e-06 1.61993e-19 7.56006e-06 -9.05574e-06 -1.57319e-05 1.17915e-05 -1.58764e-05
0.68 2.51987e-20 2.56436e-06 1.59462e-19 7.53937e-06 -9.02373e-06 -1.59833e-05 1.23197e-05 -1.63469e-05
0.681 -4.50389e-21 2.54303e-06 1.52163e-19 7.5058e-06 -8.96987e-06 -1.62364e-05 1.28309e-05 -1.6798e-05
0.682 -2.20423e-20 2.52194e-06 1.4164e-19 7.45989e-06 -8.89419e-06 -1.64911e-05 1.33242e-05 -1.72289e-05
0.683 -2.42777e-20 2.50111e-06 1.3001e-19 7.40217e-06 -8.79672e-06 -1.67475e-05 1.37988e-05 -1.76389e-05
0.684 -1.2017e-20 2.48051e-06 1.19236e-19 7.33316e-06 -8.67748e-06 -1.70057e-05 1.42539e-05 -1.80273e-05
0.685 1.05217e-20 2.46015e-06 1.10552e-19 7.25339e-06 -8.53649e-06 -1.72657e-05 1.46887e-05 -1.83933e-05
0.686 3.7189e-20 2.44002e-06 1.04219e-19 7.16334e-06 -8.37376e-06 -1.75273e-05 1.51027e-05 -1.87365e-05
0.687 6.17272e-20 2.42013e-06 9.95738e-20 7.06351e-06 -8.18929e-06 -1.77905e-05 1.54951e-05 -1.90564e-05
0.688 7.93068e-20 2.40046e-06 9.54325e-20 6.95437e-06 -7.98307e-06 -1.80552e-05 1.58653e-05 -1.93523e-05
0.689 8.73208e-20 2.38102e-06 9.0655e-20 6.83637e-06 -7.75508e-06 -1.83211e-05 1.62129e-05 -1.96239e-05
0.69 8.53591e-20 2.3618e-06 8.46184e-20 6.70996e-06 -7.5053e-06 -1.85881e-05 1.65373e-05 -1.98708e-05
0.691 7.4636e-20 2.34279e-06 7.75054e-20 6.57556e-06 -7.23369e-06 -1.88558e-05 1.68381e-05 -2.00927e-05
0.692 5.72885e-20 2.324e-06 7.02666e-20 6.4336e-06 -6.94023e-06 -1.9124e-05 1.7115e-05 -2.02893e-05
0.693 3.58866e-20 2.30543e-06 6.42605e-20 6.28446e-06 -6.62485e-06 -1.93922e-05 1.73675e-05 -2.04605e-05
0.694 1.32777e-20 2.28705e-06 6.07308e-20 6.12853e-06 -6.28751e-06 -1.96601e-05 1.75955e-05 -2.0606e-05
0.695 -7.37624e-21 2.26889e-06 6.03173e-20 5.96618e-06 -5.92814e-06 -1.99272e-05 1.77988e-05 -2.07258e-05
0.696 -2.26973e-20 2.25093e-06 6.27389e-20 5.79775e-06 -5.54667e-06 -2.01928e-05 1.79772e-05 -2.08198e-05
0.697 -2.95426e-20 2.23316e-06 6.67339e-20 5.62359e-06 -5.14304e-06 -2.04564e-05 1.81305e-05 -2.08881e-05
0.698 -2.57826e-20 2.21559e-06 7.03373e-20 5.44401e-06 -4.71716e-06 -2.07173e-05 1.82589e-05 -2.09307e-05
0.699 -1.11756e-20 2.19821e-06 7.14519e-20 5.25933e-06 -4.26897e-06 -2.09747e-05 1.83622e-05 -2.09479e-05
0.7 1.20741e-20 2.18103e-06 6.85327e-20 5.06983e-06 -3.79838e-06 -2.1228e-05 1.84406e-05 -2.09396e-05
0.701 3.9446e-20 2.16403e-06 6.1088e-20 4.87579e-06 -3.30532e-06 -2.14761e-05 1.84941e-05 -2.09063e-05
0.702 6.50098e-20 2.14721e-06 4.98421e-20 4.67747e-06 -2.78972e-06 -2.17182e-05 1.85231e-05 -2.08482e-05
0.703 8.28805e-20 2.13057e-06 3.6588e-20 4.47512e-06 -2.25152e-06 -2.19532e-05 1.85277e-05 -2.07657e-05
0.704 8.87823e-20 2.11411e-06 2.37273e-20 4.26899e-06 -1.69064e-06 -2.21801e-05 1.85081e-05 -2.06591e-05
0.705 8.11604e-20 2.09783e-06 1.36038e-20 4.0593e-06 -1.10706e-06 -2.23978e-05 1.84648e-05 -2.05289e-05
0.706 6.1442e-20 2.08171e-06 7.85855e-21 3.84625e-06 -5.00725e-07 -2.26049e-05 1.83982e-05 -2.03756e-05
0.707 3.3452e-20 2.06577e-06 6.99673e-21 3.63006e-06 1.2838e-07 -2.28002e-05 1.83086e-05 -2.01998e-05
0.708 2.27272e-21 2.04998e-06 1.02582e-20 3.41092e-06 7.80256e-07 -2.29823e-05 1.81965e-05 -2.0002e-05
0.709 -2.70185e-20 2.03437e-06 1.58022e-20 3.189e-06 1.45489e-06 -2.31498e-05 1.80625e-05 -1.97828e-05
0.71 -5.02854e-20 2.01891e-06 2.11763e-20 2.96447e-06 2.15223e-06 -2.33012e-05 1.79071e-05 -1.9543e-05
0.711 -6.47622e-20 2.0036e-06 2.39546e-20 2.73751e-06 2.87221e-06 -2.34349e-05 1.7731e-05 -1.92831e-05
0.712 -6.90669e-20 1.98845e-06 2.23414e-20 2.50827e-06 3.61473e-06 -2.35492e-05 1.75347e-05 -1.90041e-05
0.713 -6.30576e-20 1.97345e-06 1.56057e-20 2.27689e-06 4.37965e-06 -2.36424e-05 1.7319e-05 -1.87065e-05
0.714 -4.77803e-20 1.9586e-06 4.26716e-21 2.04353e-06 5.16681e-06 -2.37128e-05 1.70845e-05 -1.83912e-05
0.715 -2.55499e-20 1.94389e-06 -1.00408e-20 1.8083e-06 5.976e-06 -2.37584e-05 1.6832e-05 -1.80591e-05
0.716 1.70054e-23 1.92932e-06 -2.49875e-20 1.57135e-06 6.80694e-06 -2.37773e-05 1.65623e-05 -1.77109e-05
0.717 2.43123e-20 1.91489e-06 -3.81194e-20 1.3328e-06 7.65935e-06 -2.37676e-05 1.62761e-05 -1.73476e-05
0.718 4.25523e-20 1.9006e-06 -4.74621e-20 1.09278e-06 8.53286e-06 -2.37273e-05 1.59742e-05 -1.69699e-05
0.719 5.10075e-20 1.88644e-06 -5.20085e-20 8.51391e-07 9.42707e-06 -2.36541e-05 1.56576e-05 -1.6579e-05
0.72 4.82969e-20 1.8724e-06 -5.19773e-20 6.08763e-07 1.03415e-05 -2.3546e-05 1.5327e-05 -1.61755e-05
0.721 3.61491e-20 1.8585e-06 -4.87291e-20 3.65005e-07 1.12756e-05 -2.34008e-05 1.49833e-05 -1.57605e-05
0.722 1.91195e-20 1.84472e-06 -4.43464e-20 1.20232e-07 1.22288e-05 -2.32162e-05 1.46274e-05 -1.53349e-05
0.723 3.17457e-21 1.83106e-06 -4.1037e-20 -1.25445e-07 1.32004e-05 -2.299e-05 1.42601e-05 -1.48996e-05
0.724 -6.45125e-21 1.81751e-06 -4.05197e-20 -3.71915e-07 1.41897e-05 -2.27199e-05 1.38824e-05 -1.44556e-05
0.725 -7.29476e-21 1.80408e-06 -4.3566e-20 -6.19065e-07 1.51959e-05 -2.24034e-05 1.34951e-05 -1.40038e-05
0.726 -6.81728e-22 1.79077e-06 -4.98286e-20 -8.66782e-07 1.6218e-05 -2.20383e-05 1.30992e-05 -1.35452e-05
0.727 8.81202e-21 1.77756e-06 -5.80048e-20 -1.11495e-06 1.72551e-05 -2.16222e-05 1.26955e-05 -1.30806e-05
0.728 1.53345e-20 1.76446e-06 -6.63119e-20 -1.36346e-06 1.8306e-05 -2.11527e-05 1.22849e-05 -1.2611e-05
0.729 1.4394e-20 1.75147e-06 -7.31228e-20 -1.61219e-06 1.93698e-05 -2.06275e-05 1.18683e-05 -1.21373e-05
0.73 5.01548e-21 1.73858e-06 -7.75225e-20 -1.86101e-06 2.0445e-05 -2.0044e-05 1.14466e-05 -1.16604e-05
0.731 -9.61301e-21 1.72578e-06 -7.9597e-20 -2.10981e-06 2.15304e-05 -1.94e-05 1.10207e-05 -1.11812e-05
0.732 -2.34317e-20 1.71308e-06 -8.03335e-20 -2.35846e-06 2.26245e-05 -1.86932e-05 1.05914e-05 -1.07006e-05
0.733 -3.02519e-20 1.70048e-06 -8.11653e-20 -2.60681e-06 2.37257e-05 -1.79212e-05 1.01596e-05 -1.02194e-05
0.734 -2.67365e-20 1.68797e-06 -8.33867e-20 -2.85475e-06 2.48325e-05 -1.70818e-05 9.72599e-06 -9.73846e-06
0.735 -1.42505e-20 1.67555e-06 -8.76178e-20 -3.10213e-06 2.59431e-05 -1.61727e-05 9.29149e-06 -9.25857e-06
0.736 1.38191e-21 1.66321e-06 -9.35099e-20 -3.34881e-06 2.70557e-05 -1.51919e-05 8.85687e-06 -8.78054e-06
0.737 1.22859e-20 1.65096e-06 -9.98786e-20 -3.59464e-06 2.81682e-05 -1.41371e-05 8.42289e-06 -8.30511e-06
0.738 1.21321e-20 1.63879e-06 -1.05153e-19 -3.83945e-06 2.92787e-05 -1.30065e-05 7.99028e-06 -7.83303e-06
0.739 -6.77703e-22 1.62671e-06 -1.07966e-19 -4.08311e-06 3.0385e-05 -1.1798e-05 7.55977e-06 -7.36501e-06
0.74 -2.17739e-20 1.6147e-06 -1.0771e-19 -4.32544e-06 3.14849e-05 -1.051e-05 7.13205e-06 -6.90172e-06
0.741 -4.22874e-20 1.60277e-06 -1.04816e-19 -4.56627e-06 3.2576e-05 -9.14066e-06 6.70778e-06 -6.44381e-06
0.742 -5.25692e-20 1.59092e-06 -1.00613e-19 -4.80544e-06 3.36558e-05 -7.68846e-06 6.28761e-06 -5.9919e-06
0.743 -4.66368e-20 1.57914e-06 -9.68625e-20 -5.04276e-06 3.47218e-05 -6.15195e-06 5.87214e-06 -5.54659e-06
0.744 -2.53617e-20 1.56743e-06 -9.51836e-20 -5.27805e-06 3.57714e-05 -4.52987e-06 5.46195e-06 -5.10842e-06
0.745 3.15216e-21 1.5558e-06 -9.64757e-20 -5.51113e-06 3.68017e-05 -2.82107e-06 5.05759e-06 -4.67791e-06
0.746 2.64085e-20 1.54423e-06 -1.00579e-19 -5.7418e-06 3.781e-05 -1.02461e-06 4.65959e-06 -4.25557e-06
0.747 3.25718e-20 1.53274e-06 -1.0642e-19 -5.96986e-06 3.87934e-05 8.60284e-07 4.26843e-06 -3.84183e-06
0.748 1.56642e-20 1.52131e-06 -1.12469e-19 -6.19512e-06 3.97487e-05 2.83419e-06 3.88457e-06 -3.43714e-06
0.749 -2.13251e-20 1.50995e-06 -1.17283e-19 -6.41737e-06 4.06731e-05 4.89749e-06 3.50843e-06 -3.04186e-06
0.75 -6.68905e-20 1.49866e-06 -1.20034e-19 -6.63641e-06 4.15633e-05 7.05033e-06 3.14041e-06 -2.65637e-06
0.751 -1.05059e-19 1.48743e-06 -1.20769e-19 -6.85202e-06 4.2416e-05 9.29264e-06 2.78087e-06 -2.28098e-06
0.752 -1.21524e-19 1.47627e-06 -1.20298e-19 -7.06398e-06 4.32281e-05 1.16241e-05 2.43014e-06 -1.91599e-06
0.753 -1.09381e-19 1.46518e-06 -1.19773e-19 -7.27209e-06 4.39962e-05 1.40442e-05 2.08851e-06 -1.56164e-06
0.754 -7.21046e-20 1.45415e-06 -1.20139e-19 -7.47611e-06 4.47169e-05 1.65521e-05 1.75627e-06 -1.21816e-06
0.755 -2.24819e-20 1.44319e-06 -1.21737e-19 -7.67584e-06 4.53868e-05 1.91467e-05 1.43364e-06 -8.85754e-07
0.756 2.21233e-20 1.43229e-06 -1.24171e-19 -7.87105e-06 4.60026e-05 2.18267e-05 1.12083e-06 -5.64569e-07
0.757 4.62864e-20 1.42146e-06 -1.26476e-19 -8.06152e-06 4.65606e-05 2.45904e-05 8.18019e-07 -2.5474e-07
0.758 4.21858e-20 1.4107e-06 -1.27495e-19 -8.24702e-06 4.70575e-05 2.7436e-05 5.25356e-07 4.36332e-08
0.759 1.21761e-20 1.4e-06 -1.26341e-19 -8.42733e-06 4.74898e-05 3.03611e-05 2.4296e-07 3.30478e-07
0.76 -3.26548e-20 1.38938e-06 -1.22764e-19 -8.60223e-06 4.78541e-05 3.33632e-05 -2.90764e-08 6.0575e-07
0.761 -7.72424e-20 1.37882e-06 -1.17297e-19 -8.7715e-06 4.81469e-05 3.64396e-05 -2.90688e-07 8.69435e-07
0.762 -1.08547e-19 1.36834e-06 -1.11097e-19 -8.93492e-06 4.83648e-05 3.9587e-05 -5.41835e-07 1.12154e-06
0.763 -1.20282e-19 1.35792e-06 -1.0563e-19 -9.09227e-06 4.85044e-05 4.2802e-05 -7.82503e-07 1.3621e-06
0.764 -1.14504e-19 1.34758e-06 -1.02286e-19 -9.24334e-06 4.85626e-05 4.60808e-05 -1.0127e-06 1.59118e-06
0.765 -9.96013e-20 1.33732e-06 -1.01955e-19 -9.38792e-06 4.85361e-05 4.94193e-05 -1.23246e-06 1.80885e-06
0.766 -8.57854e-20 1.32713e-06 -1.04712e-19 -9.52581e-06 4.84216e-05 5.28131e-05 -1.44184e-06 2.01522e-06
0.767 -8.01983e-20 1.31703e-06 -1.09831e-19 -9.65679e-06 4.82163e-05 5.62574e-05 -1.64091e-06 2.21041e-06
0.768 -8.38261e-20 1.307e-06 -1.16033e-19 -9.78069e-06 4.79171e-05 5.97471e-05 -1.82977e-06 2.39457e-06
0.769 -9.1489e-20 1.29705e-06 -1.21742e-19 -9.8973e-06 4.75212e-05 6.32769e-05 -2.00854e-06 2.56786e-06
0.77 -9.47626e-20 1.28719e-06 -1.25399e-19 -1.00064e-05 4.70259e-05 6.68411e-05 -2.17733e-06 2.73046e-06
0.771 -8.63981e-20 1.27742e-06 -1.25901e-19 -1.01079e-05 4.64288e-05 7.04336e-05 -2.33631e-06 2.88256e-06
0.772 -6.41628e-20 1.26774e-06 -1.2285e-19 -1.02016e-05 4.57274e-05 7.40482e-05 -2.48563e-06 3.02436e-06
0.773 -3.23358e-20 1.25815e-06 -1.16599e-19 -1.02874e-05 4.49196e-05 7.76783e-05 -2.62548e-06 3.1561e-06
0.774 -2.12715e-22 1.24865e-06 -1.08191e-19 -1.0365e-05 4.40032e-05 8.1317e-05 -2.75604e-06 3.27801e-06
0.775 2.16885e-20 1.23926e-06 -9.91386e-20 -1.04343e-05 4.29767e-05 8.49572e-05 -2.87752e-06 3.39033e-06
0.776 2.60183e-20 1.22996e-06 -9.10492e-20 -1.04952e-05 4.18382e-05 8.85914e-05 -2.99013e-06 3.49332e-06
0.777 1.16602e-20 1.22076e-06 -8.52195e-20 -1.05476e-05 4.05865e-05 9.22121e-05 -3.09409e-06 3.58724e-06