0.001 -3.57907e-13 1.61789e-31
0.002 -1.632e-12 -5.49304e-30
0.003 -3.65961e-12 7.92628e-29
0.004 -5.80213e-12 -6.07069e-28
0.005 -7.81414e-12 2.3507e-27
0.006 -9.96834e-12 -1.45209e-27
0.007 -1.26892e-11 -2.4103e-26
0.008 -1.61238e-11 6.87147e-26
0.009 -2.00859e-11 1.19943e-25
0.01 -2.43749e-11 -7.04988e-25
0.011 -2.90781e-11 -5.02662e-25
0.012 -3.45321e-11 5.20174e-24
0.013 -4.1022e-11 3.42482e-24
0.014 -4.85807e-11 -3.19583e-23
0.015 -5.71045e-11 -3.46368e-23
0.016 -6.66328e-11 1.59451e-22
0.017 -7.74649e-11 3.08907e-22
0.018 -8.99965e-11 -5.45552e-22
0.019 -1.04482e-10 -2.07873e-21
0.02 -1.21001e-10 2.83436e-22
0.021 -1.39664e-10 9.85886e-21
0.022 -1.60804e-10 1.13784e-20
0.023 -1.84949e-10 -2.67107e-20
0.024 -2.12617e-10 -8.48972e-20
0.025 -2.44185e-10 -1.82871e-20
0.026 -2.79988e-10 3.0196e-19
0.027 -3.2053e-10 5.44856e-19
0.028 -3.66567e-10 -2.25157e-19
0.029 -4.1898e-10 -2.31654e-18
0.03 -4.78606e-10 -3.14249e-18
0.031 -5.4623e-10 2.4039e-18
0.032 -6.22763e-10 1.45666e-17
0.033 -7.09399e-10 1.8252e-17
0.034 -8.07593e-10 -1.25887e-17
0.035 -9.18902e-10 -7.87053e-17
0.036 -1.0449e-09 -1.08057e-16
0.037 -1.18731e-09 2.67661e-17
0.038 -1.34814e-09 3.56507e-16
0.039 -1.52981e-09 6.02555e-16
0.04 -1.73507e-09 1.89623e-16
0.041 -1.96682e-09 -1.22149e-15
0.042 -2.22819e-09 -2.84696e-15
0.043 -2.52271e-09 -2.46502e-15
0.044 -2.8545e-09 2.15432e-15
0.045 -3.22821e-09 1.00825e-14
0.046 -3.64897e-09 1.47477e-14
0.047 -4.12235e-09 6.13027e-15
0.048 -4.65453e-09 -2.04488e-14
0.049 -5.25247e-09 -5.33522e-14
0.05 -5.92408e-09 -6.22573e-14
0.051 -6.67814e-09 -1.42142e-14
0.052 -7.52428e-09 9.46073e-14
0.053 -8.47314e-09 2.12501e-13
0.054 -9.53652e-09 2.40494e-13
0.055 -1.07277e-08 8.87449e-14
0.056 -1.20614e-08 -2.42804e-13
0.057 -1.35541e-08 -6.16789e-13
0.058 -1.52235e-08 -7.97565e-13
0.059 -1.70897e-08 -5.79071e-13
0.06 -1.91745e-08 6.79328e-14
0.061 -2.15026e-08 9.33368e-13
0.062 -2.41011e-08 1.65284e-12
0.063 -2.69997e-08 1.90227e-12
0.064 -3.02312e-08 1.57659e-12
0.065 -3.3832e-08 8.26328e-13
0.066 -3.78422e-08 -7.53446e-14
0.067 -4.23059e-08 -9.35937e-13
0.068 -4.7272e-08 -1.76549e-12
0.069 -5.27939e-08 -2.73348e-12
0.07 -5.89304e-08 -4.01289e-12
0.071 -6.57463e-08 -5.65241e-12
0.072 -7.33129e-08 -7.58321e-12
0.073 -8.17083e-08 -9.74173e-12
0.074 -9.10184e-08 -1.21864e-11
0.075 -1.01337e-07 -1.50979e-11
0.076 -1.12768e-07 -1.86665e-11
0.077 -1.25423e-07 -2.2977e-11
0.078 -1.39427e-07 -2.79998e-11
0.079 -1.54915e-07 -3.36961e-11
0.08 -1.72034e-07 -4.01321e-11
0.081 -1.90948e-07 -4.74961e-11
0.082 -2.11831e-07 -5.60087e-11
0.083 -2.34877e-07 -6.58209e-11
0.084 -2.60297e-07 -7.70057e-11
0.085 -2.8832e-07 -8.9649e-11
0.086 -3.19194e-07 -1.03949e-10
0.087 -3.53193e-07 -1.20226e-10
0.088 -3.90611e-07 -1.38843e-10
0.089 -4.31771e-07 -1.60117e-10
0.09 -4.77021e-07 -1.84325e-10
0.091 -5.26742e-07 -2.11787e-10
0.092 -5.81346e-07 -2.42961e-10
0.093 -6.41278e-07 -2.78435e-10
0.094 -7.07023e-07 -3.18853e-10
0.095 -7.79106e-07 -3.64855e-10
0.096 -8.58094e-07 -4.17094e-10
0.097 -9.446e-07 -4.76333e-10
0.098 -1.03929e-06 -5.43514e-10
0.099 -1.14288e-06 -6.19752e-10
0.1 -1.25614e-06 -7.06263e-10
0.101 -1.37992e-06 -8.04333e-10
0.102 -1.5151e-06 -9.15362e-10
0.103 -1.66266e-06 -1.04096e-09
0.104 -1.82365e-06 -1.18302e-09
0.105 -1.99919e-06 -1.34369e-09
0.106 -2.19048e-06 -1.52532e-09
0.107 -2.39883e-06 -1.73048e-09
0.108 -2.62563e-06 -1.96202e-09
0.109 -2.87239e-06 -2.22319e-09
0.11 -3.14069e-06 -2.51769e-09
0.111 -3.43227e-06 -2.84965e-09
0.112 -3.74896e-06 -3.22363e-09
0.113 -4.09274e-06 -3.64467e-09
0.114 -4.46571e-06 -4.11837e-09
0.115 -4.87012e-06 -4.65107e-09
0.116 -5.30839e-06 -5.24985e-09
0.117 -5.78307e-06 -5.9226e-09
0.118 -6.2969e-06 -6.67802e-09
0.119 -6.8528e-06 -7.52577e-09
0.12 -7.45387e-06 -8.47659e-09
0.121 -8.10341e-06 -9.54248e-09
0.122 -8.80494e-06 -1.07368e-08
0.123 -9.56218e-06 -1.20743e-08
0.124 -1.03791e-05 -1.35713e-08
0.125 -1.12599e-05 -1.5246e-08
0.126 -1.2209e-05 -1.71183e-08
0.127 -1.32311e-05 -1.92106e-08
0.128 -1.43313e-05 -2.15474e-08
0.129 -1.55147e-05 -2.4156e-08
0.13 -1.67871e-05 -2.70664e-08
0.131 -1.81542e-05 -3.03116e-08
0.132 -1.96222e-05 -3.39284e-08
0.133 -2.11978e-05 -3.79571e-08
0.134 -2.28877e-05 -4.24423e-08
0.135 -2.46994e-05 -4.74329e-08
0.136 -2.66403e-05 -5.2983e-08
0.137 -2.87184e-05 -5.91519e-08
0.138 -3.09423e-05 -6.60049e-08
0.139 -3.33206e-05 -7.36138e-08
0.14 -3.58627e-05 -8.20576e-08
0.141 -3.85783e-05 -9.14227e-08
0.142 -4.14773e-05 -1.01804e-07
0.143 -4.45704e-05 -1.13305e-07
0.144 -4.78686e-05 -1.26041e-07
0.145 -5.13835e-05 -1.40136e-07
0.146 -5.51269e-05 -1.55727e-07
0.147 -5.91114e-05 -1.72963e-07
0.148 -6.335e-05 -1.92007e-07
0.149 -6.78561e-05 -2.13037e-07
0.15 -7.26437e-05 -2.36249e-07
0.151 -7.77273e-05 -2.61855e-07
0.152 -8.31219e-05 -2.90086e-07
0.153 -8.8843e-05 -3.21194e-07
0.154 -9.49068e-05 -3.55454e-07
0.155 -0.00010133 -3.93164e-07
0.156 -0.000108129 -4.3465e-07
0.157 -0.000115322 -4.80265e-07
0.158 -0.000122926 -5.30391e-07
0.159 -0.000130962 -5.85446e-07
0.16 -0.000139446 -6.4588e-07
0.161 -0.0001484 -7.12182e-07
0.162 -0.000157842 -7.84883e-07
0.163 -0.000167794 -8.64557e-07
0.164 -0.000178276 -9.51823e-07
0.165 -0.000189309 -1.04735e-06
0.166 -0.000200915 -1.15187e-06
0.167 -0.000213115 -1.26616e-06
0.168 -0.000225933 -1.39107e-06
0.169 -0.000239389 -1.5275e-06
0.17 -0.000253507 -1.67643e-06
0.171 -0.00026831 -1.83893e-06
0.172 -0.000283819 -2.01614e-06
0.173 -0.00030006 -2.20926e-06
0.174 -0.000317054 -2.41962e-06
0.175 -0.000334824 -2.64862e-06
0.176 -0.000353393 -2.89778e-06
0.177 -0.000372784 -3.16872e-06
0.178 -0.00039302 -3.46319e-06
0.179 -0.000414122 -3.78304e-06
0.18 -0.000436113 -4.13026e-06
0.181 -0.000459013 -4.50699e-06
0.182 -0.000482844 -4.91551e-06
0.183 -0.000507626 -5.35824e-06
0.184 -0.000533378 -5.83778e-06
0.185 -0.000560119 -6.3569e-06
0.186 -0.000587867 -6.91855e-06
0.187 -0.000616638 -7.52586e-06
0.188 -0.000646448 -8.18217e-06
0.189 -0.000677312 -8.89103e-06
0.19 -0.000709243 -9.65621e-06
0.191 -0.000742253 -1.04817e-05
0.192 -0.000776351 -1.13718e-05
0.193 -0.000811547 -1.2331e-05
0.194 -0.000847847 -1.33639e-05
0.195 -0.000885256 -1.44758e-05
0.196 -0.000923778 -1.56719e-05
0.197 -0.000963413 -1.69578e-05
0.198 -0.00100416 -1.83395e-05
0.199 -0.00104601 -1.98233e-05
0.2 -0.00108897 -2.14158e-05
0.201 -0.00113302 -2.31239e-05
0.202 -0.00117815 -2.4955e-05
0.203 -0.00122436 -2.69167e-05
0.204 -0.00127161 -2.90172e-05
0.205 -0.00131989 -3.1265e-05
0.206 -0.00136919 -3.36689e-05
0.207 -0.00141946 -3.62383e-05
0.208 -0.00147069 -3.8983e-05
0.209 -0.00152284 -4.19131e-05
0.21 -0.00157588 -4.50394e-05
0.211 -0.00162976 -4.83729e-05
0.212 -0.00168444 -5.19253e-05
0.213 -0.00173988 -5.57086e-05
0.214 -0.00179603 -5.97355e-05
0.215 -0.00185283 -6.40191e-05
0.216 -0.00191022 -6.85729e-05
0.217 -0.00196815 -7.3411e-05
0.218 -0.00202654 -7.85481e-05
0.219 -0.00208533 -8.39994e-05
0.22 -0.00214446 -8.97803e-05
0.221 -0.00220383 -9.59072e-05
0.222 -0.00226338 -0.000102397
0.223 -0.00232301 -0.000109266
0.224 -0.00238265 -0.000116533
0.225 -0.00244221 -0.000124215
0.226 -0.00250158 -0.000132332
0.227 -0.00256068 -0.000140903
0.228 -0.0026194 -0.000149947
0.229 -0.00267764 -0.000159484
0.23 -0.0027353 -0.000169534
0.231 -0.00279227 -0.00018012
0.232 -0.00284844 -0.000191261
0.233 -0.00290369 -0.00020298
0.234 -0.00295791 -0.000215298
0.235 -0.00301099 -0.000228238
0.236 -0.00306281 -0.000241822
0.237 -0.00311324 -0.000256073
0.238 -0.00316217 -0.000271014
0.239 -0.00320947 -0.000286667
0.24 -0.00325503 -0.000303056
0.241 -0.00329872 -0.000320203
0.242 -0.00334042 -0.000338133
0.243 -0.00338 -0.000356867
0.244 -0.00341735 -0.000376428
0.245 -0.00345234 -0.000396838
0.246 -0.00348486 -0.000418121
0.247 -0.00351479 -0.000440297
0.248 -0.00354201 -0.000463387
0.249 -0.00356641 -0.000487414
0.25 -0.00358788 -0.000512395
0.251 -0.00360631 -0.000538352
0.252 -0.0036216 -0.000565302
0.253 -0.00363364 -0.000593263
0.254 -0.00364235 -0.000622251
0.255 -0.00364762 -0.000652283
0.256 -0.00364936 -0.000683371
0.257 -0.00364751 -0.000715529
0.258 -0.00364198 -0.000748769
0.259 -0.00363269 -0.000783099
0.26 -0.00361959 -0.000818529
0.261 -0.00360261 -0.000855065
0.262 -0.0035817 -0.000892711
0.263 -0.00355682 -0.00093147
0.264 -0.00352792 -0.000971342
0.265 -0.00349497 -0.00101233
0.266 -0.00345796 -0.00105442
0.267 -0.00341685 -0.00109761
0.268 -0.00337165 -0.00114189
0.269 -0.00332236 -0.00118725
0.27 -0.00326897 -0.00123367
0.271 -0.00321151 -0.00128115
0.272 -0.00315 -0.00132965
0.273 -0.00308447 -0.00137915
0.274 -0.00301496 -0.00142962
0.275 -0.00294153 -0.00148104
0.276 -0.00286422 -0.00153338
0.277 -0.00278312 -0.00158659
0.278 -0.00269828 -0.00164063
0.279 -0.00260979 -0.00169547
0.28 -0.00251775 -0.00175105
0.281 -0.00242226 -0.00180732
0.282 -0.00232341 -0.00186422
0.283 -0.00222133 -0.00192171
0.284 -0.00211614 -0.00197972
0.285 -0.00200796 -0.00203817
0.286 -0.00189694 -0.00209701
0.287 -0.00178321 -0.00215616
0.288 -0.00166693 -0.00221553
0.289 -0.00154825 -0.00227506
0.29 -0.00142734 -0.00233466
0.291 -0.00130435 -0.00239424
0.292 -0.00117947 -0.0024537
0.293 -0.00105286 -0.00251296
0.294 -0.000924712 -0.00257192
0.295 -0.000795207 -0.00263048
0.296 -0.000664533 -0.00268853
0.297 -0.00053288 -0.00274598
0.298 -0.000400442 -0.0028027
0.299 -0.000267412 -0.00285859
0.3 -0.000133989 -0.00291354
0.301 -3.67329e-07 -0.00296743
0.302 0.000133253 -0.00302015
0.303 0.000266675 -0.00307157
0.304 0.000399702 -0.00312158
0.305 0.000532137 -0.00317006
0.306 0.000663784 -0.00321688
0.307 0.000794452 -0.00326192
0.308 0.00092395 -0.00330507
0.309 0.00105209 -0.00334619
0.31 0.00117869 -0.00338518
0.311 0.00130356 -0.00342189
0.312 0.00142654 -0.00345623
0.313 0.00154744 -0.00348806
0.314 0.00166611 -0.00351728
0.315 0.00178238 -0.00354376
0.316 0.00189609 -0.0035674
0.317 0.0020071 -0.00358808
0.318 0.00211527 -0.0036057
0.319 0.00222045 -0.00362016
0.32 0.00232252 -0.00363135
0.321 0.00242135 -0.00363918
0.322 0.00251684 -0.00364357
0.323 0.00260887 -0.00364442
0.324 0.00269734 -0.00364165
0.325 0.00278217 -0.00363519
0.326 0.00286328 -0.00362497
0.327 0.00294058 -0.00361093
0.328 0.00301401 -0.00359301
0.329 0.00308352 -0.00357115
0.33 0.00314905 -0.00354531
0.331 0.00321057 -0.00351547
0.332 0.00326804 -0.00348158
0.333 0.00332144 -0.00344363
0.334 0.00337075 -0.00340159
0.335 0.00341597 -0.00335548
0.336 0.0034571 -0.00330527
0.337 0.00349415 -0.003251
0.338 0.00352713 -0.00319267
0.339 0.00355607 -0.00313031
0.34 0.003581 -0.00306395
0.341 0.00360197 -0.00299365
0.342 0.00361901 -0.00291944
0.343 0.00363217 -0.00284139
0.344 0.00364153 -0.00275957
0.345 0.00364715 -0.00267406
0.346 0.00364909 -0.00258494
0.347 0.00364744 -0.0024923
0.348 0.00364228 -0.00239624
0.349 0.00363369 -0.00229688
0.35 0.00362177 -0.00219432
0.351 0.00360662 -0.0020887
0.352 0.00358833 -0.00198014
0.353 0.00356702 -0.00186879
0.354 0.00354278 -0.00175478
0.355 0.00351573 -0.00163826
0.356 0.00348599 -0.0015194
0.357 0.00345367 -0.00139835
0.358 0.00341888 -0.00127529
0.359 0.00338175 -0.00115038
0.36 0.00334239 -0.0010238
0.361 0.00330093 -0.000895732
0.362 0.00325749 -0.000766362
0.363 0.00321219 -0.000635875
0.364 0.00316516 -0.000504462
0.365 0.00311651 -0.000372315
0.366 0.00306637 -0.000239628
0.367 0.00301485 -0.000106597
0.368 0.00296209 2.65812e-05
0.369 0.00290818 0.000159711
0.37 0.00285326 0.000292596
0.371 0.00279743 0.00042504
0.372 0.0027408 0.000556849
0.373 0.0026835 0.000687828
0.374 0.00262561 0.000817788
0.375 0.00256726 0.00094654
0.376 0.00250853 0.0010739
0.377 0.00244953 0.00119968
0.378 0.00239035 0.00132371
0.379 0.00233109 0.00144581
0.38 0.00227184 0.00156581
0.381 0.00221267 0.00168356
0.382 0.00215367 0.00179888
0.383 0.00209493 0.00191163
0.384 0.00203651 0.00202166
0.385 0.00197849 0.00212883
0.386 0.00192093 0.002233
0.387 0.00186389 0.00233406
0.388 0.00180744 0.00243187
0.389 0.00175164 0.00252634
0.39 0.00169652 0.00261735
0.391 0.00164216 0.00270481
0.392 0.00158858 0.00278863
0.393 0.00153583 0.00286872
0.394 0.00148395 0.00294503
0.395 0.00143297 0.00301748
0.396 0.00138292 0.00308602
0.397 0.00133384 0.0031506
0.398 0.00128574 0.00321119
0.399 0.00123865 0.00326775
0.4 0.00119258 0.00332026
0.401 0.00114756 0.00336871
0.402 0.00110359 0.00341309
0.403 0.00106068 0.00345341
0.404 0.00101885 0.00348967
0.405 0.000978087 0.0035219
0.406 0.000938408 0.00355011
0.407 0.000899808 0.00357435
0.408 0.000862286 0.00359466
0.409 0.000825837 0.00361107
0.41 0.000790457 0.00362364
0.411 0.000756138 0.00363244
0.412 0.00072287 0.00363753
0.413 0.000690643 0.00363898
0.414 0.000659445 0.00363687
0.415 0.000629263 0.00363127
0.416 0.000600082 0.00362229
0.417 0.000571887 0.00361001
0.418 0.000544662 0.00359453
0.419 0.000518388 0.00357594
0.42 0.000493049 0.00355436
0.421 0.000468624 0.00352988
0.422 0.000445096 0.00350262
0.423 0.000422443 0.00347269
0.424 0.000400646 0.00344021
0.425 0.000379684 0.00340528
0.426 0.000359537 0.00336804
0.427 0.000340183 0.00332859
0.428 0.000321602 0.00328707
0.429 0.000303772 0.00324358
0.43 0.000286673 0.00319825
0.431 0.000270283 0.0031512
0.432 0.000254582 0.00310256
0.433 0.000239549 0.00305243
0.434 0.000225164 0.00300094
0.435 0.000211406 0.00294822
0.436 0.000198256 0.00289436
0.437 0.000185694 0.0028395
0.438 0.0001737 0.00278373
0.439 0.000162257 0.00272718
0.44 0.000151346 0.00266995
0.441 0.000140949 0.00261215
0.442 0.000131047 0.00255387
0.443 0.000121625 0.00249523
0.444 0.000112666 0.00243632
0.445 0.000104152 0.00237723
0.446 9.60692e-05 0.00231806
0.447 8.84014e-05 0.00225889
0.448 8.11339e-05 0.00219981
0.449 7.42523e-05 0.0021409
0.45 6.77426e-05 0.00208223
0.451 6.15914e-05 0.00202389
0.452 5.57853e-05 0.00196594
0.453 5.03118e-05 0.00190846
0.454 4.51586e-05 0.00185149
0.455 4.03137e-05 0.00179511
0.456 3.57656e-05 0.00173937
0.457 3.15031e-05 0.00168433
0.458 2.75154e-05 0.00163002
0.459 2.3792e-05 0.0015765
0.46 2.03228e-05 0.00152381
0.461 1.70978e-05 0.00147199
0.462 1.41075e-05 0.00142107
0.463 1.13425e-05 0.00137109
0.464 8.79392e-06 0.00132207
0.465 6.45282e-06 0.00127403
0.466 4.31068e-06 0.00122701
0.467 2.35915e-06 0.00118102
0.468 5.90081e-07 0.00113607
0.469 -1.00446e-06 0.00109219
0.47 -2.43223e-06 0.00104937
0.471 -3.70082e-06 0.00100763
0.472 -4.81764e-06 0.000966982
0.473 -5.78995e-06 0.000927418
0.474 -6.62487e-06 0.000888944
0.475 -7.32935e-06 0.000851557
0.476 -7.91023e-06 0.000815256
0.477 -8.3742e-06 0.000780035
0.478 -8.72784e-06 0.000745888
0.479 -8.97758e-06 0.000712806
0.48 -9.12975e-06 0.00068078
0.481 -9.19054e-06 0.000649797
0.482 -9.16604e-06 0.000619845
0.483 -9.0622e-06 0.00059091
0.484 -8.88486e-06 0.000562977
0.485 -8.63973e-06 0.000536029
0.486 -8.33242e-06 0.00051005
0.487 -7.96838e-06 0.000485021
0.488 -7.55295e-06 0.000460923
0.489 -7.09135e-06 0.000437738
0.49 -6.58865e-06 0.000415444
0.491 -6.04976e-06 0.000394022
0.492 -5.4795e-06 0.000373451
0.493 -4.8825e-06 0.00035371
0.494 -4.26326e-06 0.000334777
0.495 -3.6261e-06 0.00031663
0.496 -2.97522e-06 0.000299248
0.497 -2.31463e-06 0.000282609
0.498 -1.64818e-06 0.000266691
0.499 -9.79533e-07 0.000251472
0.5 -3.12207e-07 0.000236931
0.501 3.50477e-07 0.000223046
0.502 1.00537e-06 0.000209797
0.503 1.64952e-06 0.000197161
0.504 2.28015e-06 0.000185118
0.505 2.89467e-06 0.000173648
0.506 3.49067e-06 0.00016273
0.507 4.06594e-06 0.000152345
0.508 4.61847e-06 0.000142474
0.509 5.14641e-06 0.000133096
0.51 5.64813e-06 0.000124194
0.511 6.12216e-06 0.00011575
0.512 6.56722e-06 0.000107746
0.513 6.98223e-06 0.000100164
0.514 7.36628e-06 9.29883e-05
0.515 7.71861e-06 8.62018e-05
0.516 8.03868e-06 7.97889e-05
0.517 8.32607e-06 7.37342e-05
0.518 8.58056e-06 6.80228e-05
0.519 8.80206e-06 6.26402e-05
0.52 8.99064e-06 5.75724e-05
0.521 9.14653e-06 5.28059e-05
0.522 9.27006e-06 4.83275e-05
0.523 9.36174e-06 4.41247e-05
0.524 9.42216e-06 4.01852e-05
0.525 9.45205e-06 3.64972e-05
0.526 9.45225e-06 3.30493e-05
0.527 9.42368e-06 2.98306e-05
0.528 9.36737e-06 2.68304e-05
0.529 9.28444e-06 2.40385e-05
0.53 9.17606e-06 2.14451e-05
0.531 9.04349e-06 1.90407e-05
0.532 8.88804e-06 1.68162e-05
0.533 8.71108e-06 1.47628e-05
0.534 8.51401e-06 1.28719e-05
0.535 8.29827e-06 1.11355e-05
0.536 8.06533e-06 9.54551e-06
0.537 7.81668e-06 8.09448e-06
0.538 7.55381e-06 6.77507e-06
0.539 7.27822e-06 5.58021e-06
0.54 6.99142e-06 4.50312e-06
0.541 6.69489e-06 3.53724e-06
0.542 6.39011e-06 2.67624e-06
0.543 6.07853e-06 1.91405e-06
0.544 5.76157e-06 1.24478e-06
0.545 5.44061e-06 6.62773e-07
0.546 5.11702e-06 1.62566e-07
0.547 4.7921e-06 -2.61107e-07
0.548 4.46711e-06 -6.13326e-07
0.549 4.14326e-06 -8.98984e-07
0.55 3.8217e-06 -1.1228e-06
0.551 3.50354e-06 -1.28933e-06
0.552 3.18981e-06 -1.40294e-06
0.553 2.88148e-06 -1.46785e-06
0.554 2.57948e-06 -1.48813e-06
0.555 2.28463e-06 -1.46768e-06
0.556 1.99773e-06 -1.41025e-06
0.557 1.71948e-06 -1.31944e-06
0.558 1.45053e-06 -1.19872e-06
0.559 1.19145e-06 -1.05139e-06
0.56 9.42756e-07 -8.80628e-07
0.561 7.04882e-07 -6.89466e-07
0.562 4.78208e-07 -4.80799e-07
0.563 2.63046e-07 -2.57385e-07
0.564 5.96435e-08 -2.18478e-08
0.565 -1.31811e-07 2.23323e-07
0.566 -3.11191e-07 4.75767e-07
0.567 -4.78424e-07 7.33258e-07
0.568 -6.33495e-07 9.93695e-07
0.569 -7.76441e-07 1.25511e-06
0.57 -9.07348e-07 1.51565e-06
0.571 -1.02635e-06 1.77359e-06
0.572 -1.13362e-06 2.02735e-06
0.573 -1.22939e-06 2.27544e-06
0.574 -1.3139e-06 2.5165e-06
0.575 -1.38746e-06 2.74929e-06
0.576 -1.45039e-06 2.97269e-06
0.577 -1.50303e-06 3.18568e-06
0.578 -1.54578e-06 3.38736e-06
0.579 -1.57904e-06 3.57695e-06
0.58 -1.60323e-06 3.75374e-06
0.581 -1.61879e-06 3.91715e-06
0.582 -1.62617e-06 4.06669e-06
0.583 -1.62586e-06 4.20198e-06
0.584 -1.61831e-06 4.32271e-06
0.585 -1.60402e-06 4.42867e-06
0.586 -1.58347e-06 4.51973e-06
0.587 -1.55714e-06 4.59587e-06
0.588 -1.52553e-06 4.6571e-06
0.589 -1.48911e-06 4.70353e-06
0.59 -1.44837e-06 4.73536e-06
0.591 -1.40378e-06 4.7528e-06
0.592 -1.35578e-06 4.75618e-06
0.593 -1.30485e-06 4.74585e-06
0.594 -1.25141e-06 4.72223e-06
0.595 -1.19588e-06 4.68576e-06
0.596 -1.13869e-06 4.63697e-06
0.597 -1.08022e-06 4.57638e-06
0.598 -1.02085e-06 4.50459e-06
0.599 -9.60934e-07 4.42219e-06
0.6 -9.00816e-07 4.32983e-06
0.601 -8.40816e-07 4.22815e-06
0.602 -7.81234e-07 4.11784e-06
0.603 -7.22351e-07 3.99958e-06
0.604 -6.64428e-07 3.87407e-06
0.605 -6.07702e-07 3.74201e-06
0.606 -5.52394e-07 3.60412e-06
0.607 -4.98702e-07 3.46109e-06
0.608 -4.46803e-07 3.31364e-06
0.609 -3.96855e-07 3.16245e-06
0.61 -3.48996e-07 3.00821e-06
0.611 -3.03344e-07 2.85159e-06
0.612 -2.59997e-07 2.69325e-06
0.613 -2.19038e-07 2.53383e-06
0.614 -1.80528e-07 2.37394e-06
0.615 -1.44513e-07 2.21417e-06
0.616 -1.11022e-07 2.05511e-06
0.617 -8.0069e-08 1.89728e-06
0.618 -5.16517e-08 1.74122e-06
0.619 -2.57545e-08 1.58741e-06
0.62 -2.34801e-09 1.43631e-06
0.621 1.86096e-08 1.28834e-06
0.622 3.71716e-08 1.14392e-06
0.623 5.34018e-08 1.00339e-06
0.624 6.73735e-08 8.67108e-07
0.625 7.91689e-08 7.35364e-07
0.626 8.88786e-08 6.08432e-07
0.627 9.65998e-08 4.86551e-07
0.628 1.02436e-07 3.69928e-07
0.629 1.06495e-07 2.58739e-07
0.63 1.0889e-07 1.53132e-07
0.631 1.09737e-07 5.32213e-08
0.632 1.09155e-07 -4.09047e-08
0.633 1.07264e-07 -1.29187e-07
0.634 1.04187e-07 -2.11593e-07
0.635 1.00044e-07 -2.88116e-07
0.636 9.49575e-08 -3.58775e-07
0.637 8.90468e-08 -4.23611e-07
0.638 8.24306e-08 -4.82688e-07
0.639 7.52249e-08 -5.36091e-07
0.64 6.75423e-08 -5.83924e-07
0.641 5.94923e-08 -6.2631e-07
0.642 5.11799e-08 -6.63389e-07
0.643 4.27064e-08 -6.95314e-07
0.644 3.41675e-08 -7.22254e-07
0.645 2.56543e-08 -7.44389e-07
0.646 1.72518e-08 -7.61912e-07
0.647 9.03972e-09 -7.75024e-07
0.648 1.09167e-09 -7.83935e-07
0.649 -6.52486e-09 -7.88862e-07
0.65 -1.37489e-08 -7.90027e-07
0.651 -2.05259e-08 -7.87656e-07
0.652 -2.68079e-08 -7.81979e-07
0.653 -3.25529e-08 -7.73228e-07
0.654 -3.77254e-08 -7.61634e-07
0.655 -4.22963e-08 -7.4743e-07
0.656 -4.62431e-08 -7.30847e-07
0.657 -4.95495e-08 -7.12113e-07
0.658 -5.22048e-08 -6.91454e-07
0.659 -5.4204e-08 -6.69089e-07
0.66 -5.55472e-08 -6.45236e-07
0.661 -5.62404e-08 -6.20105e-07
0.662 -5.62946e-08 -5.93899e-07
0.663 -5.57258e-08 -5.66817e-07
0.664 -5.45538e-08 -5.39047e-07
0.665 -5.28024e-08 -5.10773e-07
0.666 -5.04989e-08 -4.82168e-07
0.667 -4.76746e-08 -4.53396e-07
0.668 -4.43639e-08 -4.24614e-07
0.669 -4.06039e-08 -3.95967e-07
0.67 -3.64333e-08 -3.67594e-07
0.671 -3.18929e-08 -3.39621e-07
0.672 -2.70249e-08 -3.12166e-07
0.673 -2.1873e-08 -2.85338e-07
0.674 -1.6482e-08 -2.59234e-07
0.675 -1.08969e-08 -2.33943e-07
0.676 -5.16242e-09 -2.09544e-07
0.677 6.76821e-10 -1.86107e-07
0.678 6.57664e-09 -1.63691e-07
0.679 1.24934e-08 -1.42348e-07
0.68 1.83845e-08 -1.22119e-07
0.681 2.42091e-08 -1.0304e-07
0.682 2.99279e-08 -8.51341e-08
0.683 3.55036e-08 -6.84196e-08
0.684 4.09007e-08 -5.29058e-08
0.685 4.60856e-08 -3.85953e-08
0.686 5.10274e-08 -2.54836e-08
0.687 5.56977e-08 -1.35596e-08
0.688 6.0071e-08 -2.80625e-09
0.689 6.41244e-08 6.79919e-09
0.69 6.78375e-08 1.52847e-08
0.691 7.11928e-08 2.2683e-08
0.692 7.41758e-08 2.90313e-08
0.693 7.6775e-08 3.43707e-08
0.694 7.89818e-08 3.87459e-08
0.695 8.07902e-08 4.22047e-08
0.696 8.21968e-08 4.47975e-08
0.697 8.32011e-08 4.6577e-08
0.698 8.38055e-08 4.75974e-08
0.699 8.4015e-08 4.79145e-08
0.7 8.38368e-08 4.75851e-08
0.701 8.32798e-08 4.66666e-08
0.702 8.23555e-08 4.52169e-08
0.703 8.10771e-08 4.32935e-08
0.704 7.94601e-08 4.09534e-08
0.705 7.75219e-08 3.82531e-08
0.706 7.52811e-08 3.52477e-08
0.707 7.27572e-08 3.19913e-08
0.708 6.99712e-08 2.85364e-08
0.709 6.69448e-08 2.49337e-08
0.71 6.37008e-08 2.12316e-08
0.711 6.02625e-08 1.74764e-08
0.712 5.66536e-08 1.37117e-08
0.713 5.28979e-08 9.97885e-09
0.714 4.90198e-08 6.31637e-09
0.715 4.50433e-08 2.75999e-09
0.716 4.09926e-08 -6.57588e-10
0.717 3.68911e-08 -3.90672e-09
0.718 3.27616e-08 -6.9608e-09
0.719 2.86262e-08 -9.79627e-09
0.72 2.45064e-08 -1.23925e-08
0.721 2.04232e-08 -1.47321e-08
0.722 1.63966e-08 -1.68005e-08
0.723 1.24453e-08 -1.85864e-08
0.724 8.58711e-09 -2.00814e-08
0.725 4.83823e-09 -2.12799e-08
0.726 1.21381e-09 -2.2179e-08
0.727 -2.27216e-09 -2.27783e-08
0.728 -5.60695e-09 -2.30803e-08
0.729 -8.77921e-09 -2.30895e-08
0.73 -1.17791e-08 -2.28131e-08
0.731 -1.45981e-08 -2.22602e-08
0.732 -1.72293e-08 -2.14418e-08
0.733 -1.96669e-08 -2.03707e-08
0.734 -2.19062e-08 -1.90613e-08
0.735 -2.39439e-08 -1.75293e-08
0.736 -2.57779e-08 -1.57919e-08
0.737 -2.74075e-08 -1.38674e-08
0.738 -2.88331e-08 -1.17749e-08
0.739 -3.00564e-08 -9.53413e-09
0.74 -3.10801e-08 -7.16543e-09
0.741 -3.19075e-08 -4.6895e-09
0.742 -3.25431e-08 -2.12732e-09
0.743 -3.29922e-08 5.00079e-10
0.744 -3.3261e-08 3.17179e-09
0.745 -3.33563e-08 5.86721e-09
0.746 -3.32855e-08 8.56619e-09
0.747 -3.30565e-08 1.12491e-08
0.748 -3.26777e-08 1.38968e-08
0.749 -3.21578e-08 1.64911e-08
0.75 -3.15062e-08 1.90145e-08
0.751 -3.07323e-08 2.14508e-08
0.752 -2.98458e-08 2.37847e-08
0.753 -2.88566e-08 2.60022e-08
0.754 -2.77743e-08 2.80902e-08
0.755 -2.6609e-08 3.00369e-08
0.756 -2.53705e-08 3.18318e-08
0.757 -2.40684e-08 3.34659e-08
0.758 -2.27123e-08 3.49314e-08
0.759 -2.13113e-08 3.6222e-08
0.76 -1.98748e-08 3.7333e-08
0.761 -1.84115e-08 3.82605e-08
0.762 -1.69302e-08 3.90022e-08
0.763 -1.54389e-08 3.95569e-08
0.764 -1.39454e-08 3.99246e-08
0.765 -1.2457e-08 4.01069e-08
0.766 -1.0981e-08 4.01063e-08
0.767 -9.52404e-09 3.99266e-08
0.768 -8.09254e-09 3.95726e-08
0.769 -6.69208e-09 3.90502e-08
0.77 -5.32782e-09 3.8366e-08
0.771 -4.00457e-09 3.75273e-08
0.772 -2.72684e-09 3.65421e-08
0.773 -1.49875e-09 3.54193e-08
0.774 -3.23884e-10 3.41682e-08
0.775 7.94781e-10 3.27991e-08
0.776 1.85471e-09 3.13222e-08
0.777 2.85366e-09 2.97485e-08
0.778 3.78968e-09 2.80888e-08
0.779 4.66111e-09 2.63543e-08
0.78 5.46681e-09 2.4556e-08
0.781 6.20606e-09 2.27052e-08
0.782 6.87854e-09 2.08131e-08
0.783 7.48424e-09 1.88906e-08
0.784 8.02332e-09 1.69486e-08
0.785 8.49624e-09 1.49977e-08
0.786 8.90375e-09 1.30483e-08
0.787 9.2469e-09 1.11102e-08
0.788 9.52702e-09 9.19283e-09
0.789 9.74572e-09 7.30523e-09
0.79 9.90474e-09 5.45594e-09
0.791 1.0006e-08 3.65301e-09
0.792 1.00515e-08 1.90388e-09
0.793 1.00434e-08 2.15307e-10
0.794 9.98398e-09 -1.40664e-09
0.795 9.87583e-09 -2.95645e-09
0.796 9.72164e-09 -4.4291e-09
0.797 9.52417e-09 -5.82006e-09
0.798 9.28613e-09 -7.12548e-09
0.799 9.01025e-09 -8.34225e-09
0.8 8.69938e-09 -9.46802e-09
0.801 8.35654e-09 -1.05011e-08
0.802 7.98483e-09 -1.14401e-08
0.803 7.58731e-09 -1.22842e-08
0.804 7.16691e-09 -1.30333e-08
0.805 6.7265e-09 -1.36876e-08
0.806 6.26901e-09 -1.42482e-08
0.807 5.79747e-09 -1.47164e-08
0.808 5.31491e-09 -1.50941e-08
0.809 4.82422e-09 -1.53832e-08
0.81 4.32807e-09 -1.55862e-08
0.811 3.82901e-09 -1.57058e-08
0.812 3.32966e-09 -1.57455e-08
0.813 2.83272e-09 -1.57087e-08
0.814 2.34084e-09 -1.55991e-08
0.815 1.85646e-09 -1.54206e-08
0.816 1.38172e-09 -1.51773e-08
0.817 9.1857e-10 -1.48733e-08
0.818 4.68918e-10 -1.45131e-08
0.819 3.4681e-11 -1.41011e-08
0.82 -3.82246e-10 -1.36418e-08
0.821 -7.80098e-10 -1.31395e-08
0.822 -1.15732e-09 -1.25987e-08
0.823 -1.51261e-09 -1.2024e-08
0.824 -1.84485e-09 -1.14198e-08
0.825 -2.15312e-09 -1.07903e-08
0.826 -2.43665e-09 -1.01397e-08
0.827 -2.69477e-09 -9.4723e-09
0.828 -2.92688e-09 -8.792e-09
0.829 -3.13244e-09 -8.10283e-09
0.83 -3.31111e-09 -7.40854e-09
0.831 -3.46273e-09 -6.71267e-09
0.832 -3.5874e-09 -6.01853e-09
0.833 -3.68543e-09 -5.32931e-09
0.834 -3.75725e-09 -4.64809e-09
0.835 -3.80338e-09 -3.9778e-09
0.836 -3.82444e-09 -3.32109e-09
0.837 -3.82111e-09 -2.68036e-09
0.838 -3.79419e-09 -2.05777e-09
0.839 -3.74456e-09 -1.45535e-09
0.84 -3.67325e-09 -8.7504e-10
0.841 -3.58147e-09 -3.18609e-10
0.842 -3.47053e-09 2.12408e-10
0.843 -3.34185e-09 7.16749e-10
0.844 -3.19681e-09 1.19337e-09
0.845 -3.03681e-09 1.64138e-09
0.846 -2.86328e-09 2.05997e-09
0.847 -2.67781e-09 2.44845e-09
0.848 -2.48207e-09 2.80633e-09
0.849 -2.27772e-09 3.13335e-09
0.85 -2.06631e-09 3.42944e-09
0.851 -1.84929e-09 3.69468e-09
0.852 -1.62812e-09 3.92922e-09
0.853 -1.40436e-09 4.13329e-09
0.854 -1.17963e-09 4.30721e-09
0.855 -9.55559e-10 4.45143e-09
0.856 -7.33613e-10 4.56658e-09
0.857 -5.15126e-10 4.65341e-09
0.858 -3.01332e-10 4.71275e-09
0.859 -9.34156e-11 4.74549e-09
0.86 1.07487e-10 4.75254e-09
0.861 3.00308e-10 4.73489e-09
0.862 4.84062e-10 4.69362e-09
0.863 6.57841e-10 4.62994e-09
0.864 8.20832e-10 4.54511e-09
0.865 9.72351e-10 4.44042e-09
0.866 1.11185e-09 4.31713e-09
0.867 1.23889e-09 4.17655e-09
0.868 1.35305e-09 4.02005e-09
0.869 1.4539e-09 3.84909e-09
0.87 1.54115e-09 3.6651e-09
0.871 1.61474e-09 3.46948e-09
0.872 1.67486e-09 3.26356e-09
0.873 1.72178e-09 3.04867e-09
0.874 1.75572e-09 2.82625e-09
0.875 1.77679e-09 2.59782e-09
0.876 1.78515e-09 2.36491e-09
0.877 1.78119e-09 2.12893e-09
0.878 1.76557e-09 1.89111e-09
0.879 1.73904e-09 1.6526e-09
0.88 1.70222e-09 1.41454e-09
0.881 1.6556e-09 1.17818e-09
0.882 1.59968e-09 9.44823e-10
0.883 1.53523e-09 7.15776e-10
0.884 1.46322e-09 4.92198e-10
0.885 1.38464e-09 2.75085e-10
0.886 1.30032e-09 6.52961e-11
0.887 1.21091e-09 -1.36389e-10
0.888 1.1171e-09 -3.29217e-10
0.889 1.01976e-09 -5.1244e-10
0.89 9.19859e-10 -6.85329e-10
0.891 8.18307e-10 -8.47196e-10
0.892 7.15798e-10 -9.97432e-10
0.893 6.12904e-10 -1.13554e-09
0.894 5.10269e-10 -1.26118e-09
0.895 4.08689e-10 -1.3741e-09
0.896 3.08981e-10 -1.47417e-09
0.897 2.11796e-10 -1.56129e-09
0.898 1.17582e-10 -1.63542e-09
0.899 2.67265e-11 -1.69653e-09
0.9 -6.02724e-11 -1.74465e-09
0.901 -1.42824e-10 -1.77993e-09
0.902 -2.2043e-10 -1.80258e-09
0.903 -2.92842e-10 -1.81293e-09
0.904 -3.59998e-10 -1.81137e-09
0.905 -4.21812e-10 -1.7983e-09
0.906 -4.78032e-10 -1.7742e-09
0.907 -5.28333e-10 -1.73958e-09
0.908 -5.72555e-10 -1.69504e-09
0.909 -6.10822e-10 -1.64124e-09
0.91 -6.43405e-10 -1.57893e-09
0.911 -6.70466e-10 -1.50882e-09
0.912 -6.91945e-10 -1.4316e-09
0.913 -7.0771e-10 -1.3479e-09
0.914 -7.17828e-10 -1.2584e-09
0.915 -7.22666e-10 -1.16388e-09
0.916 -7.22723e-10 -1.06519e-09
0.917 -7.18364e-10 -9.63231e-10
0.918 -7.09719e-10 -8.5883e-10
0.919 -6.96849e-10 -7.52733e-10
0.92 -6.79984e-10 -6.45629e-10
0.921 -6.59601e-10 -5.38219e-10
0.922 -6.36256e-10 -4.3124e-10
0.923 -6.10356e-10 -3.25434e-10
0.924 -5.82101e-10 -2.21492e-10
0.925 -5.51638e-10 -1.20009e-10
0.926 -5.19256e-10 -2.15077e-11
0.927 -4.85413e-10 7.35177e-11
0.928 -4.50572e-10 1.64557e-10
0.929 -4.15028e-10 2.51087e-10
0.93 -3.789e-10 3.32613e-10
0.931 -3.42299e-10 4.08717e-10
0.932 -3.05494e-10 4.79089e-10
0.933 -2.68911e-10 5.43521e-10
0.934 -2.32972e-10 6.0187e-10
0.935 -1.97921e-10 6.54014e-10
0.936 -1.63797e-10 6.99824e-10
0.937 -1.30568e-10 7.39183e-10
0.938 -9.82835e-11 7.72029e-10
0.939 -6.71337e-11 7.98395e-10
0.94 -3.73831e-11 8.18403e-10
0.941 -9.2618e-12 8.32221e-10
0.942 1.71023e-11 8.39997e-10
0.943 4.16893e-11 8.41856e-10
0.944 6.45586e-11 8.37945e-10
0.945 8.58097e-11 8.285e-10
0.946 1.05532e-10 8.13868e-10
0.947 1.2375e-10 7.94452e-10
0.948 1.40394e-10 7.70631e-10
0.949 1.55346e-10 7.42727e-10
0.95 1.68533e-10 7.11041e-10
0.951 1.79998e-10 6.75921e-10
0.952 1.89898e-10 6.37792e-10
0.953 1.98403e-10 5.97114e-10
0.954 2.05612e-10 5.54308e-10
0.955 2.11546e-10 5.09727e-10
0.956 2.16212e-10 4.63686e-10
0.957 2.1967e-10 4.16531e-10
0.958 2.22023e-10 3.68665e-10
0.959 2.23354e-10 3.20513e-10
0.96 2.23691e-10 2.72464e-10
0.961 2.23043e-10 2.24842e-10
0.962 2.21474e-10 1.77929e-10
0.963 2.19116e-10 1.32006e-10
0.964 2.1611e-10 8.73634e-11
0.965 2.12523e-10 4.42804e-11
0.966 2.08349e-10 2.99094e-12
0.967 2.03593e-10 -3.63166e-11
0.968 1.98342e-10 -7.34773e-11
0.969 1.92735e-10 -1.08335e-10
0.97 1.86849e-10 -1.40754e-10
0.971 1.80623e-10 -1.70647e-10
0.972 1.73924e-10 -1.97968e-10
0.973 1.66702e-10 -2.22683e-10
0.974 1.59079e-10 -2.44728e-10
0.975 1.51284e-10 -2.64022e-10
0.976 1.4347e-10 -2.80519e-10
0.977 1.35603e-10 -2.9426e-10
0.978 1.27526e-10 -3.05364e-10
0.979 1.19134e-10 -3.13963e-10
0.98 1.10485e-10 -3.20136e-10
0.981 1.01743e-10 -3.23903e-10
0.982 9.30207e-11 -3.25295e-10
0.983 8.42834e-11 -3.24417e-10
0.984 7.54098e-11 -3.21469e-10
0.985 6.63368e-11 -3.16672e-10
0.986 5.71394e-11 -3.102e-10
0.987 4.79753e-11 -3.02159e-10
0.988 3.8964e-11 -2.92638e-10
0.989 3.01219e-11 -2.81772e-10
0.99 2.13998e-11 -2.69742e-10
0.991 1.2759e-11 -2.56723e-10
0.992 4.20294e-12 -2.42828e-10
0.993 -4.24572e-12 -2.28132e-10
0.994 -1.25669e-11 -2.1275e-10
0.995 -2.07255e-11 -1.96898e-10
0.996 -2.86475e-11 -1.8085e-10
0.997 -3.62413e-11 -1.64818e-10
0.998 -4.3459e-11 -1.48855e-10
0.999 -5.03249e-11 -1.32879e-10
1 -5.68807e-11 -1.1682e-10
