0.001 2.95518e-13 2.95518e-13 -1.82343e-16 -1.82343e-16 -1.51576e-21 -1.51576e-21
0.002 1.30132e-12 1.30132e-12 -4.77539e-16 -4.77539e-16 -1.81332e-19 -1.81332e-19
0.003 2.75117e-12 2.75117e-12 3.56802e-17 3.56802e-17 2.53508e-19 2.53508e-19
0.004 3.99986e-12 3.99986e-12 1.726e-15 1.726e-15 1.89046e-18 1.89046e-18
0.005 4.84917e-12 4.84917e-12 2.76381e-15 2.76381e-15 -1.10513e-18 -1.10513e-18
0.006 5.58941e-12 5.58941e-12 2.94415e-16 2.94415e-16 -1.14297e-17 -1.14297e-17
0.007 6.5651e-12 6.5651e-12 -6.20225e-15 -6.20225e-15 -4.43055e-18 -4.43055e-18
0.008 7.81346e-12 7.81346e-12 -1.27645e-14 -1.27645e-14 4.28645e-17 4.28645e-17
0.009 9.14969e-12 9.14969e-12 -1.30839e-14 -1.30839e-14 6.26065e-17 6.26065e-17
0.01 1.05037e-11 1.05037e-11 -3.84806e-15 -3.84806e-15 -7.39849e-17 -7.39849e-17
0.011 1.2054e-11 1.2054e-11 1.18731e-14 1.18731e-14 -2.90376e-16 -2.90376e-16
0.012 1.402e-11 1.402e-11 2.73549e-14 2.73549e-14 -1.48698e-16 -1.48698e-16
0.013 1.64124e-11 1.64124e-11 3.88104e-14 3.88104e-14 6.4849e-16 6.4849e-16
0.014 1.90636e-11 1.90636e-11 4.81393e-14 4.81394e-14 1.36009e-15 1.36009e-15
0.015 2.18779e-11 2.18779e-11 5.68111e-14 5.68111e-14 3.0726e-16 3.0726e-16
0.016 2.49774e-11 2.49774e-11 5.5875e-14 5.5875e-14 -3.09316e-15 -3.09316e-15
0.017 2.85825e-11 2.85825e-11 2.41629e-14 2.41628e-14 -5.9883e-15 -5.9883e-15
0.018 3.28053e-11 3.28053e-11 -5.88148e-14 -5.88149e-14 -2.97034e-15 -2.97034e-15
0.019 3.76199e-11 3.76199e-11 -1.93937e-13 -1.93937e-13 8.50056e-15 8.50056e-15
0.02 4.3018e-11 4.3018e-11 -3.55551e-13 -3.55551e-13 2.22932e-14 2.22932e-14
0.021 4.91279e-11 4.91279e-11 -5.0599e-13 -5.05989e-13 2.4418e-14 2.4418e-14
0.022 5.61482e-11 5.61482e-11 -6.20482e-13 -6.20482e-13 2.82998e-15 2.82998e-15
0.023 6.42058e-11 6.42058e-11 -6.9975e-13 -6.99751e-13 -4.03946e-14 -4.03946e-14
0.024 7.3332e-11 7.3332e-11 -7.58711e-13 -7.58712e-13 -8.52723e-14 -8.52723e-14
0.025 8.35843e-11 8.35843e-11 -8.03795e-13 -8.03794e-13 -1.03173e-13 -1.03173e-13
0.026 9.51495e-11 9.51495e-11 -8.23419e-13 -8.23416e-13 -7.27264e-14 -7.27264e-14
0.027 1.08304e-10 1.08304e-10 -8.02337e-13 -8.02333e-13 9.16837e-15 9.16837e-15
0.028 1.23297e-10 1.23297e-10 -7.44673e-13 -7.44675e-13 1.27583e-13 1.27583e-13
0.029 1.4031e-10 1.4031e-10 -6.80038e-13 -6.80051e-13 2.58375e-13 2.58375e-13
0.03 1.59533e-10 1.59533e-10 -6.43868e-13 -6.43888e-13 3.7919e-13 3.7919e-13
0.031 1.8124e-10 1.8124e-10 -6.49729e-13 -6.49742e-13 4.78813e-13 4.78813e-13
0.032 2.05789e-10 2.05789e-10 -6.79947e-13 -6.79939e-13 5.63278e-13 5.63278e-13
0.033 2.33557e-10 2.33557e-10 -7.03083e-13 -7.03056e-13 6.55351e-13 6.55351e-13
0.034 2.64925e-10 2.64925e-10 -7.01374e-13 -7.01352e-13 7.83398e-13 7.83398e-13
0.035 3.00324e-10 3.00324e-10 -6.83621e-13 -6.83635e-13 9.62465e-13 9.62465e-13
0.036 3.40277e-10 3.40277e-10 -6.74471e-13 -6.74524e-13 1.18088e-12 1.18088e-12
0.037 3.85388e-10 3.85388e-10 -6.92305e-13 -6.92363e-13 1.40706e-12 1.40706e-12
0.038 4.363e-10 4.363e-10 -7.35359e-13 -7.35372e-13 1.61675e-12 1.61675e-12
0.039 4.93689e-10 4.93689e-10 -7.85652e-13 -7.85599e-13 1.82083e-12 1.82083e-12
0.04 5.5831e-10 5.58309e-10 -8.25122e-13 -8.2504e-13 2.06827e-12 2.06827e-12
0.041 6.31021e-10 6.31021e-10 -8.50362e-13 -8.5032e-13 2.4166e-12 2.4166e-12
0.042 7.12782e-10 7.12782e-10 -8.74919e-13 -8.74975e-13 2.88995e-12 2.88995e-12
0.043 8.04653e-10 8.04654e-10 -9.1735e-13 -9.17507e-13 3.45856e-12 3.45856e-12
0.044 9.07827e-10 9.07827e-10 -9.83595e-13 -9.83784e-13 4.05922e-12 4.05922e-12
0.045 1.02367e-09 1.02367e-09 -1.058e-12 -1.05809e-12 4.6447e-12 4.6447e-12
0.046 1.15372e-09 1.15372e-09 -1.11269e-12 -1.11255e-12 5.22601e-12 5.22601e-12
0.047 1.29967e-09 1.29967e-09 -1.13012e-12 -1.12974e-12 5.87543e-12 5.87543e-12
0.048 1.46334e-09 1.46334e-09 -1.11983e-12 -1.11948e-12 6.68666e-12 6.68666e-12
0.049 1.64675e-09 1.64675e-09 -1.11232e-12 -1.11248e-12 7.7217e-12 7.7217e-12
0.05 1.85222e-09 1.85222e-09 -1.13279e-12 -1.13369e-12 8.98357e-12 8.98357e-12
0.051 2.08233e-09 2.08233e-09 -1.17765e-12 -1.1788e-12 1.04331e-11 1.04331e-11
0.052 2.33988e-09 2.33988e-09 -1.21575e-12 -1.21596e-12 1.20322e-11 1.20322e-11
0.053 2.6279e-09 2.6279e-09 -1.21286e-12 -1.21129e-12 1.37778e-11 1.37778e-11
0.054 2.94972e-09 2.94972e-09 -1.15535e-12 -1.15284e-12 1.57038e-11 1.57038e-11
0.055 3.3091e-09 3.3091e-09 -1.05114e-12 -1.05018e-12 1.78604e-11 1.78604e-11
0.056 3.71029e-09 3.71029e-09 -9.09625e-13 -9.12309e-13 2.02986e-11 2.02986e-11
0.057 4.158e-09 4.158e-09 -7.22797e-13 -7.28074e-13 2.30724e-11 2.30724e-11
0.058 4.65735e-09 4.65736e-09 -4.65457e-13 -4.6874e-13 2.6247e-11 2.6247e-11
0.059 5.21394e-09 5.21394e-09 -1.10865e-13 -1.07683e-13 2.98905e-11 2.98905e-11
0.06 5.83393e-09 5.83393e-09 3.56207e-13 3.65049e-13 3.40529e-11 3.40529e-11
0.061 6.52416e-09 6.52416e-09 9.40873e-13 9.48018e-13 3.8757e-11 3.8757e-11
0.062 7.29222e-09 7.29221e-09 1.6496e-12 1.64672e-12 4.40195e-11 4.40195e-11
0.063 8.14642e-09 8.14641e-09 2.49988e-12 2.48629e-12 4.98914e-11 4.98914e-11
0.064 9.09591e-09 9.09591e-09 3.52199e-12 3.50783e-12 5.6477e-11 5.6477e-11
0.065 1.01507e-08 1.01507e-08 4.7554e-12 4.7543e-12 6.39163e-11 6.39163e-11
0.066 1.13219e-08 1.13219e-08 6.24386e-12 6.26004e-12 7.23487e-11 7.23487e-11
0.067 1.26214e-08 1.26214e-08 8.031e-12 8.0529e-12 8.18966e-11 8.18966e-11
0.068 1.40626e-08 1.40626e-08 1.01593e-11 1.01675e-11 9.26815e-11 9.26815e-11
0.069 1.56601e-08 1.56601e-08 1.26765e-11 1.26605e-11 1.04847e-10 1.04847e-10
0.07 1.74299e-08 1.74299e-08 1.56484e-11 1.5618e-11 1.1856e-10 1.1856e-10
0.071 1.93897e-08 1.93897e-08 1.91679e-11 1.9147e-11 1.33994e-10 1.33994e-10
0.072 2.15584e-08 2.15584e-08 2.33492e-11 2.33562e-11 1.51323e-10 1.51323e-10
0.073 2.3957e-08 2.3957e-08 2.83076e-11 2.83393e-11 1.70745e-10 1.70745e-10
0.074 2.66081e-08 2.66081e-08 3.41459e-11 3.41785e-11 1.92517e-10 1.92517e-10
0.075 2.95369e-08 2.95369e-08 4.09636e-11 4.09706e-11 2.16956e-10 2.16956e-10
0.076 3.27708e-08 3.27708e-08 4.88853e-11 4.88586e-11 2.44421e-10 2.44421e-10
0.077 3.63396e-08 3.63396e-08 5.80838e-11 5.80405e-11 2.75274e-10 2.75274e-10
0.078 4.02756e-08 4.02756e-08 6.87771e-11 6.87473e-11 3.0989e-10 3.0989e-10
0.079 4.46141e-08 4.46142e-08 8.12046e-11 8.12101e-11 3.48678e-10 3.48678e-10
0.08 4.93936e-08 4.93935e-08 9.56094e-11 9.56476e-11 3.92112e-10 3.92112e-10
0.081 5.46558e-08 5.46558e-08 1.12245e-10 1.1229e-10 4.40727e-10 4.40727e-10
0.082 6.04465e-08 6.04465e-08 1.31402e-10 1.3142e-10 4.95107e-10 4.95107e-10
0.083 6.68153e-08 6.68153e-08 1.53427e-10 1.53401e-10 5.55884e-10 5.55884e-10
0.084 7.38159e-08 7.38159e-08 1.7873e-10 1.78674e-10 6.2376e-10 6.2376e-10
0.085 8.15063e-08 8.15063e-08 2.07774e-10 2.07724e-10 6.99529e-10 6.99529e-10
0.086 8.99497e-08 8.99497e-08 2.41066e-10 2.41056e-10 7.84085e-10 7.84085e-10
0.087 9.92147e-08 9.92147e-08 2.79166e-10 2.79205e-10 8.78411e-10 8.78411e-10
0.088 1.09375e-07 1.09375e-07 3.22699e-10 3.22758e-10 9.8358e-10 9.8358e-10
0.089 1.20512e-07 1.20512e-07 3.7237e-10 3.72405e-10 1.10077e-09 1.10077e-09
0.09 1.32712e-07 1.32712e-07 4.28978e-10 4.28958e-10 1.2313e-09 1.2313e-09
0.091 1.46069e-07 1.46069e-07 4.9342e-10 4.93354e-10 1.37659e-09 1.37659e-09
0.092 1.60683e-07 1.60683e-07 5.66693e-10 5.66624e-10 1.53824e-09 1.53824e-09
0.093 1.76664e-07 1.76664e-07 6.49906e-10 6.49879e-10 1.71797e-09 1.71797e-09
0.094 1.9413e-07 1.9413e-07 7.44295e-10 7.44324e-10 1.91769e-09 1.91769e-09
0.095 2.13208e-07 2.13208e-07 8.51248e-10 8.51306e-10 2.13952e-09 2.13952e-09
0.096 2.34035e-07 2.34035e-07 9.72329e-10 9.72368e-10 2.38581e-09 2.38581e-09
0.097 2.56758e-07 2.56758e-07 1.10928e-09 1.10927e-09 2.6591e-09 2.6591e-09
0.098 2.81535e-07 2.81535e-07 1.26402e-09 1.26396e-09 2.96213e-09 2.96213e-09
0.099 3.08536e-07 3.08536e-07 1.43864e-09 1.43856e-09 3.29792e-09 3.29792e-09
0.1 3.37944e-07 3.37944e-07 1.63543e-09 1.63539e-09 3.66981e-09 3.66981e-09
0.101 3.69955e-07 3.69955e-07 1.857e-09 1.85701e-09 4.08149e-09 4.08149e-09
0.102 4.04778e-07 4.04778e-07 2.10627e-09 2.1063e-09 4.53703e-09 4.53703e-09
0.103 4.42638e-07 4.42638e-07 2.3865e-09 2.38652e-09 5.04084e-09 5.04084e-09
0.104 4.83777e-07 4.83777e-07 2.70128e-09 2.70125e-09 5.5977e-09 5.5977e-09
0.105 5.28452e-07 5.28452e-07 3.05449e-09 3.05442e-09 6.21279e-09 6.21279e-09
0.106 5.76938e-07 5.76938e-07 3.4504e-09 3.45033e-09 6.89179e-09 6.89179e-09
0.107 6.2953e-07 6.2953e-07 3.89375e-09 3.8937e-09 7.64094e-09 7.64094e-09
0.108 6.86541e-07 6.86541e-07 4.38983e-09 4.38981e-09 8.46705e-09 8.46705e-09
0.109 7.48307e-07 7.48307e-07 4.94448e-09 4.94448e-09 9.37759e-09 9.37759e-09
0.11 8.15184e-07 8.15184e-07 5.56414e-09 5.56411e-09 1.03807e-08 1.03807e-08
0.111 8.87551e-07 8.87551e-07 6.25577e-09 6.25572e-09 1.1485e-08 1.1485e-08
0.112 9.65813e-07 9.65813e-07 7.02704e-09 7.02696e-09 1.27003e-08 1.27003e-08
0.113 1.0504e-06 1.0504e-06 7.88633e-09 7.88625e-09 1.40368e-08 1.40368e-08
0.114 1.14177e-06 1.14177e-06 8.84293e-09 8.84286e-09 1.55057e-08 1.55057e-08
0.115 1.2404e-06 1.2404e-06 9.90702e-09 9.90696e-09 1.71192e-08 1.71192e-08
0.116 1.34681e-06 1.34681e-06 1.10898e-08 1.10897e-08 1.88907e-08 1.88907e-08
0.117 1.46154e-06 1.46154e-06 1.24033e-08 1.24033e-08 2.08346e-08 2.08346e-08
0.118 1.58517e-06 1.58517e-06 1.38611e-08 1.38609e-08 2.29663e-08 2.29663e-08
0.119 1.71831e-06 1.71831e-06 1.54774e-08 1.54773e-08 2.53028e-08 2.53028e-08
0.12 1.8616e-06 1.8616e-06 1.72683e-08 1.72681e-08 2.78623e-08 2.78623e-08
0.121 2.01573e-06 2.01573e-06 1.92509e-08 1.92508e-08 3.06645e-08 3.06645e-08
0.122 2.1814e-06 2.1814e-06 2.14442e-08 2.14441e-08 3.37306e-08 3.37306e-08
0.123 2.35937e-06 2.35937e-06 2.38686e-08 2.38685e-08 3.70838e-08 3.70838e-08
0.124 2.55044e-06 2.55044e-06 2.65465e-08 2.65463e-08 4.07487e-08 4.07487e-08
0.125 2.75545e-06 2.75545e-06 2.95021e-08 2.95018e-08 4.47522e-08 4.47522e-08
0.126 2.97528e-06 2.97528e-06 3.27616e-08 3.27614e-08 4.91229e-08 4.91229e-08
0.127 3.21085e-06 3.21085e-06 3.63538e-08 3.63535e-08 5.38917e-08 5.38917e-08
0.128 3.46313e-06 3.46313e-06 4.03095e-08 4.03092e-08 5.90921e-08 5.90921e-08
0.129 3.73313e-06 3.73313e-06 4.46623e-08 4.46621e-08 6.476e-08 6.476e-08
0.13 4.02193e-06 4.02193e-06 4.94486e-08 4.94483e-08 7.09337e-08 7.09337e-08
0.131 4.33062e-06 4.33062e-06 5.47075e-08 5.47072e-08 7.76548e-08 7.76548e-08
0.132 4.66038e-06 4.66038e-06 6.04816e-08 6.04812e-08 8.49673e-08 8.49673e-08
0.133 5.01242e-06 5.01242e-06 6.68167e-08 6.68162e-08 9.29189e-08 9.29189e-08
0.134 5.38801e-06 5.38801e-06 7.3762e-08 7.37615e-08 1.0156e-07 1.0156e-07
0.135 5.78845e-06 5.78845e-06 8.1371e-08 8.13705e-08 1.10946e-07 1.10946e-07
0.136 6.21512e-06 6.21512e-06 8.97009e-08 8.97004e-08 1.21135e-07 1.21135e-07
0.137 6.66944e-06 6.66944e-06 9.88135e-08 9.88129e-08 1.32188e-07 1.32188e-07
0.138 7.1529e-06 7.1529e-06 1.08775e-07 1.08775e-07 1.44173e-07 1.44173e-07
0.139 7.66702e-06 7.66702e-06 1.19657e-07 1.19656e-07 1.5716e-07 1.5716e-07
0.14 8.21339e-06 8.21339e-06 1.31536e-07 1.31535e-07 1.71225e-07 1.71225e-07
0.141 8.79365e-06 8.79365e-06 1.44494e-07 1.44493e-07 1.86448e-07 1.86448e-07
0.142 9.4095e-06 9.4095e-06 1.58618e-07 1.58617e-07 2.02916e-07 2.02916e-07
0.143 1.00627e-05 1.00627e-05 1.74004e-07 1.74003e-07 2.2072e-07 2.2072e-07
0.144 1.0755e-05 1.0755e-05 1.9075e-07 1.90749e-07 2.39956e-07 2.39956e-07
0.145 1.14883e-05 1.14883e-05 2.08966e-07 2.08965e-07 2.60728e-07 2.60728e-07
0.146 1.22645e-05 1.22645e-05 2.28766e-07 2.28764e-07 2.83145e-07 2.83145e-07
0.147 1.30855e-05 1.30855e-05 2.50272e-07 2.5027e-07 3.07324e-07 3.07324e-07
0.148 1.39533e-05 1.39533e-05 2.73614e-07 2.73613e-07 3.33387e-07 3.33387e-07
0.149 1.487e-05 1.487e-05 2.98933e-07 2.98931e-07 3.61464e-07 3.61464e-07
0.15 1.58377e-05 1.58377e-05 3.26375e-07 3.26373e-07 3.91694e-07 3.91694e-07
0.151 1.68584e-05 1.68584e-05 3.56098e-07 3.56096e-07 4.24221e-07 4.24221e-07
0.152 1.79344e-05 1.79344e-05 3.88268e-07 3.88266e-07 4.592e-07 4.592e-07
0.153 1.90678e-05 1.90678e-05 4.23064e-07 4.23061e-07 4.96793e-07 4.96793e-07
0.154 2.02608e-05 2.02608e-05 4.60671e-07 4.60669e-07 5.3717e-07 5.3717e-07
0.155 2.15157e-05 2.15157e-05 5.0129e-07 5.01287e-07 5.80512e-07 5.80512e-07
0.156 2.28348e-05 2.28348e-05 5.45129e-07 5.45126e-07 6.27008e-07 6.27008e-07
0.157 2.42203e-05 2.42203e-05 5.92412e-07 5.92409e-07 6.76859e-07 6.76859e-07
0.158 2.56744e-05 2.56744e-05 6.43373e-07 6.43369e-07 7.30272e-07 7.30272e-07
0.159 2.71996e-05 2.71996e-05 6.98258e-07 6.98254e-07 7.87469e-07 7.87469e-07
0.16 2.8798e-05 2.8798e-05 7.5733e-07 7.57326e-07 8.48679e-07 8.48679e-07
0.161 3.04719e-05 3.04719e-05 8.20861e-07 8.20857e-07 9.14145e-07 9.14145e-07
0.162 3.22236e-05 3.22236e-05 8.89141e-07 8.89136e-07 9.84117e-07 9.84117e-07
0.163 3.40553e-05 3.40553e-05 9.62473e-07 9.62467e-07 1.05886e-06 1.05886e-06
0.164 3.59692e-05 3.59692e-05 1.04117e-06 1.04117e-06 1.13865e-06 1.13865e-06
0.165 3.79674e-05 3.79674e-05 1.12558e-06 1.12557e-06 1.22378e-06 1.22378e-06
0.166 4.0052e-05 4.0052e-05 1.21603e-06 1.21603e-06 1.31455e-06 1.31455e-06
0.167 4.2225e-05 4.2225e-05 1.31291e-06 1.3129e-06 1.41126e-06 1.41126e-06
0.168 4.44884e-05 4.44884e-05 1.41658e-06 1.41657e-06 1.51424e-06 1.51424e-06
0.169 4.6844e-05 4.6844e-05 1.52745e-06 1.52744e-06 1.62384e-06 1.62384e-06
0.17 4.92936e-05 4.92936e-05 1.64592e-06 1.64592e-06 1.7404e-06 1.7404e-06
0.171 5.18388e-05 5.18388e-05 1.77245e-06 1.77244e-06 1.86428e-06 1.86428e-06
0.172 5.44811e-05 5.44811e-05 1.90746e-06 1.90745e-06 1.99586e-06 1.99586e-06
0.173 5.7222e-05 5.7222e-05 2.05143e-06 2.05142e-06 2.13553e-06 2.13553e-06
0.174 6.00626e-05 6.00626e-05 2.20485e-06 2.20483e-06 2.2837e-06 2.2837e-06
0.175 6.30042e-05 6.30042e-05 2.3682e-06 2.36819e-06 2.44076e-06 2.44076e-06
0.176 6.60475e-05 6.60475e-05 2.54202e-06 2.54201e-06 2.60716e-06 2.60716e-06
0.177 6.91932e-05 6.91932e-05 2.72684e-06 2.72682e-06 2.78334e-06 2.78334e-06
0.178 7.2442e-05 7.2442e-05 2.9232e-06 2.92319e-06 2.96973e-06 2.96973e-06
0.179 7.57941e-05 7.57941e-05 3.13169e-06 3.13167e-06 3.16681e-06 3.16681e-06
0.18 7.92495e-05 7.92495e-05 3.35287e-06 3.35285e-06 3.37505e-06 3.37505e-06
0.181 8.28081e-05 8.28081e-05 3.58736e-06 3.58734e-06 3.59494e-06 3.59494e-06
0.182 8.64694e-05 8.64694e-05 3.83577e-06 3.83575e-06 3.82696e-06 3.82696e-06
0.183 9.02326e-05 9.02326e-05 4.09874e-06 4.09871e-06 4.07163e-06 4.07163e-06
0.184 9.40968e-05 9.40968e-05 4.3769e-06 4.37687e-06 4.32947e-06 4.32947e-06
0.185 9.80606e-05 9.80606e-05 4.67091e-06 4.67088e-06 4.60098e-06 4.60098e-06
0.186 0.000102122 0.000102122 4.98144e-06 4.98142e-06 4.8867e-06 4.8867e-06
0.187 0.00010628 0.00010628 5.30918e-06 5.30915e-06 5.18717e-06 5.18717e-06
0.188 0.000110531 0.000110531 5.65481e-06 5.65478e-06 5.50293e-06 5.50293e-06
0.189 0.000114873 0.000114873 6.01903e-06 6.019e-06 5.83452e-06 5.83452e-06
0.19 0.000119303 0.000119303 6.40255e-06 6.40252e-06 6.18249e-06 6.18249e-06
0.191 0.000123817 0.000123817 6.80608e-06 6.80604e-06 6.54739e-06 6.54739e-06
0.192 0.000128412 0.000128412 7.23032e-06 7.23028e-06 6.92977e-06 6.92977e-06
0.193 0.000133082 0.000133082 7.67599e-06 7.67595e-06 7.33019e-06 7.33019e-06
0.194 0.000137824 0.000137824 8.14382e-06 8.14377e-06 7.74917e-06 7.74917e-06
0.195 0.000142632 0.000142632 8.6345e-06 8.63444e-06 8.18728e-06 8.18728e-06
0.196 0.0001475 0.0001475 9.14874e-06 9.14868e-06 8.64503e-06 8.64503e-06
0.197 0.000152423 0.000152423 9.68724e-06 9.68718e-06 9.12296e-06 9.12296e-06
0.198 0.000157393 0.000157393 1.02507e-05 1.02506e-05 9.62157e-06 9.62157e-06
0.199 0.000162404 0.000162404 1.08398e-05 1.08397e-05 1.01414e-05 1.01414e-05
0.2 0.000167448 0.000167448 1.14551e-05 1.1455e-05 1.06829e-05 1.06829e-05
0.201 0.000172518 0.000172518 1.20974e-05 1.20973e-05 1.12465e-05 1.12465e-05
0.202 0.000177604 0.000177604 1.27672e-05 1.27671e-05 1.18327e-05 1.18327e-05
0.203 0.000182698 0.000182698 1.34651e-05 1.3465e-05 1.24419e-05 1.24419e-05
0.204 0.00018779 0.00018779 1.41917e-05 1.41916e-05 1.30745e-05 1.30745e-05
0.205 0.000192871 0.000192871 1.49475e-05 1.49474e-05 1.3731e-05 1.3731e-05
0.206 0.00019793 0.00019793 1.5733e-05 1.57329e-05 1.44115e-05 1.44115e-05
0.207 0.000202956 0.000202956 1.65486e-05 1.65485e-05 1.51165e-05 1.51165e-05
0.208 0.000207938 0.000207938 1.73948e-05 1.73946e-05 1.58461e-05 1.58461e-05
0.209 0.000212864 0.000212864 1.82718e-05 1.82717e-05 1.66007e-05 1.66007e-05
0.21 0.000217722 0.000217722 1.918e-05 1.91799e-05 1.73804e-05 1.73804e-05
0.211 0.000222499 0.000222499 2.01197e-05 2.01195e-05 1.81853e-05 1.81853e-05
0.212 0.000227182 0.000227182 2.10909e-05 2.10907e-05 1.90155e-05 1.90155e-05
0.213 0.000231759 0.000231759 2.20938e-05 2.20937e-05 1.98711e-05 1.98711e-05
0.214 0.000236215 0.000236215 2.31285e-05 2.31283e-05 2.0752e-05 2.0752e-05
0.215 0.000240536 0.000240536 2.41948e-05 2.41946e-05 2.16581e-05 2.16581e-05
0.216 0.000244707 0.000244707 2.52927e-05 2.52925e-05 2.25893e-05 2.25893e-05
0.217 0.000248715 0.000248715 2.6422e-05 2.64218e-05 2.35454e-05 2.35454e-05
0.218 0.000252543 0.000252543 2.75822e-05 2.7582e-05 2.4526e-05 2.4526e-05
0.219 0.000256178 0.000256178 2.87732e-05 2.8773e-05 2.55309e-05 2.55309e-05
0.22 0.000259602 0.000259602 2.99943e-05 2.9994e-05 2.65595e-05 2.65595e-05
0.221 0.000262802 0.000262802 3.12449e-05 3.12446e-05 2.76113e-05 2.76113e-05
0.222 0.000265762 0.000265762 3.25243e-05 3.25241e-05 2.86858e-05 2.86858e-05
0.223 0.000268465 0.000268465 3.38318e-05 3.38315e-05 2.97822e-05 2.97822e-05
0.224 0.000270896 0.000270896 3.51663e-05 3.5166e-05 3.08997e-05 3.08997e-05
0.225 0.000273039 0.000273039 3.65268e-05 3.65264e-05 3.20375e-05 3.20375e-05
0.226 0.000274878 0.000274878 3.7912e-05 3.79117e-05 3.31946e-05 3.31946e-05
0.227 0.000276399 0.000276399 3.93208e-05 3.93204e-05 3.437e-05 3.437e-05
0.228 0.000277585 0.000277585 4.07516e-05 4.07512e-05 3.55623e-05 3.55623e-05
0.229 0.000278422 0.000278422 4.22028e-05 4.22024e-05 3.67705e-05 3.67705e-05
0.23 0.000278894 0.000278894 4.36727e-05 4.36723e-05 3.79931e-05 3.79931e-05
0.231 0.000278987 0.000278987 4.51595e-05 4.51591e-05 3.92286e-05 3.92286e-05
0.232 0.000278687 0.000278687 4.66612e-05 4.66607e-05 4.04754e-05 4.04754e-05
0.233 0.00027798 0.00027798 4.81755e-05 4.8175e-05 4.17318e-05 4.17318e-05
0.234 0.000276852 0.000276852 4.97002e-05 4.96997e-05 4.2996e-05 4.2996e-05
0.235 0.00027529 0.00027529 5.12328e-05 5.12323e-05 4.42662e-05 4.42662e-05
0.236 0.000273283 0.000273283 5.27709e-05 5.27703e-05 4.55402e-05 4.55402e-05
0.237 0.000270819 0.000270819 5.43116e-05 5.4311e-05 4.6816e-05 4.6816e-05
0.238 0.000267887 0.000267887 5.5852e-05 5.58514e-05 4.80912e-05 4.80912e-05
0.239 0.000264476 0.000264476 5.73892e-05 5.73886e-05 4.93636e-05 4.93636e-05
0.24 0.000260578 0.000260578 5.892e-05 5.89193e-05 5.06307e-05 5.06307e-05
0.241 0.000256184 0.000256184 6.04411e-05 6.04404e-05 5.18899e-05 5.18899e-05
0.242 0.000251286 0.000251286 6.1949e-05 6.19483e-05 5.31386e-05 5.31386e-05
0.243 0.000245878 0.000245878 6.34403e-05 6.34395e-05 5.43739e-05 5.43739e-05
0.244 0.000239954 0.000239954 6.49112e-05 6.49103e-05 5.55931e-05 5.55931e-05
0.245 0.00023351 0.00023351 6.63578e-05 6.6357e-05 5.67932e-05 5.67932e-05
0.246 0.000226541 0.000226541 6.77764e-05 6.77755e-05 5.79711e-05 5.79711e-05
0.247 0.000219047 0.000219047 6.91627e-05 6.91618e-05 5.91237e-05 5.91237e-05
0.248 0.000211026 0.000211026 7.05128e-05 7.05118e-05 6.02478e-05 6.02478e-05
0.249 0.000202478 0.000202478 7.18223e-05 7.18213e-05 6.13402e-05 6.13402e-05
0.25 0.000193404 0.000193404 7.3087e-05 7.30859e-05 6.23975e-05 6.23975e-05
0.251 0.000183807 0.000183807 7.43024e-05 7.43012e-05 6.34163e-05 6.34163e-05
0.252 0.000173692 0.000173692 7.5464e-05 7.54628e-05 6.43932e-05 6.43932e-05
0.253 0.000163062 0.000163062 7.65674e-05 7.65661e-05 6.53246e-05 6.53246e-05
0.254 0.000151926 0.000151926 7.76079e-05 7.76066e-05 6.6207e-05 6.6207e-05
0.255 0.000140291 0.000140291 7.8581e-05 7.85797e-05 6.70369e-05 6.70369e-05
0.256 0.000128167 0.000128167 7.9482e-05 7.94806e-05 6.78106e-05 6.78106e-05
0.257 0.000115564 0.000115564 8.03063e-05 8.03048e-05 6.85246e-05 6.85246e-05
0.258 0.000102495 0.000102495 8.10492e-05 8.10477e-05 6.91753e-05 6.91753e-05
0.259 8.89741e-05 8.89741e-05 8.17062e-05 8.17046e-05 6.9759e-05 6.9759e-05
0.26 7.50153e-05 7.50153e-05 8.22725e-05 8.22709e-05 7.02723e-05 7.02723e-05
0.261 6.06355e-05 6.06355e-05 8.27438e-05 8.27421e-05 7.07115e-05 7.07115e-05
0.262 4.58525e-05 4.58525e-05 8.31155e-05 8.31137e-05 7.10732e-05 7.10732e-05
0.263 3.06855e-05 3.06855e-05 8.33832e-05 8.33813e-05 7.1354e-05 7.1354e-05
0.264 1.51548e-05 1.51548e-05 8.35425e-05 8.35406e-05 7.15503e-05 7.15503e-05
0.265 -7.17675e-07 -7.17684e-07 8.35894e-05 8.35874e-05 7.1659e-05 7.1659e-05
0.266 -1.6909e-05 -1.6909e-05 8.35196e-05 8.35176e-05 7.16768e-05 7.16768e-05
0.267 -3.3395e-05 -3.3395e-05 8.33294e-05 8.33272e-05 7.16006e-05 7.16006e-05
0.268 -5.01502e-05 -5.01502e-05 8.30148e-05 8.30126e-05 7.14273e-05 7.14273e-05
0.269 -6.71481e-05 -6.71482e-05 8.25724e-05 8.25701e-05 7.11542e-05 7.11542e-05
0.27 -8.43613e-05 -8.43613e-05 8.19986e-05 8.19963e-05 7.07784e-05 7.07784e-05
0.271 -0.000101761 -0.000101761 8.12904e-05 8.12879e-05 7.02973e-05 7.02973e-05
0.272 -0.000119318 -0.000119318 8.04447e-05 8.04421e-05 6.97086e-05 6.97086e-05
0.273 -0.000137002 -0.000137002 7.94587e-05 7.94561e-05 6.90098e-05 6.90098e-05
0.274 -0.000154781 -0.000154781 7.833e-05 7.83273e-05 6.81991e-05 6.81991e-05
0.275 -0.000172625 -0.000172625 7.70565e-05 7.70537e-05 6.72744e-05 6.72744e-05
0.276 -0.000190499 -0.000190499 7.56361e-05 7.56332e-05 6.6234e-05 6.6234e-05
0.277 -0.000208371 -0.000208371 7.40673e-05 7.40642e-05 6.50766e-05 6.50766e-05
0.278 -0.000226209 -0.000226209 7.23487e-05 7.23456e-05 6.38009e-05 6.38009e-05
0.279 -0.000243976 -0.000243976 7.04793e-05 7.04761e-05 6.24059e-05 6.24059e-05
0.28 -0.00026164 -0.00026164 6.84586e-05 6.84553e-05 6.08908e-05 6.08908e-05
0.281 -0.000279166 -0.000279166 6.62862e-05 6.62828e-05 5.92552e-05 5.92552e-05
0.282 -0.00029652 -0.00029652 6.39623e-05 6.39588e-05 5.74988e-05 5.74988e-05
0.283 -0.000313666 -0.000313666 6.14871e-05 6.14836e-05 5.56216e-05 5.56216e-05
0.284 -0.00033057 -0.00033057 5.88617e-05 5.8858e-05 5.36241e-05 5.36241e-05
0.285 -0.000347198 -0.000347198 5.60871e-05 5.60833e-05 5.15068e-05 5.15068e-05
0.286 -0.000363516 -0.000363516 5.3165e-05 5.31612e-05 4.92706e-05 4.92706e-05
0.287 -0.00037949 -0.00037949 5.00975e-05 5.00935e-05 4.69167e-05 4.69167e-05
0.288 -0.000395087 -0.000395088 4.68868e-05 4.68827e-05 4.44467e-05 4.44467e-05
0.289 -0.000410275 -0.000410275 4.35358e-05 4.35316e-05 4.18623e-05 4.18623e-05
0.29 -0.000425021 -0.000425021 4.00477e-05 4.00434e-05 3.91656e-05 3.91656e-05
0.291 -0.000439294 -0.000439294 3.64263e-05 3.64218e-05 3.63591e-05 3.63591e-05
0.292 -0.000453065 -0.000453065 3.26753e-05 3.26708e-05 3.34455e-05 3.34455e-05
0.293 -0.000466302 -0.000466302 2.87995e-05 2.87948e-05 3.04278e-05 3.04278e-05
0.294 -0.000478979 -0.000478979 2.48034e-05 2.47987e-05 2.73094e-05 2.73094e-05
0.295 -0.000491068 -0.000491068 2.06925e-05 2.06877e-05 2.40939e-05 2.40939e-05
0.296 -0.000502542 -0.000502542 1.64722e-05 1.64673e-05 2.07852e-05 2.07852e-05
0.297 -0.000513378 -0.000513378 1.21487e-05 1.21436e-05 1.73876e-05 1.73876e-05
0.298 -0.000523552 -0.000523552 7.72814e-06 7.72299e-06 1.39056e-05 1.39056e-05
0.299 -0.000533041 -0.000533041 3.21737e-06 3.21212e-06 1.0344e-05 1.0344e-05
0.3 -0.000541826 -0.000541826 -1.3766e-06 -1.38195e-06 6.70779e-06 6.70779e-06
0.301 -0.000549887 -0.000549887 -6.04638e-06 -6.05183e-06 3.00238e-06 3.00238e-06
0.302 -0.000557207 -0.000557207 -1.07843e-05 -1.07898e-05 -7.66671e-07 -7.66671e-07
0.303 -0.000563771 -0.000563771 -1.55823e-05 -1.55879e-05 -4.59356e-06 -4.59356e-06
0.304 -0.000569565 -0.000569565 -2.04321e-05 -2.04379e-05 -8.47222e-06 -8.47222e-06
0.305 -0.000574576 -0.000574576 -2.53253e-05 -2.53311e-05 -1.23964e-05 -1.23964e-05
0.306 -0.000578794 -0.000578794 -3.02531e-05 -3.0259e-05 -1.63597e-05 -1.63597e-05
0.307 -0.000582211 -0.000582211 -3.52064e-05 -3.52124e-05 -2.03553e-05 -2.03553e-05
0.308 -0.00058482 -0.00058482 -4.01761e-05 -4.01822e-05 -2.43765e-05 -2.43765e-05
0.309 -0.000586616 -0.000586616 -4.51529e-05 -4.51591e-05 -2.84164e-05 -2.84164e-05
0.31 -0.000587596 -0.000587596 -5.01273e-05 -5.01335e-05 -3.24678e-05 -3.24678e-05
0.311 -0.000587758 -0.000587758 -5.50896e-05 -5.5096e-05 -3.65235e-05 -3.65235e-05
0.312 -0.000587105 -0.000587105 -6.00303e-05 -6.00367e-05 -4.05761e-05 -4.05761e-05
0.313 -0.000585639 -0.000585639 -6.49395e-05 -6.49459e-05 -4.46183e-05 -4.46183e-05
0.314 -0.000583363 -0.000583363 -6.98074e-05 -6.98139e-05 -4.86426e-05 -4.86426e-05
0.315 -0.000580285 -0.000580285 -7.46242e-05 -7.46308e-05 -5.26415e-05 -5.26415e-05
0.316 -0.000576412 -0.000576412 -7.93802e-05 -7.93868e-05 -5.66074e-05 -5.66074e-05
0.317 -0.000571755 -0.000571755 -8.40655e-05 -8.40722e-05 -6.0533e-05 -6.0533e-05
0.318 -0.000566326 -0.000566326 -8.86706e-05 -8.86774e-05 -6.44105e-05 -6.44105e-05
0.319 -0.000560137 -0.000560137 -9.31859e-05 -9.31927e-05 -6.82327e-05 -6.82327e-05
0.32 -0.000553204 -0.000553204 -9.7602e-05 -9.76088e-05 -7.19921e-05 -7.19921e-05
0.321 -0.000545544 -0.000545544 -0.00010191 -0.000101916 -7.56814e-05 -7.56814e-05
0.322 -0.000537175 -0.000537175 -0.0001061 -0.000106106 -7.92934e-05 -7.92934e-05
0.323 -0.000528117 -0.000528117 -0.000110163 -0.00011017 -8.2821e-05 -8.2821e-05
0.324 -0.000518391 -0.000518391 -0.000114092 -0.000114099 -8.62574e-05 -8.62574e-05
0.325 -0.00050802 -0.00050802 -0.000117877 -0.000117884 -8.95957e-05 -8.95957e-05
0.326 -0.000497027 -0.000497027 -0.000121511 -0.000121518 -9.28295e-05 -9.28295e-05
0.327 -0.000485438 -0.000485438 -0.000124985 -0.000124992 -9.59523e-05 -9.59523e-05
0.328 -0.00047328 -0.00047328 -0.000128293 -0.0001283 -9.8958e-05 -9.8958e-05
0.329 -0.000460578 -0.000460578 -0.000131428 -0.000131435 -0.000101841 -0.000101841
0.33 -0.000447362 -0.000447362 -0.000134382 -0.000134389 -0.000104595 -0.000104595
0.331 -0.000433661 -0.000433661 -0.000137151 -0.000137158 -0.000107216 -0.000107216
0.332 -0.000419505 -0.000419505 -0.000139727 -0.000139734 -0.000109697 -0.000109697
0.333 -0.000404924 -0.000404924 -0.000142106 -0.000142112 -0.000112035 -0.000112035
0.334 -0.000389951 -0.000389951 -0.000144282 -0.000144289 -0.000114225 -0.000114225
0.335 -0.000374616 -0.000374616 -0.000146252 -0.000146259 -0.000116262 -0.000116262
0.336 -0.000358952 -0.000358952 -0.000148011 -0.000148018 -0.000118144 -0.000118144
0.337 -0.000342992 -0.000342992 -0.000149556 -0.000149563 -0.000119867 -0.000119867
0.338 -0.000326768 -0.000326768 -0.000150885 -0.000150892 -0.000121428 -0.000121428
0.339 -0.000310314 -0.000310314 -0.000151995 -0.000152001 -0.000122823 -0.000122823
0.34 -0.000293663 -0.000293663 -0.000152883 -0.00015289 -0.000124052 -0.000124052
0.341 -0.000276848 -0.000276848 -0.000153549 -0.000153556 -0.000125112 -0.000125112
0.342 -0.000259901 -0.000259901 -0.000153993 -0.000153999 -0.000126002 -0.000126002
0.343 -0.000242857 -0.000242857 -0.000154213 -0.000154219 -0.000126721 -0.000126721
0.344 -0.000225746 -0.000225746 -0.000154211 -0.000154217 -0.000127268 -0.000127268
0.345 -0.000208602 -0.000208602 -0.000153986 -0.000153992 -0.000127643 -0.000127643
0.346 -0.000191455 -0.000191456 -0.000153541 -0.000153547 -0.000127846 -0.000127846
0.347 -0.000174339 -0.000174339 -0.000152878 -0.000152883 -0.000127878 -0.000127878
0.348 -0.000157282 -0.000157282 -0.000151998 -0.000152004 -0.00012774 -0.00012774
0.349 -0.000140315 -0.000140315 -0.000150905 -0.000150911 -0.000127433 -0.000127433
0.35 -0.000123467 -0.000123467 -0.000149603 -0.000149608 -0.000126958 -0.000126958
0.351 -0.000106766 -0.000106766 -0.000148094 -0.0001481 -0.000126319 -0.000126319
0.352 -9.0241e-05 -9.0241e-05 -0.000146385 -0.00014639 -0.000125517 -0.000125517
0.353 -7.39177e-05 -7.39177e-05 -0.000144479 -0.000144483 -0.000124556 -0.000124556
0.354 -5.78219e-05 -5.78219e-05 -0.000142381 -0.000142386 -0.000123439 -0.000123439
0.355 -4.19785e-05 -4.19785e-05 -0.000140099 -0.000140103 -0.000122169 -0.000122169
0.356 -2.6411e-05 -2.6411e-05 -0.000137637 -0.000137641 -0.00012075 -0.00012075
0.357 -1.11421e-05 -1.11422e-05 -0.000135002 -0.000135006 -0.000119187 -0.000119187
0.358 3.80666e-06 3.80666e-06 -0.000132201 -0.000132205 -0.000117483 -0.000117483
0.359 1.84151e-05 1.84151e-05 -0.000129242 -0.000129246 -0.000115645 -0.000115645
0.36 3.26641e-05 3.26641e-05 -0.000126132 -0.000126135 -0.000113677 -0.000113677
0.361 4.65357e-05 4.65357e-05 -0.000122878 -0.000122881 -0.000111583 -0.000111583
0.362 6.00131e-05 6.00131e-05 -0.000119489 -0.000119492 -0.000109371 -0.000109371
0.363 7.30811e-05 7.30811e-05 -0.000115973 -0.000115976 -0.000107046 -0.000107046
0.364 8.57254e-05 8.57254e-05 -0.000112339 -0.000112342 -0.000104613 -0.000104613
0.365 9.79329e-05 9.79329e-05 -0.000108596 -0.000108598 -0.000102079 -0.000102079
0.366 0.000109692 0.000109692 -0.000104752 -0.000104754 -9.94497e-05 -9.94497e-05
0.367 0.000120993 0.000120993 -0.000100816 -0.000100818 -9.67325e-05 -9.67325e-05
0.368 0.000131825 0.000131825 -9.67972e-05 -9.6799e-05 -9.39336e-05 -9.39336e-05
0.369 0.000142182 0.000142182 -9.27055e-05 -9.2707e-05 -9.10597e-05 -9.10597e-05
0.37 0.000152056 0.000152056 -8.85497e-05 -8.85509e-05 -8.81176e-05 -8.81176e-05
0.371 0.000161443 0.000161443 -8.43391e-05 -8.43401e-05 -8.5114e-05 -8.5114e-05
0.372 0.000170337 0.000170337 -8.0083e-05 -8.00838e-05 -8.2056e-05 -8.2056e-05
0.373 0.000178735 0.000178735 -7.57908e-05 -7.57913e-05 -7.89503e-05 -7.89503e-05
0.374 0.000186637 0.000186637 -7.14715e-05 -7.14718e-05 -7.58039e-05 -7.58039e-05
0.375 0.000194041 0.000194041 -6.71343e-05 -6.71343e-05 -7.26237e-05 -7.26237e-05
0.376 0.000200947 0.000200947 -6.27882e-05 -6.2788e-05 -6.94165e-05 -6.94165e-05
0.377 0.000207356 0.000207356 -5.84421e-05 -5.84417e-05 -6.61891e-05 -6.61891e-05
0.378 0.000213272 0.000213272 -5.41049e-05 -5.41042e-05 -6.29482e-05 -6.29482e-05
0.379 0.000218697 0.000218697 -4.97849e-05 -4.9784e-05 -5.97004e-05 -5.97004e-05
0.38 0.000223637 0.000223637 -4.54907e-05 -4.54896e-05 -5.64522e-05 -5.64522e-05
0.381 0.000228095 0.000228095 -4.12304e-05 -4.1229e-05 -5.321e-05 -5.321e-05
0.382 0.000232079 0.000232079 -3.70118e-05 -3.70102e-05 -4.99801e-05 -4.99801e-05
0.383 0.000235596 0.000235596 -3.28428e-05 -3.2841e-05 -4.67684e-05 -4.67684e-05
0.384 0.000238652 0.000238652 -2.87307e-05 -2.87287e-05 -4.35809e-05 -4.35809e-05
0.385 0.000241258 0.000241258 -2.46827e-05 -2.46804e-05 -4.04234e-05 -4.04234e-05
0.386 0.000243421 0.000243422 -2.07056e-05 -2.0703e-05 -3.73013e-05 -3.73013e-05
0.387 0.000245153 0.000245153 -1.68059e-05 -1.68031e-05 -3.42199e-05 -3.42199e-05
0.388 0.000246464 0.000246464 -1.29898e-05 -1.29868e-05 -3.11844e-05 -3.11844e-05
0.389 0.000247364 0.000247364 -9.26317e-06 -9.25994e-06 -2.81996e-05 -2.81996e-05
0.39 0.000247866 0.000247866 -5.63157e-06 -5.62812e-06 -2.52701e-05 -2.52701e-05
0.391 0.000247982 0.000247982 -2.10017e-06 -2.0965e-06 -2.24003e-05 -2.24003e-05
0.392 0.000247723 0.000247723 1.32624e-06 1.33012e-06 -1.95943e-05 -1.95943e-05
0.393 0.000247105 0.000247105 4.6432e-06 4.64729e-06 -1.6856e-05 -1.6856e-05
0.394 0.000246138 0.000246138 7.84663e-06 7.85092e-06 -1.41889e-05 -1.41889e-05
0.395 0.000244838 0.000244838 1.09328e-05 1.09373e-05 -1.15964e-05 -1.15964e-05
0.396 0.000243218 0.000243218 1.38984e-05 1.39031e-05 -9.08147e-06 -9.08147e-06
0.397 0.000241292 0.000241292 1.67405e-05 1.67454e-05 -6.64698e-06 -6.64698e-06
0.398 0.000239075 0.000239075 1.94564e-05 1.94615e-05 -4.2954e-06 -4.2954e-06
0.399 0.000236581 0.000236581 2.20441e-05 2.20493e-05 -2.02895e-06 -2.02895e-06
0.4 0.000233824 0.000233824 2.45015e-05 2.45069e-05 1.50416e-07 1.50416e-07
0.401 0.000230819 0.000230819 2.68273e-05 2.68329e-05 2.24103e-06 2.24103e-06
0.402 0.000227581 0.000227581 2.90203e-05 2.9026e-05 4.24148e-06 4.24148e-06
0.403 0.000224124 0.000224124 3.10797e-05 3.10856e-05 6.15063e-06 6.15063e-06
0.404 0.000220463 0.000220463 3.30052e-05 3.30113e-05 7.9676e-06 7.9676e-06
0.405 0.000216612 0.000216612 3.47967e-05 3.48029e-05 9.69179e-06 9.69179e-06
0.406 0.000212585 0.000212585 3.64544e-05 3.64607e-05 1.13228e-05 1.13228e-05
0.407 0.000208398 0.000208398 3.79789e-05 3.79854e-05 1.28606e-05 1.28606e-05
0.408 0.000204063 0.000204063 3.93711e-05 3.93777e-05 1.43052e-05 1.43052e-05
0.409 0.000199594 0.000199594 4.06323e-05 4.0639e-05 1.56571e-05 1.56571e-05
0.41 0.000195006 0.000195006 4.17638e-05 4.17706e-05 1.69168e-05 1.69168e-05
0.411 0.000190311 0.000190311 4.27674e-05 4.27744e-05 1.80851e-05 1.80851e-05
0.412 0.000185522 0.000185522 4.36453e-05 4.36524e-05 1.9163e-05 1.9163e-05
0.413 0.000180653 0.000180653 4.43996e-05 4.44068e-05 2.01518e-05 2.01518e-05
0.414 0.000175716 0.000175716 4.50329e-05 4.50402e-05 2.10528e-05 2.10528e-05
0.415 0.000170722 0.000170722 4.55479e-05 4.55553e-05 2.18676e-05 2.18676e-05
0.416 0.000165684 0.000165684 4.59477e-05 4.59551e-05 2.2598e-05 2.2598e-05
0.417 0.000160614 0.000160614 4.62353e-05 4.62428e-05 2.32459e-05 2.32459e-05
0.418 0.000155521 0.000155521 4.6414e-05 4.64216e-05 2.38133e-05 2.38133e-05
0.419 0.000150417 0.000150417 4.64875e-05 4.64951e-05 2.43024e-05 2.43024e-05
0.42 0.000145312 0.000145312 4.64593e-05 4.6467e-05 2.47156e-05 2.47156e-05
0.421 0.000140217 0.000140217 4.63333e-05 4.63411e-05 2.50553e-05 2.50553e-05
0.422 0.000135139 0.000135139 4.61134e-05 4.61212e-05 2.53239e-05 2.53239e-05
0.423 0.000130089 0.000130089 4.58036e-05 4.58114e-05 2.55243e-05 2.55243e-05
0.424 0.000125075 0.000125075 4.54081e-05 4.54159e-05 2.5659e-05 2.5659e-05
0.425 0.000120106 0.000120106 4.4931e-05 4.49389e-05 2.57308e-05 2.57308e-05
0.426 0.000115188 0.000115188 4.43766e-05 4.43845e-05 2.57426e-05 2.57426e-05
0.427 0.00011033 0.00011033 4.37493e-05 4.37573e-05 2.56973e-05 2.56973e-05
0.428 0.000105538 0.000105538 4.30535e-05 4.30614e-05 2.55978e-05 2.55978e-05
0.429 0.000100818 0.000100818 4.22935e-05 4.23014e-05 2.54471e-05 2.54471e-05
0.43 9.61779e-05 9.6178e-05 4.14737e-05 4.14816e-05 2.52482e-05 2.52482e-05
0.431 9.1622e-05 9.1622e-05 4.05985e-05 4.06065e-05 2.5004e-05 2.5004e-05
0.432 8.71557e-05 8.71557e-05 3.96725e-05 3.96804e-05 2.47176e-05 2.47176e-05
0.433 8.27839e-05 8.27839e-05 3.86998e-05 3.87077e-05 2.4392e-05 2.4392e-05
0.434 7.85109e-05 7.8511e-05 3.76849e-05 3.76928e-05 2.403e-05 2.403e-05
0.435 7.43409e-05 7.43409e-05 3.6632e-05 3.66399e-05 2.36348e-05 2.36348e-05
0.436 7.02773e-05 7.02774e-05 3.55455e-05 3.55533e-05 2.3209e-05 2.3209e-05
0.437 6.63235e-05 6.63235e-05 3.44294e-05 3.44372e-05 2.27558e-05 2.27558e-05
0.438 6.24823e-05 6.24823e-05 3.32879e-05 3.32957e-05 2.22778e-05 2.22778e-05
0.439 5.8756e-05 5.87561e-05 3.21249e-05 3.21327e-05 2.17778e-05 2.17778e-05
0.44 5.5147e-05 5.5147e-05 3.09445e-05 3.09522e-05 2.12587e-05 2.12587e-05
0.441 5.16568e-05 5.16568e-05 2.97504e-05 2.97581e-05 2.07229e-05 2.07229e-05
0.442 4.8287e-05 4.82871e-05 2.85464e-05 2.8554e-05 2.0173e-05 2.0173e-05
0.443 4.50387e-05 4.50388e-05 2.7336e-05 2.73436e-05 1.96117e-05 1.96117e-05
0.444 4.19127e-05 4.19127e-05 2.61228e-05 2.61303e-05 1.90412e-05 1.90412e-05
0.445 3.89094e-05 3.89094e-05 2.49101e-05 2.49176e-05 1.8464e-05 1.8464e-05
0.446 3.6029e-05 3.6029e-05 2.37012e-05 2.37086e-05 1.78823e-05 1.78823e-05
0.447 3.32714e-05 3.32715e-05 2.2499e-05 2.25064e-05 1.72981e-05 1.72981e-05
0.448 3.06364e-05 3.06364e-05 2.13068e-05 2.1314e-05 1.67137e-05 1.67137e-05
0.449 2.81232e-05 2.81232e-05 2.01271e-05 2.01343e-05 1.61309e-05 1.61309e-05
0.45 2.57311e-05 2.57311e-05 1.89628e-05 1.89699e-05 1.55516e-05 1.55516e-05
0.451 2.34589e-05 2.34589e-05 1.78163e-05 1.78234e-05 1.49776e-05 1.49776e-05
0.452 2.13053e-05 2.13053e-05 1.66901e-05 1.66971e-05 1.44105e-05 1.44105e-05
0.453 1.92688e-05 1.92688e-05 1.55863e-05 1.55933e-05 1.38519e-05 1.38519e-05
0.454 1.73477e-05 1.73477e-05 1.45072e-05 1.4514e-05 1.33033e-05 1.33033e-05
0.455 1.55401e-05 1.55401e-05 1.34545e-05 1.34613e-05 1.2766e-05 1.2766e-05
0.456 1.3844e-05 1.3844e-05 1.24302e-05 1.24369e-05 1.22413e-05 1.22413e-05
0.457 1.22571e-05 1.22571e-05 1.14359e-05 1.14425e-05 1.17304e-05 1.17304e-05
0.458 1.07771e-05 1.07771e-05 1.0473e-05 1.04795e-05 1.12342e-05 1.12342e-05
0.459 9.40139e-06 9.4014e-06 9.54289e-06 9.54936e-06 1.07538e-05 1.07538e-05
0.46 8.12747e-06 8.12748e-06 8.64683e-06 8.65322e-06 1.029e-05 1.029e-05
0.461 6.95257e-06 6.95258e-06 7.78586e-06 7.79216e-06 9.84351e-06 9.84351e-06
0.462 5.87385e-06 5.87387e-06 6.96089e-06 6.96712e-06 9.41509e-06 9.41509e-06
0.463 4.8884e-06 4.88842e-06 6.17272e-06 6.17887e-06 9.0053e-06 9.0053e-06
0.464 3.99323e-06 3.99324e-06 5.42201e-06 5.42807e-06 8.6146e-06 8.6146e-06
0.465 3.18526e-06 3.18527e-06 4.70927e-06 4.71525e-06 8.2434e-06 8.2434e-06
0.466 2.46137e-06 2.46138e-06 4.0349e-06 4.0408e-06 7.89202e-06 7.89202e-06
0.467 1.8184e-06 1.81841e-06 3.39918e-06 3.40499e-06 7.56069e-06 7.56069e-06
0.468 1.25313e-06 1.25315e-06 2.80225e-06 2.80798e-06 7.24957e-06 7.24957e-06
0.469 7.62343e-07 7.62356e-07 2.24415e-06 2.24981e-06 6.95874e-06 6.95874e-06
0.47 3.42771e-07 3.42784e-07 1.72482e-06 1.73039e-06 6.68821e-06 6.68821e-06
0.471 -8.84784e-09 -8.83524e-09 1.24406e-06 1.24955e-06 6.43791e-06 6.43791e-06
0.472 -2.95783e-07 -2.95771e-07 8.01599e-07 8.07011e-07 6.20773e-06 6.20773e-06
0.473 -5.21299e-07 -5.21287e-07 3.97058e-07 4.02389e-07 5.99748e-06 5.99748e-06
0.474 -6.88645e-07 -6.88633e-07 2.99633e-08 3.52144e-08 5.80692e-06 5.80692e-06
0.475 -8.01053e-07 -8.01042e-07 -3.00244e-07 -2.95072e-07 5.63574e-06 5.63574e-06
0.476 -8.61727e-07 -8.61716e-07 -5.94205e-07 -5.89112e-07 5.48359e-06 5.48359e-06
0.477 -8.73839e-07 -8.73828e-07 -8.52639e-07 -8.47624e-07 5.35009e-06 5.35009e-06
0.478 -8.40519e-07 -8.40508e-07 -1.07634e-06 -1.0714e-06 5.23477e-06 5.23477e-06
0.479 -7.64854e-07 -7.64843e-07 -1.26615e-06 -1.26129e-06 5.13718e-06 5.13718e-06
0.48 -6.4988e-07 -6.4987e-07 -1.42302e-06 -1.41823e-06 5.05677e-06 5.05677e-06
0.481 -4.98577e-07 -4.98567e-07 -1.5479e-06 -1.54319e-06 4.993e-06 4.993e-06
0.482 -3.13865e-07 -3.13855e-07 -1.64183e-06 -1.63719e-06 4.94529e-06 4.94529e-06
0.483 -9.85977e-08 -9.85878e-08 -1.70588e-06 -1.70132e-06 4.91303e-06 4.91303e-06
0.484 1.44438e-07 1.44448e-07 -1.74118e-06 -1.7367e-06 4.89557e-06 4.89557e-06
0.485 4.1253e-07 4.1254e-07 -1.74888e-06 -1.74447e-06 4.89227e-06 4.89227e-06
0.486 7.03041e-07 7.0305e-07 -1.73018e-06 -1.72583e-06 4.90246e-06 4.90246e-06
0.487 1.01341e-06 1.01342e-06 -1.68628e-06 -1.68201e-06 4.92544e-06 4.92544e-06
0.488 1.34117e-06 1.34118e-06 -1.61843e-06 -1.61422e-06 4.96052e-06 4.96052e-06
0.489 1.68391e-06 1.68392e-06 -1.52788e-06 -1.52375e-06 5.00699e-06 5.00699e-06
0.49 2.03935e-06 2.03936e-06 -1.41592e-06 -1.41186e-06 5.06414e-06 5.06414e-06
0.491 2.40525e-06 2.40526e-06 -1.28383e-06 -1.27983e-06 5.13125e-06 5.13125e-06
0.492 2.7795e-06 2.7795e-06 -1.13289e-06 -1.12896e-06 5.20761e-06 5.20761e-06
0.493 3.16004e-06 3.16005e-06 -9.64403e-07 -9.60536e-07 5.29249e-06 5.29249e-06
0.494 3.54495e-06 3.54496e-06 -7.79659e-07 -7.75855e-07 5.38519e-06 5.38519e-06
0.495 3.93237e-06 3.93238e-06 -5.79943e-07 -5.76203e-07 5.485e-06 5.485e-06
0.496 4.32053e-06 4.32054e-06 -3.66535e-07 -3.62858e-07 5.59122e-06 5.59122e-06
0.497 4.70778e-06 4.70778e-06 -1.40701e-07 -1.37086e-07 5.70316e-06 5.70316e-06
0.498 5.09253e-06 5.09254e-06 9.63064e-08 9.98604e-08 5.82015e-06 5.82015e-06
0.499 5.47331e-06 5.47332e-06 3.43255e-07 3.46748e-07 5.94152e-06 5.94152e-06
0.5 5.84874e-06 5.84875e-06 5.98931e-07 6.02365e-07 6.06662e-06 6.06662e-06
0.501 6.21751e-06 6.21752e-06 8.62145e-07 8.6552e-07 6.19481e-06 6.19481e-06
0.502 6.57843e-06 6.57843e-06 1.13173e-06 1.13505e-06 6.32549e-06 6.32549e-06
0.503 6.93037e-06 6.93038e-06 1.40656e-06 1.40982e-06 6.45805e-06 6.45805e-06
0.504 7.27231e-06 7.27232e-06 1.68553e-06 1.68873e-06 6.59192e-06 6.59192e-06
0.505 7.60332e-06 7.60333e-06 1.96755e-06 1.9707e-06 6.72654e-06 6.72654e-06
0.506 7.92254e-06 7.92255e-06 2.2516e-06 2.25469e-06 6.86137e-06 6.86137e-06
0.507 8.2292e-06 8.2292e-06 2.53667e-06 2.53971e-06 6.9959e-06 6.9959e-06
0.508 8.52261e-06 8.52261e-06 2.8218e-06 2.82478e-06 7.12964e-06 7.12964e-06
0.509 8.80217e-06 8.80217e-06 3.10605e-06 3.10898e-06 7.26212e-06 7.26212e-06
0.51 9.06734e-06 9.06734e-06 3.38855e-06 3.39143e-06 7.3929e-06 7.3929e-06
0.511 9.31767e-06 9.31768e-06 3.66845e-06 3.67127e-06 7.52156e-06 7.52156e-06
0.512 9.55279e-06 9.5528e-06 3.94493e-06 3.94771e-06 7.6477e-06 7.6477e-06
0.513 9.77238e-06 9.77239e-06 4.21725e-06 4.21997e-06 7.77096e-06 7.77096e-06
0.514 9.9762e-06 9.97621e-06 4.48467e-06 4.48735e-06 7.89098e-06 7.89098e-06
0.515 1.01641e-05 1.01641e-05 4.74653e-06 4.74916e-06 8.00745e-06 8.00745e-06
0.516 1.03359e-05 1.03359e-05 5.0022e-06 5.00477e-06 8.12007e-06 8.12007e-06
0.517 1.04916e-05 1.04916e-05 5.25107e-06 5.2536e-06 8.22857e-06 8.22857e-06
0.518 1.06312e-05 1.06312e-05 5.4926e-06 5.49509e-06 8.33269e-06 8.33269e-06
0.519 1.07548e-05 1.07548e-05 5.72631e-06 5.72874e-06 8.43222e-06 8.43222e-06
0.52 1.08625e-05 1.08625e-05 5.95171e-06 5.9541e-06 8.52696e-06 8.52696e-06
0.521 1.09543e-05 1.09543e-05 6.1684e-06 6.17074e-06 8.61672e-06 8.61672e-06
0.522 1.10307e-05 1.10307e-05 6.37601e-06 6.3783e-06 8.70135e-06 8.70135e-06
0.523 1.10917e-05 1.10917e-05 6.5742e-06 6.57645e-06 8.78073e-06 8.78073e-06
0.524 1.11378e-05 1.11378e-05 6.76268e-06 6.76488e-06 8.85472e-06 8.85472e-06
0.525 1.11691e-05 1.11691e-05 6.9412e-06 6.94336e-06 8.92326e-06 8.92326e-06
0.526 1.11862e-05 1.11862e-05 7.10955e-06 7.11166e-06 8.98627e-06 8.98627e-06
0.527 1.11894e-05 1.11894e-05 7.26755e-06 7.26962e-06 9.04369e-06 9.04369e-06
0.528 1.11791e-05 1.11791e-05 7.41508e-06 7.4171e-06 9.0955e-06 9.0955e-06
0.529 1.11557e-05 1.11557e-05 7.55203e-06 7.55401e-06 9.14169e-06 9.14169e-06
0.53 1.11199e-05 1.11199e-05 7.67834e-06 7.68027e-06 9.18226e-06 9.18226e-06
0.531 1.1072e-05 1.1072e-05 7.79398e-06 7.79587e-06 9.21723e-06 9.21723e-06
0.532 1.10127e-05 1.10127e-05 7.89895e-06 7.9008e-06 9.24664e-06 9.24664e-06
0.533 1.09424e-05 1.09424e-05 7.99329e-06 7.9951e-06 9.27055e-06 9.27055e-06
0.534 1.08617e-05 1.08617e-05 8.07707e-06 8.07884e-06 9.28901e-06 9.28901e-06
0.535 1.07711e-05 1.07711e-05 8.15038e-06 8.1521e-06 9.30213e-06 9.30213e-06
0.536 1.06713e-05 1.06713e-05 8.21334e-06 8.21503e-06 9.30998e-06 9.30998e-06
0.537 1.05628e-05 1.05628e-05 8.2661e-06 8.26775e-06 9.31268e-06 9.31268e-06
0.538 1.04463e-05 1.04463e-05 8.30884e-06 8.31044e-06 9.31034e-06 9.31034e-06
0.539 1.03222e-05 1.03222e-05 8.34175e-06 8.34331e-06 9.3031e-06 9.3031e-06
0.54 1.01913e-05 1.01913e-05 8.36504e-06 8.36657e-06 9.29108e-06 9.29108e-06
0.541 1.0054e-05 1.0054e-05 8.37896e-06 8.38045e-06 9.27444e-06 9.27444e-06
0.542 9.91106e-06 9.91106e-06 8.38377e-06 8.38521e-06 9.25333e-06 9.25333e-06
0.543 9.76298e-06 9.76298e-06 8.37973e-06 8.38114e-06 9.22792e-06 9.22792e-06
0.544 9.61034e-06 9.61035e-06 8.36714e-06 8.36851e-06 9.19837e-06 9.19837e-06
0.545 9.45374e-06 9.45374e-06 8.3463e-06 8.34763e-06 9.16485e-06 9.16485e-06
0.546 9.29372e-06 9.29373e-06 8.31753e-06 8.31882e-06 9.12755e-06 9.12755e-06
0.547 9.13085e-06 9.13085e-06 8.28116e-06 8.28241e-06 9.08664e-06 9.08664e-06
0.548 8.96565e-06 8.96566e-06 8.23752e-06 8.23873e-06 9.04232e-06 9.04232e-06
0.549 8.79867e-06 8.79867e-06 8.18696e-06 8.18814e-06 8.99476e-06 8.99476e-06
0.55 8.6304e-06 8.63041e-06 8.12984e-06 8.13098e-06 8.94417e-06 8.94417e-06
0.551 8.46136e-06 8.46136e-06 8.06652e-06 8.06763e-06 8.89074e-06 8.89074e-06
0.552 8.29201e-06 8.29201e-06 7.99737e-06 7.99843e-06 8.83466e-06 8.83466e-06
0.553 8.12282e-06 8.12282e-06 7.92274e-06 7.92377e-06 8.77612e-06 8.77612e-06
0.554 7.95424e-06 7.95424e-06 7.84302e-06 7.84401e-06 8.71531e-06 8.71531e-06
0.555 7.7867e-06 7.7867e-06 7.75857e-06 7.75953e-06 8.65243e-06 8.65243e-06
0.556 7.62059e-06 7.62059e-06 7.66976e-06 7.67069e-06 8.58767e-06 8.58767e-06
0.557 7.45632e-06 7.45632e-06 7.57697e-06 7.57787e-06 8.52121e-06 8.52121e-06
0.558 7.29424e-06 7.29424e-06 7.48057e-06 7.48143e-06 8.45324e-06 8.45324e-06
0.559 7.1347e-06 7.1347e-06 7.38091e-06 7.38174e-06 8.38395e-06 8.38395e-06
0.56 6.97802e-06 6.97802e-06 7.27837e-06 7.27916e-06 8.31351e-06 8.31351e-06
0.561 6.82452e-06 6.82452e-06 7.17328e-06 7.17404e-06 8.2421e-06 8.2421e-06
0.562 6.67447e-06 6.67447e-06 7.06601e-06 7.06674e-06 8.16989e-06 8.16989e-06
0.563 6.52813e-06 6.52813e-06 6.9569e-06 6.95759e-06 8.09704e-06 8.09704e-06
0.564 6.38574e-06 6.38574e-06 6.84628e-06 6.84694e-06 8.02373e-06 8.02373e-06
0.565 6.24753e-06 6.24753e-06 6.73447e-06 6.7351e-06 7.9501e-06 7.9501e-06
0.566 6.11368e-06 6.11368e-06 6.6218e-06 6.6224e-06 7.8763e-06 7.8763e-06
0.567 5.98438e-06 5.98438e-06 6.50857e-06 6.50914e-06 7.80248e-06 7.80248e-06
0.568 5.85977e-06 5.85977e-06 6.39508e-06 6.39562e-06 7.72879e-06 7.72879e-06
0.569 5.74e-06 5.74e-06 6.28162e-06 6.28213e-06 7.65534e-06 7.65534e-06
0.57 5.62517e-06 5.62517e-06 6.16847e-06 6.16894e-06 7.58228e-06 7.58228e-06
0.571 5.51538e-06 5.51538e-06 6.05588e-06 6.05633e-06 7.50972e-06 7.50972e-06
0.572 5.41071e-06 5.41071e-06 5.94411e-06 5.94453e-06 7.43777e-06 7.43777e-06
0.573 5.3112e-06 5.3112e-06 5.83341e-06 5.8338e-06 7.36654e-06 7.36654e-06
0.574 5.21691e-06 5.21691e-06 5.724e-06 5.72436e-06 7.29614e-06 7.29614e-06
0.575 5.12784e-06 5.12784e-06 5.61609e-06 5.61642e-06 7.22665e-06 7.22665e-06
0.576 5.044e-06 5.044e-06 5.50989e-06 5.5102e-06 7.15817e-06 7.15817e-06
0.577 4.96538e-06 4.96538e-06 5.40559e-06 5.40587e-06 7.09077e-06 7.09077e-06
0.578 4.89194e-06 4.89194e-06 5.30337e-06 5.30362e-06 7.02453e-06 7.02453e-06
0.579 4.82365e-06 4.82365e-06 5.20339e-06 5.20361e-06 6.95951e-06 6.95951e-06
0.58 4.76044e-06 4.76044e-06 5.1058e-06 5.106e-06 6.89577e-06 6.89577e-06
0.581 4.70223e-06 4.70223e-06 5.01074e-06 5.01091e-06 6.83337e-06 6.83337e-06
0.582 4.64895e-06 4.64895e-06 4.91833e-06 4.91848e-06 6.77236e-06 6.77236e-06
0.583 4.60048e-06 4.60048e-06 4.82868e-06 4.82881e-06 6.71277e-06 6.71277e-06
0.584 4.55673e-06 4.55673e-06 4.74191e-06 4.74201e-06 6.65464e-06 6.65464e-06
0.585 4.51758e-06 4.51757e-06 4.65808e-06 4.65816e-06 6.59799e-06 6.59799e-06
0.586 4.48288e-06 4.48287e-06 4.57729e-06 4.57734e-06 6.54285e-06 6.54285e-06
0.587 4.45249e-06 4.45249e-06 4.49959e-06 4.49962e-06 6.48924e-06 6.48924e-06
0.588 4.42628e-06 4.42628e-06 4.42502e-06 4.42503e-06 6.43716e-06 6.43716e-06
0.589 4.40409e-06 4.40409e-06 4.35364e-06 4.35363e-06 6.38662e-06 6.38662e-06
0.59 4.38574e-06 4.38574e-06 4.28547e-06 4.28543e-06 6.33762e-06 6.33762e-06
0.591 4.37108e-06 4.37108e-06 4.22053e-06 4.22047e-06 6.29016e-06 6.29016e-06
0.592 4.35992e-06 4.35992e-06 4.15882e-06 4.15874e-06 6.24422e-06 6.24422e-06
0.593 4.35209e-06 4.35208e-06 4.10035e-06 4.10025e-06 6.19979e-06 6.19979e-06
0.594 4.3474e-06 4.34739e-06 4.04509e-06 4.04497e-06 6.15684e-06 6.15684e-06
0.595 4.34566e-06 4.34566e-06 3.99303e-06 3.99289e-06 6.11537e-06 6.11537e-06
0.596 4.34669e-06 4.34669e-06 3.94415e-06 3.94399e-06 6.07533e-06 6.07533e-06
0.597 4.3503e-06 4.3503e-06 3.89838e-06 3.8982e-06 6.0367e-06 6.0367e-06
0.598 4.3563e-06 4.35629e-06 3.8557e-06 3.85551e-06 5.99944e-06 5.99944e-06
0.599 4.36448e-06 4.36448e-06 3.81605e-06 3.81584e-06 5.96351e-06 5.96351e-06
0.6 4.37466e-06 4.37466e-06 3.77936e-06 3.77913e-06 5.92888e-06 5.92888e-06
0.601 4.38665e-06 4.38665e-06 3.74557e-06 3.74532e-06 5.8955e-06 5.8955e-06
0.602 4.40026e-06 4.40026e-06 3.7146e-06 3.71433e-06 5.86332e-06 5.86332e-06
0.603 4.41529e-06 4.41529e-06 3.68638e-06 3.68609e-06 5.83229e-06 5.83229e-06
0.604 4.43157e-06 4.43157e-06 3.6608e-06 3.6605e-06 5.80237e-06 5.80237e-06
0.605 4.4489e-06 4.4489e-06 3.6378e-06 3.63748e-06 5.7735e-06 5.7735e-06
0.606 4.46711e-06 4.46711e-06 3.61726e-06 3.61693e-06 5.74563e-06 5.74563e-06
0.607 4.48603e-06 4.48603e-06 3.5991e-06 3.59875e-06 5.7187e-06 5.7187e-06
0.608 4.50547e-06 4.50547e-06 3.58321e-06 3.58284e-06 5.69266e-06 5.69266e-06
0.609 4.52528e-06 4.52527e-06 3.56949e-06 3.5691e-06 5.66745e-06 5.66745e-06
0.61 4.54528e-06 4.54528e-06 3.55782e-06 3.55742e-06 5.64301e-06 5.64301e-06
0.611 4.56533e-06 4.56533e-06 3.5481e-06 3.54768e-06 5.61929e-06 5.61929e-06
0.612 4.58527e-06 4.58527e-06 3.54021e-06 3.53978e-06 5.59622e-06 5.59622e-06
0.613 4.60495e-06 4.60495e-06 3.53405e-06 3.53361e-06 5.57375e-06 5.57375e-06
0.614 4.62424e-06 4.62424e-06 3.5295e-06 3.52905e-06 5.55182e-06 5.55182e-06
0.615 4.643e-06 4.643e-06 3.52645e-06 3.52598e-06 5.53037e-06 5.53037e-06
0.616 4.66111e-06 4.6611e-06 3.52477e-06 3.52429e-06 5.50935e-06 5.50935e-06
0.617 4.67844e-06 4.67844e-06 3.52437e-06 3.52387e-06 5.48869e-06 5.48869e-06
0.618 4.69488e-06 4.69488e-06 3.52511e-06 3.52461e-06 5.46835e-06 5.46835e-06
0.619 4.71033e-06 4.71033e-06 3.5269e-06 3.52638e-06 5.44827e-06 5.44827e-06
0.62 4.72469e-06 4.72468e-06 3.52962e-06 3.52908e-06 5.42839e-06 5.42839e-06
0.621 4.73785e-06 4.73785e-06 3.53315e-06 3.53261e-06 5.40867e-06 5.40867e-06
0.622 4.74975e-06 4.74975e-06 3.5374e-06 3.53684e-06 5.38905e-06 5.38905e-06
0.623 4.7603e-06 4.7603e-06 3.54225e-06 3.54168e-06 5.36948e-06 5.36948e-06
0.624 4.76943e-06 4.76943e-06 3.54759e-06 3.54702e-06 5.34993e-06 5.34993e-06
0.625 4.77708e-06 4.77708e-06 3.55334e-06 3.55275e-06 5.33033e-06 5.33033e-06
0.626 4.78319e-06 4.78319e-06 3.55939e-06 3.55879e-06 5.31065e-06 5.31065e-06
0.627 4.78771e-06 4.7877e-06 3.56564e-06 3.56503e-06 5.29085e-06 5.29085e-06
0.628 4.79059e-06 4.79059e-06 3.572e-06 3.57138e-06 5.27089e-06 5.27089e-06
0.629 4.79181e-06 4.79181e-06 3.57838e-06 3.57775e-06 5.25072e-06 5.25072e-06
0.63 4.79134e-06 4.79133e-06 3.5847e-06 3.58406e-06 5.23032e-06 5.23032e-06
0.631 4.78914e-06 4.78914e-06 3.59087e-06 3.59022e-06 5.20965e-06 5.20965e-06
0.632 4.78521e-06 4.7852e-06 3.59682e-06 3.59615e-06 5.18868e-06 5.18868e-06
0.633 4.77953e-06 4.77953e-06 3.60246e-06 3.60179e-06 5.16738e-06 5.16738e-06
0.634 4.7721e-06 4.7721e-06 3.60774e-06 3.60705e-06 5.14573e-06 5.14573e-06
0.635 4.76292e-06 4.76292e-06 3.61257e-06 3.61188e-06 5.1237e-06 5.1237e-06
0.636 4.75201e-06 4.75201e-06 3.61691e-06 3.61621e-06 5.10127e-06 5.10127e-06
0.637 4.73937e-06 4.73936e-06 3.62068e-06 3.61998e-06 5.07842e-06 5.07842e-06
0.638 4.72501e-06 4.72501e-06 3.62384e-06 3.62313e-06 5.05513e-06 5.05513e-06
0.639 4.70897e-06 4.70897e-06 3.62634e-06 3.62562e-06 5.03139e-06 5.03139e-06
0.64 4.69127e-06 4.69127e-06 3.62813e-06 3.62739e-06 5.00719e-06 5.00719e-06
0.641 4.67195e-06 4.67194e-06 3.62916e-06 3.62842e-06 4.98251e-06 4.98251e-06
0.642 4.65103e-06 4.65103e-06 3.6294e-06 3.62865e-06 4.95734e-06 4.95734e-06
0.643 4.62856e-06 4.62856e-06 3.62882e-06 3.62806e-06 4.93169e-06 4.93169e-06
0.644 4.60459e-06 4.60459e-06 3.62738e-06 3.62662e-06 4.90554e-06 4.90554e-06
0.645 4.57915e-06 4.57915e-06 3.62506e-06 3.62429e-06 4.8789e-06 4.8789e-06
0.646 4.55231e-06 4.55231e-06 3.62184e-06 3.62106e-06 4.85176e-06 4.85176e-06
0.647 4.52412e-06 4.52411e-06 3.6177e-06 3.61691e-06 4.82413e-06 4.82413e-06
0.648 4.49462e-06 4.49462e-06 3.61262e-06 3.61183e-06 4.79601e-06 4.79601e-06
0.649 4.46388e-06 4.46388e-06 3.60659e-06 3.6058e-06 4.7674e-06 4.7674e-06
0.65 4.43197e-06 4.43196e-06 3.59962e-06 3.59881e-06 4.73832e-06 4.73832e-06
0.651 4.39893e-06 4.39893e-06 3.59168e-06 3.59087e-06 4.70877e-06 4.70877e-06
0.652 4.36484e-06 4.36484e-06 3.58279e-06 3.58197e-06 4.67876e-06 4.67876e-06
0.653 4.32976e-06 4.32976e-06 3.57295e-06 3.57212e-06 4.6483e-06 4.6483e-06
0.654 4.29376e-06 4.29376e-06 3.56215e-06 3.56132e-06 4.61741e-06 4.61741e-06
0.655 4.2569e-06 4.2569e-06 3.55042e-06 3.54959e-06 4.5861e-06 4.5861e-06
0.656 4.21926e-06 4.21925e-06 3.53776e-06 3.53692e-06 4.5544e-06 4.5544e-06
0.657 4.18089e-06 4.18089e-06 3.52419e-06 3.52334e-06 4.5223e-06 4.5223e-06
0.658 4.14188e-06 4.14187e-06 3.50972e-06 3.50887e-06 4.48984e-06 4.48984e-06
0.659 4.10228e-06 4.10228e-06 3.49438e-06 3.49352e-06 4.45703e-06 4.45703e-06
0.66 4.06216e-06 4.06216e-06 3.47818e-06 3.47732e-06 4.42389e-06 4.42389e-06
0.661 4.0216e-06 4.0216e-06 3.46116e-06 3.46029e-06 4.39045e-06 4.39045e-06
0.662 3.98066e-06 3.98066e-06 3.44332e-06 3.44245e-06 4.35672e-06 4.35672e-06
0.663 3.93941e-06 3.9394e-06 3.42471e-06 3.42383e-06 4.32272e-06 4.32272e-06
0.664 3.8979e-06 3.8979e-06 3.40536e-06 3.40447e-06 4.28849e-06 4.28849e-06
0.665 3.85621e-06 3.85621e-06 3.38528e-06 3.38439e-06 4.25403e-06 4.25403e-06
0.666 3.8144e-06 3.8144e-06 3.36453e-06 3.36363e-06 4.21938e-06 4.21938e-06
0.667 3.77253e-06 3.77252e-06 3.34312e-06 3.34222e-06 4.18456e-06 4.18456e-06
0.668 3.73065e-06 3.73065e-06 3.32109e-06 3.32019e-06 4.14958e-06 4.14958e-06
0.669 3.68883e-06 3.68882e-06 3.29848e-06 3.29757e-06 4.11449e-06 4.11449e-06
0.67 3.64712e-06 3.64711e-06 3.27533e-06 3.27442e-06 4.07929e-06 4.07929e-06
0.671 3.60557e-06 3.60557e-06 3.25167e-06 3.25075e-06 4.04402e-06 4.04402e-06
0.672 3.56424e-06 3.56424e-06 3.22753e-06 3.22661e-06 4.0087e-06 4.0087e-06
0.673 3.52318e-06 3.52318e-06 3.20296e-06 3.20204e-06 3.97334e-06 3.97334e-06
0.674 3.48244e-06 3.48243e-06 3.178e-06 3.17707e-06 3.93799e-06 3.93799e-06
0.675 3.44205e-06 3.44205e-06 3.15268e-06 3.15174e-06 3.90264e-06 3.90264e-06
0.676 3.40206e-06 3.40206e-06 3.12703e-06 3.1261e-06 3.86734e-06 3.86734e-06
0.677 3.36252e-06 3.36252e-06 3.10111e-06 3.10017e-06 3.8321e-06 3.8321e-06
0.678 3.32346e-06 3.32346e-06 3.07493e-06 3.07399e-06 3.79695e-06 3.79695e-06
0.679 3.28491e-06 3.28491e-06 3.04855e-06 3.04761e-06 3.7619e-06 3.7619e-06
0.68 3.24692e-06 3.24691e-06 3.022e-06 3.02106e-06 3.72697e-06 3.72697e-06
0.681 3.2095e-06 3.20949e-06 2.99532e-06 2.99437e-06 3.6922e-06 3.6922e-06
0.682 3.17269e-06 3.17268e-06 2.96853e-06 2.96757e-06 3.65758e-06 3.65758e-06
0.683 3.13651e-06 3.13651e-06 2.94167e-06 2.94072e-06 3.62315e-06 3.62315e-06
0.684 3.10099e-06 3.10098e-06 2.91479e-06 2.91383e-06 3.58893e-06 3.58893e-06
0.685 3.06614e-06 3.06614e-06 2.88791e-06 2.88695e-06 3.55492e-06 3.55492e-06
0.686 3.03199e-06 3.03199e-06 2.86106e-06 2.86009e-06 3.52115e-06 3.52115e-06
0.687 2.99855e-06 2.99854e-06 2.83427e-06 2.8333e-06 3.48763e-06 3.48763e-06
0.688 2.96582e-06 2.96582e-06 2.80758e-06 2.80661e-06 3.45437e-06 3.45437e-06
0.689 2.93384e-06 2.93384e-06 2.78101e-06 2.78004e-06 3.4214e-06 3.4214e-06
0.69 2.90259e-06 2.90259e-06 2.75459e-06 2.75362e-06 3.38871e-06 3.38871e-06
0.691 2.87209e-06 2.87209e-06 2.72834e-06 2.72737e-06 3.35633e-06 3.35633e-06
0.692 2.84235e-06 2.84234e-06 2.7023e-06 2.70133e-06 3.32427e-06 3.32427e-06
0.693 2.81335e-06 2.81335e-06 2.67648e-06 2.67551e-06 3.29253e-06 3.29253e-06
0.694 2.78511e-06 2.78511e-06 2.65091e-06 2.64994e-06 3.26113e-06 3.26113e-06
0.695 2.75762e-06 2.75762e-06 2.62561e-06 2.62463e-06 3.23007e-06 3.23007e-06
0.696 2.73088e-06 2.73087e-06 2.6006e-06 2.59962e-06 3.19936e-06 3.19936e-06
0.697 2.70487e-06 2.70487e-06 2.57589e-06 2.57491e-06 3.16902e-06 3.16902e-06
0.698 2.6796e-06 2.6796e-06 2.5515e-06 2.55052e-06 3.13903e-06 3.13903e-06
0.699 2.65505e-06 2.65505e-06 2.52745e-06 2.52647e-06 3.10941e-06 3.10941e-06
0.7 2.63122e-06 2.63121e-06 2.50376e-06 2.50277e-06 3.08017e-06 3.08017e-06
0.701 2.60808e-06 2.60807e-06 2.48042e-06 2.47944e-06 3.0513e-06 3.0513e-06
0.702 2.58562e-06 2.58562e-06 2.45747e-06 2.45648e-06 3.02281e-06 3.02281e-06
0.703 2.56384e-06 2.56384e-06 2.4349e-06 2.43391e-06 2.9947e-06 2.9947e-06
0.704 2.54271e-06 2.5427e-06 2.41272e-06 2.41173e-06 2.96697e-06 2.96697e-06
0.705 2.52221e-06 2.52221e-06 2.39094e-06 2.38995e-06 2.93962e-06 2.93962e-06
0.706 2.50233e-06 2.50233e-06 2.36957e-06 2.36858e-06 2.91266e-06 2.91266e-06
0.707 2.48305e-06 2.48304e-06 2.34861e-06 2.34762e-06 2.88607e-06 2.88607e-06
0.708 2.46434e-06 2.46434e-06 2.32807e-06 2.32708e-06 2.85985e-06 2.85985e-06
0.709 2.44618e-06 2.44618e-06 2.30794e-06 2.30695e-06 2.83401e-06 2.83401e-06
0.71 2.42856e-06 2.42856e-06 2.28823e-06 2.28724e-06 2.80854e-06 2.80854e-06
0.711 2.41145e-06 2.41145e-06 2.26894e-06 2.26795e-06 2.78343e-06 2.78343e-06
0.712 2.39482e-06 2.39482e-06 2.25006e-06 2.24907e-06 2.75869e-06 2.75869e-06
0.713 2.37866e-06 2.37866e-06 2.2316e-06 2.23061e-06 2.7343e-06 2.7343e-06
0.714 2.36294e-06 2.36293e-06 2.21355e-06 2.21256e-06 2.71026e-06 2.71026e-06
0.715 2.34762e-06 2.34762e-06 2.1959e-06 2.19491e-06 2.68656e-06 2.68656e-06
0.716 2.3327e-06 2.3327e-06 2.17865e-06 2.17767e-06 2.6632e-06 2.6632e-06
0.717 2.31815e-06 2.31815e-06 2.1618e-06 2.16081e-06 2.64017e-06 2.64017e-06
0.718 2.30394e-06 2.30394e-06 2.14534e-06 2.14435e-06 2.61747e-06 2.61747e-06
0.719 2.29004e-06 2.29004e-06 2.12925e-06 2.12827e-06 2.59508e-06 2.59508e-06
0.72 2.27644e-06 2.27644e-06 2.11354e-06 2.11255e-06 2.57299e-06 2.57299e-06
0.721 2.26311e-06 2.2631e-06 2.09819e-06 2.0972e-06 2.55121e-06 2.55121e-06
0.722 2.25002e-06 2.25002e-06 2.08319e-06 2.08221e-06 2.52971e-06 2.52971e-06
0.723 2.23715e-06 2.23715e-06 2.06853e-06 2.06755e-06 2.50849e-06 2.50849e-06
0.724 2.22449e-06 2.22448e-06 2.05421e-06 2.05323e-06 2.48755e-06 2.48755e-06
0.725 2.21199e-06 2.21199e-06 2.0402e-06 2.03922e-06 2.46687e-06 2.46687e-06
0.726 2.19965e-06 2.19965e-06 2.0265e-06 2.02553e-06 2.44644e-06 2.44644e-06
0.727 2.18745e-06 2.18745e-06 2.0131e-06 2.01213e-06 2.42626e-06 2.42626e-06
0.728 2.17536e-06 2.17536e-06 1.99999e-06 1.99901e-06 2.40631e-06 2.40631e-06
0.729 2.16336e-06 2.16335e-06 1.98715e-06 1.98617e-06 2.38659e-06 2.38659e-06
0.73 2.15143e-06 2.15143e-06 1.97456e-06 1.97359e-06 2.36708e-06 2.36708e-06
0.731 2.13955e-06 2.13955e-06 1.96222e-06 1.96125e-06 2.34778e-06 2.34778e-06
0.732 2.12772e-06 2.12771e-06 1.95012e-06 1.94915e-06 2.32867e-06 2.32867e-06
0.733 2.1159e-06 2.11589e-06 1.93823e-06 1.93726e-06 2.30975e-06 2.30975e-06
0.734 2.10408e-06 2.10407e-06 1.92655e-06 1.92559e-06 2.29102e-06 2.29102e-06
0.735 2.09224e-06 2.09224e-06 1.91507e-06 1.9141e-06 2.27245e-06 2.27245e-06
0.736 2.08038e-06 2.08038e-06 1.90376e-06 1.9028e-06 2.25404e-06 2.25404e-06
0.737 2.06847e-06 2.06847e-06 1.89262e-06 1.89166e-06 2.23578e-06 2.23578e-06
0.738 2.05651e-06 2.05651e-06 1.88164e-06 1.88068e-06 2.21766e-06 2.21766e-06
0.739 2.04448e-06 2.04448e-06 1.8708e-06 1.86985e-06 2.19968e-06 2.19968e-06
0.74 2.03237e-06 2.03237e-06 1.86009e-06 1.85914e-06 2.18183e-06 2.18183e-06
0.741 2.02017e-06 2.02017e-06 1.8495e-06 1.84855e-06 2.16409e-06 2.16409e-06
0.742 2.00788e-06 2.00788e-06 1.83901e-06 1.83806e-06 2.14647e-06 2.14647e-06
0.743 1.99548e-06 1.99547e-06 1.82862e-06 1.82767e-06 2.12895e-06 2.12895e-06
0.744 1.98295e-06 1.98295e-06 1.81831e-06 1.81736e-06 2.11152e-06 2.11152e-06
0.745 1.97031e-06 1.97031e-06 1.80807e-06 1.80712e-06 2.09419e-06 2.09419e-06
0.746 1.95754e-06 1.95754e-06 1.79789e-06 1.79695e-06 2.07694e-06 2.07694e-06
0.747 1.94464e-06 1.94463e-06 1.78776e-06 1.78682e-06 2.05976e-06 2.05976e-06
0.748 1.9316e-06 1.93159e-06 1.77767e-06 1.77673e-06 2.04266e-06 2.04266e-06
0.749 1.91841e-06 1.91841e-06 1.76761e-06 1.76668e-06 2.02562e-06 2.02562e-06
0.75 1.90509e-06 1.90509e-06 1.75758e-06 1.75665e-06 2.00864e-06 2.00864e-06
0.751 1.89161e-06 1.89161e-06 1.74755e-06 1.74663e-06 1.99171e-06 1.99171e-06
0.752 1.878e-06 1.87799e-06 1.73754e-06 1.73661e-06 1.97484e-06 1.97484e-06
0.753 1.86424e-06 1.86423e-06 1.72752e-06 1.7266e-06 1.95801e-06 1.95801e-06
0.754 1.85032e-06 1.85032e-06 1.71749e-06 1.71657e-06 1.94123e-06 1.94123e-06
0.755 1.83627e-06 1.83627e-06 1.70745e-06 1.70653e-06 1.92448e-06 1.92448e-06
0.756 1.82207e-06 1.82207e-06 1.69738e-06 1.69646e-06 1.90777e-06 1.90777e-06
0.757 1.80773e-06 1.80773e-06 1.68728e-06 1.68637e-06 1.89109e-06 1.89109e-06
0.758 1.79325e-06 1.79325e-06 1.67715e-06 1.67624e-06 1.87444e-06 1.87444e-06
0.759 1.77864e-06 1.77864e-06 1.66699e-06 1.66608e-06 1.85782e-06 1.85782e-06
0.76 1.7639e-06 1.7639e-06 1.65678e-06 1.65587e-06 1.84122e-06 1.84122e-06
0.761 1.74903e-06 1.74903e-06 1.64652e-06 1.64562e-06 1.82465e-06 1.82465e-06
0.762 1.73405e-06 1.73404e-06 1.63621e-06 1.63531e-06 1.80809e-06 1.80809e-06
0.763 1.71895e-06 1.71894e-06 1.62585e-06 1.62496e-06 1.79156e-06 1.79156e-06
0.764 1.70373e-06 1.70373e-06 1.61544e-06 1.61455e-06 1.77505e-06 1.77505e-06
0.765 1.68842e-06 1.68842e-06 1.60497e-06 1.60408e-06 1.75856e-06 1.75856e-06
0.766 1.67302e-06 1.67301e-06 1.59444e-06 1.59355e-06 1.74209e-06 1.74209e-06
0.767 1.65752e-06 1.65752e-06 1.58385e-06 1.58297e-06 1.72564e-06 1.72564e-06
0.768 1.64194e-06 1.64194e-06 1.5732e-06 1.57232e-06 1.70921e-06 1.70921e-06
0.769 1.62629e-06 1.62629e-06 1.56249e-06 1.56161e-06 1.6928e-06 1.6928e-06
0.77 1.61058e-06 1.61058e-06 1.55172e-06 1.55085e-06 1.67641e-06 1.67641e-06
0.771 1.59481e-06 1.5948e-06 1.54089e-06 1.54002e-06 1.66004e-06 1.66004e-06
0.772 1.57899e-06 1.57898e-06 1.53e-06 1.52914e-06 1.6437e-06 1.6437e-06
0.773 1.56312e-06 1.56312e-06 1.51906e-06 1.51819e-06 1.62738e-06 1.62738e-06
0.774 1.54722e-06 1.54723e-06 1.50806e-06 1.50719e-06 1.61109e-06 1.61109e-06
0.775 1.53131e-06 1.53131e-06 1.497e-06 1.49614e-06 1.59482e-06 1.59482e-06
0.776 1.51537e-06 1.51537e-06 1.48589e-06 1.48503e-06 1.57858e-06 1.57858e-06
0.777 1.49943e-06 1.49943e-06 1.47473e-06 1.47388e-06 1.56238e-06 1.56238e-06
0.778 1.48349e-06 1.48349e-06 1.46353e-06 1.46268e-06 1.54621e-06 1.54621e-06
0.779 1.46756e-06 1.46756e-06 1.45228e-06 1.45143e-06 1.53007e-06 1.53007e-06
0.78 1.45165e-06 1.45165e-06 1.44099e-06 1.44014e-06 1.51398e-06 1.51398e-06
0.781 1.43577e-06 1.43576e-06 1.42966e-06 1.42882e-06 1.49792e-06 1.49792e-06
0.782 1.41992e-06 1.41991e-06 1.4183e-06 1.41746e-06 1.48191e-06 1.48191e-06
0.783 1.40411e-06 1.40411e-06 1.40691e-06 1.40607e-06 1.46594e-06 1.46594e-06
0.784 1.38835e-06 1.38836e-06 1.39549e-06 1.39466e-06 1.45003e-06 1.45003e-06
0.785 1.37266e-06 1.37266e-06 1.38405e-06 1.38323e-06 1.43416e-06 1.43416e-06
0.786 1.35703e-06 1.35702e-06 1.3726e-06 1.37177e-06 1.41835e-06 1.41835e-06
0.787 1.34147e-06 1.34147e-06 1.36113e-06 1.3603e-06 1.4026e-06 1.4026e-06
0.788 1.32599e-06 1.326e-06 1.34965e-06 1.34883e-06 1.38691e-06 1.38691e-06
0.789 1.3106e-06 1.31061e-06 1.33816e-06 1.33735e-06 1.37128e-06 1.37128e-06
0.79 1.29531e-06 1.29531e-06 1.32668e-06 1.32587e-06 1.35572e-06 1.35572e-06
0.791 1.28012e-06 1.28011e-06 1.3152e-06 1.31439e-06 1.34022e-06 1.34022e-06
0.792 1.26503e-06 1.26503e-06 1.30373e-06 1.30292e-06 1.3248e-06 1.3248e-06
0.793 1.25005e-06 1.25006e-06 1.29227e-06 1.29147e-06 1.30945e-06 1.30945e-06
0.794 1.2352e-06 1.2352e-06 1.28083e-06 1.28003e-06 1.29418e-06 1.29418e-06
0.795 1.22047e-06 1.22046e-06 1.26942e-06 1.26862e-06 1.27899e-06 1.27899e-06
0.796 1.20586e-06 1.20586e-06 1.25803e-06 1.25723e-06 1.26389e-06 1.26389e-06
0.797 1.19139e-06 1.19138e-06 1.24667e-06 1.24588e-06 1.24887e-06 1.24887e-06
0.798 1.17705e-06 1.17705e-06 1.23535e-06 1.23456e-06 1.23393e-06 1.23393e-06
0.799 1.16285e-06 1.16286e-06 1.22406e-06 1.22328e-06 1.21909e-06 1.21909e-06
0.8 1.14881e-06 1.1488e-06 1.21282e-06 1.21204e-06 1.20434e-06 1.20434e-06
0.801 1.1349e-06 1.13489e-06 1.20163e-06 1.20086e-06 1.18969e-06 1.18969e-06
0.802 1.12115e-06 1.12114e-06 1.1905e-06 1.18972e-06 1.17513e-06 1.17513e-06
0.803 1.10754e-06 1.10755e-06 1.17942e-06 1.17864e-06 1.16068e-06 1.16068e-06
0.804 1.0941e-06 1.0941e-06 1.16839e-06 1.16763e-06 1.14632e-06 1.14632e-06
0.805 1.08082e-06 1.08081e-06 1.15744e-06 1.15667e-06 1.13207e-06 1.13207e-06
0.806 1.06769e-06 1.06768e-06 1.14655e-06 1.14579e-06 1.11792e-06 1.11792e-06
0.807 1.05472e-06 1.05472e-06 1.13573e-06 1.13497e-06 1.10389e-06 1.10389e-06
0.808 1.04191e-06 1.04191e-06 1.12498e-06 1.12423e-06 1.08996e-06 1.08996e-06
0.809 1.02927e-06 1.02927e-06 1.11431e-06 1.11356e-06 1.07614e-06 1.07614e-06
0.81 1.01679e-06 1.01678e-06 1.10372e-06 1.10297e-06 1.06243e-06 1.06243e-06
0.811 1.00447e-06 1.00447e-06 1.09321e-06 1.09247e-06 1.04884e-06 1.04884e-06
0.812 9.92314e-07 9.92317e-07 1.08279e-06 1.08205e-06 1.03536e-06 1.03536e-06
0.813 9.80321e-07 9.80328e-07 1.07245e-06 1.07171e-06 1.022e-06 1.022e-06
0.814 9.68497e-07 9.68494e-07 1.0622e-06 1.06147e-06 1.00875e-06 1.00875e-06
0.815 9.56833e-07 9.56822e-07 1.05205e-06 1.05132e-06 9.95619e-07 9.95619e-07
0.816 9.45323e-07 9.45317e-07 1.04199e-06 1.04126e-06 9.82607e-07 9.82607e-07
0.817 9.33969e-07 9.33975e-07 1.03202e-06 1.0313e-06 9.69714e-07 9.69714e-07
0.818 9.22778e-07 9.22785e-07 1.02215e-06 1.02143e-06 9.56938e-07 9.56938e-07
0.819 9.1175e-07 9.11744e-07 1.01237e-06 1.01166e-06 9.4428e-07 9.4428e-07
0.82 9.00872e-07 9.0086e-07 1.0027e-06 1.00199e-06 9.31743e-07 9.31743e-07
0.821 8.90139e-07 8.90135e-07 9.93125e-07 9.92414e-07 9.19326e-07 9.19326e-07
0.822 8.79553e-07 8.79561e-07 9.8365e-07 9.82942e-07 9.07029e-07 9.07029e-07
0.823 8.69123e-07 8.69128e-07 9.74274e-07 9.73573e-07 8.9485e-07 8.9485e-07
0.824 8.58842e-07 8.58834e-07 9.65001e-07 9.64304e-07 8.82789e-07 8.82789e-07
0.825 8.48699e-07 8.48686e-07 9.55832e-07 9.55136e-07 8.70848e-07 8.70848e-07
0.826 8.38687e-07 8.38686e-07 9.46764e-07 9.46069e-07 8.59027e-07 8.59027e-07
0.827 8.28811e-07 8.28821e-07 9.37797e-07 9.37106e-07 8.47323e-07 8.47323e-07
0.828 8.19078e-07 8.19081e-07 9.2893e-07 9.28246e-07 8.35735e-07 8.35735e-07
0.829 8.09478e-07 8.09467e-07 9.20165e-07 9.19485e-07 8.24264e-07 8.24264e-07
0.83 7.99999e-07 7.99987e-07 9.11504e-07 9.10824e-07 8.12909e-07 8.12909e-07
0.831 7.90635e-07 7.90638e-07 9.02942e-07 9.02264e-07 8.01672e-07 8.01672e-07
0.832 7.81396e-07 7.81406e-07 8.94478e-07 8.93805e-07 7.90547e-07 7.90547e-07
0.833 7.72282e-07 7.72282e-07 8.86112e-07 8.85445e-07 7.79534e-07 7.79534e-07
0.834 7.63284e-07 7.6327e-07 8.77845e-07 8.77182e-07 7.68633e-07 7.68633e-07
0.835 7.54387e-07 7.54377e-07 8.69676e-07 8.69013e-07 7.57846e-07 7.57846e-07
0.836 7.45591e-07 7.45597e-07 8.61603e-07 8.60941e-07 7.47169e-07 7.47169e-07
0.837 7.36903e-07 7.36914e-07 8.53621e-07 8.52965e-07 7.36599e-07 7.36599e-07
0.838 7.28325e-07 7.28322e-07 8.45732e-07 8.45083e-07 7.26135e-07 7.26135e-07
0.839 7.19843e-07 7.19828e-07 8.37936e-07 8.37289e-07 7.15778e-07 7.15778e-07
0.84 7.11444e-07 7.11436e-07 8.30232e-07 8.29585e-07 7.05528e-07 7.05528e-07
0.841 7.0313e-07 7.03139e-07 8.22614e-07 8.2197e-07 6.95381e-07 6.95381e-07
0.842 6.9491e-07 6.9492e-07 8.15081e-07 8.14443e-07 6.85335e-07 6.85335e-07
0.843 6.86783e-07 6.86776e-07 8.07633e-07 8.07001e-07 6.75388e-07 6.75388e-07
0.844 6.78732e-07 6.78716e-07 8.0027e-07 7.9964e-07 6.65542e-07 6.65542e-07
0.845 6.70747e-07 6.70743e-07 7.9299e-07 7.92359e-07 6.55795e-07 6.55795e-07
0.846 6.62834e-07 6.62846e-07 7.85787e-07 7.85159e-07 6.46143e-07 6.46143e-07
0.847 6.55002e-07 6.5501e-07 7.78659e-07 7.78039e-07 6.36585e-07 6.36585e-07
0.848 6.47245e-07 6.47234e-07 7.71608e-07 7.70993e-07 6.27118e-07 6.27118e-07
0.849 6.39547e-07 6.3953e-07 7.64633e-07 7.64019e-07 6.17745e-07 6.17745e-07
0.85 6.31899e-07 6.31899e-07 7.5773e-07 7.57115e-07 6.08464e-07 6.08464e-07
0.851 6.24313e-07 6.24327e-07 7.50895e-07 7.50284e-07 5.9927e-07 5.9927e-07
0.852 6.16795e-07 6.16801e-07 7.44125e-07 7.43522e-07 5.90162e-07 5.90162e-07
0.853 6.09338e-07 6.09324e-07 7.37423e-07 7.36824e-07 5.81138e-07 5.81138e-07
0.854 6.01924e-07 6.01908e-07 7.30786e-07 7.30188e-07 5.722e-07 5.722e-07
0.855 5.94549e-07 5.94553e-07 7.24212e-07 7.23613e-07 5.63347e-07 5.63347e-07
0.856 5.87226e-07 5.87242e-07 7.17694e-07 7.17101e-07 5.54573e-07 5.54573e-07
0.857 5.79962e-07 5.79964e-07 7.11233e-07 7.10648e-07 5.45876e-07 5.45876e-07
0.858 5.72745e-07 5.72727e-07 7.04831e-07 7.04248e-07 5.37258e-07 5.37258e-07
0.859 5.65559e-07 5.65545e-07 6.98484e-07 6.97901e-07 5.2872e-07 5.2872e-07
0.86 5.58403e-07 5.58412e-07 6.92189e-07 6.91607e-07 5.20257e-07 5.20257e-07
0.861 5.51294e-07 5.51311e-07 6.85942e-07 6.85366e-07 5.11867e-07 5.11867e-07
0.862 5.44237e-07 5.44234e-07 6.79743e-07 6.79174e-07 5.03548e-07 5.03548e-07
0.863 5.37214e-07 5.37194e-07 6.73593e-07 6.73027e-07 4.953e-07 4.953e-07
0.864 5.30213e-07 5.30202e-07 6.67491e-07 6.66923e-07 4.87126e-07 4.87126e-07
0.865 5.23238e-07 5.23252e-07 6.61431e-07 6.60864e-07 4.79022e-07 4.79022e-07
0.866 5.16308e-07 5.16323e-07 6.5541e-07 6.54851e-07 4.70983e-07 4.70983e-07
0.867 5.09422e-07 5.09414e-07 6.4943e-07 6.48878e-07 4.63009e-07 4.63009e-07
0.868 5.02562e-07 5.0254e-07 6.43492e-07 6.42941e-07 4.55102e-07 4.55102e-07
0.869 4.95718e-07 4.95712e-07 6.37593e-07 6.37041e-07 4.47263e-07 4.47263e-07
0.87 4.88899e-07 4.88917e-07 6.31729e-07 6.31179e-07 4.39487e-07 4.39487e-07
0.871 4.82125e-07 4.82138e-07 6.25897e-07 6.25355e-07 4.3177e-07 4.3177e-07
0.872 4.7539e-07 4.75377e-07 6.201e-07 6.19565e-07 4.24115e-07 4.24115e-07
0.873 4.68676e-07 4.68652e-07 6.14339e-07 6.13803e-07 4.16522e-07 4.16522e-07
0.874 4.61973e-07 4.61972e-07 6.08611e-07 6.08073e-07 4.08992e-07 4.08992e-07
0.875 4.55299e-07 4.55321e-07 6.0291e-07 6.02377e-07 4.01521e-07 4.01521e-07
0.876 4.4867e-07 4.4868e-07 5.97236e-07 5.96712e-07 3.94104e-07 3.94104e-07
0.877 4.42079e-07 4.42059e-07 5.91594e-07 5.91075e-07 3.86745e-07 3.86745e-07
0.878 4.35502e-07 4.35479e-07 5.85983e-07 5.85462e-07 3.79446e-07 3.79446e-07
0.879 4.28938e-07 4.28944e-07 5.80399e-07 5.79876e-07 3.72205e-07 3.72205e-07
0.88 4.22408e-07 4.22432e-07 5.74838e-07 5.74321e-07 3.65019e-07 3.65019e-07
0.881 4.15926e-07 4.15931e-07 5.69301e-07 5.68794e-07 3.57884e-07 3.57884e-07
0.882 4.09478e-07 4.09454e-07 5.63793e-07 5.63289e-07 3.50805e-07 3.50805e-07
0.883 4.03043e-07 4.03024e-07 5.58313e-07 5.57805e-07 3.43783e-07 3.43783e-07
0.884 3.96624e-07 3.96637e-07 5.52855e-07 5.52347e-07 3.36817e-07 3.36817e-07
0.885 3.90247e-07 3.90272e-07 5.47418e-07 5.46918e-07 3.29901e-07 3.29901e-07
0.886 3.8392e-07 3.83919e-07 5.42003e-07 5.41513e-07 3.23036e-07 3.23036e-07
0.887 3.77626e-07 3.77597e-07 5.36616e-07 5.36127e-07 3.16224e-07 3.16224e-07
0.888 3.71343e-07 3.71328e-07 5.31255e-07 5.30761e-07 3.09469e-07 3.09469e-07
0.889 3.65083e-07 3.65103e-07 5.25914e-07 5.25421e-07 3.02766e-07 3.02766e-07
0.89 3.58872e-07 3.58897e-07 5.20591e-07 5.20108e-07 2.96112e-07 2.96112e-07
0.891 3.52716e-07 3.52706e-07 5.15292e-07 5.14818e-07 2.89507e-07 2.89507e-07
0.892 3.46588e-07 3.46557e-07 5.1002e-07 5.09545e-07 2.82955e-07 2.82955e-07
0.893 3.40474e-07 3.40466e-07 5.04773e-07 5.04293e-07 2.76459e-07 2.76459e-07
0.894 3.34391e-07 3.34418e-07 4.99545e-07 4.99068e-07 2.70013e-07 2.70013e-07
0.895 3.28366e-07 3.28387e-07 4.94336e-07 4.93869e-07 2.63615e-07 2.63615e-07
0.896 3.22396e-07 3.22379e-07 4.89151e-07 4.88692e-07 2.57265e-07 2.57265e-07
0.897 3.16454e-07 3.16421e-07 4.83995e-07 4.83533e-07 2.5097e-07 2.5097e-07
0.898 3.10527e-07 3.10526e-07 4.78863e-07 4.78397e-07 2.44729e-07 2.44729e-07
0.899 3.04641e-07 3.04673e-07 4.7375e-07 4.73288e-07 2.38537e-07 2.38537e-07
0.9 2.98821e-07 2.98837e-07 4.68657e-07 4.68207e-07 2.32391e-07 2.32391e-07
0.901 2.93056e-07 2.9303e-07 4.63591e-07 4.63147e-07 2.26295e-07 2.26295e-07
0.902 2.87316e-07 2.87284e-07 4.58555e-07 4.58106e-07 2.20254e-07 2.20254e-07
0.903 2.81596e-07 2.81605e-07 4.53543e-07 4.53091e-07 2.14266e-07 2.14266e-07
0.904 2.75928e-07 2.75964e-07 4.48551e-07 4.48106e-07 2.08327e-07 2.08327e-07
0.905 2.70332e-07 2.7034e-07 4.43582e-07 4.43148e-07 2.02434e-07 2.02434e-07
0.906 2.64789e-07 2.64754e-07 4.38643e-07 4.38213e-07 1.96591e-07 1.96591e-07
0.907 2.59267e-07 2.59239e-07 4.33735e-07 4.33299e-07 1.90804e-07 1.90804e-07
0.908 2.53773e-07 2.53791e-07 4.28852e-07 4.28413e-07 1.8507e-07 1.8507e-07
0.909 2.4834e-07 2.48377e-07 4.2399e-07 4.2356e-07 1.79384e-07 1.79384e-07
0.91 2.42983e-07 2.42982e-07 4.19154e-07 4.18736e-07 1.73743e-07 1.73743e-07
0.911 2.37676e-07 2.37635e-07 4.14351e-07 4.13934e-07 1.68155e-07 1.68155e-07
0.912 2.32388e-07 2.32366e-07 4.09581e-07 4.09157e-07 1.62623e-07 1.62623e-07
0.913 2.27134e-07 2.27163e-07 4.04836e-07 4.04411e-07 1.57143e-07 1.57143e-07
0.914 2.21951e-07 2.21988e-07 4.00115e-07 3.99701e-07 1.5171e-07 1.5171e-07
0.915 2.16847e-07 2.16835e-07 3.95423e-07 3.9502e-07 1.46323e-07 1.46323e-07
0.916 2.11785e-07 2.1174e-07 3.90767e-07 3.90363e-07 1.4099e-07 1.4099e-07
0.917 2.06742e-07 2.06728e-07 3.86145e-07 3.85732e-07 1.35714e-07 1.35714e-07
0.918 2.01739e-07 2.01778e-07 3.81549e-07 3.81138e-07 1.30489e-07 1.30489e-07
0.919 1.96818e-07 1.9685e-07 3.76977e-07 3.7658e-07 1.25309e-07 1.25309e-07
0.92 1.91973e-07 1.91948e-07 3.7244e-07 3.72052e-07 1.20177e-07 1.20177e-07
0.921 1.87162e-07 1.87115e-07 3.67942e-07 3.67549e-07 1.151e-07 1.151e-07
0.922 1.82369e-07 1.82367e-07 3.63477e-07 3.63076e-07 1.1008e-07 1.1008e-07
0.923 1.77626e-07 1.77673e-07 3.59038e-07 3.58642e-07 1.05109e-07 1.05109e-07
0.924 1.72971e-07 1.72996e-07 3.54627e-07 3.54246e-07 1.00182e-07 1.00182e-07
0.925 1.68387e-07 1.68351e-07 3.50254e-07 3.4988e-07 9.53047e-08 9.53047e-08
0.926 1.63829e-07 1.63782e-07 3.45921e-07 3.45539e-07 9.04839e-08 9.04839e-08
0.927 1.59288e-07 1.593e-07 3.41622e-07 3.41232e-07 8.57187e-08 8.57187e-08
0.928 1.54808e-07 1.54861e-07 3.37348e-07 3.36968e-07 8.10002e-08 8.10002e-08
0.929 1.5042e-07 1.50434e-07 3.33106e-07 3.32741e-07 7.63252e-08 7.63252e-08
0.93 1.46094e-07 1.46046e-07 3.28903e-07 3.28542e-07 7.17007e-08 7.17007e-08
0.931 1.41784e-07 1.41743e-07 3.24743e-07 3.24371e-07 6.71339e-08 6.71339e-08
0.932 1.37495e-07 1.37522e-07 3.20614e-07 3.20237e-07 6.26207e-08 6.26207e-08
0.933 1.33277e-07 1.33332e-07 3.16512e-07 3.16147e-07 5.81518e-08 5.81518e-08
0.934 1.2915e-07 1.29151e-07 3.12443e-07 3.12093e-07 5.37259e-08 5.37259e-08
0.935 1.25075e-07 1.25017e-07 3.08417e-07 3.08067e-07 4.9352e-08 4.9352e-08
0.936 1.21007e-07 1.20974e-07 3.04432e-07 3.0407e-07 4.50355e-08 4.50355e-08
0.937 1.16964e-07 1.17005e-07 3.00478e-07 3.00113e-07 4.07702e-08 4.07702e-08
0.938 1.13001e-07 1.13055e-07 2.9655e-07 2.962e-07 3.65464e-08 3.65464e-08
0.939 1.09128e-07 1.09112e-07 2.92658e-07 2.92323e-07 3.23655e-08 3.23655e-08
0.94 1.05291e-07 1.05226e-07 2.8881e-07 2.88471e-07 2.82376e-08 2.82376e-08
0.941 1.01455e-07 1.01435e-07 2.85002e-07 2.8465e-07 2.41664e-08 2.41664e-08
0.942 9.76508e-08 9.77061e-08 2.81222e-07 2.80871e-07 2.01429e-08 2.01429e-08
0.943 9.39347e-08 9.39829e-08 2.77469e-07 2.77136e-07 1.61584e-08 1.61584e-08
0.944 9.03013e-08 9.02683e-08 2.73754e-07 2.73433e-07 1.22169e-08 1.22169e-08
0.945 8.66896e-08 8.66214e-08 2.70084e-07 2.69755e-07 8.32921e-09 8.32921e-09
0.946 8.30724e-08 8.30692e-08 2.66452e-07 2.66109e-07 4.4964e-09 4.4964e-09
0.947 7.94971e-08 7.95645e-08 2.62844e-07 2.62507e-07 7.07409e-10 7.07409e-10
0.948 7.60161e-08 7.60538e-08 2.59264e-07 2.58947e-07 -3.04512e-09 -3.04512e-09
0.949 7.26073e-08 7.25565e-08 2.55724e-07 2.55416e-07 -6.75416e-09 -6.75416e-09
0.95 6.92041e-08 6.91372e-08 2.52229e-07 2.51908e-07 -1.04089e-08 -1.04089e-08
0.951 6.57931e-08 6.58091e-08 2.48767e-07 2.48434e-07 -1.40115e-08 -1.40115e-08
0.952 6.24354e-08 6.25116e-08 2.45328e-07 2.45005e-07 -1.75747e-08 -1.75747e-08
0.953 5.91756e-08 5.91981e-08 2.41917e-07 2.41616e-07 -2.11034e-08 -2.11034e-08
0.954 5.59737e-08 5.59059e-08 2.38548e-07 2.38251e-07 -2.4588e-08 -2.4588e-08
0.955 5.27616e-08 5.27015e-08 2.35222e-07 2.34908e-07 -2.80184e-08 -2.80184e-08
0.956 4.95437e-08 4.95808e-08 2.31925e-07 2.31602e-07 -3.14001e-08 -3.14001e-08
0.957 4.63917e-08 4.64721e-08 2.28648e-07 2.2834e-07 -3.47469e-08 -3.47469e-08
0.958 4.33379e-08 4.33409e-08 2.254e-07 2.25114e-07 -3.80609e-08 -3.80609e-08
0.959 4.03245e-08 4.02422e-08 2.22195e-07 2.21908e-07 -4.13298e-08 -4.13298e-08
0.96 3.72869e-08 3.72393e-08 2.19031e-07 2.18724e-07 -4.45452e-08 -4.45452e-08
0.961 3.42496e-08 3.43083e-08 2.15891e-07 2.15579e-07 -4.77163e-08 -4.77163e-08
0.962 3.12912e-08 3.13702e-08 2.12769e-07 2.12477e-07 -5.0857e-08 -5.0857e-08
0.963 2.84273e-08 2.84072e-08 2.09677e-07 2.09405e-07 -5.39658e-08 -5.39658e-08
0.964 2.55837e-08 2.54907e-08 2.06629e-07 2.0635e-07 -5.70281e-08 -5.70281e-08
0.965 2.27049e-08 2.26755e-08 2.03618e-07 2.03318e-07 -6.00386e-08 -6.00386e-08
0.966 1.9837e-08 1.99163e-08 2.00625e-07 2.00325e-07 -6.30099e-08 -6.30099e-08
0.967 1.70606e-08 1.71317e-08 1.9765e-07 1.97374e-07 -6.59549e-08 -6.59549e-08
0.968 1.43702e-08 1.43249e-08 1.94706e-07 1.94448e-07 -6.88679e-08 -6.88679e-08
0.969 1.16787e-08 1.15805e-08 1.91806e-07 1.91535e-07 -7.17334e-08 -7.17334e-08
0.97 8.94523e-09 8.93918e-09 1.88938e-07 1.88646e-07 -7.45495e-08 -7.45495e-08
0.971 6.2373e-09 6.33429e-09 1.86084e-07 1.85797e-07 -7.73318e-08 -7.73318e-08
0.972 3.63168e-09 3.68805e-09 1.83247e-07 1.82987e-07 -8.00913e-08 -8.00913e-08
0.973 1.09867e-09 1.02743e-09 1.80443e-07 1.80196e-07 -8.2818e-08 -8.2818e-08
0.974 -1.45723e-09 -1.55387e-09 1.77682e-07 1.77416e-07 -8.54962e-08 -8.54962e-08
0.975 -4.0564e-09 -4.0349e-09 1.74948e-07 1.74662e-07 -8.81283e-08 -8.81283e-08
0.976 -6.6118e-09 -6.50185e-09 1.72222e-07 1.7195e-07 -9.07325e-08 -9.07325e-08
0.977 -9.05724e-09 -9.02239e-09 1.69514e-07 1.69271e-07 -9.33164e-08 -9.33164e-08
0.978 -1.14481e-08 -1.1544e-08 1.66843e-07 1.66606e-07 -9.58658e-08 -9.58658e-08
0.979 -1.38825e-08 -1.39699e-08 1.64212e-07 1.6395e-07 -9.83662e-08 -9.83662e-08
0.98 -1.63555e-08 -1.63037e-08 1.616e-07 1.61323e-07 -1.00825e-07 -1.00825e-07
0.981 -1.8764e-08 -1.86476e-08 1.58995e-07 1.58738e-07 -1.03261e-07 -1.03261e-07
0.982 -2.10594e-08 -2.10524e-08 1.56408e-07 1.56181e-07 -1.05679e-07 -1.05679e-07
0.983 -2.33227e-08 -2.34399e-08 1.53861e-07 1.53631e-07 -1.08059e-07 -1.08059e-07
0.984 -2.56472e-08 -2.57171e-08 1.5135e-07 1.51092e-07 -1.10391e-07 -1.10391e-07
0.985 -2.79991e-08 -2.7916e-08 1.48852e-07 1.48584e-07 -1.12686e-07 -1.12686e-07
0.986 -3.02648e-08 -3.01498e-08 1.46358e-07 1.46118e-07 -1.14964e-07 -1.14964e-07
0.987 -3.24196e-08 -3.24455e-08 1.43886e-07 1.43674e-07 -1.17224e-07 -1.17224e-07
0.988 -3.45683e-08 -3.47012e-08 1.41455e-07 1.41232e-07 -1.19443e-07 -1.19443e-07
0.989 -3.67915e-08 -3.68357e-08 1.39056e-07 1.38802e-07 -1.21615e-07 -1.21615e-07
0.99 -3.90245e-08 -3.89117e-08 1.36664e-07 1.36407e-07 -1.23756e-07 -1.23756e-07
0.991 -4.11503e-08 -4.1046e-08 1.34275e-07 1.34052e-07 -1.25885e-07 -1.25885e-07
0.992 -4.31741e-08 -4.32362e-08 1.31911e-07 1.31711e-07 -1.27994e-07 -1.27994e-07
0.993 -4.52197e-08 -4.53607e-08 1.2959e-07 1.29371e-07 -1.3006e-07 -1.3006e-07
0.994 -4.73473e-08 -4.73584e-08 1.27295e-07 1.27044e-07 -1.3208e-07 -1.3208e-07
0.995 -4.94611e-08 -4.93225e-08 1.25001e-07 1.24756e-07 -1.34076e-07 -1.34076e-07
0.996 -5.14491e-08 -5.13654e-08 1.2271e-07 1.22504e-07 -1.36063e-07 -1.36063e-07
0.997 -5.3351e-08 -5.34505e-08 1.2045e-07 1.20261e-07 -1.38028e-07 -1.38028e-07
0.998 -5.53034e-08 -5.5443e-08 1.18232e-07 1.18014e-07 -1.39947e-07 -1.39947e-07
0.999 -5.73379e-08 -5.73096e-08 1.16033e-07 1.15787e-07 -1.41823e-07 -1.41823e-07
1 -5.93301e-08 -5.91722e-08 1.13831e-07 1.13601e-07 -1.43682e-07 -1.43682e-07
