0.001 2.95518e-13 2.95518e-13 0 0 0 0
0.002 1.30132e-12 1.30132e-12 0 0 0 0
0.003 2.75117e-12 2.75117e-12 0 0 0 0
0.004 3.99986e-12 3.99986e-12 0 0 0 0
0.005 4.84917e-12 4.84917e-12 0 0 0 0
0.006 5.58939e-12 5.58939e-12 0 0 0 0
0.007 6.56506e-12 6.56506e-12 0 0 0 0
0.008 7.81346e-12 7.81346e-12 0 0 0 0
0.009 9.14982e-12 9.14982e-12 0 0 0 0
0.01 1.0504e-11 1.0504e-11 0 0 0 0
0.011 1.20542e-11 1.20542e-11 0 0 0 0
0.012 1.40196e-11 1.40196e-11 0 0 0 0
0.013 1.64113e-11 1.64113e-11 0 0 0 0
0.014 1.90623e-11 1.90623e-11 0 0 0 0
0.015 2.18778e-11 2.18778e-11 0 0 0 0
0.016 2.49799e-11 2.49799e-11 0 0 0 0
0.017 2.8587e-11 2.8587e-11 0 0 0 0
0.018 3.28086e-11 3.28086e-11 0 0 0 0
0.019 3.76182e-11 3.76182e-11 0 0 0 0
0.02 4.30102e-11 4.30102e-11 0 0 0 0
0.021 4.91182e-11 4.91182e-11 0 0 0 0
0.022 5.6144e-11 5.6144e-11 0 0 0 0
0.023 6.42123e-11 6.42123e-11 0 0 0 0
0.024 7.33477e-11 7.33477e-11 0 0 0 0
0.025 8.36005e-11 8.36005e-11 0 0 0 0
0.026 9.51557e-11 9.51557e-11 0 0 0 0
0.027 1.08294e-10 1.08294e-10 0 0 0 0
0.028 1.23273e-10 1.23273e-10 0 0 0 0
0.029 1.40279e-10 1.40279e-10 0 0 0 0
0.03 1.59499e-10 1.59499e-10 0 0 0 0
0.031 1.81203e-10 1.81203e-10 0 0 0 0
0.032 2.05732e-10 2.05732e-10 0 0 0 0
0.033 2.33449e-10 2.33449e-10 0 0 0 0
0.034 2.64722e-10 2.64722e-10 0 0 0 0
0.035 2.9998e-10 2.9998e-10 0 0 0 0
0.036 3.39758e-10 3.39758e-10 0 0 0 0
0.037 3.84683e-10 3.84683e-10 0 0 0 0
0.038 4.35426e-10 4.35426e-10 0 0 0 0
0.039 4.92688e-10 4.92688e-10 0 0 0 0
0.04 5.57229e-10 5.57229e-10 0 0 0 0
0.041 6.29896e-10 6.29896e-10 0 0 0 0
0.042 7.11623e-10 7.11623e-10 0 0 0 0
0.043 8.03445e-10 8.03445e-10 0 0 0 0
0.044 9.0654e-10 9.0654e-10 0 0 0 0
0.045 1.02228e-09 1.02228e-09 0 0 0 0
0.046 1.15222e-09 1.15222e-09 0 0 0 0
0.047 1.29804e-09 1.29804e-09 0 0 0 0
0.048 1.46154e-09 1.46154e-09 0 0 0 0
0.049 1.6447e-09 1.6447e-09 0 0 0 0
0.05 1.84978e-09 1.84978e-09 0 0 0 0
0.051 2.07937e-09 2.07937e-09 0 0 0 0
0.052 2.33628e-09 2.33628e-09 0 0 0 0
0.053 2.62358e-09 2.62358e-09 0 0 0 0
0.054 2.94458e-09 2.94458e-09 0 0 0 0
0.055 3.30299e-09 3.30299e-09 0 0 0 0
0.056 3.703e-09 3.703e-09 0 0 0 0
0.057 4.14934e-09 4.14934e-09 0 0 0 0
0.058 4.6472e-09 4.6472e-09 0 0 0 0
0.059 5.20224e-09 5.20224e-09 0 0 0 0
0.06 5.82063e-09 5.82063e-09 0 0 0 0
0.061 6.50911e-09 6.50911e-09 0 0 0 0
0.062 7.27509e-09 7.27509e-09 0 0 0 0
0.063 8.12673e-09 8.12673e-09 0 0 0 0
0.064 9.07317e-09 9.07317e-09 0 0 0 0
0.065 1.01245e-08 1.01245e-08 0 0 0 0
0.066 1.12918e-08 1.12918e-08 0 0 0 0
0.067 1.25872e-08 1.25872e-08 0 0 0 0
0.068 1.40237e-08 1.40237e-08 0 0 0 0
0.069 1.56159e-08 1.56159e-08 0 0 0 0
0.07 1.73796e-08 1.73796e-08 0 0 0 0
0.071 1.93324e-08 1.93324e-08 0 0 0 0
0.072 2.14934e-08 2.14934e-08 0 0 0 0
0.073 2.38833e-08 2.38833e-08 0 0 0 0
0.074 2.65248e-08 2.65248e-08 0 0 0 0
0.075 2.94427e-08 2.94427e-08 0 0 0 0
0.076 3.26641e-08 3.26641e-08 0 0 0 0
0.077 3.6219e-08 3.6219e-08 0 0 0 0
0.078 4.01395e-08 4.01395e-08 0 0 0 0
0.079 4.44609e-08 4.44609e-08 0 0 0 0
0.08 4.92212e-08 4.92212e-08 0 0 0 0
0.081 5.44619e-08 5.44619e-08 0 0 0 0
0.082 6.0228e-08 6.0228e-08 0 0 0 0
0.083 6.6569e-08 6.6569e-08 0 0 0 0
0.084 7.35383e-08 7.35383e-08 0 0 0 0
0.085 8.11938e-08 8.11938e-08 0 0 0 0
0.086 8.95984e-08 8.95984e-08 0 0 0 0
0.087 9.882e-08 9.882e-08 0 0 0 0
0.088 1.08932e-07 1.08932e-07 0 0 0 0
0.089 1.20014e-07 1.20014e-07 0 0 0 0
0.09 1.32153e-07 1.32153e-07 0 0 0 0
0.091 1.45441e-07 1.45441e-07 0 0 0 0
0.092 1.59979e-07 1.59979e-07 0 0 0 0
0.093 1.75876e-07 1.75876e-07 0 0 0 0
0.094 1.93248e-07 1.93248e-07 0 0 0 0
0.095 2.1222e-07 2.1222e-07 0 0 0 0
0.096 2.32929e-07 2.32929e-07 0 0 0 0
0.097 2.55521e-07 2.55521e-07 0 0 0 0
0.098 2.80151e-07 2.80151e-07 0 0 0 0
0.099 3.06989e-07 3.06989e-07 0 0 0 0
0.1 3.36216e-07 3.36216e-07 0 0 0 0
0.101 3.68025e-07 3.68025e-07 0 0 0 0
0.102 4.02624e-07 4.02624e-07 0 0 0 0
0.103 4.40235e-07 4.40235e-07 0 0 0 0
0.104 4.81098e-07 4.81098e-07 0 0 0 0
0.105 5.25466e-07 5.25466e-07 0 0 0 0
0.106 5.73612e-07 5.73612e-07 0 0 0 0
0.107 6.25826e-07 6.25826e-07 0 0 0 0
0.108 6.82419e-07 6.82419e-07 0 0 0 0
0.109 7.43721e-07 7.43721e-07 0 0 0 0
0.11 8.10085e-07 8.10085e-07 0 0 0 0
0.111 8.81886e-07 8.81886e-07 0 0 0 0
0.112 9.59521e-07 9.59521e-07 0 0 0 0
0.113 1.04341e-06 1.04341e-06 0 0 0 0
0.114 1.13402e-06 1.13402e-06 0 0 0 0
0.115 1.2318e-06 1.2318e-06 0 0 0 0
0.116 1.33728e-06 1.33728e-06 0 0 0 0
0.117 1.45098e-06 1.45098e-06 0 0 0 0
0.118 1.57348e-06 1.57348e-06 0 0 0 0
0.119 1.70537e-06 1.70537e-06 0 0 0 0
0.12 1.84728e-06 1.84728e-06 0 0 0 0
0.121 1.99989e-06 1.99989e-06 0 0 0 0
0.122 2.16389e-06 2.16389e-06 0 0 0 0
0.123 2.34002e-06 2.34002e-06 0 0 0 0
0.124 2.52908e-06 2.52908e-06 0 0 0 0
0.125 2.73187e-06 2.73187e-06 0 0 0 0
0.126 2.94927e-06 2.94927e-06 0 0 0 0
0.127 3.18217e-06 3.18217e-06 0 0 0 0
0.128 3.43152e-06 3.43152e-06 0 0 0 0
0.129 3.69831e-06 3.69831e-06 0 0 0 0
0.13 3.98359e-06 3.98359e-06 0 0 0 0
0.131 4.28843e-06 4.28843e-06 0 0 0 0
0.132 4.61397e-06 4.61397e-06 0 0 0 0
0.133 4.9614e-06 4.9614e-06 0 0 0 0
0.134 5.33193e-06 5.33193e-06 0 0 0 0
0.135 5.72686e-06 5.72686e-06 0 0 0 0
0.136 6.14751e-06 6.14751e-06 0 0 0 0
0.137 6.59525e-06 6.59525e-06 0 0 0 0
0.138 7.07154e-06 7.07154e-06 0 0 0 0
0.139 7.57783e-06 7.57783e-06 0 0 0 0
0.14 8.11567e-06 8.11567e-06 0 0 0 0
0.141 8.68664e-06 8.68664e-06 0 0 0 0
0.142 9.29237e-06 9.29237e-06 0 0 0 0
0.143 9.93453e-06 9.93453e-06 0 0 0 0
0.144 1.06149e-05 1.06149e-05 0 0 0 0
0.145 1.13351e-05 1.13351e-05 0 0 0 0
0.146 1.20972e-05 1.20972e-05 0 0 0 0
0.147 1.29028e-05 1.29028e-05 0 0 0 0
0.148 1.3754e-05 1.3754e-05 0 0 0 0
0.149 1.46526e-05 1.46526e-05 0 0 0 0
0.15 1.56007e-05 1.56007e-05 0 0 0 0
0.151 1.66001e-05 1.66001e-05 0 0 0 0
0.152 1.76531e-05 1.76531e-05 0 0 0 0
0.153 1.87616e-05 1.87616e-05 0 0 0 0
0.154 1.99277e-05 1.99277e-05 0 0 0 0
0.155 2.11534e-05 2.11534e-05 0 0 0 0
0.156 2.2441e-05 2.2441e-05 0 0 0 0
0.157 2.37925e-05 2.37925e-05 0 0 0 0
0.158 2.52099e-05 2.52099e-05 0 0 0 0
0.159 2.66955e-05 2.66955e-05 0 0 0 0
0.16 2.82512e-05 2.82512e-05 0 0 0 0
0.161 2.98791e-05 2.98791e-05 0 0 0 0
0.162 3.15812e-05 3.15812e-05 0 0 0 0
0.163 3.33596e-05 3.33596e-05 0 0 0 0
0.164 3.52161e-05 3.52161e-05 0 0 0 0
0.165 3.71525e-05 3.71525e-05 0 0 0 0
0.166 3.91708e-05 3.91708e-05 0 0 0 0
0.167 4.12726e-05 4.12726e-05 0 0 0 0
0.168 4.34595e-05 4.34595e-05 0 0 0 0
0.169 4.57331e-05 4.57331e-05 0 0 0 0
0.17 4.80947e-05 4.80947e-05 0 0 0 0
0.171 5.05457e-05 5.05457e-05 0 0 0 0
0.172 5.30872e-05 5.30872e-05 0 0 0 0
0.173 5.57201e-05 5.57201e-05 0 0 0 0
0.174 5.84452e-05 5.84452e-05 0 0 0 0
0.175 6.12633e-05 6.12633e-05 0 0 0 0
0.176 6.41747e-05 6.41747e-05 0 0 0 0
0.177 6.71797e-05 6.71797e-05 0 0 0 0
0.178 7.02782e-05 7.02782e-05 0 0 0 0
0.179 7.347e-05 7.347e-05 0 0 0 0
0.18 7.67547e-05 7.67547e-05 0 0 0 0
0.181 8.01313e-05 8.01313e-05 0 0 0 0
0.182 8.3599e-05 8.3599e-05 0 0 0 0
0.183 8.71562e-05 8.71562e-05 0 0 0 0
0.184 9.08014e-05 9.08014e-05 0 0 0 0
0.185 9.45326e-05 9.45326e-05 0 0 0 0
0.186 9.83473e-05 9.83473e-05 0 0 0 0
0.187 0.000102243 0.000102243 0 0 0 0
0.188 0.000106216 0.000106216 0 0 0 0
0.189 0.000110264 0.000110264 0 0 0 0
0.19 0.000114381 0.000114381 0 0 0 0
0.191 0.000118565 0.000118565 0 0 0 0
0.192 0.00012281 0.00012281 0 0 0 0
0.193 0.000127112 0.000127112 0 0 0 0
0.194 0.000131464 0.000131464 0 0 0 0
0.195 0.00013586 0.00013586 0 0 0 0
0.196 0.000140294 0.000140294 0 0 0 0
0.197 0.000144759 0.000144759 0 0 0 0
0.198 0.000149247 0.000149247 0 0 0 0
0.199 0.00015375 0.00015375 0 0 0 0
0.2 0.00015826 0.00015826 0 0 0 0
0.201 0.000162768 0.000162768 0 0 0 0
0.202 0.000167265 0.000167265 0 0 0 0
0.203 0.00017174 0.00017174 0 0 0 0
0.204 0.000176183 0.000176183 0 0 0 0
0.205 0.000180583 0.000180583 0 0 0 0
0.206 0.000184929 0.000184929 0 0 0 0
0.207 0.000189209 0.000189209 0 0 0 0
0.208 0.000193411 0.000193411 0 0 0 0
0.209 0.000197521 0.000197521 0 0 0 0
0.21 0.000201528 0.000201528 0 0 0 0
0.211 0.000205417 0.000205417 0 0 0 0
0.212 0.000209174 0.000209174 0 0 0 0
0.213 0.000212786 0.000212786 0 0 0 0
0.214 0.000216237 0.000216237 0 0 0 0
0.215 0.000219513 0.000219513 0 0 0 0
0.216 0.000222599 0.000222599 0 0 0 0
0.217 0.00022548 0.00022548 0 0 0 0
0.218 0.000228139 0.000228139 0 0 0 0
0.219 0.000230562 0.000230562 0 0 0 0
0.22 0.000232732 0.000232732 0 0 0 0
0.221 0.000234634 0.000234634 0 0 0 0
0.222 0.000236251 0.000236251 0 0 0 0
0.223 0.000237569 0.000237569 0 0 0 0
0.224 0.00023857 0.00023857 0 0 0 0
0.225 0.00023924 0.00023924 0 0 0 0
0.226 0.000239563 0.000239563 0 0 0 0
0.227 0.000239523 0.000239523 0 0 0 0
0.228 0.000239106 0.000239106 0 0 0 0
0.229 0.000238297 0.000238297 0 0 0 0
0.23 0.000237082 0.000237082 0 0 0 0
0.231 0.000235447 0.000235447 0 0 0 0
0.232 0.000233379 0.000233379 0 0 0 0
0.233 0.000230866 0.000230866 0 0 0 0
0.234 0.000227894 0.000227894 0 0 0 0
0.235 0.000224454 0.000224454 0 0 0 0
0.236 0.000220535 0.000220535 0 0 0 0
0.237 0.000216126 0.000216126 0 0 0 0
0.238 0.00021122 0.00021122 0 0 0 0
0.239 0.000205809 0.000205809 0 0 0 0
0.24 0.000199886 0.000199886 0 0 0 0
0.241 0.000193444 0.000193444 0 0 0 0
0.242 0.000186481 0.000186481 0 0 0 0
0.243 0.000178992 0.000178992 0 0 0 0
0.244 0.000170976 0.000170976 0 0 0 0
0.245 0.000162431 0.000162431 0 0 0 0
0.246 0.000153359 0.000153359 0 0 0 0
0.247 0.000143761 0.000143761 0 0 0 0
0.248 0.000133641 0.000133641 0 0 0 0
0.249 0.000123003 0.000123003 0 0 0 0
0.25 0.000111855 0.000111855 0 0 0 0
0.251 0.000100203 0.000100203 0 0 0 0
0.252 8.80583e-05 8.80583e-05 0 0 0 0
0.253 7.54309e-05 7.54309e-05 0 0 0 0
0.254 6.23338e-05 6.23338e-05 0 0 0 0
0.255 4.87811e-05 4.87811e-05 0 0 0 0
0.256 3.47887e-05 3.47887e-05 0 0 0 0
0.257 2.0374e-05 2.0374e-05 0 0 0 0
0.258 5.55617e-06 5.55617e-06 0 0 0 0
0.259 -9.64426e-06 -9.64426e-06 0 0 0 0
0.26 -2.52051e-05 -2.52051e-05 0 0 0 0
0.261 -4.11026e-05 -4.11026e-05 0 0 0 0
0.262 -5.73116e-05 -5.73116e-05 0 0 0 0
0.263 -7.38054e-05 -7.38054e-05 0 0 0 0
0.264 -9.05558e-05 -9.05558e-05 0 0 0 0
0.265 -0.000107534 -0.000107534 0 0 0 0
0.266 -0.000124708 -0.000124708 0 0 0 0
0.267 -0.000142046 -0.000142046 0 0 0 0
0.268 -0.000159516 -0.000159516 0 0 0 0
0.269 -0.000177082 -0.000177082 0 0 0 0
0.27 -0.000194711 -0.000194711 0 0 0 0
0.271 -0.000212364 -0.000212364 0 0 0 0
0.272 -0.000230005 -0.000230005 0 0 0 0
0.273 -0.000247597 -0.000247597 0 0 0 0
0.274 -0.000265101 -0.000265101 0 0 0 0
0.275 -0.000282477 -0.000282477 0 0 0 0
0.276 -0.000299686 -0.000299686 0 0 0 0
0.277 -0.000316689 -0.000316689 0 0 0 0
0.278 -0.000333445 -0.000333445 0 0 0 0
0.279 -0.000349914 -0.000349914 0 0 0 0
0.28 -0.000366057 -0.000366057 0 0 0 0
0.281 -0.000381833 -0.000381833 0 0 0 0
0.282 -0.000397203 -0.000397203 0 0 0 0
0.283 -0.000412128 -0.000412128 0 0 0 0
0.284 -0.00042657 -0.00042657 0 0 0 0
0.285 -0.000440489 -0.000440489 0 0 0 0
0.286 -0.000453851 -0.000453851 0 0 0 0
0.287 -0.000466618 -0.000466618 0 0 0 0
0.288 -0.000478755 -0.000478755 0 0 0 0
0.289 -0.000490229 -0.000490229 0 0 0 0
0.29 -0.000501008 -0.000501008 0 0 0 0
0.291 -0.00051106 -0.00051106 0 0 0 0
0.292 -0.000520357 -0.000520357 0 0 0 0
0.293 -0.00052887 -0.00052887 0 0 0 0
0.294 -0.000536574 -0.000536574 0 0 0 0
0.295 -0.000543446 -0.000543446 0 0 0 0
0.296 -0.000549462 -0.000549462 0 0 0 0
0.297 -0.000554604 -0.000554604 0 0 0 0
0.298 -0.000558854 -0.000558854 0 0 0 0
0.299 -0.000562197 -0.000562197 0 0 0 0
0.3 -0.000564619 -0.000564619 0 0 0 0
0.301 -0.000566111 -0.000566111 0 0 0 0
0.302 -0.000566664 -0.000566664 0 0 0 0
0.303 -0.000566273 -0.000566273 0 0 0 0
0.304 -0.000564934 -0.000564934 0 0 0 0
0.305 -0.000562649 -0.000562649 0 0 0 0
0.306 -0.000559418 -0.000559418 0 0 0 0
0.307 -0.000555248 -0.000555248 0 0 0 0
0.308 -0.000550145 -0.000550145 0 0 0 0
0.309 -0.000544119 -0.000544119 0 0 0 0
0.31 -0.000537184 -0.000537184 0 0 0 0
0.311 -0.000529355 -0.000529355 0 0 0 0
0.312 -0.00052065 -0.00052065 0 0 0 0
0.313 -0.000511089 -0.000511089 0 0 0 0
0.314 -0.000500695 -0.000500695 0 0 0 0
0.315 -0.000489494 -0.000489494 0 0 0 0
0.316 -0.000477513 -0.000477513 0 0 0 0
0.317 -0.000464781 -0.000464781 0 0 0 0
0.318 -0.000451331 -0.000451331 0 0 0 0
0.319 -0.000437196 -0.000437196 0 0 0 0
0.32 -0.000422413 -0.000422413 0 0 0 0
0.321 -0.000407018 -0.000407018 0 0 0 0
0.322 -0.000391052 -0.000391052 0 0 0 0
0.323 -0.000374554 -0.000374554 0 0 0 0
0.324 -0.000357568 -0.000357568 0 0 0 0
0.325 -0.000340136 -0.000340136 0 0 0 0
0.326 -0.000322303 -0.000322303 0 0 0 0
0.327 -0.000304114 -0.000304114 0 0 0 0
0.328 -0.000285616 -0.000285616 0 0 0 0
0.329 -0.000266856 -0.000266856 0 0 0 0
0.33 -0.000247881 -0.000247881 0 0 0 0
0.331 -0.000228738 -0.000228738 0 0 0 0
0.332 -0.000209476 -0.000209476 0 0 0 0
0.333 -0.000190141 -0.000190141 0 0 0 0
0.334 -0.000170782 -0.000170782 0 0 0 0
0.335 -0.000151446 -0.000151446 0 0 0 0
0.336 -0.000132179 -0.000132179 0 0 0 0
0.337 -0.000113028 -0.000113028 0 0 0 0
0.338 -9.40363e-05 -9.40363e-05 0 0 0 0
0.339 -7.52492e-05 -7.52492e-05 0 0 0 0
0.34 -5.67093e-05 -5.67093e-05 0 0 0 0
0.341 -3.84582e-05 -3.84582e-05 0 0 0 0
0.342 -2.05359e-05 -2.05359e-05 0 0 0 0
0.343 -2.98107e-06 -2.98107e-06 0 0 0 0
0.344 1.41695e-05 1.41695e-05 0 0 0 0
0.345 3.08807e-05 3.08807e-05 0 0 0 0
0.346 4.71196e-05 4.71196e-05 0 0 0 0
0.347 6.2855e-05 6.2855e-05 0 0 0 0
0.348 7.80581e-05 7.80581e-05 0 0 0 0
0.349 9.27021e-05 9.27021e-05 0 0 0 0
0.35 0.000106763 0.000106763 0 0 0 0
0.351 0.000120218 0.000120218 0 0 0 0
0.352 0.000133047 0.000133047 0 0 0 0
0.353 0.000145234 0.000145234 0 0 0 0
0.354 0.000156764 0.000156764 0 0 0 0
0.355 0.000167624 0.000167624 0 0 0 0
0.356 0.000177805 0.000177805 0 0 0 0
0.357 0.000187299 0.000187299 0 0 0 0
0.358 0.000196102 0.000196102 0 0 0 0
0.359 0.000204211 0.000204211 0 0 0 0
0.36 0.000211627 0.000211627 0 0 0 0
0.361 0.000218351 0.000218351 0 0 0 0
0.362 0.00022439 0.00022439 0 0 0 0
0.363 0.000229749 0.000229749 0 0 0 0
0.364 0.000234438 0.000234438 0 0 0 0
0.365 0.00023847 0.00023847 0 0 0 0
0.366 0.000241856 0.000241856 0 0 0 0
0.367 0.000244614 0.000244614 0 0 0 0
0.368 0.000246759 0.000246759 0 0 0 0
0.369 0.000248311 0.000248311 0 0 0 0
0.37 0.00024929 0.00024929 0 0 0 0
0.371 0.00024972 0.00024972 0 0 0 0
0.372 0.000249622 0.000249622 0 0 0 0
0.373 0.000249021 0.000249021 0 0 0 0
0.374 0.000247944 0.000247944 0 0 0 0
0.375 0.000246417 0.000246417 0 0 0 0
0.376 0.000244467 0.000244467 0 0 0 0
0.377 0.000242123 0.000242123 0 0 0 0
0.378 0.000239412 0.000239412 0 0 0 0
0.379 0.000236364 0.000236364 0 0 0 0
0.38 0.000233009 0.000233009 0 0 0 0
0.381 0.000229374 0.000229374 0 0 0 0
0.382 0.00022549 0.00022549 0 0 0 0
0.383 0.000221385 0.000221385 0 0 0 0
0.384 0.000217088 0.000217088 0 0 0 0
0.385 0.000212627 0.000212627 0 0 0 0
0.386 0.00020803 0.00020803 0 0 0 0
0.387 0.000203322 0.000203322 0 0 0 0
0.388 0.000198532 0.000198532 0 0 0 0
0.389 0.000193683 0.000193683 0 0 0 0
0.39 0.000188799 0.000188799 0 0 0 0
0.391 0.000183904 0.000183904 0 0 0 0
0.392 0.000179019 0.000179019 0 0 0 0
0.393 0.000174164 0.000174164 0 0 0 0
0.394 0.000169359 0.000169359 0 0 0 0
0.395 0.000164622 0.000164622 0 0 0 0
0.396 0.000159968 0.000159968 0 0 0 0
0.397 0.000155412 0.000155412 0 0 0 0
0.398 0.000150968 0.000150968 0 0 0 0
0.399 0.000146647 0.000146647 0 0 0 0
0.4 0.00014246 0.00014246 0 0 0 0
0.401 0.000138414 0.000138414 0 0 0 0
0.402 0.000134517 0.000134517 0 0 0 0
0.403 0.000130774 0.000130774 0 0 0 0
0.404 0.000127189 0.000127189 0 0 0 0
0.405 0.000123765 0.000123765 0 0 0 0
0.406 0.000120502 0.000120502 0 0 0 0
0.407 0.0001174 0.0001174 0 0 0 0
0.408 0.000114458 0.000114458 0 0 0 0
0.409 0.000111672 0.000111672 0 0 0 0
0.41 0.000109039 0.000109039 0 0 0 0
0.411 0.000106552 0.000106552 0 0 0 0
0.412 0.000104205 0.000104205 0 0 0 0
0.413 0.000101992 0.000101992 0 0 0 0
0.414 9.99031e-05 9.99031e-05 0 0 0 0
0.415 9.79303e-05 9.79303e-05 0 0 0 0
0.416 9.60636e-05 9.60636e-05 0 0 0 0
0.417 9.42927e-05 9.42927e-05 0 0 0 0
0.418 9.2607e-05 9.2607e-05 0 0 0 0
0.419 9.09953e-05 9.09953e-05 0 0 0 0
0.42 8.94463e-05 8.94463e-05 0 0 0 0
0.421 8.79484e-05 8.79484e-05 0 0 0 0
0.422 8.649e-05 8.649e-05 0 0 0 0
0.423 8.50595e-05 8.50595e-05 0 0 0 0
0.424 8.36456e-05 8.36456e-05 0 0 0 0
0.425 8.22369e-05 8.22369e-05 0 0 0 0
0.426 8.08227e-05 8.08227e-05 0 0 0 0
0.427 7.93924e-05 7.93924e-05 0 0 0 0
0.428 7.7936e-05 7.7936e-05 0 0 0 0
0.429 7.64442e-05 7.64442e-05 0 0 0 0
0.43 7.49083e-05 7.49083e-05 0 0 0 0
0.431 7.33201e-05 7.33201e-05 0 0 0 0
0.432 7.16724e-05 7.16724e-05 0 0 0 0
0.433 6.99588e-05 6.99588e-05 0 0 0 0
0.434 6.81738e-05 6.81738e-05 0 0 0 0
0.435 6.63127e-05 6.63127e-05 0 0 0 0
0.436 6.43719e-05 6.43719e-05 0 0 0 0
0.437 6.23486e-05 6.23486e-05 0 0 0 0
0.438 6.02413e-05 6.02413e-05 0 0 0 0
0.439 5.80491e-05 5.80491e-05 0 0 0 0
0.44 5.57726e-05 5.57726e-05 0 0 0 0
0.441 5.34129e-05 5.34129e-05 0 0 0 0
0.442 5.09726e-05 5.09726e-05 0 0 0 0
0.443 4.84548e-05 4.84548e-05 0 0 0 0
0.444 4.58639e-05 4.58639e-05 0 0 0 0
0.445 4.32052e-05 4.32052e-05 0 0 0 0
0.446 4.04846e-05 4.04846e-05 0 0 0 0
0.447 3.77091e-05 3.77091e-05 0 0 0 0
0.448 3.48863e-05 3.48863e-05 0 0 0 0
0.449 3.20248e-05 3.20248e-05 0 0 0 0
0.45 2.91336e-05 2.91336e-05 0 0 0 0
0.451 2.62222e-05 2.62222e-05 0 0 0 0
0.452 2.3301e-05 2.3301e-05 0 0 0 0
0.453 2.03806e-05 2.03806e-05 0 0 0 0
0.454 1.74718e-05 1.74718e-05 0 0 0 0
0.455 1.4586e-05 1.4586e-05 0 0 0 0
0.456 1.17347e-05 1.17347e-05 0 0 0 0
0.457 8.92934e-06 8.92934e-06 0 0 0 0
0.458 6.18159e-06 6.18159e-06 0 0 0 0
0.459 3.50298e-06 3.50298e-06 0 0 0 0
0.46 9.04883e-07 9.04883e-07 0 0 0 0
0.461 -1.60155e-06 -1.60155e-06 0 0 0 0
0.462 -4.00549e-06 -4.00549e-06 0 0 0 0
0.463 -6.29648e-06 -6.29648e-06 0 0 0 0
0.464 -8.46458e-06 -8.46458e-06 0 0 0 0
0.465 -1.05004e-05 -1.05004e-05 0 0 0 0
0.466 -1.23951e-05 -1.23951e-05 0 0 0 0
0.467 -1.41406e-05 -1.41406e-05 0 0 0 0
0.468 -1.57295e-05 -1.57295e-05 0 0 0 0
0.469 -1.71554e-05 -1.71554e-05 0 0 0 0
0.47 -1.84126e-05 -1.84126e-05 0 0 0 0
0.471 -1.94963e-05 -1.94963e-05 0 0 0 0
0.472 -2.04026e-05 -2.04026e-05 0 0 0 0
0.473 -2.11289e-05 -2.11289e-05 0 0 0 0
0.474 -2.16732e-05 -2.16732e-05 0 0 0 0
0.475 -2.20347e-05 -2.20347e-05 0 0 0 0
0.476 -2.22137e-05 -2.22137e-05 0 0 0 0
0.477 -2.22116e-05 -2.22116e-05 0 0 0 0
0.478 -2.20306e-05 -2.20306e-05 0 0 0 0
0.479 -2.16742e-05 -2.16742e-05 0 0 0 0
0.48 -2.11468e-05 -2.11468e-05 0 0 0 0
0.481 -2.04537e-05 -2.04537e-05 0 0 0 0
0.482 -1.96014e-05 -1.96014e-05 0 0 0 0
0.483 -1.85971e-05 -1.85971e-05 0 0 0 0
0.484 -1.74492e-05 -1.74492e-05 0 0 0 0
0.485 -1.61666e-05 -1.61666e-05 0 0 0 0
0.486 -1.47593e-05 -1.47593e-05 0 0 0 0
0.487 -1.32377e-05 -1.32377e-05 0 0 0 0
0.488 -1.16131e-05 -1.16131e-05 0 0 0 0
0.489 -9.89749e-06 -9.89749e-06 0 0 0 0
0.49 -8.10308e-06 -8.10308e-06 0 0 0 0
0.491 -6.24275e-06 -6.24275e-06 0 0 0 0
0.492 -4.32967e-06 -4.32967e-06 0 0 0 0
0.493 -2.37731e-06 -2.37731e-06 0 0 0 0
0.494 -3.9934e-07 -3.9934e-07 0 0 0 0
0.495 1.59046e-06 1.59046e-06 0 0 0 0
0.496 3.57829e-06 3.57829e-06 0 0 0 0
0.497 5.5504e-06 5.5504e-06 0 0 0 0
0.498 7.49321e-06 7.49321e-06 0 0 0 0
0.499 9.39335e-06 9.39335e-06 0 0 0 0
0.5 1.12378e-05 1.12378e-05 0 0 0 0
0.501 1.30139e-05 1.30139e-05 0 0 0 0
0.502 1.47095e-05 1.47095e-05 0 0 0 0
0.503 1.63131e-05 1.63131e-05 0 0 0 0
0.504 1.78137e-05 1.78137e-05 0 0 0 0
0.505 1.9201e-05 1.9201e-05 0 0 0 0
0.506 2.04657e-05 2.04657e-05 0 0 0 0
0.507 2.1599e-05 2.1599e-05 0 0 0 0
0.508 2.25932e-05 2.25932e-05 0 0 0 0
0.509 2.34415e-05 2.34415e-05 0 0 0 0
0.51 2.41382e-05 2.41382e-05 0 0 0 0
0.511 2.46783e-05 2.46783e-05 0 0 0 0
0.512 2.50581e-05 2.50581e-05 0 0 0 0
0.513 2.52749e-05 2.52749e-05 0 0 0 0
0.514 2.53272e-05 2.53272e-05 0 0 0 0
0.515 2.52144e-05 2.52144e-05 0 0 0 0
0.516 2.49371e-05 2.49371e-05 0 0 0 0
0.517 2.4497e-05 2.4497e-05 0 0 0 0
0.518 2.3897e-05 2.3897e-05 0 0 0 0
0.519 2.31407e-05 2.31407e-05 0 0 0 0
0.52 2.22332e-05 2.22332e-05 0 0 0 0
0.521 2.11802e-05 2.11802e-05 0 0 0 0
0.522 1.99886e-05 1.99886e-05 0 0 0 0
0.523 1.86663e-05 1.86663e-05 0 0 0 0
0.524 1.72218e-05 1.72218e-05 0 0 0 0
0.525 1.56645e-05 1.56645e-05 0 0 0 0
0.526 1.40047e-05 1.40047e-05 0 0 0 0
0.527 1.22533e-05 1.22533e-05 0 0 0 0
0.528 1.04216e-05 1.04216e-05 0 0 0 0
0.529 8.52183e-06 8.52183e-06 0 0 0 0
0.53 6.56632e-06 6.56632e-06 0 0 0 0
0.531 4.56795e-06 4.56795e-06 0 0 0 0
0.532 2.53984e-06 2.53984e-06 0 0 0 0
0.533 4.95314e-07 4.95314e-07 0 0 0 0
0.534 -1.5522e-06 -1.5522e-06 0 0 0 0
0.535 -3.58925e-06 -3.58925e-06 0 0 0 0
0.536 -5.60244e-06 -5.60244e-06 0 0 0 0
0.537 -7.57854e-06 -7.57854e-06 0 0 0 0
0.538 -9.50456e-06 -9.50456e-06 0 0 0 0
0.539 -1.13678e-05 -1.13678e-05 0 0 0 0
0.54 -1.31561e-05 -1.31561e-05 0 0 0 0
0.541 -1.48576e-05 -1.48576e-05 0 0 0 0
0.542 -1.64612e-05 -1.64612e-05 0 0 0 0
0.543 -1.79563e-05 -1.79563e-05 0 0 0 0
0.544 -1.9333e-05 -1.9333e-05 0 0 0 0
0.545 -2.05824e-05 -2.05824e-05 0 0 0 0
0.546 -2.16962e-05 -2.16962e-05 0 0 0 0
0.547 -2.2667e-05 -2.2667e-05 0 0 0 0
0.548 -2.34885e-05 -2.34885e-05 0 0 0 0
0.549 -2.41553e-05 -2.41553e-05 0 0 0 0
0.55 -2.46631e-05 -2.46631e-05 0 0 0 0
0.551 -2.50083e-05 -2.50083e-05 0 0 0 0
0.552 -2.51889e-05 -2.51889e-05 0 0 0 0
0.553 -2.52036e-05 -2.52036e-05 0 0 0 0
0.554 -2.50523e-05 -2.50523e-05 0 0 0 0
0.555 -2.47361e-05 -2.47361e-05 0 0 0 0
0.556 -2.42569e-05 -2.42569e-05 0 0 0 0
0.557 -2.3618e-05 -2.3618e-05 0 0 0 0
0.558 -2.28236e-05 -2.28236e-05 0 0 0 0
0.559 -2.18788e-05 -2.18788e-05 0 0 0 0
0.56 -2.079e-05 -2.079e-05 0 0 0 0
0.561 -1.95643e-05 -1.95643e-05 0 0 0 0
0.562 -1.82098e-05 -1.82098e-05 0 0 0 0
0.563 -1.67353e-05 -1.67353e-05 0 0 0 0
0.564 -1.51507e-05 -1.51507e-05 0 0 0 0
0.565 -1.34663e-05 -1.34663e-05 0 0 0 0
0.566 -1.16932e-05 -1.16932e-05 0 0 0 0
0.567 -9.84308e-06 -9.84308e-06 0 0 0 0
0.568 -7.92817e-06 -7.92817e-06 0 0 0 0
0.569 -5.96105e-06 -5.96105e-06 0 0 0 0
0.57 -3.95469e-06 -3.95469e-06 0 0 0 0
0.571 -1.92227e-06 -1.92227e-06 0 0 0 0
0.572 1.22799e-07 1.22799e-07 0 0 0 0
0.573 2.16707e-06 2.16707e-06 0 0 0 0
0.574 4.19707e-06 4.19707e-06 0 0 0 0
0.575 6.19944e-06 6.19944e-06 0 0 0 0
0.576 8.16099e-06 8.16099e-06 0 0 0 0
0.577 1.00688e-05 1.00688e-05 0 0 0 0
0.578 1.19103e-05 1.19103e-05 0 0 0 0
0.579 1.36734e-05 1.36734e-05 0 0 0 0
0.58 1.53465e-05 1.53465e-05 0 0 0 0
0.581 1.69186e-05 1.69186e-05 0 0 0 0
0.582 1.83792e-05 1.83792e-05 0 0 0 0
0.583 1.97188e-05 1.97188e-05 0 0 0 0
0.584 2.09286e-05 2.09286e-05 0 0 0 0
0.585 2.20006e-05 2.20006e-05 0 0 0 0
0.586 2.29277e-05 2.29277e-05 0 0 0 0
0.587 2.37039e-05 2.37039e-05 0 0 0 0
0.588 2.4324e-05 2.4324e-05 0 0 0 0
0.589 2.47839e-05 2.47839e-05 0 0 0 0
0.59 2.50807e-05 2.50807e-05 0 0 0 0
0.591 2.52123e-05 2.52123e-05 0 0 0 0
0.592 2.51779e-05 2.51779e-05 0 0 0 0
0.593 2.49777e-05 2.49777e-05 0 0 0 0
0.594 2.46131e-05 2.46131e-05 0 0 0 0
0.595 2.40864e-05 2.40864e-05 0 0 0 0
0.596 2.34011e-05 2.34011e-05 0 0 0 0
0.597 2.25618e-05 2.25618e-05 0 0 0 0
0.598 2.15739e-05 2.15739e-05 0 0 0 0
0.599 2.04439e-05 2.04439e-05 0 0 0 0
0.6 1.91793e-05 1.91793e-05 0 0 0 0
0.601 1.77885e-05 1.77885e-05 0 0 0 0
0.602 1.62805e-05 1.62805e-05 0 0 0 0
0.603 1.46653e-05 1.46653e-05 0 0 0 0
0.604 1.29536e-05 1.29536e-05 0 0 0 0
0.605 1.11565e-05 1.11565e-05 0 0 0 0
0.606 9.28603e-06 9.28603e-06 0 0 0 0
0.607 7.3544e-06 7.3544e-06 0 0 0 0
0.608 5.37435e-06 5.37435e-06 0 0 0 0
0.609 3.35891e-06 3.35891e-06 0 0 0 0
0.61 1.32135e-06 1.32135e-06 0 0 0 0
0.611 -7.24905e-07 -7.24905e-07 0 0 0 0
0.612 -2.76639e-06 -2.76639e-06 0 0 0 0
0.613 -4.78966e-06 -4.78966e-06 0 0 0 0
0.614 -6.78139e-06 -6.78139e-06 0 0 0 0
0.615 -8.72847e-06 -8.72847e-06 0 0 0 0
0.616 -1.06181e-05 -1.06181e-05 0 0 0 0
0.617 -1.24378e-05 -1.24378e-05 0 0 0 0
0.618 -1.41756e-05 -1.41756e-05 0 0 0 0
0.619 -1.582e-05 -1.582e-05 0 0 0 0
0.62 -1.73604e-05 -1.73604e-05 0 0 0 0
0.621 -1.87863e-05 -1.87863e-05 0 0 0 0
0.622 -2.00886e-05 -2.00886e-05 0 0 0 0
0.623 -2.12587e-05 -2.12587e-05 0 0 0 0
0.624 -2.22887e-05 -2.22887e-05 0 0 0 0
0.625 -2.3172e-05 -2.3172e-05 0 0 0 0
0.626 -2.39028e-05 -2.39028e-05 0 0 0 0
0.627 -2.44761e-05 -2.44761e-05 0 0 0 0
0.628 -2.48883e-05 -2.48883e-05 0 0 0 0
0.629 -2.51366e-05 -2.51366e-05 0 0 0 0
0.63 -2.52194e-05 -2.52194e-05 0 0 0 0
0.631 -2.51362e-05 -2.51362e-05 0 0 0 0
0.632 -2.48874e-05 -2.48874e-05 0 0 0 0
0.633 -2.44748e-05 -2.44748e-05 0 0 0 0
0.634 -2.3901e-05 -2.3901e-05 0 0 0 0
0.635 -2.31699e-05 -2.31699e-05 0 0 0 0
0.636 -2.22862e-05 -2.22862e-05 0 0 0 0
0.637 -2.12558e-05 -2.12558e-05 0 0 0 0
0.638 -2.00854e-05 -2.00854e-05 0 0 0 0
0.639 -1.87827e-05 -1.87827e-05 0 0 0 0
0.64 -1.73564e-05 -1.73564e-05 0 0 0 0
0.641 -1.58158e-05 -1.58158e-05 0 0 0 0
0.642 -1.41711e-05 -1.41711e-05 0 0 0 0
0.643 -1.24331e-05 -1.24331e-05 0 0 0 0
0.644 -1.06132e-05 -1.06132e-05 0 0 0 0
0.645 -8.72339e-06 -8.72339e-06 0 0 0 0
0.646 -6.77617e-06 -6.77617e-06 0 0 0 0
0.647 -4.78434e-06 -4.78434e-06 0 0 0 0
0.648 -2.76101e-06 -2.76101e-06 0 0 0 0
0.649 -7.19492e-07 -7.19492e-07 0 0 0 0
0.65 1.32676e-06 1.32676e-06 0 0 0 0
0.651 3.36428e-06 3.36428e-06 0 0 0 0
0.652 5.37964e-06 5.37964e-06 0 0 0 0
0.653 7.35958e-06 7.35958e-06 0 0 0 0
0.654 9.29107e-06 9.29107e-06 0 0 0 0
0.655 1.11614e-05 1.11614e-05 0 0 0 0
0.656 1.29582e-05 1.29582e-05 0 0 0 0
0.657 1.46697e-05 1.46697e-05 0 0 0 0
0.658 1.62846e-05 1.62846e-05 0 0 0 0
0.659 1.77923e-05 1.77923e-05 0 0 0 0
0.66 1.91828e-05 1.91828e-05 0 0 0 0
0.661 2.04471e-05 2.04471e-05 0 0 0 0
0.662 2.15767e-05 2.15767e-05 0 0 0 0
0.663 2.25642e-05 2.25642e-05 0 0 0 0
0.664 2.34032e-05 2.34032e-05 0 0 0 0
0.665 2.4088e-05 2.4088e-05 0 0 0 0
0.666 2.46143e-05 2.46143e-05 0 0 0 0
0.667 2.49785e-05 2.49785e-05 0 0 0 0
0.668 2.51782e-05 2.51782e-05 0 0 0 0
0.669 2.52122e-05 2.52122e-05 0 0 0 0
0.67 2.50801e-05 2.50801e-05 0 0 0 0
0.671 2.47829e-05 2.47829e-05 0 0 0 0
0.672 2.43225e-05 2.43225e-05 0 0 0 0
0.673 2.3702e-05 2.3702e-05 0 0 0 0
0.674 2.29255e-05 2.29255e-05 0 0 0 0
0.675 2.19979e-05 2.19979e-05 0 0 0 0
0.676 2.09256e-05 2.09256e-05 0 0 0 0
0.677 1.97154e-05 1.97154e-05 0 0 0 0
0.678 1.83754e-05 1.83754e-05 0 0 0 0
0.679 1.69145e-05 1.69145e-05 0 0 0 0
0.68 1.53422e-05 1.53422e-05 0 0 0 0
0.681 1.36688e-05 1.36688e-05 0 0 0 0
0.682 1.19055e-05 1.19055e-05 0 0 0 0
0.683 1.00638e-05 1.00638e-05 0 0 0 0
0.684 8.15577e-06 8.15577e-06 0 0 0 0
0.685 6.19408e-06 6.19408e-06 0 0 0 0
0.686 4.19161e-06 4.19161e-06 0 0 0 0
0.687 2.16153e-06 2.16153e-06 0 0 0 0
0.688 1.17223e-07 1.17223e-07 0 0 0 0
0.689 -1.92786e-06 -1.92786e-06 0 0 0 0
0.69 -3.96024e-06 -3.96024e-06 0 0 0 0
0.691 -5.96655e-06 -5.96655e-06 0 0 0 0
0.692 -7.93358e-06 -7.93358e-06 0 0 0 0
0.693 -9.84836e-06 -9.84836e-06 0 0 0 0
0.694 -1.16983e-05 -1.16983e-05 0 0 0 0
0.695 -1.34712e-05 -1.34712e-05 0 0 0 0
0.696 -1.51554e-05 -1.51554e-05 0 0 0 0
0.697 -1.67399e-05 -1.67399e-05 0 0 0 0
0.698 -1.82141e-05 -1.82141e-05 0 0 0 0
0.699 -1.95684e-05 -1.95684e-05 0 0 0 0
0.7 -2.07938e-05 -2.07938e-05 0 0 0 0
0.701 -2.18823e-05 -2.18823e-05 0 0 0 0
0.702 -2.28268e-05 -2.28268e-05 0 0 0 0
0.703 -2.36209e-05 -2.36209e-05 0 0 0 0
0.704 -2.42595e-05 -2.42595e-05 0 0 0 0
0.705 -2.47384e-05 -2.47384e-05 0 0 0 0
0.706 -2.50544e-05 -2.50544e-05 0 0 0 0
0.707 -2.52054e-05 -2.52054e-05 0 0 0 0
0.708 -2.51905e-05 -2.51905e-05 0 0 0 0
0.709 -2.50097e-05 -2.50097e-05 0 0 0 0
0.71 -2.46643e-05 -2.46643e-05 0 0 0 0
0.711 -2.41564e-05 -2.41564e-05 0 0 0 0
0.712 -2.34895e-05 -2.34895e-05 0 0 0 0
0.713 -2.26679e-05 -2.26679e-05 0 0 0 0
0.714 -2.16971e-05 -2.16971e-05 0 0 0 0
0.715 -2.05834e-05 -2.05834e-05 0 0 0 0
0.716 -1.93342e-05 -1.93342e-05 0 0 0 0
0.717 -1.79577e-05 -1.79577e-05 0 0 0 0
0.718 -1.64629e-05 -1.64629e-05 0 0 0 0
0.719 -1.48598e-05 -1.48598e-05 0 0 0 0
0.72 -1.31588e-05 -1.31588e-05 0 0 0 0
0.721 -1.13711e-05 -1.13711e-05 0 0 0 0
0.722 -9.50862e-06 -9.50862e-06 0 0 0 0
0.723 -7.5835e-06 -7.5835e-06 0 0 0 0
0.724 -5.60845e-06 -5.60845e-06 0 0 0 0
0.725 -3.59648e-06 -3.59648e-06 0 0 0 0
0.726 -1.56082e-06 -1.56082e-06 0 0 0 0
0.727 4.85112e-07 4.85112e-07 0 0 0 0
0.728 2.52785e-06 2.52785e-06 0 0 0 0
0.729 4.55395e-06 4.55395e-06 0 0 0 0
0.73 6.55006e-06 6.55006e-06 0 0 0 0
0.731 8.50304e-06 8.50304e-06 0 0 0 0
0.732 1.04e-05 1.04e-05 0 0 0 0
0.733 1.22286e-05 1.22286e-05 0 0 0 0
0.734 1.39766e-05 1.39766e-05 0 0 0 0
0.735 1.56325e-05 1.56325e-05 0 0 0 0
0.736 1.71856e-05 1.71856e-05 0 0 0 0
0.737 1.86255e-05 1.86255e-05 0 0 0 0
0.738 1.99427e-05 1.99427e-05 0 0 0 0
0.739 2.11287e-05 2.11287e-05 0 0 0 0
0.74 2.21755e-05 2.21755e-05 0 0 0 0
0.741 2.30763e-05 2.30763e-05 0 0 0 0
0.742 2.38252e-05 2.38252e-05 0 0 0 0
0.743 2.44172e-05 2.44172e-05 0 0 0 0
0.744 2.48484e-05 2.48484e-05 0 0 0 0
0.745 2.51161e-05 2.51161e-05 0 0 0 0
0.746 2.52183e-05 2.52183e-05 0 0 0 0
0.747 2.51545e-05 2.51545e-05 0 0 0 0
0.748 2.49251e-05 2.49251e-05 0 0 0 0
0.749 2.45316e-05 2.45316e-05 0 0 0 0
0.75 2.39765e-05 2.39765e-05 0 0 0 0
0.751 2.32636e-05 2.32636e-05 0 0 0 0
0.752 2.23975e-05 2.23975e-05 0 0 0 0
0.753 2.13839e-05 2.13839e-05 0 0 0 0
0.754 2.02295e-05 2.02295e-05 0 0 0 0
0.755 1.89419e-05 1.89419e-05 0 0 0 0
0.756 1.75297e-05 1.75297e-05 0 0 0 0
0.757 1.60019e-05 1.60019e-05 0 0 0 0
0.758 1.43689e-05 1.43689e-05 0 0 0 0
0.759 1.26412e-05 1.26412e-05 0 0 0 0
0.76 1.08303e-05 1.08303e-05 0 0 0 0
0.761 8.94805e-06 8.94805e-06 0 0 0 0
0.762 7.00691e-06 7.00691e-06 0 0 0 0
0.763 5.01963e-06 5.01963e-06 0 0 0 0
0.764 2.9993e-06 2.9993e-06 0 0 0 0
0.765 9.59221e-07 9.59221e-07 0 0 0 0
0.766 -1.08717e-06 -1.08717e-06 0 0 0 0
0.767 -3.12641e-06 -3.12641e-06 0 0 0 0
0.768 -5.14506e-06 -5.14506e-06 0 0 0 0
0.769 -7.12983e-06 -7.12983e-06 0 0 0 0
0.77 -9.06766e-06 -9.06766e-06 0 0 0 0
0.771 -1.09458e-05 -1.09458e-05 0 0 0 0
0.772 -1.27518e-05 -1.27518e-05 0 0 0 0
0.773 -1.44739e-05 -1.44739e-05 0 0 0 0
0.774 -1.61007e-05 -1.61007e-05 0 0 0 0
0.775 -1.76215e-05 -1.76215e-05 0 0 0 0
0.776 -1.90262e-05 -1.90262e-05 0 0 0 0
0.777 -2.03057e-05 -2.03057e-05 0 0 0 0
0.778 -2.14515e-05 -2.14515e-05 0 0 0 0
0.779 -2.2456e-05 -2.2456e-05 0 0 0 0
0.78 -2.33127e-05 -2.33127e-05 0 0 0 0
0.781 -2.40159e-05 -2.40159e-05 0 0 0 0
0.782 -2.45609e-05 -2.45609e-05 0 0 0 0
0.783 -2.49443e-05 -2.49443e-05 0 0 0 0
0.784 -2.51634e-05 -2.51634e-05 0 0 0 0
0.785 -2.52168e-05 -2.52168e-05 0 0 0 0
0.786 -2.51041e-05 -2.51041e-05 0 0 0 0
0.787 -2.48262e-05 -2.48262e-05 0 0 0 0
0.788 -2.43848e-05 -2.43848e-05 0 0 0 0
0.789 -2.37829e-05 -2.37829e-05 0 0 0 0
0.79 -2.30244e-05 -2.30244e-05 0 0 0 0
0.791 -2.21142e-05 -2.21142e-05 0 0 0 0
0.792 -2.10585e-05 -2.10585e-05 0 0 0 0
0.793 -1.98641e-05 -1.98641e-05 0 0 0 0
0.794 -1.85389e-05 -1.85389e-05 0 0 0 0
0.795 -1.70916e-05 -1.70916e-05 0 0 0 0
0.796 -1.55318e-05 -1.55318e-05 0 0 0 0
0.797 -1.38698e-05 -1.38698e-05 0 0 0 0
0.798 -1.21164e-05 -1.21164e-05 0 0 0 0
0.799 -1.02832e-05 -1.02832e-05 0 0 0 0
0.8 -8.38238e-06 -8.38238e-06 0 0 0 0
0.801 -6.42631e-06 -6.42631e-06 0 0 0 0
0.802 -4.42794e-06 -4.42794e-06 0 0 0 0
0.803 -2.40041e-06 -2.40041e-06 0 0 0 0
0.804 -3.57075e-07 -3.57075e-07 0 0 0 0
0.805 1.68861e-06 1.68861e-06 0 0 0 0
0.806 3.72318e-06 3.72318e-06 0 0 0 0
0.807 5.73323e-06 5.73323e-06 0 0 0 0
0.808 7.70553e-06 7.70553e-06 0 0 0 0
0.809 9.6271e-06 9.6271e-06 0 0 0 0
0.81 1.14853e-05 1.14853e-05 0 0 0 0
0.811 1.32678e-05 1.32678e-05 0 0 0 0
0.812 1.4963e-05 1.4963e-05 0 0 0 0
0.813 1.65597e-05 1.65597e-05 0 0 0 0
0.814 1.80474e-05 1.80474e-05 0 0 0 0
0.815 1.94162e-05 1.94162e-05 0 0 0 0
0.816 2.06571e-05 2.06571e-05 0 0 0 0
0.817 2.17621e-05 2.17621e-05 0 0 0 0
0.818 2.27238e-05 2.27238e-05 0 0 0 0
0.819 2.35358e-05 2.35358e-05 0 0 0 0
0.82 2.41929e-05 2.41929e-05 0 0 0 0
0.821 2.46907e-05 2.46907e-05 0 0 0 0
0.822 2.50259e-05 2.50259e-05 0 0 0 0
0.823 2.51963e-05 2.51963e-05 0 0 0 0
0.824 2.52009e-05 2.52009e-05 0 0 0 0
0.825 2.50395e-05 2.50395e-05 0 0 0 0
0.826 2.47132e-05 2.47132e-05 0 0 0 0
0.827 2.42242e-05 2.42242e-05 0 0 0 0
0.828 2.35757e-05 2.35757e-05 0 0 0 0
0.829 2.2772e-05 2.2772e-05 0 0 0 0
0.83 2.18184e-05 2.18184e-05 0 0 0 0
0.831 2.07211e-05 2.07211e-05 0 0 0 0
0.832 1.94873e-05 1.94873e-05 0 0 0 0
0.833 1.81253e-05 1.81253e-05 0 0 0 0
0.834 1.66439e-05 1.66439e-05 0 0 0 0
0.835 1.50529e-05 1.50529e-05 0 0 0 0
0.836 1.33628e-05 1.33628e-05 0 0 0 0
0.837 1.15847e-05 1.15847e-05 0 0 0 0
0.838 9.73035e-06 9.73035e-06 0 0 0 0
0.839 7.81192e-06 7.81192e-06 0 0 0 0
0.84 5.84205e-06 5.84205e-06 0 0 0 0
0.841 3.83372e-06 3.83372e-06 0 0 0 0
0.842 1.80015e-06 1.80015e-06 0 0 0 0
0.843 -2.45277e-07 -2.45277e-07 0 0 0 0
0.844 -2.28909e-06 -2.28909e-06 0 0 0 0
0.845 -4.31783e-06 -4.31783e-06 0 0 0 0
0.846 -6.31813e-06 -6.31813e-06 0 0 0 0
0.847 -8.27684e-06 -8.27684e-06 0 0 0 0
0.848 -1.01811e-05 -1.01811e-05 0 0 0 0
0.849 -1.20182e-05 -1.20182e-05 0 0 0 0
0.85 -1.37763e-05 -1.37763e-05 0 0 0 0
0.851 -1.54436e-05 -1.54436e-05 0 0 0 0
0.852 -1.70093e-05 -1.70093e-05 0 0 0 0
0.853 -1.84629e-05 -1.84629e-05 0 0 0 0
0.854 -1.9795e-05 -1.9795e-05 0 0 0 0
0.855 -2.09968e-05 -2.09968e-05 0 0 0 0
0.856 -2.20603e-05 -2.20603e-05 0 0 0 0
0.857 -2.29785e-05 -2.29785e-05 0 0 0 0
0.858 -2.37455e-05 -2.37455e-05 0 0 0 0
0.859 -2.43561e-05 -2.43561e-05 0 0 0 0
0.86 -2.48063e-05 -2.48063e-05 0 0 0 0
0.861 -2.50932e-05 -2.50932e-05 0 0 0 0
0.862 -2.52149e-05 -2.52149e-05 0 0 0 0
0.863 -2.51706e-05 -2.51706e-05 0 0 0 0
0.864 -2.49605e-05 -2.49605e-05 0 0 0 0
0.865 -2.45861e-05 -2.45861e-05 0 0 0 0
0.866 -2.40498e-05 -2.40498e-05 0 0 0 0
0.867 -2.33551e-05 -2.33551e-05 0 0 0 0
0.868 -2.25067e-05 -2.25067e-05 0 0 0 0
0.869 -2.15101e-05 -2.15101e-05 0 0 0 0
0.87 -2.03718e-05 -2.03718e-05 0 0 0 0
0.871 -1.90994e-05 -1.90994e-05 0 0 0 0
0.872 -1.77013e-05 -1.77013e-05 0 0 0 0
0.873 -1.61866e-05 -1.61866e-05 0 0 0 0
0.874 -1.45653e-05 -1.45653e-05 0 0 0 0
0.875 -1.28482e-05 -1.28482e-05 0 0 0 0
0.876 -1.10464e-05 -1.10464e-05 0 0 0 0
0.877 -9.1719e-06 -9.1719e-06 0 0 0 0
0.878 -7.23701e-06 -7.23701e-06 0 0 0 0
0.879 -5.25446e-06 -5.25446e-06 0 0 0 0
0.88 -3.23732e-06 -3.23732e-06 0 0 0 0
0.881 -1.19886e-06 -1.19886e-06 0 0 0 0
0.882 8.47486e-07 8.47486e-07 0 0 0 0
0.883 2.88826e-06 2.88826e-06 0 0 0 0
0.884 4.91001e-06 4.91001e-06 0 0 0 0
0.885 6.89943e-06 6.89943e-06 0 0 0 0
0.886 8.84343e-06 8.84343e-06 0 0 0 0
0.887 1.07292e-05 1.07292e-05 0 0 0 0
0.888 1.25443e-05 1.25443e-05 0 0 0 0
0.889 1.42768e-05 1.42768e-05 0 0 0 0
0.89 1.59154e-05 1.59154e-05 0 0 0 0
0.891 1.74491e-05 1.74491e-05 0 0 0 0
0.892 1.88679e-05 1.88679e-05 0 0 0 0
0.893 2.01626e-05 2.01626e-05 0 0 0 0
0.894 2.13244e-05 2.13244e-05 0 0 0 0
0.895 2.23459e-05 2.23459e-05 0 0 0 0
0.896 2.32202e-05 2.32202e-05 0 0 0 0
0.897 2.39416e-05 2.39416e-05 0 0 0 0
0.898 2.45054e-05 2.45054e-05 0 0 0 0
0.899 2.49078e-05 2.49078e-05 0 0 0 0
0.9 2.51462e-05 2.51462e-05 0 0 0 0
0.901 2.52191e-05 2.52191e-05 0 0 0 0
0.902 2.51259e-05 2.51259e-05 0 0 0 0
0.903 2.48673e-05 2.48673e-05 0 0 0 0
0.904 2.44449e-05 2.44449e-05 0 0 0 0
0.905 2.38616e-05 2.38616e-05 0 0 0 0
0.906 2.31212e-05 2.31212e-05 0 0 0 0
0.907 2.22285e-05 2.22285e-05 0 0 0 0
0.908 2.11895e-05 2.11895e-05 0 0 0 0
0.909 2.0011e-05 2.0011e-05 0 0 0 0
0.91 1.87007e-05 1.87007e-05 0 0 0 0
0.911 1.72672e-05 1.72672e-05 0 0 0 0
0.912 1.57201e-05 1.57201e-05 0 0 0 0
0.913 1.40695e-05 1.40695e-05 0 0 0 0
0.914 1.23262e-05 1.23262e-05 0 0 0 0
0.915 1.05018e-05 1.05018e-05 0 0 0 0
0.916 8.60822e-06 8.60822e-06 0 0 0 0
0.917 6.65796e-06 6.65796e-06 0 0 0 0
0.918 4.66387e-06 4.66387e-06 0 0 0 0
0.919 2.63907e-06 2.63907e-06 0 0 0 0
0.92 5.96894e-07 5.96894e-07 0 0 0 0
0.921 -1.44921e-06 -1.44921e-06 0 0 0 0
0.922 -3.48578e-06 -3.48578e-06 0 0 0 0
0.923 -5.49939e-06 -5.49939e-06 0 0 0 0
0.924 -7.4768e-06 -7.4768e-06 0 0 0 0
0.925 -9.40497e-06 -9.40497e-06 0 0 0 0
0.926 -1.12712e-05 -1.12712e-05 0 0 0 0
0.927 -1.30633e-05 -1.30633e-05 0 0 0 0
0.928 -1.47693e-05 -1.47693e-05 0 0 0 0
0.929 -1.63781e-05 -1.63781e-05 0 0 0 0
0.93 -1.7879e-05 -1.7879e-05 0 0 0 0
0.931 -1.92622e-05 -1.92622e-05 0 0 0 0
0.932 -2.05186e-05 -2.05186e-05 0 0 0 0
0.933 -2.16399e-05 -2.16399e-05 0 0 0 0
0.934 -2.26187e-05 -2.26187e-05 0 0 0 0
0.935 -2.34486e-05 -2.34486e-05 0 0 0 0
0.936 -2.41241e-05 -2.41241e-05 0 0 0 0
0.937 -2.46407e-05 -2.46407e-05 0 0 0 0
0.938 -2.49951e-05 -2.49951e-05 0 0 0 0
0.939 -2.51849e-05 -2.51849e-05 0 0 0 0
0.94 -2.52089e-05 -2.52089e-05 0 0 0 0
0.941 -2.50669e-05 -2.50669e-05 0 0 0 0
0.942 -2.47599e-05 -2.47599e-05 0 0 0 0
0.943 -2.42898e-05 -2.42898e-05 0 0 0 0
0.944 -2.36599e-05 -2.36599e-05 0 0 0 0
0.945 -2.28741e-05 -2.28741e-05 0 0 0 0
0.946 -2.19377e-05 -2.19377e-05 0 0 0 0
0.947 -2.08569e-05 -2.08569e-05 0 0 0 0
0.948 -1.96387e-05 -1.96387e-05 0 0 0 0
0.949 -1.82912e-05 -1.82912e-05 0 0 0 0
0.95 -1.68233e-05 -1.68233e-05 0 0 0 0
0.951 -1.52447e-05 -1.52447e-05 0 0 0 0
0.952 -1.35656e-05 -1.35656e-05 0 0 0 0
0.953 -1.17972e-05 -1.17972e-05 0 0 0 0
0.954 -9.95119e-06 -9.95119e-06 0 0 0 0
0.955 -8.03963e-06 -8.03963e-06 0 0 0 0
0.956 -6.07513e-06 -6.07513e-06 0 0 0 0
0.957 -4.07062e-06 -4.07062e-06 0 0 0 0
0.958 -2.03932e-06 -2.03932e-06 0 0 0 0
0.959 5.41617e-09 5.41617e-09 0 0 0 0
0.96 2.05011e-06 2.05011e-06 0 0 0 0
0.961 4.08131e-06 4.08131e-06 0 0 0 0
0.962 6.08564e-06 6.08564e-06 0 0 0 0
0.963 8.04989e-06 8.04989e-06 0 0 0 0
0.964 9.96115e-06 9.96115e-06 0 0 0 0
0.965 1.18068e-05 1.18068e-05 0 0 0 0
0.966 1.35747e-05 1.35747e-05 0 0 0 0
0.967 1.52533e-05 1.52533e-05 0 0 0 0
0.968 1.68314e-05 1.68314e-05 0 0 0 0
0.969 1.82987e-05 1.82987e-05 0 0 0 0
0.97 1.96455e-05 1.96455e-05 0 0 0 0
0.971 2.08629e-05 2.08629e-05 0 0 0 0
0.972 2.1943e-05 2.1943e-05 0 0 0 0
0.973 2.28786e-05 2.28786e-05 0 0 0 0
0.974 2.36636e-05 2.36636e-05 0 0 0 0
0.975 2.42928e-05 2.42928e-05 0 0 0 0
0.976 2.4762e-05 2.4762e-05 0 0 0 0
0.977 2.50681e-05 2.50681e-05 0 0 0 0
0.978 2.52092e-05 2.52092e-05 0 0 0 0
0.979 2.51844e-05 2.51844e-05 0 0 0 0
0.98 2.49937e-05 2.49937e-05 0 0 0 0
0.981 2.46384e-05 2.46384e-05 0 0 0 0
0.982 2.41209e-05 2.41209e-05 0 0 0 0
0.983 2.34446e-05 2.34446e-05 0 0 0 0
0.984 2.26139e-05 2.26139e-05 0 0 0 0
0.985 2.16343e-05 2.16343e-05 0 0 0 0
0.986 2.05123e-05 2.05123e-05 0 0 0 0
0.987 1.92552e-05 1.92552e-05 0 0 0 0
0.988 1.78714e-05 1.78714e-05 0 0 0 0
0.989 1.63698e-05 1.63698e-05 0 0 0 0
0.99 1.47605e-05 1.47605e-05 0 0 0 0
0.991 1.3054e-05 1.3054e-05 0 0 0 0
0.992 1.12615e-05 1.12615e-05 0 0 0 0
0.993 9.39492e-06 9.39492e-06 0 0 0 0
0.994 7.46645e-06 7.46645e-06 0 0 0 0
0.995 5.48882e-06 5.48882e-06 0 0 0 0
0.996 3.47505e-06 3.47505e-06 0 0 0 0
0.997 1.4384e-06 1.4384e-06 0 0 0 0
0.998 -6.07724e-07 -6.07724e-07 0 0 0 0
0.999 -2.64984e-06 -2.64984e-06 0 0 0 0
1 -4.67452e-06 -4.67452e-06 0 0 0 0
