                0.                 0.                 0.               246.237E-15  
                1.E-03            44.7112E-27       -29.8606E-27       233.E-09     
                2.E-03           263.951E-27        122.52E-27         276.98E-09   
                3.E-03            -6.51911E-27     -115.907E-27        311.602E-09  
                4.E-03          -193.153E-27       -772.908E-27        347.758E-09  
                5.E-03           -23.2885E-27      -246.565E-27        385.833E-09  
                6.E-03          -143.251E-27         -1.53326E-24      426.316E-09  
                7.E-03           -31.3005E-27        -1.32733E-24      469.82E-09   
                8.E-03            -1.79187E-24        3.57189E-24      517.086E-09  
                9.E-03            -2.00819E-24        2.92106E-24      568.989E-09  
               10.E-03            -5.18499E-24       61.0171E-27       626.552E-09  
               11.E-03            -5.88016E-24     -975.35E-27         690.952E-09  
               12.E-03            -8.63514E-24      -10.2949E-24       763.531E-09  
               13.E-03            -6.28332E-24       -5.99353E-24      845.803E-09  
               14.E-03           -28.3624E-24       -29.7336E-24       939.472E-09  
               15.E-03           -16.9931E-24        10.0161E-24         1.04644E-06
               16.E-03             7.57426E-24       11.0296E-24         1.16883E-06
               17.E-03           -39.5596E-24       -23.6664E-24         1.309E-06  
               18.E-03           -14.3812E-24         4.36502E-24        1.46956E-06
               19.E-03             5.83019E-24      -59.1003E-24         1.65339E-06
               20.E-03           -51.4218E-24        20.3375E-24         1.86371E-06
               21.E-03            -5.31947E-24       -4.02388E-24        2.10405E-06
               22.E-03            11.0016E-24       -11.3123E-24         2.37834E-06
               23.E-03            -1.92064E-24       -5.13087E-24        2.69093E-06
               24.E-03             8.37542E-24      -63.3556E-24         3.04664E-06
               25.E-03           -55.2335E-24       -96.0371E-24         3.45082E-06
               26.E-03            25.0102E-24       -43.0521E-24         3.9094E-06 
               27.E-03            39.4176E-24       -31.8019E-24         4.42898E-06
               28.E-03           135.854E-24         12.2224E-24         5.01689E-06
               29.E-03             4.32589E-24     -133.068E-24          5.68129E-06
               30.E-03          -156.933E-24        -67.9189E-24         6.43125E-06
               31.E-03           407.999E-24         94.4382E-24         7.27687E-06
               32.E-03           -53.27E-24        -150.517E-24          8.2294E-06 
               33.E-03          -323.086E-24        -59.517E-24          9.30131E-06
               34.E-03          -425.489E-24         82.4228E-24        10.5065E-06 
               35.E-03          -124.52E-24        -143.816E-24         11.8605E-06 
               36.E-03           173.167E-24        146.358E-24         13.3804E-06 
               37.E-03           -66.496E-24        -93.2321E-24        15.0854E-06 
               38.E-03           -87.5113E-24       319.478E-24         16.9967E-06 
               39.E-03           -70.7752E-24       417.492E-24         19.1376E-06 
               40.E-03          -295.036E-24       -531.539E-24         21.5345E-06 
               41.E-03            -1.61909E-21     -193.834E-24         24.216E-06  
               42.E-03             1.4129E-21         1.24944E-21       27.2143E-06 
               43.E-03          -636.315E-24       -797.962E-24         30.5647E-06 
               44.E-03            -1.9808E-21        -2.58219E-21       34.3064E-06 
               45.E-03           428.577E-24          1.04745E-21       38.4825E-06 
               46.E-03            -2.39547E-21       -2.35196E-21       43.1408E-06 
               47.E-03          -524.718E-24       -434.519E-24         48.3338E-06 
               48.E-03          -338.182E-24       -288.767E-24         54.1197E-06 
               49.E-03            -2.64877E-21       -3.00315E-21       60.5622E-06 
               50.E-03           102.322E-24       -779.208E-24         67.7317E-06 
               51.E-03           425.942E-24        -30.4628E-24        75.7055E-06 
               52.E-03          -738.877E-24        193.843E-24         84.5686E-06 
               53.E-03            -2.33645E-21       -1.66646E-21       94.4142E-06 
               54.E-03            -6.19133E-21     -130.057E-24        105.345E-06  
               55.E-03            -2.99936E-21       -6.52707E-21      117.473E-06  
               56.E-03             1.33486E-21       -3.024E-21        130.921E-06  
               57.E-03             1.23547E-21     -723.572E-24        145.824E-06  
               58.E-03             3.05254E-21       -2.61924E-21      162.329E-06  
               59.E-03             6.7884E-21        -2.72855E-21      180.598E-06  
               60.E-03           -11.8532E-21        -6.08484E-21      200.807E-06  
               61.E-03            -1.81941E-21       -8.55423E-21      223.148E-06  
               62.E-03             3.89324E-21      -13.4306E-21       247.83E-06   
               63.E-03             2.70617E-21       -5.97549E-21      275.083E-06  
               64.E-03            10.6595E-21        -1.771E-21        305.155E-06  
               65.E-03           777.903E-24          1.79459E-21      338.318E-06  
               66.E-03            -4.97927E-21       -8.1033E-21       374.867E-06  
               67.E-03             9.99821E-21       -3.322E-21        415.121E-06  
               68.E-03            -9.26537E-21      -21.0458E-21       459.429E-06  
               69.E-03             6.83175E-21       -6.51627E-21      508.17E-06   
               70.E-03           -34.0383E-21        -4.56503E-21      561.751E-06  
               71.E-03             6.82645E-21       -6.1927E-21       620.617E-06  
               72.E-03            -5.6449E-21         8.78355E-21      685.247E-06  
               73.E-03           -22.8882E-21        -3.93555E-21      756.162E-06  
               74.E-03           -49.9617E-21        -7.42491E-21      833.922E-06  
               75.E-03           -42.0365E-21       -46.3141E-21       919.135E-06  
               76.E-03            20.5492E-21        27.2535E-21         1.01245E-03
               77.E-03            38.3184E-21         8.71991E-21        1.11458E-03
               78.E-03           -45.2964E-21       -17.5367E-21         1.22627E-03
               79.E-03            23.1678E-21        30.9359E-21         1.34836E-03
               80.E-03           -32.8108E-21        32.0425E-21         1.4817E-03 
               81.E-03            68.2495E-21       141.811E-21          1.62726E-03
               81.8466E-03        55.0688E-21      -143.341E-21          1.76423E-03
               82.6933E-03         9.73764E-21     -130.692E-21          1.90986E-03
               83.5399E-03        19.0326E-21       -30.2869E-21         2.06559E-03
               84.3865E-03        66.529E-21        -30.2999E-21         2.2319E-03 
               85.2332E-03       -55.4606E-21      -114.644E-21          2.40933E-03
               86.0798E-03        72.1434E-21      -101.163E-21          2.59842E-03
               86.9264E-03        23.3544E-21        -2.08604E-21        2.80375E-03
               87.773E-03          7.90796E-21      -84.3428E-21         3.02749E-03
               88.6197E-03        20.4949E-21       -70.573E-21          3.26636E-03
               89.4663E-03        64.4123E-21       139.944E-21          3.52084E-03
               90.3129E-03        28.1027E-21       134.214E-21          3.79164E-03
               91.1596E-03        58.7241E-21       -81.9237E-21         4.0795E-03 
               92.0062E-03       199.015E-21        148.964E-21          4.38517E-03
               92.8528E-03      -193.302E-21         13.6892E-21         4.72258E-03
               93.6994E-03      -205.904E-21        -39.5682E-21         5.08271E-03
               94.5461E-03      -304.353E-21          4.15982E-21        5.4654E-03 
               95.3927E-03       221.555E-21        -38.346E-21          5.87156E-03
               96.2393E-03      -430.791E-21        102.198E-21          6.30214E-03
               97.086E-03        214.103E-21        319.461E-21          6.75813E-03
               97.9326E-03      -206.046E-21        142.954E-21          7.24943E-03
               98.7792E-03      -196.183E-21        174.025E-21          7.78223E-03
               99.6259E-03      -431.681E-21       -183.565E-21          8.34739E-03
              100.472E-03        315.75E-21         114.947E-21          8.94553E-03
              101.319E-03        144.108E-21       -125.324E-21          9.57785E-03
              102.166E-03        284.292E-21        507.79E-21          10.2456E-03 
              103.012E-03        836.582E-21       -235.38E-21          10.9499E-03 
              103.859E-03        390.827E-21          1.04027E-18       11.7214E-03 
              104.706E-03        752.336E-21        878.919E-21         12.5403E-03 
              105.552E-03         18.4468E-21       350.875E-21         13.4047E-03 
              106.399E-03        627.268E-21        344.827E-21         14.3157E-03 
              107.246E-03        124.601E-21        349.264E-21         15.2748E-03 
              108.092E-03        752.258E-21       -106.323E-21         16.2836E-03 
              108.939E-03       -654.262E-21       -190.261E-21         17.3613E-03 
              109.785E-03         36.8976E-21        -1.00129E-18       18.5241E-03 
              110.632E-03         -1.42011E-18       -2.09555E-18       19.7487E-03 
              111.479E-03         -1.11137E-18      129.563E-21         21.0354E-03 
              112.325E-03        419.871E-21        964.547E-21         22.3858E-03 
              113.172E-03         -3.0426E-18        -1.93308E-18       23.8014E-03 
              114.019E-03         -1.09003E-18     -451.256E-21         25.2839E-03 
              114.865E-03         -1.8057E-18        -1.21898E-18       26.8941E-03 
              115.712E-03         -1.667E-18         -1.9134E-18        28.5935E-03 
              116.558E-03        423.21E-21        -889.999E-21         30.3736E-03 
              117.405E-03       -390.124E-21        507.684E-21         32.2356E-03 
              118.252E-03          2.94975E-18      244.792E-21         34.181E-03  
              119.098E-03       -652.255E-21          1.32866E-18       36.2112E-03 
              119.945E-03         -2.11377E-18     -460.697E-21         38.361E-03  
              120.792E-03       -932.108E-21          1.88971E-18       40.6672E-03 
              121.638E-03          1.64471E-18      839.784E-21         43.077E-03  
              122.485E-03         -3.13206E-18      778.439E-21         45.5887E-03 
              123.331E-03         -1.87125E-18        2.55792E-18       48.2035E-03 
              124.178E-03       -227.214E-21        168.169E-21         50.9222E-03 
              125.025E-03          1.07864E-18      357.72E-21          53.746E-03  
              125.871E-03          1.77988E-21       -1.52706E-18       56.7864E-03 
              126.718E-03        878.179E-21         -1.8114E-18        59.9738E-03 
              127.565E-03         -1.62786E-18        1.96572E-18       63.2843E-03 
              128.411E-03          5.69736E-18      676.544E-21         66.7171E-03 
              129.258E-03         -2.10836E-18        5.22014E-18       70.2724E-03 
              130.105E-03         -8.11682E-18     -317.642E-21         73.9501E-03 
              130.951E-03         -4.97838E-18       -4.59588E-18       77.8055E-03 
              131.798E-03          3.13898E-18      707.916E-21         81.9157E-03 
              132.644E-03         -5.28384E-18       -3.6457E-18        86.1717E-03 
              133.491E-03          1.63074E-18       -3.6369E-18        90.5662E-03 
              134.338E-03          1.33231E-18        5.19837E-18       95.0977E-03 
              135.184E-03         -1.92915E-18       -9.10685E-18       99.7644E-03 
              136.031E-03          4.31272E-18     -907.253E-21        104.564E-03  
              136.878E-03       -743.391E-21         10.1952E-18       109.683E-03  
              137.724E-03          3.40459E-18        1.10211E-18      115.006E-03  
              138.571E-03         -3.42297E-18      -23.3112E-18       120.479E-03  
              139.417E-03          9.18066E-18      -14.0462E-18       126.095E-03  
              140.264E-03         -1.20212E-18       13.7541E-18       131.85E-03   
              141.111E-03         -3.25535E-18        8.62481E-18      137.739E-03  
              141.957E-03          2.01753E-18       12.8904E-18       143.839E-03  
              142.804E-03         -5.85528E-18       -8.42803E-18      150.295E-03  
              143.651E-03        542.853E-21         -8.90532E-18      156.906E-03  
              144.497E-03         -1.24584E-18        9.16503E-18      163.651E-03  
              145.344E-03          7.19231E-18      -33.8248E-18       170.523E-03  
              146.19E-03          14.4334E-18        29.5938E-18       177.514E-03  
              147.037E-03         15.5246E-18        -1.11796E-18      184.615E-03  
              147.884E-03        -27.8956E-18       -11.2956E-18       192.1E-03    
              148.73E-03          36.1718E-18        18.7516E-18       199.804E-03  
              149.577E-03         19.2472E-18       -19.9659E-18       207.619E-03  
              150.424E-03         32.9435E-18         4.47776E-18      215.526E-03  
              151.27E-03          14.6348E-18        55.4697E-18       223.513E-03  
              152.117E-03        -19.9166E-18      -301.412E-21        231.566E-03  
              152.964E-03        -12.7363E-18       -32.5648E-18       239.776E-03  
              153.81E-03         -11.6217E-18        -5.9779E-18       248.383E-03  
              154.657E-03         -5.24057E-18      -27.7013E-18       257.055E-03  
              155.503E-03          3.82623E-18      -17.0193E-18       265.756E-03  
              156.35E-03         -89.0303E-18       -68.296E-18        274.464E-03  
              157.35E-03         -26.8613E-18       -54.3471E-18       284.795E-03  
              158.35E-03         -35.1554E-18       -23.0724E-18       295.281E-03  
              159.35E-03         -99.0973E-18       -20.7543E-18       305.816E-03  
              160.35E-03         -46.4081E-18       -22.8782E-18       316.369E-03  
              161.35E-03          23.5528E-18        -6.89839E-18      326.908E-03  
              162.35E-03          51.2169E-18       -19.9064E-18       337.4E-03    
              163.35E-03          28.8403E-18        -8.87102E-18      347.807E-03  
              164.35E-03          -9.4125E-18       -31.8476E-18       358.091E-03  
              165.35E-03          21.7259E-18       830.011E-21        368.209E-03  
              166.35E-03        -103.064E-18        -12.8126E-18       378.116E-03  
              167.35E-03         -29.5878E-18       -30.3788E-18       387.767E-03  
              168.35E-03          52.6254E-18        97.1873E-18       397.109E-03  
              169.35E-03         -43.0826E-18       104.893E-18        406.091E-03  
              170.35E-03        -108.106E-18         70.8018E-18       414.659E-03  
              171.35E-03          29.6672E-18        69.9535E-18       422.754E-03  
              172.35E-03         201.364E-18        -13.3896E-18       430.315E-03  
              173.35E-03          61.804E-18        196.798E-18        437.281E-03  
              174.35E-03          62.8367E-18       109.77E-18         443.586E-03  
              175.35E-03         -78.3377E-18       153.026E-18        449.163E-03  
              176.35E-03        -105.176E-18        116.945E-18        453.942E-03  
              177.35E-03          57.7423E-18       146.118E-18        457.852E-03  
              178.35E-03           9.0448E-18        64.4259E-18       460.819E-03  
              179.35E-03         133.117E-18        130.122E-18        462.768E-03  
              180.35E-03         200.919E-18         -9.72905E-18      463.623E-03  
              181.35E-03        -194.99E-18          49.2585E-18       463.306E-03  
              182.35E-03        -267.938E-18         56.0424E-18       461.738E-03  
              183.35E-03         187.21E-18         162.398E-18        458.84E-03   
              184.35E-03         155.789E-18        246.949E-18        454.53E-03   
              185.35E-03          69.9147E-18       178.343E-18        448.73E-03   
              186.35E-03        -201.943E-18         66.3106E-18       441.36E-03   
              187.35E-03          19.0922E-18        44.5289E-18       432.339E-03  
              188.35E-03          64.7611E-18        61.7565E-18       421.59E-03   
              189.35E-03         -31.0347E-18       159.352E-18        409.035E-03  
              190.35E-03        -123.789E-18        133.405E-18        394.599E-03  
              191.35E-03          64.9735E-18       -71.1021E-18       378.209E-03  
              192.35E-03        -201.53E-18         100.193E-18        359.794E-03  
              193.35E-03        -207.487E-18        -95.6661E-18       339.285E-03  
              194.35E-03         137.713E-18         64.6624E-18       316.621E-03  
              195.35E-03         -32.7678E-18        46.0192E-18       291.739E-03  
              196.35E-03         277.911E-18          5.19352E-18      264.585E-03  
              197.35E-03        -427.2E-18           39.0842E-18       235.108E-03  
              198.35E-03        -302.251E-18       -215.687E-18        203.264E-03  
              199.35E-03         219.441E-18       -120.896E-18        169.013E-03  
              200.35E-03        -320.337E-18       -424.063E-18        132.323E-03  
              201.35E-03           9.3632E-18      -401.042E-18         93.1703E-03 
              202.35E-03        -600.084E-18       -305.917E-18         51.5362E-03 
              203.35E-03        -101.24E-18        -271.792E-18          7.41232E-03
              204.35E-03         -58.062E-18        377.918E-18        -39.2018E-03 
              205.35E-03        -314.656E-18       -149.417E-18        -88.2975E-03 
              206.35E-03        -443.038E-18       -394.21E-18        -139.856E-03  
              207.35E-03         234.203E-18        263.877E-18       -193.849E-03  
              208.35E-03        -319.715E-18        183.127E-18       -250.237E-03  
              209.35E-03          18.9262E-18      -205.34E-18        -308.969E-03  
              210.35E-03         -29.7226E-18       562.776E-18       -369.983E-03  
              211.35E-03        -108.083E-18         46.56E-18        -433.208E-03  
              212.35E-03        -164.257E-18        583.084E-18       -498.558E-03  
              213.35E-03        -573.667E-18        818.111E-18       -565.936E-03  
              214.35E-03        -574.348E-18        851.305E-18       -635.222E-03  
              215.35E-03        -345.817E-18        708.998E-18       -706.304E-03  
              216.35E-03        -649.701E-18        488.632E-18       -779.041E-03  
              217.35E-03         -59.9489E-18         1.00875E-15     -853.281E-03  
              218.35E-03        -430.244E-18          1.37506E-15     -928.864E-03  
              219.35E-03        -352.128E-18        962.205E-18         -1.00561    
              220.35E-03        -529.838E-18        620.113E-18         -1.08335    
              221.35E-03        -159.047E-18        900.466E-18         -1.16185    
              222.35E-03        -120.337E-18          1.57164E-15       -1.24091    
              223.35E-03        -265.808E-18          1.2498E-15        -1.32032    
              224.35E-03        -599.01E-18           1.06115E-15       -1.39981    
              225.35E-03         240.118E-18          1.33105E-15       -1.47916    
              226.35E-03        -560.597E-18          1.90446E-15       -1.5581     
              227.35E-03        -810.716E-18          1.55179E-15       -1.63635    
              228.35E-03        -946.399E-18          1.2782E-15        -1.71362    
              229.35E-03        -607.208E-18          1.9557E-15        -1.78965    
              230.35E-03        -884.749E-18        833.978E-18         -1.86413    
              231.35E-03          -1.1097E-15         1.41191E-15       -1.93674    
              232.35E-03          -1.03761E-15        1.05308E-15       -2.00719    
              233.35E-03        -530.541E-18        892.788E-18         -2.07515    
              234.35E-03        -718.31E-18         912.766E-18         -2.1403     
              235.35E-03          -1.24287E-15        1.23919E-15       -2.20231    
              236.35E-03          -1.38174E-15        1.42565E-15       -2.26087    
              237.35E-03          -1.60904E-15      366.115E-18         -2.31566    
              238.35E-03          -1.53759E-15      103.185E-18         -2.36633    
              239.35E-03          -1.59771E-15      543.572E-18         -2.41258    
              240.35E-03          -2.23034E-15      975.703E-18         -2.45408    
              241.35E-03          -1.59933E-15      848.121E-18         -2.49053    
              242.35E-03          -1.77656E-15      953.969E-18         -2.52161    
              243.35E-03          -2.31406E-15      414.91E-18          -2.54703    
              244.35E-03          -2.55433E-15        1.07878E-15       -2.56651    
              245.35E-03          -2.35816E-15      987.376E-18         -2.57976    
              246.35E-03          -1.83925E-15      722.93E-18          -2.58653    
              247.35E-03          -2.60595E-15      597.389E-18         -2.58657    
              248.35E-03          -2.88725E-15      925.798E-18         -2.57965    
              249.35E-03          -2.65773E-15      993.991E-18         -2.56556    
              250.35E-03          -3.0153E-15         1.10367E-15       -2.5441     
              251.35E-03          -2.9508E-15         1.18076E-15       -2.51511    
              252.35E-03          -3.35189E-15        1.06114E-15       -2.47844    
              253.35E-03          -3.31E-15           1.15958E-15       -2.43395    
              254.35E-03          -3.84976E-15        1.30686E-15       -2.38156    
              255.35E-03          -4.20034E-15        1.35211E-15       -2.32119    
              256.35E-03          -4.43284E-15        1.28372E-15       -2.25279    
              257.35E-03          -4.70264E-15        1.3104E-15        -2.17635    
              258.35E-03          -5.11728E-15        1.39682E-15       -2.09189    
              259.35E-03          -5.44039E-15        1.39807E-15       -1.99944    
              260.35E-03          -5.79903E-15        1.31497E-15       -1.89908    
              261.35E-03          -6.22211E-15        1.1951E-15        -1.79092    
              262.35E-03          -6.67862E-15        1.03535E-15       -1.6751     
              263.35E-03          -7.0724E-15         1.02516E-15       -1.55179    
              264.35E-03          -7.54605E-15      789.374E-18         -1.42119    
              265.35E-03          -8.12922E-15      528.869E-18         -1.28355    
              266.35E-03          -8.3244E-15       287.875E-18         -1.13914    
              267.35E-03          -9.35285E-15      257.755E-18       -988.251E-03  
              268.35E-03          -9.75189E-15     -697.291E-21       -831.23E-03   
              269.35E-03         -10.1119E-15      -623.619E-18       -668.439E-03  
              270.35E-03         -10.2761E-15      -783.559E-18       -500.277E-03  
              271.35E-03         -11.623E-15         -1.66588E-15     -327.177E-03  
              272.35E-03         -11.7701E-15        -1.83268E-15     -149.586E-03  
              273.35E-03         -11.9852E-15        -2.15288E-15       32.0114E-03 
              274.35E-03         -12.3851E-15        -2.69114E-15      217.102E-03  
              275.35E-03         -13.4318E-15        -2.59562E-15      405.162E-03  
              276.35E-03         -13.6038E-15        -3.34768E-15      595.621E-03  
              277.35E-03         -14.3811E-15        -3.8912E-15       787.909E-03  
              278.35E-03         -16.0225E-15        -4.13918E-15      981.438E-03  
              279.35E-03         -16.269E-15         -5.29682E-15        1.17559    
              280.35E-03         -15.8533E-15        -5.95007E-15        1.36975    
              281.35E-03         -16.1951E-15        -6.10333E-15        1.56327    
              282.35E-03         -18.6357E-15        -6.88404E-15        1.7555     
              283.35E-03         -18.6796E-15        -8.05592E-15        1.9458     
              284.35E-03         -19.3391E-15        -7.56116E-15        2.13352    
              285.35E-03         -20.8492E-15        -8.43942E-15        2.31798    
              286.35E-03         -20.0713E-15        -9.52655E-15        2.49854    
              287.35E-03         -20.4778E-15        -9.08583E-15        2.67456    
              288.35E-03         -22.1858E-15       -11.9467E-15         2.84538    
              289.35E-03         -22.154E-15        -12.1067E-15         3.01039    
              290.35E-03         -24.452E-15        -13.571E-15          3.16894    
              291.35E-03         -24.609E-15        -14.4249E-15         3.32045    
              292.35E-03         -26.3125E-15       -17.3678E-15         3.46433    
              293.35E-03         -29.0049E-15       -16.9926E-15         3.60003    
              294.35E-03         -29.2947E-15       -19.3429E-15         3.72701    
              295.35E-03         -29.2871E-15       -18.3444E-15         3.84476    
              296.35E-03         -31.3336E-15       -21.2085E-15         3.9528     
              297.35E-03         -29.4467E-15       -21.8112E-15         4.05068    
              298.35E-03         -31.4442E-15       -23.5879E-15         4.13799    
              299.35E-03         -31.8473E-15       -23.9471E-15         4.21437    
              300.35E-03         -33.3282E-15       -24.1135E-15         4.27948    
              301.35E-03         -34.3847E-15       -25.8017E-15         4.33302    
              302.35E-03         -34.208E-15        -25.786E-15          4.37473    
              303.35E-03         -34.1309E-15       -29.4262E-15         4.40443    
              304.35E-03         -35.776E-15        -30.531E-15          4.42193    
              305.35E-03         -37.147E-15        -29.8622E-15         4.42713    
              306.35E-03         -36.7154E-15       -31.1035E-15         4.41996    
              307.35E-03         -37.9863E-15       -32.3644E-15         4.40039    
              308.35E-03         -38.3081E-15       -32.9167E-15         4.36845    
              309.35E-03         -38.2738E-15       -32.2479E-15         4.32422    
              310.35E-03         -37.8444E-15       -32.7934E-15         4.26783    
              311.35E-03         -37.2885E-15       -33.4785E-15         4.19945    
              312.35E-03         -40.011E-15        -34.7353E-15         4.1193     
              313.35E-03         -37.5577E-15       -34.156E-15          4.02763    
              314.35E-03         -38.4391E-15       -36.2203E-15         3.92476    
              315.35E-03         -37.4857E-15       -36.1187E-15         3.81106    
              316.35E-03         -36.454E-15        -35.9753E-15         3.68693    
              317.35E-03         -37.7551E-15       -35.8614E-15         3.5528     
              318.35E-03         -37.3674E-15       -34.8192E-15         3.40915    
              319.35E-03         -36.9971E-15       -37.0272E-15         3.2565     
              320.35E-03         -36.3842E-15       -35.2174E-15         3.09541    
              321.35E-03         -35.5188E-15       -36.2413E-15         2.92645    
              322.35E-03         -34.1789E-15       -35.6273E-15         2.75025    
              323.35E-03         -34.1286E-15       -36.1382E-15         2.56744    
              324.35E-03         -33.9362E-15       -35.2722E-15         2.37869    
              325.35E-03         -33.3935E-15       -34.8315E-15         2.1847     
              326.35E-03         -30.8773E-15       -32.6875E-15         1.98616    
              327.35E-03         -29.3073E-15       -32.3886E-15         1.78379    
              328.35E-03         -29.6752E-15       -31.4819E-15         1.57833    
              329.35E-03         -27.57E-15         -30.3952E-15         1.37052    
              330.35E-03         -24.5056E-15       -29.0006E-15         1.16109    
              331.35E-03         -23.1451E-15       -27.5216E-15       950.794E-03  
              332.35E-03         -21.0746E-15       -25.2086E-15       740.375E-03  
              333.35E-03         -18.4451E-15       -23.3351E-15       530.565E-03  
              334.35E-03         -16.3817E-15       -20.5458E-15       322.099E-03  
              335.35E-03         -13.5253E-15       -18.3988E-15       115.688E-03  
              336.35E-03         -10.4029E-15       -15.9479E-15       -87.9652E-03 
              337.35E-03          -8.29584E-15      -12.5948E-15      -288.18E-03   
              338.35E-03          -4.5539E-15        -8.74167E-15     -484.297E-03  
              339.35E-03        -854.297E-18         -5.14494E-15     -675.679E-03  
              340.35E-03           3.11174E-15       -1.21037E-15     -861.718E-03  
              341.35E-03           6.69139E-15        2.5671E-15        -1.04184    
              342.35E-03          10.4807E-15         7.0401E-15        -1.21548    
              343.35E-03          14.8725E-15        11.4492E-15        -1.38215    
              344.35E-03          18.9716E-15        16.3267E-15        -1.54136    
              345.35E-03          23.7945E-15        21.2597E-15        -1.69268    
              346.35E-03          28.5109E-15        26.5931E-15        -1.8357     
              347.35E-03          33.4085E-15        32.0852E-15        -1.97008    
              348.35E-03          38.4012E-15        37.6991E-15        -2.09549    
              349.35E-03          43.6148E-15        43.6532E-15        -2.21166    
              350.35E-03          49.0612E-15        49.5571E-15        -2.31837    
              351.35E-03          54.6376E-15        55.6567E-15        -2.41544    
              352.35E-03          60.3146E-15        61.8941E-15        -2.50271    
              353.35E-03          66.1222E-15        68.4789E-15        -2.58011    
              354.35E-03          71.7124E-15        75.111E-15         -2.64758    
              355.35E-03          78.1599E-15        82.118E-15         -2.70511    
              356.35E-03          83.8356E-15        88.3122E-15        -2.75274    
              357.35E-03          90.2737E-15        94.8873E-15        -2.79056    
              358.35E-03          96.3681E-15       101.773E-15         -2.81866    
              359.35E-03         102.283E-15        108.861E-15         -2.83723    
              360.35E-03         109.015E-15        114.983E-15         -2.84645    
              361.35E-03         115.422E-15        121.994E-15         -2.84656    
              362.35E-03         121.651E-15        128.072E-15         -2.83782    
              363.35E-03         127.352E-15        134.007E-15         -2.82054    
              364.35E-03         133.933E-15        140.744E-15         -2.79505    
              365.35E-03         139.688E-15        146.945E-15         -2.7617     
              366.35E-03         145.657E-15        151.645E-15         -2.72088    
              367.35E-03         151.339E-15        157.793E-15         -2.67299    
              368.35E-03         157.943E-15        162.748E-15         -2.61847    
              369.35E-03         162.985E-15        167.432E-15         -2.55775    
              370.35E-03         168.393E-15        172.215E-15         -2.4913     
              371.35E-03         173.63E-15         176.466E-15         -2.41958    
              372.35E-03         178.992E-15        180.124E-15         -2.34309    
              373.35E-03         184.135E-15        183.36E-15          -2.26231    
              374.35E-03         188.783E-15        186.726E-15         -2.17773    
              375.35E-03         193.271E-15        188.857E-15         -2.08984    
              376.35E-03         197.656E-15        191.31E-15          -1.99914    
              377.35E-03         201.793E-15        192.936E-15         -1.90612    
              378.35E-03         204.776E-15        194.213E-15         -1.81126    
              379.35E-03         208.696E-15        193.961E-15         -1.71504    
              380.35E-03         211.165E-15        194.501E-15         -1.61792    
              381.35E-03         213.794E-15        193.134E-15         -1.52034    
              382.35E-03         216.179E-15        192.196E-15         -1.42275    
              383.35E-03         218.876E-15        190.114E-15         -1.32557    
              384.35E-03         220.413E-15        187.266E-15         -1.22919    
              385.35E-03         220.97E-15         183.685E-15         -1.13399    
              386.35E-03         221.984E-15        179.791E-15         -1.04034    
              387.35E-03         221.829E-15        174.789E-15       -948.564E-03  
              388.35E-03         221.839E-15        169.436E-15       -858.979E-03  
              389.35E-03         220.691E-15        163.006E-15       -771.868E-03  
              390.35E-03         220.599E-15        155.876E-15       -687.488E-03  
              391.35E-03         218.616E-15        147.398E-15       -606.081E-03  
              392.35E-03         216.598E-15        139.443E-15       -527.853E-03  
              393.35E-03         214.039E-15        130.153E-15       -452.982E-03  
              394.35E-03         211.012E-15        120.254E-15       -381.62E-03   
              395.35E-03         207.345E-15        109.951E-15       -313.896E-03  
              396.35E-03         203.181E-15         98.1576E-15      -249.91E-03   
              397.35E-03         198.623E-15         86.1099E-15      -189.736E-03  
              398.35E-03         192.919E-15         73.6994E-15      -133.421E-03  
              399.35E-03         186.791E-15         60.2285E-15       -80.9886E-03 
              400.35E-03         180.441E-15         46.3759E-15       -32.439E-03  
              401.35E-03         174.381E-15         31.9211E-15        12.2517E-03 
              402.35E-03         166.159E-15         16.8252E-15        53.1291E-03 
              403.35E-03         157.887E-15          1.34802E-15       90.2598E-03 
              404.35E-03         149.088E-15        -14.9492E-15       123.729E-03  
              405.35E-03         140.491E-15        -31.2603E-15       153.642E-03  
              406.35E-03         130.936E-15        -48.1287E-15       180.118E-03  
              407.35E-03         120.012E-15        -65.3316E-15       203.294E-03  
              408.35E-03         109.296E-15        -82.033E-15        223.319E-03  
              409.35E-03          98.0707E-15      -100.506E-15        240.353E-03  
              410.35E-03          86.7527E-15      -117.758E-15        254.57E-03   
              411.35E-03          75.1116E-15      -135.275E-15        266.148E-03  
              412.35E-03          62.5953E-15      -153.139E-15        275.276E-03  
              413.35E-03          50.0018E-15      -170.943E-15        282.146E-03  
              414.35E-03          36.6791E-15      -188.4E-15          286.956E-03  
              415.35E-03          23.6119E-15      -205.917E-15        289.904E-03  
              416.35E-03           9.7688E-15      -223.21E-15         291.19E-03   
              417.35E-03          -4.34991E-15     -240.404E-15        291.012E-03  
              418.35E-03         -18.7587E-15      -257.057E-15        289.568E-03  
              419.35E-03         -32.7601E-15      -273.016E-15        287.051E-03  
              420.35E-03         -47.093E-15       -289.031E-15        283.649E-03  
              421.35E-03         -62.0571E-15      -304.147E-15        279.543E-03  
              422.35E-03         -76.7378E-15      -318.978E-15        274.909E-03  
              423.35E-03         -91.4842E-15      -333.525E-15        269.914E-03  
              424.35E-03        -106.858E-15       -346.941E-15        264.716E-03  
              425.35E-03        -121.317E-15       -359.581E-15        259.46E-03   
              426.35E-03        -136.185E-15       -371.578E-15        254.285E-03  
              427.35E-03        -151.257E-15       -382.851E-15        249.315E-03  
              428.35E-03        -165.992E-15       -393.098E-15        244.663E-03  
              429.35E-03        -180.803E-15       -402.423E-15        240.432E-03  
              430.35E-03        -195.323E-15       -410.884E-15        236.709E-03  
              431.35E-03        -209.77E-15        -418.203E-15        233.569E-03  
              432.35E-03        -224.217E-15       -424.498E-15        231.076E-03  
              433.35E-03        -238.295E-15       -429.529E-15        229.28E-03   
              434.35E-03        -252.052E-15       -433.663E-15        228.217E-03  
              435.35E-03        -265.729E-15       -436.288E-15        227.912E-03  
              436.35E-03        -279.045E-15       -438.105E-15        228.377E-03  
              437.35E-03        -291.976E-15       -438.412E-15        229.614E-03  
              438.35E-03        -304.424E-15       -437.498E-15        231.61E-03   
              439.35E-03        -316.584E-15       -435.212E-15        234.345E-03  
              440.35E-03        -328.283E-15       -431.748E-15        237.787E-03  
              441.35E-03        -339.464E-15       -426.873E-15        241.893E-03  
              442.35E-03        -350.106E-15       -420.673E-15        246.616E-03  
              443.35E-03        -360.266E-15       -413.127E-15        251.896E-03  
              444.35E-03        -369.758E-15       -404.266E-15        257.667E-03  
              445.35E-03        -378.815E-15       -393.958E-15        263.859E-03  
              446.35E-03        -387.046E-15       -382.441E-15        270.396E-03  
              447.35E-03        -394.709E-15       -369.541E-15        277.195E-03  
              448.35E-03        -401.604E-15       -355.289E-15        284.173E-03  
              449.35E-03        -407.749E-15       -339.751E-15        291.241E-03  
              450.35E-03        -413.204E-15       -322.898E-15        298.311E-03  
              451.35E-03        -417.854E-15       -304.82E-15         305.293E-03  
              452.35E-03        -421.688E-15       -285.501E-15        312.098E-03  
              453.35E-03        -424.706E-15       -265.018E-15        318.638E-03  
              454.35E-03        -426.885E-15       -243.378E-15        324.825E-03  
              455.35E-03        -428.178E-15       -220.643E-15        330.576E-03  
              456.35E-03        -428.615E-15       -196.843E-15        335.81E-03   
              457.35E-03        -428.166E-15       -172.045E-15        340.452E-03  
              458.35E-03        -426.814E-15       -146.291E-15        344.429E-03  
              459.35E-03        -424.549E-15       -119.646E-15        347.675E-03  
              460.35E-03        -421.375E-15        -92.1784E-15       350.131E-03  
              461.35E-03        -417.293E-15        -63.9473E-15       351.742E-03  
              462.35E-03        -412.303E-15        -35.0228E-15       352.463E-03  
              463.35E-03        -406.4E-15           -5.48393E-15      352.254E-03  
              464.35E-03        -399.583E-15         24.61E-15         351.083E-03  
              465.35E-03        -391.891E-15         55.1867E-15       348.925E-03  
              466.35E-03        -383.308E-15         86.1701E-15       345.766E-03  
              467.35E-03        -373.826E-15        117.456E-15        341.596E-03  
              468.35E-03        -363.53E-15         148.991E-15        336.415E-03  
              469.35E-03        -352.358E-15        180.681E-15        330.232E-03  
              470.35E-03        -340.349E-15        212.445E-15        323.062E-03  
              471.35E-03        -327.58E-15         244.214E-15        314.928E-03  
              472.35E-03        -313.988E-15        275.862E-15        305.861E-03  
              473.35E-03        -299.668E-15        307.307E-15        295.899E-03  
              474.35E-03        -284.605E-15        338.494E-15        285.085E-03  
              475.35E-03        -268.847E-15        369.302E-15        273.472E-03  
              476.35E-03        -252.404E-15        399.644E-15        261.114E-03  
              477.35E-03        -235.336E-15        429.423E-15        248.075E-03  
              478.35E-03        -217.638E-15        458.534E-15        234.422E-03  
              479.35E-03        -199.412E-15        486.894E-15        220.224E-03  
              480.35E-03        -180.6E-15          514.44E-15         205.557E-03  
              481.35E-03        -161.326E-15        540.97E-15         190.499E-03  
              482.35E-03        -141.564E-15        566.497E-15        175.129E-03  
              483.35E-03        -121.468E-15        590.857E-15        159.529E-03  
              484.35E-03        -100.955E-15        613.937E-15        143.782E-03  
              485.35E-03         -80.1235E-15       635.714E-15        127.972E-03  
              486.35E-03         -59.0348E-15       656.004E-15        112.181E-03  
              487.35E-03         -37.7624E-15       674.773E-15         96.4915E-03 
              488.35E-03         -16.3245E-15       691.876E-15         80.9844E-03 
              489.35E-03           5.20931E-15      707.253E-15         65.7381E-03 
              490.35E-03          26.7938E-15       720.792E-15         50.8285E-03 
              491.35E-03          48.3381E-15       732.394E-15         36.3282E-03 
              492.35E-03          69.8063E-15       742.003E-15         22.3061E-03 
              493.35E-03          91.1373E-15       749.501E-15          8.82676E-03
              494.35E-03         112.26E-15         754.822E-15         -4.04984E-03
              495.35E-03         133.107E-15        757.876E-15        -16.2689E-03 
              496.35E-03         153.617E-15        758.597E-15        -27.7811E-03 
              497.35E-03         173.723E-15        756.92E-15         -38.5429E-03 
              498.35E-03         193.361E-15        752.777E-15        -48.5168E-03 
              499.35E-03         212.466E-15        746.103E-15        -57.6713E-03 
              500.35E-03         230.961E-15        736.862E-15        -65.9818E-03 
              501.35E-03         248.811E-15        725.003E-15        -73.4297E-03 
              502.35E-03         265.918E-15        710.493E-15        -80.0033E-03 
              503.35E-03         282.245E-15        693.304E-15        -85.6973E-03 
              504.35E-03         297.724E-15        673.403E-15        -90.5131E-03 
              505.35E-03         312.303E-15        650.774E-15        -94.4583E-03 
              506.35E-03         325.922E-15        625.444E-15        -97.5469E-03 
              507.35E-03         338.52E-15         597.382E-15        -99.7988E-03 
              508.35E-03         350.071E-15        566.615E-15       -101.24E-03   
              509.35E-03         360.521E-15        533.201E-15       -101.902E-03  
              510.35E-03         369.844E-15        497.144E-15       -101.821E-03  
              511.35E-03         377.971E-15        458.471E-15       -101.038E-03  
              512.35E-03         384.906E-15        417.25E-15         -99.5997E-03 
              513.35E-03         390.586E-15        373.572E-15        -97.5557E-03 
              514.35E-03         395.058E-15        327.488E-15        -94.9592E-03 
              515.35E-03         398.234E-15        279.114E-15        -91.8667E-03 
              516.35E-03         400.15E-15         228.558E-15        -88.3371E-03 
              517.35E-03         400.772E-15        175.882E-15        -84.4316E-03 
              518.35E-03         400.129E-15        121.26E-15         -80.2127E-03 
              519.35E-03         398.151E-15         64.7819E-15       -75.7438E-03 
              520.35E-03         395.003E-15          6.62902E-15      -71.089E-03  
              521.35E-03         390.59E-15         -52.9812E-15       -66.3121E-03 
              522.35E-03         384.919E-15       -114.02E-15         -61.4763E-03 
              523.35E-03         378.064E-15       -176.172E-15        -56.6439E-03 
              524.35E-03         370.014E-15       -239.356E-15        -51.8751E-03 
              525.35E-03         360.82E-15        -303.289E-15        -47.2285E-03 
              526.35E-03         350.626E-15       -367.798E-15        -42.7595E-03 
              527.35E-03         339.348E-15       -432.627E-15        -38.521E-03  
              528.35E-03         327.033E-15       -497.56E-15         -34.5621E-03 
              529.35E-03         313.849E-15       -562.405E-15        -30.9281E-03 
              530.35E-03         299.85E-15        -626.878E-15        -27.6602E-03 
              531.35E-03         284.908E-15       -690.75E-15         -24.7951E-03 
              532.35E-03         269.248E-15       -753.735E-15        -22.3644E-03 
              533.35E-03         252.962E-15       -815.582E-15        -20.3952E-03 
              534.35E-03         236.052E-15       -876.064E-15        -18.9088E-03 
              535.35E-03         218.631E-15       -934.828E-15        -17.9216E-03 
              536.35E-03         200.764E-15       -991.736E-15        -17.4443E-03 
              537.35E-03         182.51E-15          -1.04644E-12      -17.482E-03  
              538.35E-03         163.984E-15         -1.09869E-12      -18.0345E-03 
              539.35E-03         145.22E-15          -1.14824E-12      -19.0957E-03 
              540.35E-03         126.396E-15         -1.19481E-12      -20.6543E-03 
              541.35E-03         107.571E-15         -1.23813E-12      -22.6937E-03 
              542.35E-03          88.8111E-15        -1.27795E-12      -25.1919E-03 
              543.35E-03          70.119E-15         -1.31408E-12      -28.1219E-03 
              544.35E-03          51.7546E-15        -1.34622E-12      -31.4522E-03 
              545.35E-03          33.7194E-15        -1.37417E-12      -35.1466E-03 
              546.35E-03          16.0947E-15        -1.39777E-12      -39.1649E-03 
              547.35E-03        -978.265E-18         -1.41674E-12      -43.4628E-03 
              548.35E-03         -17.4313E-15        -1.43094E-12      -47.9928E-03 
              549.35E-03         -33.3338E-15        -1.4402E-12       -52.7043E-03 
              550.35E-03         -48.3809E-15        -1.44435E-12      -57.5439E-03 
              551.35E-03         -62.5879E-15        -1.44322E-12      -62.4562E-03 
              552.35E-03         -75.9222E-15        -1.43677E-12      -67.3841E-03 
              553.35E-03         -88.288E-15         -1.42474E-12      -72.269E-03  
              554.35E-03         -99.6598E-15        -1.40725E-12      -77.0517E-03 
              555.35E-03        -109.857E-15         -1.38409E-12      -81.6727E-03 
              556.35E-03        -118.996E-15         -1.35525E-12      -86.0727E-03 
              557.35E-03        -126.984E-15         -1.32077E-12      -90.1931E-03 
              558.35E-03        -133.695E-15         -1.28052E-12      -93.9766E-03 
              559.35E-03        -139.24E-15          -1.23472E-12      -97.3673E-03 
              560.35E-03        -143.452E-15         -1.18326E-12     -100.312E-03  
              561.35E-03        -146.427E-15         -1.12633E-12     -102.759E-03  
              562.35E-03        -148.106E-15         -1.06396E-12     -104.66E-03   
              563.35E-03        -148.503E-15       -996.341E-15       -105.972E-03  
              564.35E-03        -147.609E-15       -923.578E-15       -106.652E-03  
              565.35E-03        -145.466E-15       -845.864E-15       -106.666E-03  
              566.35E-03        -142.067E-15       -763.433E-15       -105.98E-03   
              567.35E-03        -137.473E-15       -676.486E-15       -104.567E-03  
              568.35E-03        -131.718E-15       -585.287E-15       -102.405E-03  
              569.35E-03        -124.825E-15       -490.126E-15        -99.4767E-03 
              570.35E-03        -116.869E-15       -391.329E-15        -95.7708E-03 
              571.35E-03        -107.889E-15       -289.183E-15        -91.2813E-03 
              572.35E-03         -97.9851E-15      -184.047E-15        -86.008E-03  
              573.35E-03         -87.1498E-15       -76.2888E-15       -79.9562E-03 
              574.35E-03         -75.5434E-15        33.6772E-15       -73.1375E-03 
              575.35E-03         -63.2196E-15       145.458E-15        -65.5687E-03 
              576.35E-03         -50.2991E-15       258.641E-15        -57.2728E-03 
              577.35E-03         -36.7779E-15       372.803E-15        -48.2782E-03 
              578.35E-03         -22.8151E-15       487.42E-15         -38.6186E-03 
              579.35E-03          -8.50741E-15      602.105E-15        -28.3333E-03 
              580.35E-03           6.10807E-15      716.383E-15        -17.4665E-03 
              581.35E-03          20.8926E-15       829.773E-15         -6.0671E-03 
              582.35E-03          35.6857E-15       941.77E-15           5.81129E-03
              583.35E-03          50.4983E-15         1.05194E-12       18.111E-03  
              584.35E-03          65.2099E-15         1.15979E-12       30.7705E-03 
              585.35E-03          79.5655E-15         1.26473E-12       43.7248E-03 
              586.35E-03          93.7025E-15         1.3665E-12        56.9059E-03 
              587.35E-03         107.293E-15          1.46447E-12       70.2432E-03 
              588.35E-03         120.437E-15          1.55823E-12       83.6639E-03 
              589.35E-03         132.966E-15          1.64745E-12       97.0937E-03 
              590.35E-03         144.578E-15          1.73151E-12      110.457E-03  
              591.35E-03         155.622E-15          1.81007E-12      123.677E-03  
              592.35E-03         165.531E-15          1.88279E-12      136.677E-03  
              593.35E-03         174.593E-15          1.94938E-12      149.382E-03  
              594.35E-03         182.617E-15          2.00941E-12      161.715E-03  
              595.35E-03         189.561E-15          2.06253E-12      173.602E-03  
              596.35E-03         195.261E-15          2.1084E-12       184.971E-03  
              597.35E-03         199.722E-15          2.14682E-12      195.752E-03  
              598.35E-03         202.857E-15          2.17769E-12      205.877E-03  
              599.35E-03         204.751E-15          2.20058E-12      215.282E-03  
              600.35E-03         205.319E-15          2.21551E-12      223.906E-03  
              601.35E-03         204.533E-15          2.22219E-12      231.691E-03  
              602.35E-03         202.374E-15          2.22071E-12      238.587E-03  
              603.35E-03         198.757E-15          2.21092E-12      244.544E-03  
              604.35E-03         193.822E-15          2.19253E-12      249.521E-03  
              605.35E-03         187.539E-15          2.16621E-12      253.48E-03   
              606.35E-03         179.891E-15          2.13148E-12      256.388E-03  
              607.35E-03         170.923E-15          2.08852E-12      258.221E-03  
              608.35E-03         160.736E-15          2.0375E-12       258.957E-03  
              609.35E-03         149.291E-15          1.97868E-12      258.584E-03  
              610.35E-03         136.749E-15          1.91221E-12      257.092E-03  
              611.35E-03         123.135E-15          1.83839E-12      254.482E-03  
              612.35E-03         108.541E-15          1.75732E-12      250.756E-03  
              613.35E-03          92.8927E-15         1.66944E-12      245.928E-03  
              614.35E-03          76.5441E-15         1.57509E-12      240.013E-03  
              615.35E-03          59.4494E-15         1.47474E-12      233.035E-03  
              616.35E-03          41.7483E-15         1.3687E-12       225.023E-03  
              617.35E-03          23.5349E-15         1.25747E-12      216.013E-03  
              618.35E-03           4.87785E-15        1.14134E-12      206.045E-03  
              619.35E-03         -14.025E-15          1.02106E-12      195.165E-03  
              620.35E-03         -33.1044E-15       896.91E-15         183.424E-03  
              621.35E-03         -52.2217E-15       769.656E-15        170.879E-03  
              622.35E-03         -71.2157E-15       639.698E-15        157.588E-03  
              623.35E-03         -90.0051E-15       507.624E-15        143.617E-03  
              624.35E-03        -108.483E-15        373.992E-15        129.032E-03  
              625.35E-03        -126.492E-15        239.453E-15        113.906E-03  
              626.35E-03        -143.896E-15        104.558E-15         98.3123E-03 
              627.35E-03        -160.62E-15         -30.0835E-15        82.3266E-03 
              628.35E-03        -176.507E-15       -163.875E-15         66.0273E-03 
              629.35E-03        -191.481E-15       -296.243E-15         49.4937E-03 
              630.35E-03        -205.389E-15       -426.579E-15         32.8065E-03 
              631.35E-03        -218.163E-15       -554.322E-15         16.0465E-03 
              632.35E-03        -229.713E-15       -678.901E-15       -705.411E-06  
              633.35E-03        -239.917E-15       -799.776E-15        -17.3687E-03 
              634.35E-03        -248.702E-15       -916.407E-15        -33.864E-03  
              635.35E-03        -256.057E-15         -1.02828E-12      -50.1132E-03 
              636.35E-03        -261.869E-15         -1.13492E-12      -66.04E-03   
              637.35E-03        -266.117E-15         -1.2359E-12       -81.5707E-03 
              638.35E-03        -268.636E-15         -1.33072E-12      -96.6338E-03 
              639.35E-03        -269.573E-15         -1.41909E-12     -111.161E-03  
              640.35E-03        -268.757E-15         -1.50052E-12     -125.089E-03  
              641.35E-03        -266.287E-15         -1.57478E-12     -138.355E-03  
              642.35E-03        -262.125E-15         -1.64151E-12     -150.904E-03  
              643.35E-03        -256.169E-15         -1.70054E-12     -162.682E-03  
              644.35E-03        -248.697E-15         -1.75157E-12     -173.643E-03  
              645.35E-03        -239.43E-15          -1.79446E-12     -183.744E-03  
              646.35E-03        -228.71E-15          -1.82909E-12     -192.947E-03  
              647.35E-03        -216.385E-15         -1.85544E-12     -201.22E-03   
              648.35E-03        -202.738E-15         -1.87337E-12     -208.537E-03  
              649.35E-03        -187.636E-15         -1.88295E-12     -214.875E-03  
              650.35E-03        -171.271E-15         -1.8841E-12      -220.219E-03  
              651.35E-03        -153.712E-15         -1.87706E-12     -224.559E-03  
              652.35E-03        -135.216E-15         -1.86194E-12     -227.89E-03   
              653.35E-03        -115.705E-15         -1.83896E-12     -230.214E-03  
              654.35E-03         -95.464E-15         -1.80809E-12     -231.536E-03  
              655.35E-03         -74.5305E-15        -1.76977E-12     -231.868E-03  
              656.35E-03         -53.1573E-15        -1.7243E-12      -231.228E-03  
              657.35E-03         -31.4493E-15        -1.67203E-12     -229.636E-03  
              658.35E-03          -9.52035E-15       -1.61312E-12     -227.12E-03   
              659.35E-03          12.452E-15         -1.54808E-12     -223.71E-03   
              660.35E-03          34.105E-15         -1.47739E-12     -219.444E-03  
              661.35E-03          55.6069E-15        -1.40145E-12     -214.359E-03  
              662.35E-03          76.5217E-15        -1.3208E-12      -208.5E-03    
              663.35E-03          96.8805E-15        -1.2358E-12      -201.913E-03  
              664.35E-03         116.417E-15         -1.14708E-12     -194.648E-03  
              665.35E-03         134.824E-15         -1.05508E-12     -186.757E-03  
              666.35E-03         152.253E-15       -960.422E-15       -178.297E-03  
              667.35E-03         168.312E-15       -863.581E-15       -169.322E-03  
              668.35E-03         182.922E-15       -765.149E-15       -159.893E-03  
              669.35E-03         195.966E-15       -665.933E-15       -150.068E-03  
              670.35E-03         207.312E-15       -566.123E-15       -139.909E-03  
              671.35E-03         216.812E-15       -466.556E-15       -129.477E-03  
              672.35E-03         224.403E-15       -367.698E-15       -118.832E-03  
              673.35E-03         229.965E-15       -270.218E-15       -108.035E-03  
              674.35E-03         233.258E-15       -174.567E-15        -97.1475E-03 
              675.35E-03         234.443E-15        -81.306E-15        -86.228E-03  
              676.35E-03         233.31E-15           9.01106E-15      -75.3344E-03 
              677.35E-03         229.894E-15         95.8904E-15       -64.5229E-03 
              678.35E-03         224.02E-15         178.797E-15        -53.848E-03  
              679.35E-03         215.754E-15        257.335E-15        -43.3614E-03 
              680.35E-03         205.111E-15        331.062E-15        -33.1128E-03 
              681.35E-03         192.06E-15         399.498E-15        -23.1487E-03 
              682.35E-03         176.621E-15        462.233E-15        -13.5128E-03 
              683.35E-03         158.803E-15        519.05E-15          -4.24564E-03
              684.35E-03         138.657E-15        569.522E-15          4.61576E-03
              685.35E-03         116.359E-15        613.425E-15         13.0379E-03 
              686.35E-03          91.8174E-15       650.514E-15         20.9908E-03 
              687.35E-03          65.1973E-15       680.567E-15         28.4484E-03 
              688.35E-03          36.6826E-15       703.395E-15         35.3883E-03 
              689.35E-03           6.28315E-15      718.919E-15         41.7923E-03 
              690.35E-03         -25.7897E-15       727.068E-15         47.6456E-03 
              691.35E-03         -59.4369E-15       727.744E-15         52.9378E-03 
              692.35E-03         -94.4584E-15       720.997E-15         57.6619E-03 
              693.35E-03        -130.714E-15        706.853E-15         61.8149E-03 
              694.35E-03        -168.017E-15        685.402E-15         65.3976E-03 
              695.35E-03        -206.161E-15        656.781E-15         68.4142E-03 
              696.35E-03        -244.983E-15        621.157E-15         70.8725E-03 
              697.35E-03        -284.242E-15        578.725E-15         72.7835E-03 
              698.35E-03        -323.751E-15        529.738E-15         74.1616E-03 
              699.35E-03        -363.275E-15        474.477E-15         75.024E-03  
              700.35E-03        -402.583E-15        413.259E-15         75.3906E-03 
              701.35E-03        -441.469E-15        346.436E-15         75.2842E-03 
              702.35E-03        -479.695E-15        274.388E-15         74.7296E-03 
              703.35E-03        -517.028E-15        197.533E-15         73.7539E-03 
              704.35E-03        -553.251E-15        116.305E-15         72.386E-03  
              705.35E-03        -588.141E-15         31.1686E-15        70.6564E-03 
              706.35E-03        -621.474E-15        -57.3898E-15        68.597E-03  
              707.35E-03        -653.025E-15       -148.851E-15         66.2409E-03 
              708.35E-03        -682.601E-15       -242.704E-15         63.6218E-03 
              709.35E-03        -709.982E-15       -338.409E-15         60.7743E-03 
              710.35E-03        -734.977E-15       -435.403E-15         57.733E-03  
              711.35E-03        -757.415E-15       -533.115E-15         54.5329E-03 
              712.35E-03        -777.087E-15       -630.998E-15         51.2086E-03 
              713.35E-03        -793.864E-15       -728.467E-15         47.7944E-03 
              714.35E-03        -807.578E-15       -824.946E-15         44.324E-03  
              715.35E-03        -818.085E-15       -919.87E-15          40.8303E-03 
              716.35E-03        -825.282E-15         -1.01265E-12       37.3449E-03 
              717.35E-03        -829.033E-15         -1.10276E-12       33.8985E-03 
              718.35E-03        -829.273E-15         -1.18956E-12       30.5202E-03 
              719.35E-03        -825.823E-15         -1.27258E-12       27.2374E-03 
              720.35E-03        -818.747E-15         -1.35126E-12       24.0761E-03 
              721.35E-03        -807.892E-15         -1.42512E-12       21.0601E-03 
              722.35E-03        -793.334E-15         -1.4936E-12        18.2114E-03 
              723.35E-03        -774.947E-15         -1.55625E-12       15.55E-03   
              724.35E-03        -752.763E-15         -1.61265E-12       13.0935E-03 
              725.35E-03        -726.802E-15         -1.66232E-12       10.8576E-03 
              726.35E-03        -697.101E-15         -1.70489E-12        8.85538E-03
              727.35E-03        -663.722E-15         -1.73992E-12        7.09796E-03
              728.35E-03        -626.662E-15         -1.76714E-12        5.59401E-03
              729.35E-03        -586.064E-15         -1.78621E-12        4.34994E-03
              730.35E-03        -541.953E-15         -1.79689E-12        3.36989E-03
              731.35E-03        -494.485E-15         -1.79884E-12        2.65578E-03
              732.35E-03        -443.824E-15         -1.79192E-12        2.20738E-03
              733.35E-03        -389.987E-15         -1.77596E-12        2.02234E-03
              734.35E-03        -333.227E-15         -1.75084E-12        2.0963E-03 
              735.35E-03        -273.664E-15         -1.71643E-12        2.42296E-03
              736.35E-03        -211.427E-15         -1.67265E-12        2.99423E-03
              737.35E-03        -146.78E-15          -1.61963E-12        3.8003E-03 
              738.35E-03         -79.8622E-15        -1.55719E-12        4.82977E-03
              739.35E-03         -10.8997E-15        -1.48555E-12        6.06983E-03
              740.35E-03          59.93E-15          -1.40478E-12        7.50631E-03
              741.35E-03         132.375E-15         -1.31493E-12        9.12393E-03
              742.35E-03         206.173E-15         -1.21632E-12       10.9064E-03 
              743.35E-03         281.162E-15         -1.10914E-12       12.8364E-03 
              744.35E-03         357.049E-15       -993.717E-15         14.8962E-03 
              745.35E-03         433.556E-15       -870.149E-15         17.0672E-03 
              746.35E-03         510.492E-15       -738.999E-15         19.3306E-03 
              747.35E-03         587.58E-15        -600.564E-15         21.6673E-03 
              748.35E-03         664.563E-15       -455.262E-15         24.0581E-03 
              749.35E-03         741.19E-15        -303.518E-15         26.4836E-03 
              750.35E-03         817.171E-15       -145.871E-15         28.925E-03  
              751.35E-03         892.21E-15          17.261E-15         31.3634E-03 
              752.35E-03         966.067E-15        185.276E-15         33.7805E-03 
              753.35E-03           1.03859E-12      357.624E-15         36.1585E-03 
              754.35E-03           1.10941E-12      533.684E-15         38.4804E-03 
              755.35E-03           1.17823E-12      712.933E-15         40.7297E-03 
              756.35E-03           1.24487E-12      894.699E-15         42.8908E-03 
              757.35E-03           1.30906E-12        1.07833E-12       44.9492E-03 
              758.35E-03           1.37059E-12        1.26313E-12       46.8911E-03 
              759.35E-03           1.42922E-12        1.44846E-12       48.7041E-03 
              760.35E-03           1.48468E-12        1.63368E-12       50.3764E-03 
              761.35E-03           1.53667E-12        1.81795E-12       51.8978E-03 
              762.35E-03           1.58519E-12        2.00073E-12       53.2591E-03 
              763.35E-03           1.62982E-12        2.18124E-12       54.4521E-03 
              764.35E-03           1.67049E-12        2.35882E-12       55.4701E-03 
              765.35E-03           1.70701E-12        2.53266E-12       56.3073E-03 
              766.35E-03           1.73916E-12        2.70221E-12       56.9591E-03 
              767.35E-03           1.76677E-12        2.86666E-12       57.4222E-03 
              768.35E-03           1.78974E-12        3.0254E-12        57.6944E-03 
              769.35E-03           1.8079E-12         3.17776E-12       57.7745E-03 
              770.35E-03           1.82115E-12        3.32306E-12       57.6622E-03 
              771.35E-03           1.82936E-12        3.46065E-12       57.3585E-03 
              772.35E-03           1.83244E-12        3.58995E-12       56.8651E-03 
              773.35E-03           1.83032E-12        3.71036E-12       56.1846E-03 
              774.35E-03           1.82292E-12        3.8213E-12        55.3205E-03 
              775.35E-03           1.81018E-12        3.92221E-12       54.2769E-03 
              776.35E-03           1.79213E-12        4.0126E-12        53.0587E-03 
              777.35E-03           1.76867E-12        4.092E-12         51.6713E-03 
              778.35E-03           1.73984E-12        4.15994E-12       50.1207E-03 
              779.35E-03           1.70566E-12        4.216E-12         48.4133E-03 
              780.35E-03           1.66615E-12        4.25983E-12       46.5559E-03 
              781.35E-03           1.62135E-12        4.29108E-12       44.5554E-03 
              782.35E-03           1.57134E-12        4.30946E-12       42.4194E-03 
              783.35E-03           1.5162E-12         4.31472E-12       40.1552E-03 
              784.35E-03           1.45601E-12        4.30665E-12       37.7705E-03 
              785.35E-03           1.3909E-12         4.28508E-12       35.2729E-03 
              786.35E-03           1.321E-12          4.24991E-12       32.6702E-03 
              787.35E-03           1.24644E-12        4.20108E-12       29.9699E-03 
              788.35E-03           1.1674E-12         4.13854E-12       27.1796E-03 
              789.35E-03           1.08405E-12        4.06233E-12       24.3067E-03 
              790.35E-03         996.561E-15          3.97253E-12       21.3586E-03 
              791.35E-03         905.169E-15          3.86927E-12       18.3421E-03 
              792.35E-03         810.07E-15           3.7527E-12        15.2643E-03 
              793.35E-03         711.514E-15          3.62307E-12       12.1318E-03 
              794.35E-03         609.715E-15          3.48066E-12        8.95106E-03
              795.35E-03         504.969E-15          3.32575E-12        5.72828E-03
              796.35E-03         397.512E-15          3.15874E-12        2.46947E-03
              797.35E-03         287.65E-15           2.97998E-12     -819.563E-06  
              798.35E-03         175.662E-15          2.79E-12          -4.13323E-03
              799.35E-03          61.8076E-15         2.58924E-12       -7.46609E-03
              800.35E-03         -53.5631E-15         2.37829E-12      -10.8129E-03 
              801.35E-03        -170.141E-15          2.15763E-12      -14.1685E-03 
              802.35E-03        -287.668E-15          1.928E-12        -17.5278E-03 
              803.35E-03        -405.723E-15          1.68993E-12      -20.8859E-03 
              804.35E-03        -524.077E-15          1.44417E-12      -24.2379E-03 
              805.35E-03        -642.323E-15          1.19135E-12      -27.5786E-03 
              806.35E-03        -760.224E-15        932.308E-15        -30.9033E-03 
              807.35E-03        -877.31E-15         667.727E-15        -34.2067E-03 
              808.35E-03        -993.386E-15        398.424E-15        -37.4837E-03 
              809.35E-03          -1.10805E-12      125.218E-15        -40.729E-03  
              810.35E-03          -1.22102E-12     -151.143E-15        -43.9369E-03 
              811.35E-03          -1.33193E-12     -429.779E-15        -47.1019E-03 
              812.35E-03          -1.4405E-12      -709.827E-15        -50.2178E-03 
              813.35E-03          -1.54636E-12     -990.485E-15        -53.2784E-03 
              814.35E-03          -1.64927E-12       -1.27086E-12      -56.2772E-03 
              815.35E-03          -1.74895E-12       -1.55011E-12      -59.2073E-03 
              816.35E-03          -1.84502E-12       -1.82737E-12      -62.0614E-03 
              817.35E-03          -1.93727E-12       -2.10178E-12      -64.8322E-03 
              818.35E-03          -2.02543E-12       -2.37253E-12      -67.5117E-03 
              819.35E-03          -2.10922E-12       -2.63874E-12      -70.0918E-03 
              820.35E-03          -2.18844E-12       -2.89963E-12      -72.564E-03  
              821.35E-03          -2.26277E-12       -3.15434E-12      -74.9196E-03 
              822.35E-03          -2.33209E-12       -3.40209E-12      -77.1494E-03 
              823.35E-03          -2.39616E-12       -3.64217E-12      -79.2442E-03 
              824.35E-03          -2.45483E-12       -3.87377E-12      -81.1946E-03 
              825.35E-03          -2.50786E-12       -4.09613E-12      -82.9907E-03 
              826.35E-03          -2.55512E-12       -4.30868E-12      -84.6229E-03 
              827.35E-03          -2.59647E-12       -4.51064E-12      -86.0814E-03 
              828.35E-03          -2.63181E-12       -4.70142E-12      -87.3562E-03 
              829.35E-03          -2.66103E-12       -4.88042E-12      -88.4377E-03 
              830.35E-03          -2.68399E-12       -5.04703E-12      -89.3162E-03 
              831.35E-03          -2.70061E-12       -5.20077E-12      -89.9822E-03 
              832.35E-03          -2.71087E-12       -5.34113E-12      -90.4267E-03 
              833.35E-03          -2.71474E-12       -5.46763E-12      -90.6409E-03 
              834.35E-03          -2.71212E-12       -5.57991E-12      -90.6164E-03 
              835.35E-03          -2.70304E-12       -5.67753E-12      -90.3455E-03 
              836.35E-03          -2.68748E-12       -5.76019E-12      -89.821E-03  
              837.35E-03          -2.66542E-12       -5.82762E-12      -89.0365E-03 
              838.35E-03          -2.63693E-12       -5.87953E-12      -87.9862E-03 
              839.35E-03          -2.60205E-12       -5.91576E-12      -86.6655E-03 
              840.35E-03          -2.56082E-12       -5.9361E-12       -85.0704E-03 
              841.35E-03          -2.51327E-12       -5.94047E-12      -83.1981E-03 
              842.35E-03          -2.45951E-12       -5.92876E-12      -81.0469E-03 
              843.35E-03          -2.39965E-12       -5.90096E-12      -78.6163E-03 
              844.35E-03          -2.33372E-12       -5.85709E-12      -75.9069E-03 
              845.35E-03          -2.26188E-12       -5.79716E-12      -72.9206E-03 
              846.35E-03          -2.18424E-12       -5.72128E-12      -69.6608E-03 
              847.35E-03          -2.10092E-12       -5.62958E-12      -66.1321E-03 
              848.35E-03          -2.01207E-12       -5.52226E-12      -62.3405E-03 
              849.35E-03          -1.91785E-12       -5.3995E-12       -58.2935E-03 
              850.35E-03          -1.81839E-12       -5.26157E-12      -54.0001E-03 
              851.35E-03          -1.71388E-12       -5.10874E-12      -49.4705E-03 
              852.35E-03          -1.60448E-12       -4.94134E-12      -44.7165E-03 
              853.35E-03          -1.49041E-12       -4.75975E-12      -39.7513E-03 
              854.35E-03          -1.37183E-12       -4.56435E-12      -34.5895E-03 
              855.35E-03          -1.24898E-12       -4.35558E-12      -29.247E-03  
              856.35E-03          -1.12205E-12       -4.13388E-12      -23.741E-03  
              857.35E-03        -991.27E-15          -3.89979E-12      -18.09E-03   
              858.35E-03        -856.887E-15         -3.65382E-12      -12.3135E-03 
              859.35E-03        -719.138E-15         -3.39653E-12       -6.43219E-03
              860.35E-03        -578.274E-15         -3.12851E-12     -467.875E-06  
              861.35E-03        -434.569E-15         -2.85039E-12        5.55692E-03
              862.35E-03        -288.292E-15         -2.56282E-12       11.6188E-03 
              863.35E-03        -139.729E-15         -2.26647E-12       17.6937E-03 
              864.35E-03          10.8183E-15        -1.96206E-12       23.7571E-03 
              865.35E-03         163.05E-15          -1.65031E-12       29.7839E-03 
              866.35E-03         316.64E-15          -1.33198E-12       35.7488E-03 
              867.35E-03         471.271E-15         -1.00787E-12       41.6264E-03 
              868.35E-03         626.589E-15       -678.768E-15         47.3912E-03 
              869.35E-03         782.261E-15       -345.487E-15         53.0179E-03 
              870.35E-03         937.913E-15         -8.89904E-15       58.4815E-03 
              871.35E-03           1.09317E-12      330.113E-15         63.7575E-03 
              872.35E-03           1.24765E-12      670.683E-15         68.8218E-03 
              873.35E-03           1.40097E-12        1.01192E-12       73.6514E-03 
              874.35E-03           1.55269E-12        1.35289E-12       78.2238E-03 
              875.35E-03           1.70242E-12        1.69266E-12       82.5178E-03 
              876.35E-03           1.84975E-12        2.03028E-12       86.5132E-03 
              877.35E-03           1.99423E-12        2.36478E-12       90.1914E-03 
              878.35E-03           2.13541E-12        2.69526E-12       93.535E-03  
              879.35E-03           2.27289E-12        3.02068E-12       96.5281E-03 
              880.35E-03           2.4062E-12         3.34008E-12       99.1568E-03 
              881.35E-03           2.53484E-12        3.65249E-12      101.409E-03  
              882.35E-03           2.65843E-12        3.95694E-12      103.273E-03  
              883.35E-03           2.77648E-12        4.25244E-12      104.742E-03  
              884.35E-03           2.88851E-12        4.53808E-12      105.808E-03  
              885.35E-03           2.99406E-12        4.8128E-12       106.468E-03  
              886.35E-03           3.09274E-12        5.07574E-12      106.719E-03  
              887.35E-03           3.18408E-12        5.32592E-12      106.56E-03   
              888.35E-03           3.26765E-12        5.56246E-12      105.995E-03  
              889.35E-03           3.34298E-12        5.78443E-12      105.026E-03  
              890.35E-03           3.40965E-12        5.99098E-12      103.661E-03  
              891.35E-03           3.46741E-12        6.18132E-12      101.907E-03  
              892.35E-03           3.51573E-12        6.35453E-12       99.7763E-03 
              893.35E-03           3.55423E-12        6.51E-12          97.28E-03   
              894.35E-03           3.5827E-12         6.64685E-12       94.4331E-03 
              895.35E-03           3.60074E-12        6.76441E-12       91.2518E-03 
              896.35E-03           3.6081E-12         6.86213E-12       87.7544E-03 
              897.35E-03           3.60446E-12        6.93938E-12       83.9606E-03 
              898.35E-03           3.58973E-12        6.99557E-12       79.8918E-03 
              899.35E-03           3.56357E-12        7.03031E-12       75.5706E-03 
              900.35E-03           3.52591E-12        7.04312E-12       71.0212E-03 
              901.35E-03           3.47663E-12        7.03369E-12       66.2685E-03 
              902.35E-03           3.4157E-12         7.00174E-12       61.3387E-03 
              903.35E-03           3.34305E-12        6.94707E-12       56.2584E-03 
              904.35E-03           3.25875E-12        6.86957E-12       51.0553E-03 
              905.35E-03           3.16277E-12        6.76912E-12       45.7571E-03 
              906.35E-03           3.05535E-12        6.64583E-12       40.3919E-03 
              907.35E-03           2.93654E-12        6.49979E-12       34.9879E-03 
              908.35E-03           2.80671E-12        6.33118E-12       29.5731E-03 
              909.35E-03           2.66604E-12        6.14032E-12       24.1753E-03 
              910.35E-03           2.51488E-12        5.92759E-12       18.8216E-03 
              911.35E-03           2.35358E-12        5.69345E-12       13.5388E-03 
              912.35E-03           2.18261E-12        5.43846E-12        8.35248E-03
              913.35E-03           2.00246E-12        5.1633E-12         3.28746E-03
              914.35E-03           1.81365E-12        4.86867E-12       -1.63268E-03
              915.35E-03           1.61678E-12        4.55544E-12       -6.38569E-03
              916.35E-03           1.41247E-12        4.22454E-12      -10.9507E-03 
              917.35E-03           1.20141E-12        3.87695E-12      -15.3086E-03 
              918.35E-03         984.326E-15          3.51379E-12      -19.4417E-03 
              919.35E-03         762.027E-15          3.13618E-12      -23.3343E-03 
              920.35E-03         535.283E-15          2.74543E-12      -26.9727E-03 
              921.35E-03         304.97E-15           2.34287E-12      -30.345E-03  
              922.35E-03          71.9645E-15         1.9299E-12       -33.4414E-03 
              923.35E-03        -162.833E-15          1.50795E-12      -36.2541E-03 
              924.35E-03        -398.473E-15          1.07858E-12      -38.7777E-03 
              925.35E-03        -633.992E-15        643.368E-15        -41.0087E-03 
              926.35E-03        -868.415E-15        203.933E-15        -42.9458E-03 
              927.35E-03          -1.10075E-12     -238.051E-15        -44.5899E-03 
              928.35E-03          -1.32999E-12     -680.875E-15        -45.9439E-03 
              929.35E-03          -1.55514E-12       -1.12281E-12      -47.0129E-03 
              930.35E-03          -1.77518E-12       -1.56211E-12      -47.8038E-03 
              931.35E-03          -1.98914E-12       -1.997E-12        -48.3257E-03 
              932.35E-03          -2.19601E-12       -2.42576E-12      -48.5892E-03 
              933.35E-03          -2.39486E-12       -2.84657E-12      -48.6068E-03 
              934.35E-03          -2.58473E-12       -3.25775E-12      -48.3927E-03 
              935.35E-03          -2.76468E-12       -3.65751E-12      -47.9623E-03 
              936.35E-03          -2.93384E-12       -4.0442E-12       -47.3327E-03 
              937.35E-03          -3.09137E-12       -4.41619E-12      -46.5219E-03 
              938.35E-03          -3.23649E-12       -4.77186E-12      -45.5491E-03 
              939.35E-03          -3.36843E-12       -5.10964E-12      -44.4341E-03 
              940.35E-03          -3.48647E-12       -5.42808E-12      -43.1977E-03 
              941.35E-03          -3.58998E-12       -5.72576E-12      -41.8611E-03 
              942.35E-03          -3.67841E-12       -6.00137E-12      -40.4458E-03 
              943.35E-03          -3.75125E-12       -6.25364E-12      -38.9734E-03 
              944.35E-03          -3.808E-12         -6.48153E-12      -37.4655E-03 
              945.35E-03          -3.84828E-12       -6.68386E-12      -35.9436E-03 
              946.35E-03          -3.87196E-12       -6.85981E-12      -34.4284E-03 
              947.35E-03          -3.87865E-12       -7.00854E-12      -32.9406E-03 
              948.35E-03          -3.86827E-12       -7.12939E-12      -31.4996E-03 
              949.35E-03          -3.84083E-12       -7.22174E-12      -30.1241E-03 
              950.35E-03          -3.79631E-12       -7.28519E-12      -28.8318E-03 
              951.35E-03          -3.73483E-12       -7.31943E-12      -27.6391E-03 
              952.35E-03          -3.65667E-12       -7.32431E-12      -26.5608E-03 
              953.35E-03          -3.56209E-12       -7.29974E-12      -25.6104E-03 
              954.35E-03          -3.45144E-12       -7.24592E-12      -24.7999E-03 
              955.35E-03          -3.32525E-12       -7.16303E-12      -24.1393E-03 
              956.35E-03          -3.18408E-12       -7.05143E-12      -23.6369E-03 
              957.35E-03          -3.02854E-12       -6.91165E-12      -23.2991E-03 
              958.35E-03          -2.8593E-12        -6.74442E-12      -23.1304E-03 
              959.35E-03          -2.67718E-12       -6.55047E-12      -23.1334E-03 
              960.35E-03          -2.48323E-12       -6.33072E-12      -23.3083E-03 
              961.35E-03          -2.27806E-12       -6.08615E-12      -23.6537E-03 
              962.35E-03          -2.06289E-12       -5.81805E-12      -24.166E-03  
              963.35E-03          -1.83877E-12       -5.52762E-12      -24.8397E-03 
              964.35E-03          -1.60674E-12       -5.21617E-12      -25.6671E-03 
              965.35E-03          -1.36796E-12       -4.88529E-12      -26.6388E-03 
              966.35E-03          -1.12363E-12       -4.5365E-12       -27.7437E-03 
              967.35E-03        -875.025E-15         -4.17146E-12      -28.9688E-03 
              968.35E-03        -623.336E-15         -3.792E-12        -30.2994E-03 
              969.35E-03        -369.975E-15         -3.39977E-12      -31.7195E-03 
              970.35E-03        -116.034E-15         -2.99667E-12      -33.2115E-03 
              971.35E-03         136.948E-15         -2.58463E-12      -34.7568E-03 
              972.35E-03         387.854E-15         -2.16563E-12      -36.3355E-03 
              973.35E-03         635.362E-15         -1.74159E-12      -37.9269E-03 
              974.35E-03         878.144E-15         -1.31447E-12      -39.5096E-03 
              975.35E-03           1.115E-12       -886.311E-15        -41.0614E-03 
              976.35E-03           1.34466E-12     -459.1E-15          -42.5599E-03 
              977.35E-03           1.56597E-12      -34.7385E-15       -43.9825E-03 
              978.35E-03           1.7778E-12       384.799E-15        -45.3066E-03 
              979.35E-03           1.97902E-12      797.566E-15        -46.5097E-03 
              980.35E-03           2.16865E-12        1.20179E-12      -47.5697E-03 
              981.35E-03           2.34566E-12        1.59565E-12      -48.4652E-03 
              982.35E-03           2.50923E-12        1.97741E-12      -49.1755E-03 
              983.35E-03           2.6585E-12         2.34542E-12      -49.6807E-03 
              984.35E-03           2.79269E-12        2.69814E-12      -49.9622E-03 
              985.35E-03           2.91118E-12        3.03411E-12      -50.0028E-03 
              986.35E-03           3.01336E-12        3.35194E-12      -49.7865E-03 
              987.35E-03           3.09879E-12        3.65041E-12      -49.2992E-03 
              988.35E-03           3.16701E-12        3.92835E-12      -48.5284E-03 
              989.35E-03           3.21777E-12        4.18476E-12      -47.4635E-03 
              990.35E-03           3.25087E-12        4.41876E-12      -46.096E-03  
              991.35E-03           3.26619E-12        4.62955E-12      -44.4195E-03 
              992.35E-03           3.26374E-12        4.81655E-12      -42.4299E-03 
              993.35E-03           3.2436E-12         4.97924E-12      -40.1251E-03 
              994.35E-03           3.20598E-12        5.11725E-12      -37.5056E-03 
              995.35E-03           3.15117E-12        5.23038E-12      -34.5743E-03 
              996.35E-03           3.07953E-12        5.31852E-12      -31.3364E-03 
              997.35E-03           2.99157E-12        5.38174E-12      -27.7995E-03 
              998.35E-03           2.88783E-12        5.42022E-12      -23.9737E-03 
              999.35E-03           2.76898E-12        5.43423E-12      -19.8713E-03 
                1.00035            2.63578E-12        5.4243E-12       -15.5071E-03 
                1.001              2.53942E-12        5.40487E-12      -12.4595E-03 